nohup: ignoring input
[2024-10-12 19:35:45.286077 +00:00] INFO [rofl_service/src/bin/config_server.rs:90] Global model loaded from file: /home/dai/rofl-project-code/models/resnet18_initialized.txt
[2024-10-12 19:35:45.538151 +00:00] INFO [rofl_service/src/bin/config_server.rs:103] Global model has 274442 parameters and learning rate 1
[2024-10-12 19:35:45.538246 +00:00] INFO [rofl_service/src/bin/config_server.rs:108] Lazy verification true, Train until round 1
[2024-10-12 19:36:37.481046 +00:00] INFO [rofl_service/src/flserver/server.rs:574] Register Messages received from from client 3 for model 1
[2024-10-12 19:36:37.481161 +00:00] INFO [rofl_service/src/flserver/server.rs:574] Register Messages received from from client 2 for model 1
[2024-10-12 19:36:37.481244 +00:00] INFO [rofl_service/src/flserver/server.rs:574] Register Messages received from from client 1 for model 1
[2024-10-12 19:36:37.481345 +00:00] INFO [rofl_service/src/flserver/server.rs:574] Register Messages received from from client 0 for model 1
[2024-10-12 19:36:37.481421 +00:00] INFO [rofl_service/src/flserver/server.rs:598] Initialize model and broadcast it to clients
[2024-10-12 19:36:37.572743 +00:00] INFO [rofl_service/src/flserver/server.rs:602] First training round has started
[2024-10-12 23:28:10.409664 +00:00] INFO [rofl_service/src/flserver/server.rs:630] Received model params from Client 1
[2024-10-12 23:28:42.122624 +00:00] INFO [rofl_service/src/flserver/server.rs:630] Received model params from Client 2
[2024-10-12 23:29:12.472300 +00:00] INFO [rofl_service/src/flserver/server.rs:699] Aggregate Model of client 1 for round 0
[2024-10-12 23:29:13.608927 +00:00] INFO [rofl_service/src/flserver/server.rs:630] Received model params from Client 3
[2024-10-12 23:29:51.790722 +00:00] INFO [rofl_service/src/flserver/server.rs:699] Aggregate Model of client 2 for round 0
[2024-10-12 23:29:52.999160 +00:00] INFO [rofl_service/src/flserver/server.rs:630] Received model params from Client 0
[2024-10-12 23:30:32.852396 +00:00] INFO [rofl_service/src/flserver/server.rs:699] Aggregate Model of client 3 for round 0
[2024-10-12 23:31:12.473789 +00:00] INFO [rofl_service/src/flserver/server.rs:699] Aggregate Model of client 0 for round 0
[2024-10-12 23:31:12.473925 +00:00] INFO [rofl_service/src/flserver/server.rs:706] Start extracting plaintext model for round 0
[2024-10-12 23:31:13.620438 +00:00] INFO [rofl_service/src/flserver/server.rs:718] Plaintext model extracted for round 0
[2024-10-12 23:31:13.631634 +00:00] INFO [rofl_service/src/flserver/server.rs:753] Training for model 1 is done, max round reached

[2024-10-12 23:28:09.744908 +00:00] INFO [/home/dai/rofl-project-code/rofl_service/src/flserver/client.rs:276] Client 1 finished training for round 0