    Blocking waiting for file lock on package cache
    Blocking waiting for file lock on package cache
    Blocking waiting for file lock on package cache
    Blocking waiting for file lock on package cache
    Finished release [optimized + debuginfo] target(s) in 0.21s
     Running `target/release/server-mp -g 500000 -n 50 -m 7777 -p 6666 -s 16 -i 32`
  [2m2025-02-22T01:22:05.597679Z[0m [32m INFO[0m [1;32mbridge::mpc_conn[0m[32m: [32mListening to 7777[0m
    [2;3mat[0m bridge/src/mpc_conn.rs:93

  [2m2025-02-22T01:22:05.664604Z[0m [32m INFO[0m [1;32mbridge::mpc_conn[0m[32m: [32mconnection established: 127.0.0.1[0m
    [2;3mat[0m bridge/src/mpc_conn.rs:102

Start:   Client Fetch
End:     Client Fetch ..............................................................12.878s
Start:   Exchange seeds
End:     Exchange seeds ............................................................285.851ms
Start:   OT Verify + B2A
  [2m2025-02-22T01:22:30.770296Z[0m [32m INFO[0m [1;32mserver_mp::utils[0m[32m: [32m[OT Verify Alice] All passed![0m
    [2;3mat[0m server-mp/src/utils.rs:97

End:     OT Verify + B2A ...........................................................10.752s
Start:   SqCorr Verify
  [2m2025-02-22T01:22:40.152155Z[0m [32m INFO[0m [1;32mserver_mp::utils[0m[32m: [32m[SqCorr Verify] All passed![0m
    [2;3mat[0m server-mp/src/utils.rs:97

End:     SqCorr Verify .............................................................1.309s
Start:   A2S
End:     A2S .......................................................................322.113ms
Start:   Hash Verification
  [2m2025-02-22T01:22:40.474440Z[0m [32m INFO[0m [1;32mserver_mp::utils[0m[32m: [32m[B2A Hash AB] All passed![0m
    [2;3mat[0m server-mp/src/utils.rs:97

  [2m2025-02-22T01:22:40.474463Z[0m [32m INFO[0m [1;32mserver_mp::utils[0m[32m: [32m[A2S Hash] All passed![0m
    [2;3mat[0m server-mp/src/utils.rs:97

  [2m2025-02-22T01:22:40.474469Z[0m [32m INFO[0m [1;32mserver_mp::utils[0m[32m: [32m[OT Verify Hash] All passed![0m
    [2;3mat[0m server-mp/src/utils.rs:97

  [2m2025-02-22T01:22:40.474479Z[0m [32m INFO[0m [1;32mserver_mp::utils[0m[32m: [32m[SqCorr Verify Hash] All passed![0m
    [2;3mat[0m server-mp/src/utils.rs:97

End:     Hash Verification .........................................................59.597µs
client comm, MPC comm, client phase 1, client phase 2, OT + B2A, Correlation verify, A2S, Hash verify
6850086400, 4200003416, 12.878607589, 0, 10.75224481, 1.309588092, 0.322149745, 0.00006304
    Blocking waiting for file lock on package cache
    Blocking waiting for file lock on package cache
    Blocking waiting for file lock on package cache
    Blocking waiting for file lock on build directory
    Finished release [optimized + debuginfo] target(s) in 0.22s
     Running `target/release/server-mp -g 500000 -n 50 -m 7777 -p 6666 -s 16 -i 32`
  [2m2025-02-22T09:54:35.836924Z[0m [32m INFO[0m [1;32mbridge::mpc_conn[0m[32m: [32mListening to 7777[0m
    [2;3mat[0m bridge/src/mpc_conn.rs:93

  [2m2025-02-22T09:54:35.928591Z[0m [32m INFO[0m [1;32mbridge::mpc_conn[0m[32m: [32mconnection established: 127.0.0.1[0m
    [2;3mat[0m bridge/src/mpc_conn.rs:102

Start:   Client Fetch
End:     Client Fetch ..............................................................13.031s
Start:   Exchange seeds
End:     Exchange seeds ............................................................10.599ms
Start:   OT Verify + B2A
  [2m2025-02-22T09:55:00.957097Z[0m [32m INFO[0m [1;32mserver_mp::utils[0m[32m: [32m[OT Verify Alice] All passed![0m
    [2;3mat[0m server-mp/src/utils.rs:97

End:     OT Verify + B2A ...........................................................12.019s
Start:   SqCorr Verify
  [2m2025-02-22T09:55:11.125685Z[0m [32m INFO[0m [1;32mserver_mp::utils[0m[32m: [32m[SqCorr Verify] All passed![0m
    [2;3mat[0m server-mp/src/utils.rs:97

End:     SqCorr Verify .............................................................1.025s
Start:   A2S
End:     A2S .......................................................................336.879ms
Start:   Hash Verification
  [2m2025-02-22T09:55:11.462677Z[0m [32m INFO[0m [1;32mserver_mp::utils[0m[32m: [32m[B2A Hash AB] All passed![0m
    [2;3mat[0m server-mp/src/utils.rs:97

  [2m2025-02-22T09:55:11.462696Z[0m [32m INFO[0m [1;32mserver_mp::utils[0m[32m: [32m[A2S Hash] All passed![0m
    [2;3mat[0m server-mp/src/utils.rs:97

  [2m2025-02-22T09:55:11.462703Z[0m [32m INFO[0m [1;32mserver_mp::utils[0m[32m: [32m[OT Verify Hash] All passed![0m
    [2;3mat[0m server-mp/src/utils.rs:97

  [2m2025-02-22T09:55:11.462713Z[0m [32m INFO[0m [1;32mserver_mp::utils[0m[32m: [32m[SqCorr Verify Hash] All passed![0m
    [2;3mat[0m server-mp/src/utils.rs:97

End:     Hash Verification .........................................................57.203µs
client comm, MPC comm, client phase 1, client phase 2, OT + B2A, Correlation verify, A2S, Hash verify
6850086400, 4200003416, 13.031141254, 0, 12.019486017, 1.025228797, 0.336913287, 0.00006087
    Blocking waiting for file lock on package cache
    Blocking waiting for file lock on package cache
    Blocking waiting for file lock on package cache
    Blocking waiting for file lock on package cache
    Finished release [optimized + debuginfo] target(s) in 0.21s
     Running `target/release/server-mp -g 500000 -n 50 -m 7777 -p 6666 -s 16 -i 32`
  [2m2025-02-22T09:55:57.177085Z[0m [32m INFO[0m [1;32mbridge::mpc_conn[0m[32m: [32mListening to 7777[0m
    [2;3mat[0m bridge/src/mpc_conn.rs:93

  [2m2025-02-22T09:55:57.233930Z[0m [32m INFO[0m [1;32mbridge::mpc_conn[0m[32m: [32mconnection established: 127.0.0.1[0m
    [2;3mat[0m bridge/src/mpc_conn.rs:102

Start:   Client Fetch
End:     Client Fetch ..............................................................12.959s
Start:   Exchange seeds
End:     Exchange seeds ............................................................108.667ms
Start:   OT Verify + B2A
  [2m2025-02-22T09:56:22.377443Z[0m [32m INFO[0m [1;32mserver_mp::utils[0m[32m: [32m[OT Verify Alice] All passed![0m
    [2;3mat[0m server-mp/src/utils.rs:97

End:     OT Verify + B2A ...........................................................11.679s
Start:   SqCorr Verify
  [2m2025-02-22T09:56:32.356372Z[0m [32m INFO[0m [1;32mserver_mp::utils[0m[32m: [32m[SqCorr Verify] All passed![0m
    [2;3mat[0m server-mp/src/utils.rs:97

End:     SqCorr Verify .............................................................1.039s
Start:   A2S
End:     A2S .......................................................................308.614ms
Start:   Hash Verification
  [2m2025-02-22T09:56:32.665090Z[0m [32m INFO[0m [1;32mserver_mp::utils[0m[32m: [32m[B2A Hash AB] All passed![0m
    [2;3mat[0m server-mp/src/utils.rs:97

  [2m2025-02-22T09:56:32.665111Z[0m [32m INFO[0m [1;32mserver_mp::utils[0m[32m: [32m[A2S Hash] All passed![0m
    [2;3mat[0m server-mp/src/utils.rs:97

  [2m2025-02-22T09:56:32.665118Z[0m [32m INFO[0m [1;32mserver_mp::utils[0m[32m: [32m[OT Verify Hash] All passed![0m
    [2;3mat[0m server-mp/src/utils.rs:97

  [2m2025-02-22T09:56:32.665129Z[0m [32m INFO[0m [1;32mserver_mp::utils[0m[32m: [32m[SqCorr Verify Hash] All passed![0m
    [2;3mat[0m server-mp/src/utils.rs:97

End:     Hash Verification .........................................................57.686µs
client comm, MPC comm, client phase 1, client phase 2, OT + B2A, Correlation verify, A2S, Hash verify
6850086400, 4200003416, 12.959087588, 0, 11.67951245, 1.039027233, 0.308650883, 0.00006153
    Blocking waiting for file lock on package cache
    Blocking waiting for file lock on package cache
    Blocking waiting for file lock on package cache
    Blocking waiting for file lock on build directory
    Finished release [optimized + debuginfo] target(s) in 0.23s
     Running `target/release/server-mp -g 500000 -n 50 -m 7777 -p 6666 -s 16 -i 32`
  [2m2025-02-22T09:57:18.642974Z[0m [32m INFO[0m [1;32mbridge::mpc_conn[0m[32m: [32mListening to 7777[0m
    [2;3mat[0m bridge/src/mpc_conn.rs:93

  [2m2025-02-22T09:57:18.745887Z[0m [32m INFO[0m [1;32mbridge::mpc_conn[0m[32m: [32mconnection established: 127.0.0.1[0m
    [2;3mat[0m bridge/src/mpc_conn.rs:102

Start:   Client Fetch
End:     Client Fetch ..............................................................13.072s
Start:   Exchange seeds
End:     Exchange seeds ............................................................1.491ms
Start:   OT Verify + B2A
  [2m2025-02-22T09:57:43.697265Z[0m [32m INFO[0m [1;32mserver_mp::utils[0m[32m: [32m[OT Verify Alice] All passed![0m
    [2;3mat[0m server-mp/src/utils.rs:97

End:     OT Verify + B2A ...........................................................11.103s
Start:   SqCorr Verify
  [2m2025-02-22T09:57:53.229492Z[0m [32m INFO[0m [1;32mserver_mp::utils[0m[32m: [32m[SqCorr Verify] All passed![0m
    [2;3mat[0m server-mp/src/utils.rs:97

End:     SqCorr Verify .............................................................1.250s
Start:   A2S
End:     A2S .......................................................................338.536ms
Start:   Hash Verification
  [2m2025-02-22T09:57:53.568148Z[0m [32m INFO[0m [1;32mserver_mp::utils[0m[32m: [32m[B2A Hash AB] All passed![0m
    [2;3mat[0m server-mp/src/utils.rs:97

  [2m2025-02-22T09:57:53.568169Z[0m [32m INFO[0m [1;32mserver_mp::utils[0m[32m: [32m[A2S Hash] All passed![0m
    [2;3mat[0m server-mp/src/utils.rs:97

  [2m2025-02-22T09:57:53.568177Z[0m [32m INFO[0m [1;32mserver_mp::utils[0m[32m: [32m[OT Verify Hash] All passed![0m
    [2;3mat[0m server-mp/src/utils.rs:97

  [2m2025-02-22T09:57:53.568188Z[0m [32m INFO[0m [1;32mserver_mp::utils[0m[32m: [32m[SqCorr Verify Hash] All passed![0m
    [2;3mat[0m server-mp/src/utils.rs:97

End:     Hash Verification .........................................................58.981µs
client comm, MPC comm, client phase 1, client phase 2, OT + B2A, Correlation verify, A2S, Hash verify
6850086400, 4200003416, 13.072822093, 0, 11.104022995, 1.250497165, 0.338565776, 0.000063209
    Blocking waiting for file lock on package cache
    Blocking waiting for file lock on package cache
    Blocking waiting for file lock on package cache
    Blocking waiting for file lock on package cache
    Finished release [optimized + debuginfo] target(s) in 0.22s
     Running `target/release/server-mp -g 500000 -n 50 -m 7777 -p 6666 -s 16 -i 32`
  [2m2025-02-22T09:58:39.818729Z[0m [32m INFO[0m [1;32mbridge::mpc_conn[0m[32m: [32mListening to 7777[0m
    [2;3mat[0m bridge/src/mpc_conn.rs:93

  [2m2025-02-22T09:58:39.882768Z[0m [32m INFO[0m [1;32mbridge::mpc_conn[0m[32m: [32mconnection established: 127.0.0.1[0m
    [2;3mat[0m bridge/src/mpc_conn.rs:102

Start:   Client Fetch
End:     Client Fetch ..............................................................13.190s
Start:   Exchange seeds
End:     Exchange seeds ............................................................1.447ms
Start:   OT Verify + B2A
  [2m2025-02-22T09:59:04.958848Z[0m [32m INFO[0m [1;32mserver_mp::utils[0m[32m: [32m[OT Verify Alice] All passed![0m
    [2;3mat[0m server-mp/src/utils.rs:97

End:     OT Verify + B2A ...........................................................12.032s
Start:   SqCorr Verify
  [2m2025-02-22T09:59:15.586114Z[0m [32m INFO[0m [1;32mserver_mp::utils[0m[32m: [32m[SqCorr Verify] All passed![0m
    [2;3mat[0m server-mp/src/utils.rs:97

End:     SqCorr Verify .............................................................1.252s
Start:   A2S
End:     A2S .......................................................................340.989ms
Start:   Hash Verification
  [2m2025-02-22T09:59:15.927200Z[0m [32m INFO[0m [1;32mserver_mp::utils[0m[32m: [32m[B2A Hash AB] All passed![0m
    [2;3mat[0m server-mp/src/utils.rs:97

  [2m2025-02-22T09:59:15.927221Z[0m [32m INFO[0m [1;32mserver_mp::utils[0m[32m: [32m[A2S Hash] All passed![0m
    [2;3mat[0m server-mp/src/utils.rs:97

  [2m2025-02-22T09:59:15.927229Z[0m [32m INFO[0m [1;32mserver_mp::utils[0m[32m: [32m[OT Verify Hash] All passed![0m
    [2;3mat[0m server-mp/src/utils.rs:97

  [2m2025-02-22T09:59:15.927248Z[0m [32m INFO[0m [1;32mserver_mp::utils[0m[32m: [32m[SqCorr Verify Hash] All passed![0m
    [2;3mat[0m server-mp/src/utils.rs:97

End:     Hash Verification .........................................................71.377µs
client comm, MPC comm, client phase 1, client phase 2, OT + B2A, Correlation verify, A2S, Hash verify
6850086400, 4200003416, 13.190727256, 0, 12.032457486, 1.252074315, 0.341015872, 0.000075385
