    Blocking waiting for file lock on package cache
    Blocking waiting for file lock on package cache
    Blocking waiting for file lock on package cache
    Blocking waiting for file lock on build directory
    Finished release [optimized + debuginfo] target(s) in 0.22s
     Running `target/release/server-mp -g 500000 -n 30 -m 7777 -p 6666 -s 16 -i 32`
  [2m2025-02-22T01:19:38.659417Z[0m [32m INFO[0m [1;32mbridge::mpc_conn[0m[32m: [32mListening to 7777[0m
    [2;3mat[0m bridge/src/mpc_conn.rs:93

  [2m2025-02-22T01:19:38.703362Z[0m [32m INFO[0m [1;32mbridge::mpc_conn[0m[32m: [32mconnection established: 127.0.0.1[0m
    [2;3mat[0m bridge/src/mpc_conn.rs:102

Start:   Client Fetch
End:     Client Fetch ..............................................................7.906s
Start:   Exchange seeds
End:     Exchange seeds ............................................................1.387ms
Start:   OT Verify + B2A
  [2m2025-02-22T01:19:52.484532Z[0m [32m INFO[0m [1;32mserver_mp::utils[0m[32m: [32m[OT Verify Alice] All passed![0m
    [2;3mat[0m server-mp/src/utils.rs:97

End:     OT Verify + B2A ...........................................................7.302s
Start:   SqCorr Verify
  [2m2025-02-22T01:19:58.771950Z[0m [32m INFO[0m [1;32mserver_mp::utils[0m[32m: [32m[SqCorr Verify] All passed![0m
    [2;3mat[0m server-mp/src/utils.rs:97

End:     SqCorr Verify .............................................................633.964ms
Start:   A2S
End:     A2S .......................................................................195.798ms
Start:   Hash Verification
  [2m2025-02-22T01:19:58.967860Z[0m [32m INFO[0m [1;32mserver_mp::utils[0m[32m: [32m[B2A Hash AB] All passed![0m
    [2;3mat[0m server-mp/src/utils.rs:97

  [2m2025-02-22T01:19:58.967877Z[0m [32m INFO[0m [1;32mserver_mp::utils[0m[32m: [32m[A2S Hash] All passed![0m
    [2;3mat[0m server-mp/src/utils.rs:97

  [2m2025-02-22T01:19:58.967882Z[0m [32m INFO[0m [1;32mserver_mp::utils[0m[32m: [32m[OT Verify Hash] All passed![0m
    [2;3mat[0m server-mp/src/utils.rs:97

  [2m2025-02-22T01:19:58.967889Z[0m [32m INFO[0m [1;32mserver_mp::utils[0m[32m: [32m[SqCorr Verify Hash] All passed![0m
    [2;3mat[0m server-mp/src/utils.rs:97

End:     Hash Verification .........................................................45.906µs
client comm, MPC comm, client phase 1, client phase 2, OT + B2A, Correlation verify, A2S, Hash verify
4110051840, 2520002056, 7.906939706, 0, 7.302250424, 0.633977457, 0.195832793, 0.00004924
    Blocking waiting for file lock on package cache
    Blocking waiting for file lock on package cache
    Blocking waiting for file lock on package cache
    Blocking waiting for file lock on package cache
    Finished release [optimized + debuginfo] target(s) in 0.21s
     Running `target/release/server-mp -g 500000 -n 30 -m 7777 -p 6666 -s 16 -i 32`
  [2m2025-02-22T09:44:46.718941Z[0m [32m INFO[0m [1;32mbridge::mpc_conn[0m[32m: [32mListening to 7777[0m
    [2;3mat[0m bridge/src/mpc_conn.rs:93

  [2m2025-02-22T09:44:46.771632Z[0m [32m INFO[0m [1;32mbridge::mpc_conn[0m[32m: [32mconnection established: 127.0.0.1[0m
    [2;3mat[0m bridge/src/mpc_conn.rs:102

Start:   Client Fetch
End:     Client Fetch ..............................................................8.007s
Start:   Exchange seeds
End:     Exchange seeds ............................................................1.478ms
Start:   OT Verify + B2A
  [2m2025-02-22T09:45:00.695474Z[0m [32m INFO[0m [1;32mserver_mp::utils[0m[32m: [32m[OT Verify Alice] All passed![0m
    [2;3mat[0m server-mp/src/utils.rs:97

End:     OT Verify + B2A ...........................................................7.050s
Start:   SqCorr Verify
  [2m2025-02-22T09:45:06.883010Z[0m [32m INFO[0m [1;32mserver_mp::utils[0m[32m: [32m[SqCorr Verify] All passed![0m
    [2;3mat[0m server-mp/src/utils.rs:97

End:     SqCorr Verify .............................................................722.234ms
Start:   A2S
End:     A2S .......................................................................209.669ms
Start:   Hash Verification
  [2m2025-02-22T09:45:07.092783Z[0m [32m INFO[0m [1;32mserver_mp::utils[0m[32m: [32m[B2A Hash AB] All passed![0m
    [2;3mat[0m server-mp/src/utils.rs:97

  [2m2025-02-22T09:45:07.092800Z[0m [32m INFO[0m [1;32mserver_mp::utils[0m[32m: [32m[A2S Hash] All passed![0m
    [2;3mat[0m server-mp/src/utils.rs:97

  [2m2025-02-22T09:45:07.092806Z[0m [32m INFO[0m [1;32mserver_mp::utils[0m[32m: [32m[OT Verify Hash] All passed![0m
    [2;3mat[0m server-mp/src/utils.rs:97

  [2m2025-02-22T09:45:07.092813Z[0m [32m INFO[0m [1;32mserver_mp::utils[0m[32m: [32m[SqCorr Verify Hash] All passed![0m
    [2;3mat[0m server-mp/src/utils.rs:97

End:     Hash Verification .........................................................42.918µs
client comm, MPC comm, client phase 1, client phase 2, OT + B2A, Correlation verify, A2S, Hash verify
4110051840, 2520002056, 8.007069435, 0, 7.05084142, 0.722242505, 0.209717073, 0.000046537
    Blocking waiting for file lock on package cache
    Blocking waiting for file lock on package cache
    Blocking waiting for file lock on package cache
    Blocking waiting for file lock on build directory
    Finished release [optimized + debuginfo] target(s) in 0.22s
     Running `target/release/server-mp -g 500000 -n 30 -m 7777 -p 6666 -s 16 -i 32`
  [2m2025-02-22T09:45:58.597085Z[0m [32m INFO[0m [1;32mbridge::mpc_conn[0m[32m: [32mListening to 7777[0m
    [2;3mat[0m bridge/src/mpc_conn.rs:93

  [2m2025-02-22T09:45:58.709066Z[0m [32m INFO[0m [1;32mbridge::mpc_conn[0m[32m: [32mconnection established: 127.0.0.1[0m
    [2;3mat[0m bridge/src/mpc_conn.rs:102

Start:   Client Fetch
End:     Client Fetch ..............................................................7.937s
Start:   Exchange seeds
End:     Exchange seeds ............................................................1.353ms
Start:   OT Verify + B2A
  [2m2025-02-22T09:46:12.510358Z[0m [32m INFO[0m [1;32mserver_mp::utils[0m[32m: [32m[OT Verify Alice] All passed![0m
    [2;3mat[0m server-mp/src/utils.rs:97

End:     OT Verify + B2A ...........................................................7.069s
Start:   SqCorr Verify
  [2m2025-02-22T09:46:18.781060Z[0m [32m INFO[0m [1;32mserver_mp::utils[0m[32m: [32m[SqCorr Verify] All passed![0m
    [2;3mat[0m server-mp/src/utils.rs:97

End:     SqCorr Verify .............................................................834.659ms
Start:   A2S
End:     A2S .......................................................................189.847ms
Start:   Hash Verification
  [2m2025-02-22T09:46:18.970995Z[0m [32m INFO[0m [1;32mserver_mp::utils[0m[32m: [32m[B2A Hash AB] All passed![0m
    [2;3mat[0m server-mp/src/utils.rs:97

  [2m2025-02-22T09:46:18.971012Z[0m [32m INFO[0m [1;32mserver_mp::utils[0m[32m: [32m[A2S Hash] All passed![0m
    [2;3mat[0m server-mp/src/utils.rs:97

  [2m2025-02-22T09:46:18.971016Z[0m [32m INFO[0m [1;32mserver_mp::utils[0m[32m: [32m[OT Verify Hash] All passed![0m
    [2;3mat[0m server-mp/src/utils.rs:97

  [2m2025-02-22T09:46:18.971024Z[0m [32m INFO[0m [1;32mserver_mp::utils[0m[32m: [32m[SqCorr Verify Hash] All passed![0m
    [2;3mat[0m server-mp/src/utils.rs:97

End:     Hash Verification .........................................................42.887µs
client comm, MPC comm, client phase 1, client phase 2, OT + B2A, Correlation verify, A2S, Hash verify
4110051840, 2520002056, 7.937077134, 0, 7.069098761, 0.834667742, 0.189877124, 0.000046266
    Blocking waiting for file lock on package cache
    Blocking waiting for file lock on package cache
    Blocking waiting for file lock on package cache
    Finished release [optimized + debuginfo] target(s) in 0.21s
     Running `target/release/server-mp -g 500000 -n 30 -m 7777 -p 6666 -s 16 -i 32`
  [2m2025-02-22T09:47:10.235217Z[0m [32m INFO[0m [1;32mbridge::mpc_conn[0m[32m: [32mListening to 7777[0m
    [2;3mat[0m bridge/src/mpc_conn.rs:93

  [2m2025-02-22T09:47:10.281463Z[0m [32m INFO[0m [1;32mbridge::mpc_conn[0m[32m: [32mconnection established: 127.0.0.1[0m
    [2;3mat[0m bridge/src/mpc_conn.rs:102

Start:   Client Fetch
End:     Client Fetch ..............................................................8.047s
Start:   Exchange seeds
End:     Exchange seeds ............................................................1.500ms
Start:   OT Verify + B2A
  [2m2025-02-22T09:47:24.236874Z[0m [32m INFO[0m [1;32mserver_mp::utils[0m[32m: [32m[OT Verify Alice] All passed![0m
    [2;3mat[0m server-mp/src/utils.rs:97

End:     OT Verify + B2A ...........................................................6.586s
Start:   SqCorr Verify
  [2m2025-02-22T09:47:30.428532Z[0m [32m INFO[0m [1;32mserver_mp::utils[0m[32m: [32m[SqCorr Verify] All passed![0m
    [2;3mat[0m server-mp/src/utils.rs:97

End:     SqCorr Verify .............................................................1.308s
Start:   A2S
End:     A2S .......................................................................210.578ms
Start:   Hash Verification
  [2m2025-02-22T09:47:30.639206Z[0m [32m INFO[0m [1;32mserver_mp::utils[0m[32m: [32m[B2A Hash AB] All passed![0m
    [2;3mat[0m server-mp/src/utils.rs:97

  [2m2025-02-22T09:47:30.639221Z[0m [32m INFO[0m [1;32mserver_mp::utils[0m[32m: [32m[A2S Hash] All passed![0m
    [2;3mat[0m server-mp/src/utils.rs:97

  [2m2025-02-22T09:47:30.639226Z[0m [32m INFO[0m [1;32mserver_mp::utils[0m[32m: [32m[OT Verify Hash] All passed![0m
    [2;3mat[0m server-mp/src/utils.rs:97

  [2m2025-02-22T09:47:30.639233Z[0m [32m INFO[0m [1;32mserver_mp::utils[0m[32m: [32m[SqCorr Verify Hash] All passed![0m
    [2;3mat[0m server-mp/src/utils.rs:97

End:     Hash Verification .........................................................41.071µs
client comm, MPC comm, client phase 1, client phase 2, OT + B2A, Correlation verify, A2S, Hash verify
4110051840, 2520002056, 8.047803827, 0, 6.586345306, 1.3088129450000001, 0.210607791, 0.000044147
    Blocking waiting for file lock on package cache
    Blocking waiting for file lock on package cache
    Blocking waiting for file lock on package cache
    Finished release [optimized + debuginfo] target(s) in 0.20s
     Running `target/release/server-mp -g 500000 -n 30 -m 7777 -p 6666 -s 16 -i 32`
  [2m2025-02-22T09:48:21.941578Z[0m [32m INFO[0m [1;32mbridge::mpc_conn[0m[32m: [32mListening to 7777[0m
    [2;3mat[0m bridge/src/mpc_conn.rs:93

  [2m2025-02-22T09:48:22.003718Z[0m [32m INFO[0m [1;32mbridge::mpc_conn[0m[32m: [32mconnection established: 127.0.0.1[0m
    [2;3mat[0m bridge/src/mpc_conn.rs:102

Start:   Client Fetch
End:     Client Fetch ..............................................................8.149s
Start:   Exchange seeds
End:     Exchange seeds ............................................................1.588ms
Start:   OT Verify + B2A
  [2m2025-02-22T09:48:35.846323Z[0m [32m INFO[0m [1;32mserver_mp::utils[0m[32m: [32m[OT Verify Alice] All passed![0m
    [2;3mat[0m server-mp/src/utils.rs:97

End:     OT Verify + B2A ...........................................................7.273s
Start:   SqCorr Verify
  [2m2025-02-22T09:48:42.421434Z[0m [32m INFO[0m [1;32mserver_mp::utils[0m[32m: [32m[SqCorr Verify] All passed![0m
    [2;3mat[0m server-mp/src/utils.rs:97

End:     SqCorr Verify .............................................................752.594ms
Start:   A2S
End:     A2S .......................................................................193.077ms
Start:   Hash Verification
  [2m2025-02-22T09:48:42.614648Z[0m [32m INFO[0m [1;32mserver_mp::utils[0m[32m: [32m[B2A Hash AB] All passed![0m
    [2;3mat[0m server-mp/src/utils.rs:97

  [2m2025-02-22T09:48:42.614667Z[0m [32m INFO[0m [1;32mserver_mp::utils[0m[32m: [32m[A2S Hash] All passed![0m
    [2;3mat[0m server-mp/src/utils.rs:97

  [2m2025-02-22T09:48:42.614673Z[0m [32m INFO[0m [1;32mserver_mp::utils[0m[32m: [32m[OT Verify Hash] All passed![0m
    [2;3mat[0m server-mp/src/utils.rs:97

  [2m2025-02-22T09:48:42.614693Z[0m [32m INFO[0m [1;32mserver_mp::utils[0m[32m: [32m[SqCorr Verify Hash] All passed![0m
    [2;3mat[0m server-mp/src/utils.rs:97

End:     Hash Verification .........................................................61.397µs
client comm, MPC comm, client phase 1, client phase 2, OT + B2A, Correlation verify, A2S, Hash verify
4110051840, 2520002056, 8.149433201, 0, 7.27341191, 0.752621427, 0.193114608, 0.000064543
