    Blocking waiting for file lock on package cache
    Blocking waiting for file lock on package cache
    Blocking waiting for file lock on package cache
    Blocking waiting for file lock on package cache
    Blocking waiting for file lock on build directory
    Finished release [optimized + debuginfo] target(s) in 0.21s
     Running `target/release/server-mp -g 500000 -n 10 -m 7777 -p 6666 -s 16 -i 32`
  [2m2025-02-22T01:17:24.994583Z[0m [32m INFO[0m [1;32mbridge::mpc_conn[0m[32m: [32mListening to 7777[0m
    [2;3mat[0m bridge/src/mpc_conn.rs:93

  [2m2025-02-22T01:17:25.020778Z[0m [32m INFO[0m [1;32mbridge::mpc_conn[0m[32m: [32mconnection established: 127.0.0.1[0m
    [2;3mat[0m bridge/src/mpc_conn.rs:102

Start:   Client Fetch
End:     Client Fetch ..............................................................3.087s
Start:   Exchange seeds
End:     Exchange seeds ............................................................165.893ms
Start:   OT Verify + B2A
  [2m2025-02-22T01:17:31.593921Z[0m [32m INFO[0m [1;32mserver_mp::utils[0m[32m: [32m[OT Verify Alice] All passed![0m
    [2;3mat[0m server-mp/src/utils.rs:97

End:     OT Verify + B2A ...........................................................4.398s
Start:   SqCorr Verify
  [2m2025-02-22T01:17:35.441644Z[0m [32m INFO[0m [1;32mserver_mp::utils[0m[32m: [32m[SqCorr Verify] All passed![0m
    [2;3mat[0m server-mp/src/utils.rs:97

End:     SqCorr Verify .............................................................252.034ms
Start:   A2S
End:     A2S .......................................................................42.328ms
Start:   Hash Verification
  [2m2025-02-22T01:17:35.484063Z[0m [32m INFO[0m [1;32mserver_mp::utils[0m[32m: [32m[B2A Hash AB] All passed![0m
    [2;3mat[0m server-mp/src/utils.rs:97

  [2m2025-02-22T01:17:35.484076Z[0m [32m INFO[0m [1;32mserver_mp::utils[0m[32m: [32m[A2S Hash] All passed![0m
    [2;3mat[0m server-mp/src/utils.rs:97

  [2m2025-02-22T01:17:35.484079Z[0m [32m INFO[0m [1;32mserver_mp::utils[0m[32m: [32m[OT Verify Hash] All passed![0m
    [2;3mat[0m server-mp/src/utils.rs:97

  [2m2025-02-22T01:17:35.484084Z[0m [32m INFO[0m [1;32mserver_mp::utils[0m[32m: [32m[SqCorr Verify Hash] All passed![0m
    [2;3mat[0m server-mp/src/utils.rs:97

End:     Hash Verification .........................................................32.846µs
client comm, MPC comm, client phase 1, client phase 2, OT + B2A, Correlation verify, A2S, Hash verify
1370017280, 840000696, 3.087716616, 0, 4.398962342, 0.25204337, 0.042360417, 0.000036556
    Blocking waiting for file lock on package cache
    Blocking waiting for file lock on package cache
    Blocking waiting for file lock on package cache
    Finished release [optimized + debuginfo] target(s) in 0.22s
     Running `target/release/server-mp -g 500000 -n 10 -m 7777 -p 6666 -s 16 -i 32`
  [2m2025-02-22T09:35:51.769173Z[0m [32m INFO[0m [1;32mbridge::mpc_conn[0m[32m: [32mListening to 7777[0m
    [2;3mat[0m bridge/src/mpc_conn.rs:93

  [2m2025-02-22T09:35:51.807500Z[0m [32m INFO[0m [1;32mbridge::mpc_conn[0m[32m: [32mconnection established: 127.0.0.1[0m
    [2;3mat[0m bridge/src/mpc_conn.rs:102

Start:   Client Fetch
End:     Client Fetch ..............................................................2.973s
Start:   Exchange seeds
End:     Exchange seeds ............................................................281.661ms
Start:   OT Verify + B2A
  [2m2025-02-22T09:35:58.533850Z[0m [32m INFO[0m [1;32mserver_mp::utils[0m[32m: [32m[OT Verify Alice] All passed![0m
    [2;3mat[0m server-mp/src/utils.rs:97

End:     OT Verify + B2A ...........................................................3.427s
Start:   SqCorr Verify
  [2m2025-02-22T09:36:01.759138Z[0m [32m INFO[0m [1;32mserver_mp::utils[0m[32m: [32m[SqCorr Verify] All passed![0m
    [2;3mat[0m server-mp/src/utils.rs:97

End:     SqCorr Verify .............................................................758.174ms
Start:   A2S
End:     A2S .......................................................................78.186ms
Start:   Hash Verification
  [2m2025-02-22T09:36:01.837411Z[0m [32m INFO[0m [1;32mserver_mp::utils[0m[32m: [32m[B2A Hash AB] All passed![0m
    [2;3mat[0m server-mp/src/utils.rs:97

  [2m2025-02-22T09:36:01.837422Z[0m [32m INFO[0m [1;32mserver_mp::utils[0m[32m: [32m[A2S Hash] All passed![0m
    [2;3mat[0m server-mp/src/utils.rs:97

  [2m2025-02-22T09:36:01.837425Z[0m [32m INFO[0m [1;32mserver_mp::utils[0m[32m: [32m[OT Verify Hash] All passed![0m
    [2;3mat[0m server-mp/src/utils.rs:97

  [2m2025-02-22T09:36:01.837429Z[0m [32m INFO[0m [1;32mserver_mp::utils[0m[32m: [32m[SqCorr Verify Hash] All passed![0m
    [2;3mat[0m server-mp/src/utils.rs:97

End:     Hash Verification .........................................................24.729µs
client comm, MPC comm, client phase 1, client phase 2, OT + B2A, Correlation verify, A2S, Hash verify
1370017280, 840000696, 2.973273868, 0, 3.427242388, 0.75818355, 0.078222089, 0.000027541
    Blocking waiting for file lock on package cache
    Blocking waiting for file lock on package cache
    Blocking waiting for file lock on package cache
    Blocking waiting for file lock on package cache
    Blocking waiting for file lock on build directory
    Finished release [optimized + debuginfo] target(s) in 0.23s
     Running `target/release/server-mp -g 500000 -n 10 -m 7777 -p 6666 -s 16 -i 32`
  [2m2025-02-22T09:36:57.197531Z[0m [32m INFO[0m [1;32mbridge::mpc_conn[0m[32m: [32mListening to 7777[0m
    [2;3mat[0m bridge/src/mpc_conn.rs:93

  [2m2025-02-22T09:36:57.308684Z[0m [32m INFO[0m [1;32mbridge::mpc_conn[0m[32m: [32mconnection established: 127.0.0.1[0m
    [2;3mat[0m bridge/src/mpc_conn.rs:102

Start:   Client Fetch
End:     Client Fetch ..............................................................3.200s
Start:   Exchange seeds
End:     Exchange seeds ............................................................1.333ms
Start:   OT Verify + B2A
  [2m2025-02-22T09:37:03.904461Z[0m [32m INFO[0m [1;32mserver_mp::utils[0m[32m: [32m[OT Verify Alice] All passed![0m
    [2;3mat[0m server-mp/src/utils.rs:97

End:     OT Verify + B2A ...........................................................3.465s
Start:   SqCorr Verify
  [2m2025-02-22T09:37:07.228611Z[0m [32m INFO[0m [1;32mserver_mp::utils[0m[32m: [32m[SqCorr Verify] All passed![0m
    [2;3mat[0m server-mp/src/utils.rs:97

End:     SqCorr Verify .............................................................786.749ms
Start:   A2S
End:     A2S .......................................................................73.933ms
Start:   Hash Verification
  [2m2025-02-22T09:37:07.302654Z[0m [32m INFO[0m [1;32mserver_mp::utils[0m[32m: [32m[B2A Hash AB] All passed![0m
    [2;3mat[0m server-mp/src/utils.rs:97

  [2m2025-02-22T09:37:07.302669Z[0m [32m INFO[0m [1;32mserver_mp::utils[0m[32m: [32m[A2S Hash] All passed![0m
    [2;3mat[0m server-mp/src/utils.rs:97

  [2m2025-02-22T09:37:07.302674Z[0m [32m INFO[0m [1;32mserver_mp::utils[0m[32m: [32m[OT Verify Hash] All passed![0m
    [2;3mat[0m server-mp/src/utils.rs:97

  [2m2025-02-22T09:37:07.302681Z[0m [32m INFO[0m [1;32mserver_mp::utils[0m[32m: [32m[SqCorr Verify Hash] All passed![0m
    [2;3mat[0m server-mp/src/utils.rs:97

End:     Hash Verification .........................................................38.160µs
client comm, MPC comm, client phase 1, client phase 2, OT + B2A, Correlation verify, A2S, Hash verify
1370017280, 840000696, 3.200718735, 0, 3.465305594, 0.78676128, 0.07397247, 0.000044019
    Blocking waiting for file lock on package cache
    Blocking waiting for file lock on package cache
    Blocking waiting for file lock on package cache
    Blocking waiting for file lock on package cache
    Finished release [optimized + debuginfo] target(s) in 0.21s
     Running `target/release/server-mp -g 500000 -n 10 -m 7777 -p 6666 -s 16 -i 32`
  [2m2025-02-22T09:38:02.501035Z[0m [32m INFO[0m [1;32mbridge::mpc_conn[0m[32m: [32mListening to 7777[0m
    [2;3mat[0m bridge/src/mpc_conn.rs:93

  [2m2025-02-22T09:38:02.526555Z[0m [32m INFO[0m [1;32mbridge::mpc_conn[0m[32m: [32mconnection established: 127.0.0.1[0m
    [2;3mat[0m bridge/src/mpc_conn.rs:102

Start:   Client Fetch
End:     Client Fetch ..............................................................3.068s
Start:   Exchange seeds
End:     Exchange seeds ............................................................149.165ms
Start:   OT Verify + B2A
  [2m2025-02-22T09:38:09.257702Z[0m [32m INFO[0m [1;32mserver_mp::utils[0m[32m: [32m[OT Verify Alice] All passed![0m
    [2;3mat[0m server-mp/src/utils.rs:97

End:     OT Verify + B2A ...........................................................3.411s
Start:   SqCorr Verify
  [2m2025-02-22T09:38:11.955236Z[0m [32m INFO[0m [1;32mserver_mp::utils[0m[32m: [32m[SqCorr Verify] All passed![0m
    [2;3mat[0m server-mp/src/utils.rs:97

End:     SqCorr Verify .............................................................229.983ms
Start:   A2S
End:     A2S .......................................................................83.602ms
Start:   Hash Verification
  [2m2025-02-22T09:38:12.038955Z[0m [32m INFO[0m [1;32mserver_mp::utils[0m[32m: [32m[B2A Hash AB] All passed![0m
    [2;3mat[0m server-mp/src/utils.rs:97

  [2m2025-02-22T09:38:12.038969Z[0m [32m INFO[0m [1;32mserver_mp::utils[0m[32m: [32m[A2S Hash] All passed![0m
    [2;3mat[0m server-mp/src/utils.rs:97

  [2m2025-02-22T09:38:12.038972Z[0m [32m INFO[0m [1;32mserver_mp::utils[0m[32m: [32m[OT Verify Hash] All passed![0m
    [2;3mat[0m server-mp/src/utils.rs:97

  [2m2025-02-22T09:38:12.038976Z[0m [32m INFO[0m [1;32mserver_mp::utils[0m[32m: [32m[SqCorr Verify Hash] All passed![0m
    [2;3mat[0m server-mp/src/utils.rs:97

End:     Hash Verification .........................................................30.784µs
client comm, MPC comm, client phase 1, client phase 2, OT + B2A, Correlation verify, A2S, Hash verify
1370017280, 840000696, 3.0685123499999998, 0, 3.411247611, 0.230001924, 0.083639233, 0.000034303
    Blocking waiting for file lock on package cache
    Blocking waiting for file lock on package cache
    Blocking waiting for file lock on package cache
    Blocking waiting for file lock on build directory
    Finished release [optimized + debuginfo] target(s) in 0.22s
     Running `target/release/server-mp -g 500000 -n 10 -m 7777 -p 6666 -s 16 -i 32`
  [2m2025-02-22T09:39:07.857457Z[0m [32m INFO[0m [1;32mbridge::mpc_conn[0m[32m: [32mListening to 7777[0m
    [2;3mat[0m bridge/src/mpc_conn.rs:93

  [2m2025-02-22T09:39:07.956712Z[0m [32m INFO[0m [1;32mbridge::mpc_conn[0m[32m: [32mconnection established: 127.0.0.1[0m
    [2;3mat[0m bridge/src/mpc_conn.rs:102

Start:   Client Fetch
End:     Client Fetch ..............................................................3.099s
Start:   Exchange seeds
End:     Exchange seeds ............................................................154.897ms
Start:   OT Verify + B2A
  [2m2025-02-22T09:39:14.624395Z[0m [32m INFO[0m [1;32mserver_mp::utils[0m[32m: [32m[OT Verify Alice] All passed![0m
    [2;3mat[0m server-mp/src/utils.rs:97

End:     OT Verify + B2A ...........................................................4.617s
Start:   SqCorr Verify
  [2m2025-02-22T09:39:18.474980Z[0m [32m INFO[0m [1;32mserver_mp::utils[0m[32m: [32m[SqCorr Verify] All passed![0m
    [2;3mat[0m server-mp/src/utils.rs:97

End:     SqCorr Verify .............................................................231.826ms
Start:   A2S
End:     A2S .......................................................................61.784ms
Start:   Hash Verification
  [2m2025-02-22T09:39:18.536856Z[0m [32m INFO[0m [1;32mserver_mp::utils[0m[32m: [32m[B2A Hash AB] All passed![0m
    [2;3mat[0m server-mp/src/utils.rs:97

  [2m2025-02-22T09:39:18.536877Z[0m [32m INFO[0m [1;32mserver_mp::utils[0m[32m: [32m[A2S Hash] All passed![0m
    [2;3mat[0m server-mp/src/utils.rs:97

  [2m2025-02-22T09:39:18.536901Z[0m [32m INFO[0m [1;32mserver_mp::utils[0m[32m: [32m[OT Verify Hash] All passed![0m
    [2;3mat[0m server-mp/src/utils.rs:97

  [2m2025-02-22T09:39:18.536913Z[0m [32m INFO[0m [1;32mserver_mp::utils[0m[32m: [32m[SqCorr Verify Hash] All passed![0m
    [2;3mat[0m server-mp/src/utils.rs:97

End:     Hash Verification .........................................................73.178µs
client comm, MPC comm, client phase 1, client phase 2, OT + B2A, Correlation verify, A2S, Hash verify
1370017280, 840000696, 3.099594809, 0, 4.617364514, 0.231834386, 0.061829304, 0.000080274
