    Blocking waiting for file lock on package cache
    Blocking waiting for file lock on package cache
    Blocking waiting for file lock on package cache
    Finished release [optimized + debuginfo] target(s) in 0.21s
     Running `target/release/server-mp -g 100000 -n 20 -m 'localhost:7777' -b -p 6667 -s 16 -i 32`
  [2m2025-02-22T01:07:35.647733Z[0m [33m WARN[0m [1;33mbridge[0m[33m: [33mError connect to "localhost:7777": Connection refused (os error 111). Waiting to connect in 100ms[0m
    [2;3mat[0m bridge/src/lib.rs:36

  [2m2025-02-22T01:07:35.766138Z[0m [32m INFO[0m [1;32mbridge::mpc_conn[0m[32m: [32mconnection established: 127.0.0.1[0m
    [2;3mat[0m bridge/src/mpc_conn.rs:118

Start:   Client Fetch
End:     Client Fetch ..............................................................1.122s
Start:   Exchange seeds
End:     Exchange seeds ............................................................32.182ms
Start:   OT Verify + B2A
  [2m2025-02-22T01:07:37.674135Z[0m [32m INFO[0m [1;32mserver_mp::utils[0m[32m: [32m[OT Verify Alice] All passed![0m
    [2;3mat[0m server-mp/src/utils.rs:97

End:     OT Verify + B2A ...........................................................973.110ms
Start:   SqCorr Verify
  [2m2025-02-22T01:07:38.480987Z[0m [32m INFO[0m [1;32mserver_mp::utils[0m[32m: [32m[SqCorr Verify] All passed![0m
    [2;3mat[0m server-mp/src/utils.rs:97

End:     SqCorr Verify .............................................................103.873ms
Start:   A2S
End:     A2S .......................................................................25.417ms
Start:   Hash Verification
  [2m2025-02-22T01:07:38.506485Z[0m [32m INFO[0m [1;32mserver_mp::utils[0m[32m: [32m[B2A Hash AB] All passed![0m
    [2;3mat[0m server-mp/src/utils.rs:97

  [2m2025-02-22T01:07:38.506500Z[0m [32m INFO[0m [1;32mserver_mp::utils[0m[32m: [32m[A2S Hash] All passed![0m
    [2;3mat[0m server-mp/src/utils.rs:97

  [2m2025-02-22T01:07:38.506515Z[0m [32m INFO[0m [1;32mserver_mp::utils[0m[32m: [32m[OT Verify Hash] All passed![0m
    [2;3mat[0m server-mp/src/utils.rs:97

  [2m2025-02-22T01:07:38.506521Z[0m [32m INFO[0m [1;32mserver_mp::utils[0m[32m: [32m[SqCorr Verify Hash] All passed![0m
    [2;3mat[0m server-mp/src/utils.rs:97

End:     Hash Verification .........................................................47.623µs
client comm, MPC comm, client phase 1, client phase 2, OT + B2A, Correlation verify, A2S, Hash verify
548034560, 336001376, 1.122749016, 0, 0.973140153, 0.103881498, 0.025446813, 0.000051023
    Blocking waiting for file lock on package cache
    Blocking waiting for file lock on package cache
    Blocking waiting for file lock on package cache
    Finished release [optimized + debuginfo] target(s) in 0.22s
     Running `target/release/server-mp -g 100000 -n 20 -m 'localhost:7777' -b -p 6667 -s 16 -i 32`
  [2m2025-02-22T08:56:31.274004Z[0m [33m WARN[0m [1;33mbridge[0m[33m: [33mError connect to "localhost:7777": Connection refused (os error 111). Waiting to connect in 100ms[0m
    [2;3mat[0m bridge/src/lib.rs:36

  [2m2025-02-22T08:56:31.392655Z[0m [32m INFO[0m [1;32mbridge::mpc_conn[0m[32m: [32mconnection established: 127.0.0.1[0m
    [2;3mat[0m bridge/src/mpc_conn.rs:118

Start:   Client Fetch
End:     Client Fetch ..............................................................1.128s
Start:   Exchange seeds
End:     Exchange seeds ............................................................13.175ms
Start:   OT Verify + B2A
  [2m2025-02-22T08:56:33.340004Z[0m [32m INFO[0m [1;32mserver_mp::utils[0m[32m: [32m[OT Verify Alice] All passed![0m
    [2;3mat[0m server-mp/src/utils.rs:97

End:     OT Verify + B2A ...........................................................1.048s
Start:   SqCorr Verify
  [2m2025-02-22T08:56:34.185183Z[0m [32m INFO[0m [1;32mserver_mp::utils[0m[32m: [32m[SqCorr Verify] All passed![0m
    [2;3mat[0m server-mp/src/utils.rs:97

End:     SqCorr Verify .............................................................76.998ms
Start:   A2S
End:     A2S .......................................................................32.766ms
Start:   Hash Verification
  [2m2025-02-22T08:56:34.218068Z[0m [32m INFO[0m [1;32mserver_mp::utils[0m[32m: [32m[B2A Hash AB] All passed![0m
    [2;3mat[0m server-mp/src/utils.rs:97

  [2m2025-02-22T08:56:34.218080Z[0m [32m INFO[0m [1;32mserver_mp::utils[0m[32m: [32m[A2S Hash] All passed![0m
    [2;3mat[0m server-mp/src/utils.rs:97

  [2m2025-02-22T08:56:34.218084Z[0m [32m INFO[0m [1;32mserver_mp::utils[0m[32m: [32m[OT Verify Hash] All passed![0m
    [2;3mat[0m server-mp/src/utils.rs:97

  [2m2025-02-22T08:56:34.218088Z[0m [32m INFO[0m [1;32mserver_mp::utils[0m[32m: [32m[SqCorr Verify Hash] All passed![0m
    [2;3mat[0m server-mp/src/utils.rs:97

End:     Hash Verification .........................................................30.091µs
client comm, MPC comm, client phase 1, client phase 2, OT + B2A, Correlation verify, A2S, Hash verify
548034560, 336001376, 1.1282612140000001, 0, 1.04894061, 0.077046068, 0.032792478, 0.000033914
    Blocking waiting for file lock on package cache
    Blocking waiting for file lock on package cache
    Blocking waiting for file lock on package cache
    Blocking waiting for file lock on package cache
    Finished release [optimized + debuginfo] target(s) in 0.23s
     Running `target/release/server-mp -g 100000 -n 20 -m 'localhost:7777' -b -p 6667 -s 16 -i 32`
  [2m2025-02-22T08:57:33.147707Z[0m [33m WARN[0m [1;33mbridge[0m[33m: [33mError connect to "localhost:7777": Connection refused (os error 111). Waiting to connect in 100ms[0m
    [2;3mat[0m bridge/src/lib.rs:36

  [2m2025-02-22T08:57:33.266981Z[0m [32m INFO[0m [1;32mbridge::mpc_conn[0m[32m: [32mconnection established: 127.0.0.1[0m
    [2;3mat[0m bridge/src/mpc_conn.rs:118

Start:   Client Fetch
End:     Client Fetch ..............................................................1.166s
Start:   Exchange seeds
End:     Exchange seeds ............................................................1.328ms
Start:   OT Verify + B2A
  [2m2025-02-22T08:57:35.200098Z[0m [32m INFO[0m [1;32mserver_mp::utils[0m[32m: [32m[OT Verify Alice] All passed![0m
    [2;3mat[0m server-mp/src/utils.rs:97

End:     OT Verify + B2A ...........................................................928.984ms
Start:   SqCorr Verify
  [2m2025-02-22T08:57:35.969636Z[0m [32m INFO[0m [1;32mserver_mp::utils[0m[32m: [32m[SqCorr Verify] All passed![0m
    [2;3mat[0m server-mp/src/utils.rs:97

End:     SqCorr Verify .............................................................95.746ms
Start:   A2S
End:     A2S .......................................................................30.477ms
Start:   Hash Verification
  [2m2025-02-22T08:57:36.000208Z[0m [32m INFO[0m [1;32mserver_mp::utils[0m[32m: [32m[B2A Hash AB] All passed![0m
    [2;3mat[0m server-mp/src/utils.rs:97

  [2m2025-02-22T08:57:36.000221Z[0m [32m INFO[0m [1;32mserver_mp::utils[0m[32m: [32m[A2S Hash] All passed![0m
    [2;3mat[0m server-mp/src/utils.rs:97

  [2m2025-02-22T08:57:36.000226Z[0m [32m INFO[0m [1;32mserver_mp::utils[0m[32m: [32m[OT Verify Hash] All passed![0m
    [2;3mat[0m server-mp/src/utils.rs:97

  [2m2025-02-22T08:57:36.000232Z[0m [32m INFO[0m [1;32mserver_mp::utils[0m[32m: [32m[SqCorr Verify Hash] All passed![0m
    [2;3mat[0m server-mp/src/utils.rs:97

End:     Hash Verification .........................................................34.768µs
client comm, MPC comm, client phase 1, client phase 2, OT + B2A, Correlation verify, A2S, Hash verify
548034560, 336001376, 1.166089318, 0, 0.929018097, 0.095756783, 0.030506016, 0.000038447
    Blocking waiting for file lock on package cache
    Blocking waiting for file lock on package cache
    Blocking waiting for file lock on package cache
    Blocking waiting for file lock on build directory
    Finished release [optimized + debuginfo] target(s) in 0.23s
     Running `target/release/server-mp -g 100000 -n 20 -m 'localhost:7777' -b -p 6667 -s 16 -i 32`
  [2m2025-02-22T08:58:35.066065Z[0m [32m INFO[0m [1;32mbridge::mpc_conn[0m[32m: [32mconnection established: 127.0.0.1[0m
    [2;3mat[0m bridge/src/mpc_conn.rs:118

Start:   Client Fetch
End:     Client Fetch ..............................................................1.130s
Start:   Exchange seeds
End:     Exchange seeds ............................................................1.329ms
Start:   OT Verify + B2A
  [2m2025-02-22T08:58:37.104776Z[0m [32m INFO[0m [1;32mserver_mp::utils[0m[32m: [32m[OT Verify Alice] All passed![0m
    [2;3mat[0m server-mp/src/utils.rs:97

End:     OT Verify + B2A ...........................................................975.403ms
Start:   SqCorr Verify
  [2m2025-02-22T08:58:37.925568Z[0m [32m INFO[0m [1;32mserver_mp::utils[0m[32m: [32m[SqCorr Verify] All passed![0m
    [2;3mat[0m server-mp/src/utils.rs:97

End:     SqCorr Verify .............................................................98.355ms
Start:   A2S
End:     A2S .......................................................................31.589ms
Start:   Hash Verification
  [2m2025-02-22T08:58:37.957253Z[0m [32m INFO[0m [1;32mserver_mp::utils[0m[32m: [32m[B2A Hash AB] All passed![0m
    [2;3mat[0m server-mp/src/utils.rs:97

  [2m2025-02-22T08:58:37.957267Z[0m [32m INFO[0m [1;32mserver_mp::utils[0m[32m: [32m[A2S Hash] All passed![0m
    [2;3mat[0m server-mp/src/utils.rs:97

  [2m2025-02-22T08:58:37.957271Z[0m [32m INFO[0m [1;32mserver_mp::utils[0m[32m: [32m[OT Verify Hash] All passed![0m
    [2;3mat[0m server-mp/src/utils.rs:97

  [2m2025-02-22T08:58:37.957277Z[0m [32m INFO[0m [1;32mserver_mp::utils[0m[32m: [32m[SqCorr Verify Hash] All passed![0m
    [2;3mat[0m server-mp/src/utils.rs:97

End:     Hash Verification .........................................................35.891µs
client comm, MPC comm, client phase 1, client phase 2, OT + B2A, Correlation verify, A2S, Hash verify
548034560, 336001376, 1.131027476, 0, 0.975440551, 0.098365777, 0.031618759, 0.000038926
    Blocking waiting for file lock on package cache
    Blocking waiting for file lock on package cache
    Blocking waiting for file lock on package cache
    Blocking waiting for file lock on package cache
    Blocking waiting for file lock on build directory
    Finished release [optimized + debuginfo] target(s) in 0.22s
     Running `target/release/server-mp -g 100000 -n 20 -m 'localhost:7777' -b -p 6667 -s 16 -i 32`
  [2m2025-02-22T08:59:36.993037Z[0m [33m WARN[0m [1;33mbridge[0m[33m: [33mError connect to "localhost:7777": Connection refused (os error 111). Waiting to connect in 100ms[0m
    [2;3mat[0m bridge/src/lib.rs:36

  [2m2025-02-22T08:59:37.111193Z[0m [32m INFO[0m [1;32mbridge::mpc_conn[0m[32m: [32mconnection established: 127.0.0.1[0m
    [2;3mat[0m bridge/src/mpc_conn.rs:118

Start:   Client Fetch
End:     Client Fetch ..............................................................1.136s
Start:   Exchange seeds
End:     Exchange seeds ............................................................1.297ms
Start:   OT Verify + B2A
  [2m2025-02-22T08:59:39.029046Z[0m [32m INFO[0m [1;32mserver_mp::utils[0m[32m: [32m[OT Verify Alice] All passed![0m
    [2;3mat[0m server-mp/src/utils.rs:97

End:     OT Verify + B2A ...........................................................907.660ms
Start:   SqCorr Verify
  [2m2025-02-22T08:59:39.845231Z[0m [32m INFO[0m [1;32mserver_mp::utils[0m[32m: [32m[SqCorr Verify] All passed![0m
    [2;3mat[0m server-mp/src/utils.rs:97

End:     SqCorr Verify .............................................................182.190ms
Start:   A2S
End:     A2S .......................................................................28.434ms
Start:   Hash Verification
  [2m2025-02-22T08:59:39.873742Z[0m [32m INFO[0m [1;32mserver_mp::utils[0m[32m: [32m[B2A Hash AB] All passed![0m
    [2;3mat[0m server-mp/src/utils.rs:97

  [2m2025-02-22T08:59:39.873754Z[0m [32m INFO[0m [1;32mserver_mp::utils[0m[32m: [32m[A2S Hash] All passed![0m
    [2;3mat[0m server-mp/src/utils.rs:97

  [2m2025-02-22T08:59:39.873800Z[0m [32m INFO[0m [1;32mserver_mp::utils[0m[32m: [32m[OT Verify Hash] All passed![0m
    [2;3mat[0m server-mp/src/utils.rs:97

  [2m2025-02-22T08:59:39.873806Z[0m [32m INFO[0m [1;32mserver_mp::utils[0m[32m: [32m[SqCorr Verify Hash] All passed![0m
    [2;3mat[0m server-mp/src/utils.rs:97

End:     Hash Verification .........................................................73.329µs
client comm, MPC comm, client phase 1, client phase 2, OT + B2A, Correlation verify, A2S, Hash verify
548034560, 336001376, 1.136119865, 0, 0.907694704, 0.182201644, 0.028452564, 0.000076482
