    Blocking waiting for file lock on package cache
    Blocking waiting for file lock on package cache
    Blocking waiting for file lock on package cache
    Finished release [optimized + debuginfo] target(s) in 0.21s
     Running `target/release/server-mp -g 300000 -n 20 -m 'localhost:7777' -b -p 6667 -s 16 -i 32`
  [2m2025-02-22T01:12:50.698553Z[0m [33m WARN[0m [1;33mbridge[0m[33m: [33mError connect to "localhost:7777": Connection refused (os error 111). Waiting to connect in 100ms[0m
    [2;3mat[0m bridge/src/lib.rs:36

  [2m2025-02-22T01:12:50.817067Z[0m [32m INFO[0m [1;32mbridge::mpc_conn[0m[32m: [32mconnection established: 127.0.0.1[0m
    [2;3mat[0m bridge/src/mpc_conn.rs:118

Start:   Client Fetch
End:     Client Fetch ..............................................................3.344s
Start:   Exchange seeds
End:     Exchange seeds ............................................................67.461ms
Start:   OT Verify + B2A
  [2m2025-02-22T01:12:56.873704Z[0m [32m INFO[0m [1;32mserver_mp::utils[0m[32m: [32m[OT Verify Alice] All passed![0m
    [2;3mat[0m server-mp/src/utils.rs:97

End:     OT Verify + B2A ...........................................................3.228s
Start:   SqCorr Verify
  [2m2025-02-22T01:12:59.583111Z[0m [32m INFO[0m [1;32mserver_mp::utils[0m[32m: [32m[SqCorr Verify] All passed![0m
    [2;3mat[0m server-mp/src/utils.rs:97

End:     SqCorr Verify .............................................................257.272ms
Start:   A2S
End:     A2S .......................................................................72.737ms
Start:   Hash Verification
  [2m2025-02-22T01:12:59.655963Z[0m [32m INFO[0m [1;32mserver_mp::utils[0m[32m: [32m[B2A Hash AB] All passed![0m
    [2;3mat[0m server-mp/src/utils.rs:97

  [2m2025-02-22T01:12:59.655985Z[0m [32m INFO[0m [1;32mserver_mp::utils[0m[32m: [32m[A2S Hash] All passed![0m
    [2;3mat[0m server-mp/src/utils.rs:97

  [2m2025-02-22T01:12:59.655992Z[0m [32m INFO[0m [1;32mserver_mp::utils[0m[32m: [32m[OT Verify Hash] All passed![0m
    [2;3mat[0m server-mp/src/utils.rs:97

  [2m2025-02-22T01:12:59.656000Z[0m [32m INFO[0m [1;32mserver_mp::utils[0m[32m: [32m[SqCorr Verify Hash] All passed![0m
    [2;3mat[0m server-mp/src/utils.rs:97

End:     Hash Verification .........................................................54.078µs
client comm, MPC comm, client phase 1, client phase 2, OT + B2A, Correlation verify, A2S, Hash verify
1644034560, 1008001376, 3.34418385, 0, 3.228350719, 0.257282566, 0.07278367, 0.000060564
    Blocking waiting for file lock on package cache
    Blocking waiting for file lock on package cache
    Blocking waiting for file lock on package cache
    Blocking waiting for file lock on build directory
    Finished release [optimized + debuginfo] target(s) in 0.23s
     Running `target/release/server-mp -g 300000 -n 20 -m 'localhost:7777' -b -p 6667 -s 16 -i 32`
  [2m2025-02-22T09:17:33.097587Z[0m [33m WARN[0m [1;33mbridge[0m[33m: [33mError connect to "localhost:7777": Connection refused (os error 111). Waiting to connect in 100ms[0m
    [2;3mat[0m bridge/src/lib.rs:36

  [2m2025-02-22T09:17:33.217080Z[0m [32m INFO[0m [1;32mbridge::mpc_conn[0m[32m: [32mconnection established: 127.0.0.1[0m
    [2;3mat[0m bridge/src/mpc_conn.rs:118

Start:   Client Fetch
End:     Client Fetch ..............................................................3.442s
Start:   Exchange seeds
End:     Exchange seeds ............................................................1.294ms
Start:   OT Verify + B2A
  [2m2025-02-22T09:17:39.195963Z[0m [32m INFO[0m [1;32mserver_mp::utils[0m[32m: [32m[OT Verify Alice] All passed![0m
    [2;3mat[0m server-mp/src/utils.rs:97

End:     OT Verify + B2A ...........................................................3.450s
Start:   SqCorr Verify
  [2m2025-02-22T09:17:42.205486Z[0m [32m INFO[0m [1;32mserver_mp::utils[0m[32m: [32m[SqCorr Verify] All passed![0m
    [2;3mat[0m server-mp/src/utils.rs:97

End:     SqCorr Verify .............................................................309.411ms
Start:   A2S
End:     A2S .......................................................................77.430ms
Start:   Hash Verification
  [2m2025-02-22T09:17:42.283090Z[0m [32m INFO[0m [1;32mserver_mp::utils[0m[32m: [32m[B2A Hash AB] All passed![0m
    [2;3mat[0m server-mp/src/utils.rs:97

  [2m2025-02-22T09:17:42.283104Z[0m [32m INFO[0m [1;32mserver_mp::utils[0m[32m: [32m[A2S Hash] All passed![0m
    [2;3mat[0m server-mp/src/utils.rs:97

  [2m2025-02-22T09:17:42.283108Z[0m [32m INFO[0m [1;32mserver_mp::utils[0m[32m: [32m[OT Verify Hash] All passed![0m
    [2;3mat[0m server-mp/src/utils.rs:97

  [2m2025-02-22T09:17:42.283113Z[0m [32m INFO[0m [1;32mserver_mp::utils[0m[32m: [32m[SqCorr Verify Hash] All passed![0m
    [2;3mat[0m server-mp/src/utils.rs:97

End:     Hash Verification .........................................................34.915µs
client comm, MPC comm, client phase 1, client phase 2, OT + B2A, Correlation verify, A2S, Hash verify
1644034560, 1008001376, 3.442670706, 0, 3.450281794, 0.309484802, 0.077456104, 0.000038112
    Blocking waiting for file lock on package cache
    Blocking waiting for file lock on package cache
    Blocking waiting for file lock on package cache
    Finished release [optimized + debuginfo] target(s) in 0.22s
     Running `target/release/server-mp -g 300000 -n 20 -m 'localhost:7777' -b -p 6667 -s 16 -i 32`
  [2m2025-02-22T09:18:38.228249Z[0m [33m WARN[0m [1;33mbridge[0m[33m: [33mError connect to "localhost:7777": Connection refused (os error 111). Waiting to connect in 100ms[0m
    [2;3mat[0m bridge/src/lib.rs:36

  [2m2025-02-22T09:18:38.347324Z[0m [32m INFO[0m [1;32mbridge::mpc_conn[0m[32m: [32mconnection established: 127.0.0.1[0m
    [2;3mat[0m bridge/src/mpc_conn.rs:118

Start:   Client Fetch
End:     Client Fetch ..............................................................3.357s
Start:   Exchange seeds
End:     Exchange seeds ............................................................5.239ms
Start:   OT Verify + B2A
  [2m2025-02-22T09:18:44.385091Z[0m [32m INFO[0m [1;32mserver_mp::utils[0m[32m: [32m[OT Verify Alice] All passed![0m
    [2;3mat[0m server-mp/src/utils.rs:97

End:     OT Verify + B2A ...........................................................3.004s
Start:   SqCorr Verify
  [2m2025-02-22T09:18:46.939966Z[0m [32m INFO[0m [1;32mserver_mp::utils[0m[32m: [32m[SqCorr Verify] All passed![0m
    [2;3mat[0m server-mp/src/utils.rs:97

End:     SqCorr Verify .............................................................250.015ms
Start:   A2S
End:     A2S .......................................................................86.027ms
Start:   Hash Verification
  [2m2025-02-22T09:18:47.026096Z[0m [32m INFO[0m [1;32mserver_mp::utils[0m[32m: [32m[B2A Hash AB] All passed![0m
    [2;3mat[0m server-mp/src/utils.rs:97

  [2m2025-02-22T09:18:47.026110Z[0m [32m INFO[0m [1;32mserver_mp::utils[0m[32m: [32m[A2S Hash] All passed![0m
    [2;3mat[0m server-mp/src/utils.rs:97

  [2m2025-02-22T09:18:47.026115Z[0m [32m INFO[0m [1;32mserver_mp::utils[0m[32m: [32m[OT Verify Hash] All passed![0m
    [2;3mat[0m server-mp/src/utils.rs:97

  [2m2025-02-22T09:18:47.026121Z[0m [32m INFO[0m [1;32mserver_mp::utils[0m[32m: [32m[SqCorr Verify Hash] All passed![0m
    [2;3mat[0m server-mp/src/utils.rs:97

End:     Hash Verification .........................................................38.342µs
client comm, MPC comm, client phase 1, client phase 2, OT + B2A, Correlation verify, A2S, Hash verify
1644034560, 1008001376, 3.357386625, 0, 3.004401344, 0.250024159, 0.086060348, 0.000042741
    Blocking waiting for file lock on package cache
    Blocking waiting for file lock on package cache
    Blocking waiting for file lock on package cache
    Blocking waiting for file lock on package cache
    Finished release [optimized + debuginfo] target(s) in 0.21s
     Running `target/release/server-mp -g 300000 -n 20 -m 'localhost:7777' -b -p 6667 -s 16 -i 32`
  [2m2025-02-22T09:19:43.402247Z[0m [33m WARN[0m [1;33mbridge[0m[33m: [33mError connect to "localhost:7777": Connection refused (os error 111). Waiting to connect in 100ms[0m
    [2;3mat[0m bridge/src/lib.rs:36

  [2m2025-02-22T09:19:43.520652Z[0m [32m INFO[0m [1;32mbridge::mpc_conn[0m[32m: [32mconnection established: 127.0.0.1[0m
    [2;3mat[0m bridge/src/mpc_conn.rs:118

Start:   Client Fetch
End:     Client Fetch ..............................................................3.417s
Start:   Exchange seeds
End:     Exchange seeds ............................................................33.432ms
Start:   OT Verify + B2A
  [2m2025-02-22T09:19:49.473639Z[0m [32m INFO[0m [1;32mserver_mp::utils[0m[32m: [32m[OT Verify Alice] All passed![0m
    [2;3mat[0m server-mp/src/utils.rs:97

End:     OT Verify + B2A ...........................................................3.488s
Start:   SqCorr Verify
  [2m2025-02-22T09:19:52.531667Z[0m [32m INFO[0m [1;32mserver_mp::utils[0m[32m: [32m[SqCorr Verify] All passed![0m
    [2;3mat[0m server-mp/src/utils.rs:97

End:     SqCorr Verify .............................................................265.243ms
Start:   A2S
End:     A2S .......................................................................72.687ms
Start:   Hash Verification
  [2m2025-02-22T09:19:52.604441Z[0m [32m INFO[0m [1;32mserver_mp::utils[0m[32m: [32m[B2A Hash AB] All passed![0m
    [2;3mat[0m server-mp/src/utils.rs:97

  [2m2025-02-22T09:19:52.604457Z[0m [32m INFO[0m [1;32mserver_mp::utils[0m[32m: [32m[A2S Hash] All passed![0m
    [2;3mat[0m server-mp/src/utils.rs:97

  [2m2025-02-22T09:19:52.604462Z[0m [32m INFO[0m [1;32mserver_mp::utils[0m[32m: [32m[OT Verify Hash] All passed![0m
    [2;3mat[0m server-mp/src/utils.rs:97

  [2m2025-02-22T09:19:52.604467Z[0m [32m INFO[0m [1;32mserver_mp::utils[0m[32m: [32m[SqCorr Verify Hash] All passed![0m
    [2;3mat[0m server-mp/src/utils.rs:97

End:     Hash Verification .........................................................39.087µs
client comm, MPC comm, client phase 1, client phase 2, OT + B2A, Correlation verify, A2S, Hash verify
1644034560, 1008001376, 3.417999748, 0, 3.488969868, 0.265252777, 0.072723728, 0.00004327
    Blocking waiting for file lock on package cache
    Blocking waiting for file lock on package cache
    Blocking waiting for file lock on package cache
    Blocking waiting for file lock on package cache
    Blocking waiting for file lock on build directory
    Finished release [optimized + debuginfo] target(s) in 0.25s
     Running `target/release/server-mp -g 300000 -n 20 -m 'localhost:7777' -b -p 6667 -s 16 -i 32`
  [2m2025-02-22T09:20:48.589784Z[0m [33m WARN[0m [1;33mbridge[0m[33m: [33mError connect to "localhost:7777": Connection refused (os error 111). Waiting to connect in 100ms[0m
    [2;3mat[0m bridge/src/lib.rs:36

  [2m2025-02-22T09:20:48.709439Z[0m [32m INFO[0m [1;32mbridge::mpc_conn[0m[32m: [32mconnection established: 127.0.0.1[0m
    [2;3mat[0m bridge/src/mpc_conn.rs:118

Start:   Client Fetch
End:     Client Fetch ..............................................................3.403s
Start:   Exchange seeds
End:     Exchange seeds ............................................................1.285ms
Start:   OT Verify + B2A
  [2m2025-02-22T09:20:54.619342Z[0m [32m INFO[0m [1;32mserver_mp::utils[0m[32m: [32m[OT Verify Alice] All passed![0m
    [2;3mat[0m server-mp/src/utils.rs:97

End:     OT Verify + B2A ...........................................................3.072s
Start:   SqCorr Verify
  [2m2025-02-22T09:20:57.321983Z[0m [32m INFO[0m [1;32mserver_mp::utils[0m[32m: [32m[SqCorr Verify] All passed![0m
    [2;3mat[0m server-mp/src/utils.rs:97

End:     SqCorr Verify .............................................................333.093ms
Start:   A2S
End:     A2S .......................................................................90.385ms
Start:   Hash Verification
  [2m2025-02-22T09:20:57.412474Z[0m [32m INFO[0m [1;32mserver_mp::utils[0m[32m: [32m[B2A Hash AB] All passed![0m
    [2;3mat[0m server-mp/src/utils.rs:97

  [2m2025-02-22T09:20:57.412490Z[0m [32m INFO[0m [1;32mserver_mp::utils[0m[32m: [32m[A2S Hash] All passed![0m
    [2;3mat[0m server-mp/src/utils.rs:97

  [2m2025-02-22T09:20:57.412496Z[0m [32m INFO[0m [1;32mserver_mp::utils[0m[32m: [32m[OT Verify Hash] All passed![0m
    [2;3mat[0m server-mp/src/utils.rs:97

  [2m2025-02-22T09:20:57.412525Z[0m [32m INFO[0m [1;32mserver_mp::utils[0m[32m: [32m[SqCorr Verify Hash] All passed![0m
    [2;3mat[0m server-mp/src/utils.rs:97

End:     Hash Verification .........................................................63.572µs
client comm, MPC comm, client phase 1, client phase 2, OT + B2A, Correlation verify, A2S, Hash verify
1644034560, 1008001376, 3.403864653, 0, 3.072942037, 0.333103625, 0.090408348, 0.000066837
