    Blocking waiting for file lock on package cache
    Blocking waiting for file lock on package cache
    Blocking waiting for file lock on package cache
    Blocking waiting for file lock on build directory
    Finished release [optimized + debuginfo] target(s) in 0.22s
     Running `target/release/client-mp -g 500000 -n 50 -a 'localhost:6666' -b 'localhost:6667' -i 32`
  [2m2025-02-22T01:22:05.606324Z[0m [32m INFO[0m [1;32mclient_mp[0m[32m: [32mMP Client: num_clients: 50, Server address alice: localhost:6666, server address bob: localhost:6667, gsize: 500000, tracing_level: INFO[0m
    [2;3mat[0m client-mp/src/main.rs:31

Start:   Preparing Client Input
End:     Preparing Client Input ....................................................9.792ms
Start:   Preparing Client Message
End:     Preparing Client Message ..................................................9.203s
  [2m2025-02-22T01:22:14.819616Z[0m [32m INFO[0m [1;32mclient_mp[0m[32m: [32mAttempting to connect to server[0m
    [2;3mat[0m client-mp/src/main.rs:64

  [2m2025-02-22T01:22:14.925172Z[0m [32m INFO[0m [1;32mclient_mp[0m[32m: [32mAll clients connected! Sending clients data...[0m
    [2;3mat[0m client-mp/src/main.rs:72

    Blocking waiting for file lock on package cache
    Blocking waiting for file lock on package cache
    Blocking waiting for file lock on package cache
    Blocking waiting for file lock on package cache
    Blocking waiting for file lock on build directory
    Finished release [optimized + debuginfo] target(s) in 0.21s
     Running `target/release/client-mp -g 500000 -n 50 -a 'localhost:6666' -b 'localhost:6667' -i 32`
  [2m2025-02-22T09:54:35.814134Z[0m [32m INFO[0m [1;32mclient_mp[0m[32m: [32mMP Client: num_clients: 50, Server address alice: localhost:6666, server address bob: localhost:6667, gsize: 500000, tracing_level: INFO[0m
    [2;3mat[0m client-mp/src/main.rs:31

Start:   Preparing Client Input
End:     Preparing Client Input ....................................................8.910ms
Start:   Preparing Client Message
End:     Preparing Client Message ..................................................9.111s
  [2m2025-02-22T09:54:44.934176Z[0m [32m INFO[0m [1;32mclient_mp[0m[32m: [32mAttempting to connect to server[0m
    [2;3mat[0m client-mp/src/main.rs:64

  [2m2025-02-22T09:54:45.038474Z[0m [32m INFO[0m [1;32mclient_mp[0m[32m: [32mAll clients connected! Sending clients data...[0m
    [2;3mat[0m client-mp/src/main.rs:72

    Blocking waiting for file lock on package cache
    Blocking waiting for file lock on package cache
    Blocking waiting for file lock on package cache
    Blocking waiting for file lock on build directory
    Finished release [optimized + debuginfo] target(s) in 0.22s
     Running `target/release/client-mp -g 500000 -n 50 -a 'localhost:6666' -b 'localhost:6667' -i 32`
  [2m2025-02-22T09:55:57.186511Z[0m [32m INFO[0m [1;32mclient_mp[0m[32m: [32mMP Client: num_clients: 50, Server address alice: localhost:6666, server address bob: localhost:6667, gsize: 500000, tracing_level: INFO[0m
    [2;3mat[0m client-mp/src/main.rs:31

Start:   Preparing Client Input
End:     Preparing Client Input ....................................................9.153ms
Start:   Preparing Client Message
End:     Preparing Client Message ..................................................9.267s
  [2m2025-02-22T09:56:06.463289Z[0m [32m INFO[0m [1;32mclient_mp[0m[32m: [32mAttempting to connect to server[0m
    [2;3mat[0m client-mp/src/main.rs:64

  [2m2025-02-22T09:56:06.569361Z[0m [32m INFO[0m [1;32mclient_mp[0m[32m: [32mAll clients connected! Sending clients data...[0m
    [2;3mat[0m client-mp/src/main.rs:72

    Blocking waiting for file lock on package cache
    Blocking waiting for file lock on package cache
    Blocking waiting for file lock on package cache
    Blocking waiting for file lock on package cache
    Finished release [optimized + debuginfo] target(s) in 0.21s
     Running `target/release/client-mp -g 500000 -n 50 -a 'localhost:6666' -b 'localhost:6667' -i 32`
  [2m2025-02-22T09:57:18.581113Z[0m [32m INFO[0m [1;32mclient_mp[0m[32m: [32mMP Client: num_clients: 50, Server address alice: localhost:6666, server address bob: localhost:6667, gsize: 500000, tracing_level: INFO[0m
    [2;3mat[0m client-mp/src/main.rs:31

Start:   Preparing Client Input
End:     Preparing Client Input ....................................................9.403ms
Start:   Preparing Client Message
End:     Preparing Client Message ..................................................9.089s
  [2m2025-02-22T09:57:27.680649Z[0m [32m INFO[0m [1;32mclient_mp[0m[32m: [32mAttempting to connect to server[0m
    [2;3mat[0m client-mp/src/main.rs:64

  [2m2025-02-22T09:57:27.786024Z[0m [32m INFO[0m [1;32mclient_mp[0m[32m: [32mAll clients connected! Sending clients data...[0m
    [2;3mat[0m client-mp/src/main.rs:72

    Blocking waiting for file lock on package cache
    Blocking waiting for file lock on package cache
    Blocking waiting for file lock on package cache
    Blocking waiting for file lock on build directory
    Finished release [optimized + debuginfo] target(s) in 0.23s
     Running `target/release/client-mp -g 500000 -n 50 -a 'localhost:6666' -b 'localhost:6667' -i 32`
  [2m2025-02-22T09:58:39.827311Z[0m [32m INFO[0m [1;32mclient_mp[0m[32m: [32mMP Client: num_clients: 50, Server address alice: localhost:6666, server address bob: localhost:6667, gsize: 500000, tracing_level: INFO[0m
    [2;3mat[0m client-mp/src/main.rs:31

Start:   Preparing Client Input
End:     Preparing Client Input ....................................................9.070ms
Start:   Preparing Client Message
End:     Preparing Client Message ..................................................9.129s
  [2m2025-02-22T09:58:48.966488Z[0m [32m INFO[0m [1;32mclient_mp[0m[32m: [32mAttempting to connect to server[0m
    [2;3mat[0m client-mp/src/main.rs:64

  [2m2025-02-22T09:58:49.092573Z[0m [32m INFO[0m [1;32mclient_mp[0m[32m: [32mAll clients connected! Sending clients data...[0m
    [2;3mat[0m client-mp/src/main.rs:72

