    Blocking waiting for file lock on package cache
    Blocking waiting for file lock on package cache
    Blocking waiting for file lock on package cache
    Finished release [optimized + debuginfo] target(s) in 0.21s
     Running `target/release/client-mp -g 500000 -n 10 -a 'localhost:6666' -b 'localhost:6667' -i 32`
  [2m2025-02-22T01:17:24.979021Z[0m [32m INFO[0m [1;32mclient_mp[0m[32m: [32mMP Client: num_clients: 10, Server address alice: localhost:6666, server address bob: localhost:6667, gsize: 500000, tracing_level: INFO[0m
    [2;3mat[0m client-mp/src/main.rs:31

Start:   Preparing Client Input
End:     Preparing Client Input ....................................................5.137ms
Start:   Preparing Client Message
End:     Preparing Client Message ..................................................2.530s
  [2m2025-02-22T01:17:27.514589Z[0m [32m INFO[0m [1;32mclient_mp[0m[32m: [32mAttempting to connect to server[0m
    [2;3mat[0m client-mp/src/main.rs:64

  [2m2025-02-22T01:17:27.536454Z[0m [32m INFO[0m [1;32mclient_mp[0m[32m: [32mAll clients connected! Sending clients data...[0m
    [2;3mat[0m client-mp/src/main.rs:72

    Blocking waiting for file lock on package cache
    Blocking waiting for file lock on package cache
    Blocking waiting for file lock on package cache
    Blocking waiting for file lock on package cache
    Blocking waiting for file lock on build directory
    Finished release [optimized + debuginfo] target(s) in 0.21s
     Running `target/release/client-mp -g 500000 -n 10 -a 'localhost:6666' -b 'localhost:6667' -i 32`
  [2m2025-02-22T09:35:51.779540Z[0m [32m INFO[0m [1;32mclient_mp[0m[32m: [32mMP Client: num_clients: 10, Server address alice: localhost:6666, server address bob: localhost:6667, gsize: 500000, tracing_level: INFO[0m
    [2;3mat[0m client-mp/src/main.rs:31

Start:   Preparing Client Input
End:     Preparing Client Input ....................................................5.379ms
Start:   Preparing Client Message
End:     Preparing Client Message ..................................................2.511s
  [2m2025-02-22T09:35:54.296791Z[0m [32m INFO[0m [1;32mclient_mp[0m[32m: [32mAttempting to connect to server[0m
    [2;3mat[0m client-mp/src/main.rs:64

  [2m2025-02-22T09:35:54.318134Z[0m [32m INFO[0m [1;32mclient_mp[0m[32m: [32mAll clients connected! Sending clients data...[0m
    [2;3mat[0m client-mp/src/main.rs:72

    Blocking waiting for file lock on package cache
    Blocking waiting for file lock on package cache
    Blocking waiting for file lock on package cache
    Blocking waiting for file lock on build directory
    Finished release [optimized + debuginfo] target(s) in 0.23s
     Running `target/release/client-mp -g 500000 -n 10 -a 'localhost:6666' -b 'localhost:6667' -i 32`
  [2m2025-02-22T09:36:57.208511Z[0m [32m INFO[0m [1;32mclient_mp[0m[32m: [32mMP Client: num_clients: 10, Server address alice: localhost:6666, server address bob: localhost:6667, gsize: 500000, tracing_level: INFO[0m
    [2;3mat[0m client-mp/src/main.rs:31

Start:   Preparing Client Input
End:     Preparing Client Input ....................................................7.856ms
Start:   Preparing Client Message
End:     Preparing Client Message ..................................................2.536s
  [2m2025-02-22T09:36:59.752718Z[0m [32m INFO[0m [1;32mclient_mp[0m[32m: [32mAttempting to connect to server[0m
    [2;3mat[0m client-mp/src/main.rs:64

  [2m2025-02-22T09:36:59.773936Z[0m [32m INFO[0m [1;32mclient_mp[0m[32m: [32mAll clients connected! Sending clients data...[0m
    [2;3mat[0m client-mp/src/main.rs:72

    Blocking waiting for file lock on package cache
    Blocking waiting for file lock on package cache
    Blocking waiting for file lock on package cache
    Blocking waiting for file lock on build directory
    Finished release [optimized + debuginfo] target(s) in 0.23s
     Running `target/release/client-mp -g 500000 -n 10 -a 'localhost:6666' -b 'localhost:6667' -i 32`
  [2m2025-02-22T09:38:02.522749Z[0m [32m INFO[0m [1;32mclient_mp[0m[32m: [32mMP Client: num_clients: 10, Server address alice: localhost:6666, server address bob: localhost:6667, gsize: 500000, tracing_level: INFO[0m
    [2;3mat[0m client-mp/src/main.rs:31

Start:   Preparing Client Input
End:     Preparing Client Input ....................................................5.259ms
Start:   Preparing Client Message
End:     Preparing Client Message ..................................................2.546s
  [2m2025-02-22T09:38:05.074243Z[0m [32m INFO[0m [1;32mclient_mp[0m[32m: [32mAttempting to connect to server[0m
    [2;3mat[0m client-mp/src/main.rs:64

  [2m2025-02-22T09:38:05.095750Z[0m [32m INFO[0m [1;32mclient_mp[0m[32m: [32mAll clients connected! Sending clients data...[0m
    [2;3mat[0m client-mp/src/main.rs:72

    Blocking waiting for file lock on package cache
    Blocking waiting for file lock on package cache
    Blocking waiting for file lock on package cache
    Blocking waiting for file lock on package cache
    Blocking waiting for file lock on build directory
    Finished release [optimized + debuginfo] target(s) in 0.21s
     Running `target/release/client-mp -g 500000 -n 10 -a 'localhost:6666' -b 'localhost:6667' -i 32`
  [2m2025-02-22T09:39:07.846362Z[0m [32m INFO[0m [1;32mclient_mp[0m[32m: [32mMP Client: num_clients: 10, Server address alice: localhost:6666, server address bob: localhost:6667, gsize: 500000, tracing_level: INFO[0m
    [2;3mat[0m client-mp/src/main.rs:31

Start:   Preparing Client Input
End:     Preparing Client Input ....................................................5.290ms
Start:   Preparing Client Message
End:     Preparing Client Message ..................................................2.497s
  [2m2025-02-22T09:39:10.349301Z[0m [32m INFO[0m [1;32mclient_mp[0m[32m: [32mAttempting to connect to server[0m
    [2;3mat[0m client-mp/src/main.rs:64

  [2m2025-02-22T09:39:10.370693Z[0m [32m INFO[0m [1;32mclient_mp[0m[32m: [32mAll clients connected! Sending clients data...[0m
    [2;3mat[0m client-mp/src/main.rs:72

