    Blocking waiting for file lock on package cache
    Blocking waiting for file lock on package cache
    Blocking waiting for file lock on package cache
    Blocking waiting for file lock on build directory
    Finished release [optimized + debuginfo] target(s) in 0.22s
     Running `target/release/client-mp -g 300000 -n 40 -a 'localhost:6666' -b 'localhost:6667' -i 32`
  [2m2025-02-22T01:15:02.983348Z[0m [32m INFO[0m [1;32mclient_mp[0m[32m: [32mMP Client: num_clients: 40, Server address alice: localhost:6666, server address bob: localhost:6667, gsize: 300000, tracing_level: INFO[0m
    [2;3mat[0m client-mp/src/main.rs:31

Start:   Preparing Client Input
End:     Preparing Client Input ....................................................6.205ms
Start:   Preparing Client Message
End:     Preparing Client Message ..................................................3.254s
  [2m2025-02-22T01:15:06.243886Z[0m [32m INFO[0m [1;32mclient_mp[0m[32m: [32mAttempting to connect to server[0m
    [2;3mat[0m client-mp/src/main.rs:64

  [2m2025-02-22T01:15:06.327465Z[0m [32m INFO[0m [1;32mclient_mp[0m[32m: [32mAll clients connected! Sending clients data...[0m
    [2;3mat[0m client-mp/src/main.rs:72

    Blocking waiting for file lock on package cache
    Blocking waiting for file lock on package cache
    Blocking waiting for file lock on package cache
    Blocking waiting for file lock on build directory
    Finished release [optimized + debuginfo] target(s) in 0.22s
     Running `target/release/client-mp -g 300000 -n 40 -a 'localhost:6666' -b 'localhost:6667' -i 32`
  [2m2025-02-22T09:26:22.258786Z[0m [32m INFO[0m [1;32mclient_mp[0m[32m: [32mMP Client: num_clients: 40, Server address alice: localhost:6666, server address bob: localhost:6667, gsize: 300000, tracing_level: INFO[0m
    [2;3mat[0m client-mp/src/main.rs:31

Start:   Preparing Client Input
End:     Preparing Client Input ....................................................5.845ms
Start:   Preparing Client Message
End:     Preparing Client Message ..................................................3.338s
  [2m2025-02-22T09:26:25.603269Z[0m [32m INFO[0m [1;32mclient_mp[0m[32m: [32mAttempting to connect to server[0m
    [2;3mat[0m client-mp/src/main.rs:64

  [2m2025-02-22T09:26:25.688372Z[0m [32m INFO[0m [1;32mclient_mp[0m[32m: [32mAll clients connected! Sending clients data...[0m
    [2;3mat[0m client-mp/src/main.rs:72

    Blocking waiting for file lock on package cache
    Blocking waiting for file lock on package cache
    Blocking waiting for file lock on package cache
    Blocking waiting for file lock on package cache
    Finished release [optimized + debuginfo] target(s) in 0.21s
     Running `target/release/client-mp -g 300000 -n 40 -a 'localhost:6666' -b 'localhost:6667' -i 32`
  [2m2025-02-22T09:27:31.566664Z[0m [32m INFO[0m [1;32mclient_mp[0m[32m: [32mMP Client: num_clients: 40, Server address alice: localhost:6666, server address bob: localhost:6667, gsize: 300000, tracing_level: INFO[0m
    [2;3mat[0m client-mp/src/main.rs:31

Start:   Preparing Client Input
End:     Preparing Client Input ....................................................6.061ms
Start:   Preparing Client Message
End:     Preparing Client Message ..................................................3.385s
  [2m2025-02-22T09:27:34.958633Z[0m [32m INFO[0m [1;32mclient_mp[0m[32m: [32mAttempting to connect to server[0m
    [2;3mat[0m client-mp/src/main.rs:64

  [2m2025-02-22T09:27:35.042213Z[0m [32m INFO[0m [1;32mclient_mp[0m[32m: [32mAll clients connected! Sending clients data...[0m
    [2;3mat[0m client-mp/src/main.rs:72

    Blocking waiting for file lock on package cache
    Blocking waiting for file lock on package cache
    Blocking waiting for file lock on package cache
    Blocking waiting for file lock on build directory
    Finished release [optimized + debuginfo] target(s) in 0.23s
     Running `target/release/client-mp -g 300000 -n 40 -a 'localhost:6666' -b 'localhost:6667' -i 32`
  [2m2025-02-22T09:28:41.019559Z[0m [32m INFO[0m [1;32mclient_mp[0m[32m: [32mMP Client: num_clients: 40, Server address alice: localhost:6666, server address bob: localhost:6667, gsize: 300000, tracing_level: INFO[0m
    [2;3mat[0m client-mp/src/main.rs:31

Start:   Preparing Client Input
End:     Preparing Client Input ....................................................5.884ms
Start:   Preparing Client Message
End:     Preparing Client Message ..................................................3.346s
  [2m2025-02-22T09:28:44.372397Z[0m [32m INFO[0m [1;32mclient_mp[0m[32m: [32mAttempting to connect to server[0m
    [2;3mat[0m client-mp/src/main.rs:64

  [2m2025-02-22T09:28:44.455145Z[0m [32m INFO[0m [1;32mclient_mp[0m[32m: [32mAll clients connected! Sending clients data...[0m
    [2;3mat[0m client-mp/src/main.rs:72

    Blocking waiting for file lock on package cache
    Blocking waiting for file lock on package cache
    Blocking waiting for file lock on package cache
    Blocking waiting for file lock on package cache
    Finished release [optimized + debuginfo] target(s) in 0.21s
     Running `target/release/client-mp -g 300000 -n 40 -a 'localhost:6666' -b 'localhost:6667' -i 32`
  [2m2025-02-22T09:29:50.406053Z[0m [32m INFO[0m [1;32mclient_mp[0m[32m: [32mMP Client: num_clients: 40, Server address alice: localhost:6666, server address bob: localhost:6667, gsize: 300000, tracing_level: INFO[0m
    [2;3mat[0m client-mp/src/main.rs:31

Start:   Preparing Client Input
End:     Preparing Client Input ....................................................6.363ms
Start:   Preparing Client Message
End:     Preparing Client Message ..................................................3.338s
  [2m2025-02-22T09:29:53.751237Z[0m [32m INFO[0m [1;32mclient_mp[0m[32m: [32mAttempting to connect to server[0m
    [2;3mat[0m client-mp/src/main.rs:64

  [2m2025-02-22T09:29:53.835982Z[0m [32m INFO[0m [1;32mclient_mp[0m[32m: [32mAll clients connected! Sending clients data...[0m
    [2;3mat[0m client-mp/src/main.rs:72

