    Blocking waiting for file lock on package cache
    Blocking waiting for file lock on package cache
    Blocking waiting for file lock on package cache
    Blocking waiting for file lock on package cache
    Finished release [optimized + debuginfo] target(s) in 0.21s
     Running `target/release/client-mp -g 300000 -n 50 -a 'localhost:6666' -b 'localhost:6667' -i 32`
  [2m2025-02-22T01:16:12.190558Z[0m [32m INFO[0m [1;32mclient_mp[0m[32m: [32mMP Client: num_clients: 50, Server address alice: localhost:6666, server address bob: localhost:6667, gsize: 300000, tracing_level: INFO[0m
    [2;3mat[0m client-mp/src/main.rs:31

Start:   Preparing Client Input
End:     Preparing Client Input ....................................................6.137ms
Start:   Preparing Client Message
End:     Preparing Client Message ..................................................5.337s
  [2m2025-02-22T01:16:17.533960Z[0m [32m INFO[0m [1;32mclient_mp[0m[32m: [32mAttempting to connect to server[0m
    [2;3mat[0m client-mp/src/main.rs:64

  [2m2025-02-22T01:16:17.641925Z[0m [32m INFO[0m [1;32mclient_mp[0m[32m: [32mAll clients connected! Sending clients data...[0m
    [2;3mat[0m client-mp/src/main.rs:72

    Blocking waiting for file lock on package cache
    Blocking waiting for file lock on package cache
    Blocking waiting for file lock on package cache
    Blocking waiting for file lock on build directory
    Finished release [optimized + debuginfo] target(s) in 0.24s
     Running `target/release/client-mp -g 300000 -n 50 -a 'localhost:6666' -b 'localhost:6667' -i 32`
  [2m2025-02-22T09:30:59.854038Z[0m [32m INFO[0m [1;32mclient_mp[0m[32m: [32mMP Client: num_clients: 50, Server address alice: localhost:6666, server address bob: localhost:6667, gsize: 300000, tracing_level: INFO[0m
    [2;3mat[0m client-mp/src/main.rs:31

Start:   Preparing Client Input
End:     Preparing Client Input ....................................................7.971ms
Start:   Preparing Client Message
End:     Preparing Client Message ..................................................5.498s
  [2m2025-02-22T09:31:05.360956Z[0m [32m INFO[0m [1;32mclient_mp[0m[32m: [32mAttempting to connect to server[0m
    [2;3mat[0m client-mp/src/main.rs:64

  [2m2025-02-22T09:31:05.465975Z[0m [32m INFO[0m [1;32mclient_mp[0m[32m: [32mAll clients connected! Sending clients data...[0m
    [2;3mat[0m client-mp/src/main.rs:72

    Blocking waiting for file lock on package cache
    Blocking waiting for file lock on package cache
    Blocking waiting for file lock on package cache
    Blocking waiting for file lock on build directory
    Finished release [optimized + debuginfo] target(s) in 0.25s
     Running `target/release/client-mp -g 300000 -n 50 -a 'localhost:6666' -b 'localhost:6667' -i 32`
  [2m2025-02-22T09:32:12.864953Z[0m [32m INFO[0m [1;32mclient_mp[0m[32m: [32mMP Client: num_clients: 50, Server address alice: localhost:6666, server address bob: localhost:6667, gsize: 300000, tracing_level: INFO[0m
    [2;3mat[0m client-mp/src/main.rs:31

Start:   Preparing Client Input
End:     Preparing Client Input ....................................................7.687ms
Start:   Preparing Client Message
End:     Preparing Client Message ..................................................5.255s
  [2m2025-02-22T09:32:18.128240Z[0m [32m INFO[0m [1;32mclient_mp[0m[32m: [32mAttempting to connect to server[0m
    [2;3mat[0m client-mp/src/main.rs:64

  [2m2025-02-22T09:32:18.234367Z[0m [32m INFO[0m [1;32mclient_mp[0m[32m: [32mAll clients connected! Sending clients data...[0m
    [2;3mat[0m client-mp/src/main.rs:72

    Blocking waiting for file lock on package cache
    Blocking waiting for file lock on package cache
    Blocking waiting for file lock on package cache
    Blocking waiting for file lock on build directory
    Finished release [optimized + debuginfo] target(s) in 0.24s
     Running `target/release/client-mp -g 300000 -n 50 -a 'localhost:6666' -b 'localhost:6667' -i 32`
  [2m2025-02-22T09:33:25.778954Z[0m [32m INFO[0m [1;32mclient_mp[0m[32m: [32mMP Client: num_clients: 50, Server address alice: localhost:6666, server address bob: localhost:6667, gsize: 300000, tracing_level: INFO[0m
    [2;3mat[0m client-mp/src/main.rs:31

Start:   Preparing Client Input
End:     Preparing Client Input ....................................................7.686ms
Start:   Preparing Client Message
End:     Preparing Client Message ..................................................5.466s
  [2m2025-02-22T09:33:31.252838Z[0m [32m INFO[0m [1;32mclient_mp[0m[32m: [32mAttempting to connect to server[0m
    [2;3mat[0m client-mp/src/main.rs:64

  [2m2025-02-22T09:33:31.356449Z[0m [32m INFO[0m [1;32mclient_mp[0m[32m: [32mAll clients connected! Sending clients data...[0m
    [2;3mat[0m client-mp/src/main.rs:72

    Blocking waiting for file lock on package cache
    Blocking waiting for file lock on package cache
    Blocking waiting for file lock on package cache
    Finished release [optimized + debuginfo] target(s) in 0.22s
     Running `target/release/client-mp -g 300000 -n 50 -a 'localhost:6666' -b 'localhost:6667' -i 32`
  [2m2025-02-22T09:34:38.836914Z[0m [32m INFO[0m [1;32mclient_mp[0m[32m: [32mMP Client: num_clients: 50, Server address alice: localhost:6666, server address bob: localhost:6667, gsize: 300000, tracing_level: INFO[0m
    [2;3mat[0m client-mp/src/main.rs:31

Start:   Preparing Client Input
End:     Preparing Client Input ....................................................7.440ms
Start:   Preparing Client Message
End:     Preparing Client Message ..................................................5.303s
  [2m2025-02-22T09:34:44.148376Z[0m [32m INFO[0m [1;32mclient_mp[0m[32m: [32mAttempting to connect to server[0m
    [2;3mat[0m client-mp/src/main.rs:64

  [2m2025-02-22T09:34:44.252946Z[0m [32m INFO[0m [1;32mclient_mp[0m[32m: [32mAll clients connected! Sending clients data...[0m
    [2;3mat[0m client-mp/src/main.rs:72

