    Blocking waiting for file lock on package cache
    Blocking waiting for file lock on package cache
    Blocking waiting for file lock on package cache
    Blocking waiting for file lock on build directory
    Finished release [optimized + debuginfo] target(s) in 0.23s
     Running `target/release/client-mp -g 100000 -n 50 -a 'localhost:6666' -b 'localhost:6667' -i 32`
  [2m2025-02-22T01:10:43.238868Z[0m [32m INFO[0m [1;32mclient_mp[0m[32m: [32mMP Client: num_clients: 50, Server address alice: localhost:6666, server address bob: localhost:6667, gsize: 100000, tracing_level: INFO[0m
    [2;3mat[0m client-mp/src/main.rs:31

Start:   Preparing Client Input
End:     Preparing Client Input ....................................................4.091ms
Start:   Preparing Client Message
End:     Preparing Client Message ..................................................1.465s
  [2m2025-02-22T01:10:44.708526Z[0m [32m INFO[0m [1;32mclient_mp[0m[32m: [32mAttempting to connect to server[0m
    [2;3mat[0m client-mp/src/main.rs:64

  [2m2025-02-22T01:10:44.814100Z[0m [32m INFO[0m [1;32mclient_mp[0m[32m: [32mAll clients connected! Sending clients data...[0m
    [2;3mat[0m client-mp/src/main.rs:72

    Blocking waiting for file lock on package cache
    Blocking waiting for file lock on package cache
    Blocking waiting for file lock on package cache
    Finished release [optimized + debuginfo] target(s) in 0.23s
     Running `target/release/client-mp -g 100000 -n 50 -a 'localhost:6666' -b 'localhost:6667' -i 32`
  [2m2025-02-22T09:09:02.304121Z[0m [32m INFO[0m [1;32mclient_mp[0m[32m: [32mMP Client: num_clients: 50, Server address alice: localhost:6666, server address bob: localhost:6667, gsize: 100000, tracing_level: INFO[0m
    [2;3mat[0m client-mp/src/main.rs:31

Start:   Preparing Client Input
End:     Preparing Client Input ....................................................4.342ms
Start:   Preparing Client Message
End:     Preparing Client Message ..................................................1.508s
  [2m2025-02-22T09:09:03.816671Z[0m [32m INFO[0m [1;32mclient_mp[0m[32m: [32mAttempting to connect to server[0m
    [2;3mat[0m client-mp/src/main.rs:64

  [2m2025-02-22T09:09:03.920008Z[0m [32m INFO[0m [1;32mclient_mp[0m[32m: [32mAll clients connected! Sending clients data...[0m
    [2;3mat[0m client-mp/src/main.rs:72

    Blocking waiting for file lock on package cache
    Blocking waiting for file lock on package cache
    Blocking waiting for file lock on package cache
    Finished release [optimized + debuginfo] target(s) in 0.27s
     Running `target/release/client-mp -g 100000 -n 50 -a 'localhost:6666' -b 'localhost:6667' -i 32`
  [2m2025-02-22T09:10:06.594881Z[0m [32m INFO[0m [1;32mclient_mp[0m[32m: [32mMP Client: num_clients: 50, Server address alice: localhost:6666, server address bob: localhost:6667, gsize: 100000, tracing_level: INFO[0m
    [2;3mat[0m client-mp/src/main.rs:31

Start:   Preparing Client Input
End:     Preparing Client Input ....................................................5.264ms
Start:   Preparing Client Message
End:     Preparing Client Message ..................................................1.511s
  [2m2025-02-22T09:10:08.111319Z[0m [32m INFO[0m [1;32mclient_mp[0m[32m: [32mAttempting to connect to server[0m
    [2;3mat[0m client-mp/src/main.rs:64

  [2m2025-02-22T09:10:08.213357Z[0m [32m INFO[0m [1;32mclient_mp[0m[32m: [32mAll clients connected! Sending clients data...[0m
    [2;3mat[0m client-mp/src/main.rs:72

    Blocking waiting for file lock on package cache
    Blocking waiting for file lock on package cache
    Blocking waiting for file lock on package cache
    Blocking waiting for file lock on package cache
    Finished release [optimized + debuginfo] target(s) in 0.21s
     Running `target/release/client-mp -g 100000 -n 50 -a 'localhost:6666' -b 'localhost:6667' -i 32`
  [2m2025-02-22T09:11:10.890786Z[0m [32m INFO[0m [1;32mclient_mp[0m[32m: [32mMP Client: num_clients: 50, Server address alice: localhost:6666, server address bob: localhost:6667, gsize: 100000, tracing_level: INFO[0m
    [2;3mat[0m client-mp/src/main.rs:31

Start:   Preparing Client Input
End:     Preparing Client Input ....................................................4.397ms
Start:   Preparing Client Message
End:     Preparing Client Message ..................................................1.536s
  [2m2025-02-22T09:11:12.431936Z[0m [32m INFO[0m [1;32mclient_mp[0m[32m: [32mAttempting to connect to server[0m
    [2;3mat[0m client-mp/src/main.rs:64

  [2m2025-02-22T09:11:12.537760Z[0m [32m INFO[0m [1;32mclient_mp[0m[32m: [32mAll clients connected! Sending clients data...[0m
    [2;3mat[0m client-mp/src/main.rs:72

    Blocking waiting for file lock on package cache
    Blocking waiting for file lock on package cache
    Blocking waiting for file lock on package cache
    Blocking waiting for file lock on package cache
    Finished release [optimized + debuginfo] target(s) in 0.23s
     Running `target/release/client-mp -g 100000 -n 50 -a 'localhost:6666' -b 'localhost:6667' -i 32`
  [2m2025-02-22T09:12:15.264964Z[0m [32m INFO[0m [1;32mclient_mp[0m[32m: [32mMP Client: num_clients: 50, Server address alice: localhost:6666, server address bob: localhost:6667, gsize: 100000, tracing_level: INFO[0m
    [2;3mat[0m client-mp/src/main.rs:31

Start:   Preparing Client Input
End:     Preparing Client Input ....................................................5.129ms
Start:   Preparing Client Message
End:     Preparing Client Message ..................................................1.567s
  [2m2025-02-22T09:12:16.837609Z[0m [32m INFO[0m [1;32mclient_mp[0m[32m: [32mAttempting to connect to server[0m
    [2;3mat[0m client-mp/src/main.rs:64

  [2m2025-02-22T09:12:16.940280Z[0m [32m INFO[0m [1;32mclient_mp[0m[32m: [32mAll clients connected! Sending clients data...[0m
    [2;3mat[0m client-mp/src/main.rs:72

