    Blocking waiting for file lock on package cache
    Blocking waiting for file lock on package cache
    Blocking waiting for file lock on package cache
    Blocking waiting for file lock on build directory
    Finished release [optimized + debuginfo] target(s) in 0.22s
     Running `target/release/client-mp -g 300000 -n 20 -a 'localhost:6666' -b 'localhost:6667' -i 32`
  [2m2025-02-22T01:12:50.715048Z[0m [32m INFO[0m [1;32mclient_mp[0m[32m: [32mMP Client: num_clients: 20, Server address alice: localhost:6666, server address bob: localhost:6667, gsize: 300000, tracing_level: INFO[0m
    [2;3mat[0m client-mp/src/main.rs:31

Start:   Preparing Client Input
End:     Preparing Client Input ....................................................4.339ms
Start:   Preparing Client Message
End:     Preparing Client Message ..................................................1.921s
  [2m2025-02-22T01:12:52.640565Z[0m [32m INFO[0m [1;32mclient_mp[0m[32m: [32mAttempting to connect to server[0m
    [2;3mat[0m client-mp/src/main.rs:64

  [2m2025-02-22T01:12:52.685058Z[0m [32m INFO[0m [1;32mclient_mp[0m[32m: [32mAll clients connected! Sending clients data...[0m
    [2;3mat[0m client-mp/src/main.rs:72

    Blocking waiting for file lock on package cache
    Blocking waiting for file lock on package cache
    Blocking waiting for file lock on package cache
    Blocking waiting for file lock on package cache
    Finished release [optimized + debuginfo] target(s) in 0.22s
     Running `target/release/client-mp -g 300000 -n 20 -a 'localhost:6666' -b 'localhost:6667' -i 32`
  [2m2025-02-22T09:17:33.079666Z[0m [32m INFO[0m [1;32mclient_mp[0m[32m: [32mMP Client: num_clients: 20, Server address alice: localhost:6666, server address bob: localhost:6667, gsize: 300000, tracing_level: INFO[0m
    [2;3mat[0m client-mp/src/main.rs:31

Start:   Preparing Client Input
End:     Preparing Client Input ....................................................4.831ms
Start:   Preparing Client Message
End:     Preparing Client Message ..................................................1.874s
  [2m2025-02-22T09:17:34.959173Z[0m [32m INFO[0m [1;32mclient_mp[0m[32m: [32mAttempting to connect to server[0m
    [2;3mat[0m client-mp/src/main.rs:64

  [2m2025-02-22T09:17:35.001162Z[0m [32m INFO[0m [1;32mclient_mp[0m[32m: [32mAll clients connected! Sending clients data...[0m
    [2;3mat[0m client-mp/src/main.rs:72

    Blocking waiting for file lock on package cache
    Blocking waiting for file lock on package cache
    Blocking waiting for file lock on package cache
    Blocking waiting for file lock on build directory
    Finished release [optimized + debuginfo] target(s) in 0.23s
     Running `target/release/client-mp -g 300000 -n 20 -a 'localhost:6666' -b 'localhost:6667' -i 32`
  [2m2025-02-22T09:18:38.245668Z[0m [32m INFO[0m [1;32mclient_mp[0m[32m: [32mMP Client: num_clients: 20, Server address alice: localhost:6666, server address bob: localhost:6667, gsize: 300000, tracing_level: INFO[0m
    [2;3mat[0m client-mp/src/main.rs:31

Start:   Preparing Client Input
End:     Preparing Client Input ....................................................4.465ms
Start:   Preparing Client Message
End:     Preparing Client Message ..................................................2.027s
  [2m2025-02-22T09:18:40.277865Z[0m [32m INFO[0m [1;32mclient_mp[0m[32m: [32mAttempting to connect to server[0m
    [2;3mat[0m client-mp/src/main.rs:64

  [2m2025-02-22T09:18:40.322286Z[0m [32m INFO[0m [1;32mclient_mp[0m[32m: [32mAll clients connected! Sending clients data...[0m
    [2;3mat[0m client-mp/src/main.rs:72

    Blocking waiting for file lock on package cache
    Blocking waiting for file lock on package cache
    Blocking waiting for file lock on package cache
    Blocking waiting for file lock on build directory
    Finished release [optimized + debuginfo] target(s) in 0.22s
     Running `target/release/client-mp -g 300000 -n 20 -a 'localhost:6666' -b 'localhost:6667' -i 32`
  [2m2025-02-22T09:19:43.409744Z[0m [32m INFO[0m [1;32mclient_mp[0m[32m: [32mMP Client: num_clients: 20, Server address alice: localhost:6666, server address bob: localhost:6667, gsize: 300000, tracing_level: INFO[0m
    [2;3mat[0m client-mp/src/main.rs:31

Start:   Preparing Client Input
End:     Preparing Client Input ....................................................5.954ms
Start:   Preparing Client Message
End:     Preparing Client Message ..................................................1.864s
  [2m2025-02-22T09:19:45.280190Z[0m [32m INFO[0m [1;32mclient_mp[0m[32m: [32mAttempting to connect to server[0m
    [2;3mat[0m client-mp/src/main.rs:64

  [2m2025-02-22T09:19:45.325271Z[0m [32m INFO[0m [1;32mclient_mp[0m[32m: [32mAll clients connected! Sending clients data...[0m
    [2;3mat[0m client-mp/src/main.rs:72

    Blocking waiting for file lock on package cache
    Blocking waiting for file lock on package cache
    Blocking waiting for file lock on package cache
    Finished release [optimized + debuginfo] target(s) in 0.24s
     Running `target/release/client-mp -g 300000 -n 20 -a 'localhost:6666' -b 'localhost:6667' -i 32`
  [2m2025-02-22T09:20:48.579926Z[0m [32m INFO[0m [1;32mclient_mp[0m[32m: [32mMP Client: num_clients: 20, Server address alice: localhost:6666, server address bob: localhost:6667, gsize: 300000, tracing_level: INFO[0m
    [2;3mat[0m client-mp/src/main.rs:31

Start:   Preparing Client Input
End:     Preparing Client Input ....................................................5.452ms
Start:   Preparing Client Message
End:     Preparing Client Message ..................................................1.882s
  [2m2025-02-22T09:20:50.467943Z[0m [32m INFO[0m [1;32mclient_mp[0m[32m: [32mAttempting to connect to server[0m
    [2;3mat[0m client-mp/src/main.rs:64

  [2m2025-02-22T09:20:50.509719Z[0m [32m INFO[0m [1;32mclient_mp[0m[32m: [32mAll clients connected! Sending clients data...[0m
    [2;3mat[0m client-mp/src/main.rs:72

