Binding to socket on ubuntu-slim-5:10008 failed (Address already in use), trying again in a second ...
Binding to socket on ubuntu-slim-5:10008 failed (Address already in use), trying again in a second ...
Binding to socket on ubuntu-slim-5:10008 failed (Address already in use), trying again in a second ...
Binding to socket on ubuntu-slim-5:10008 failed (Address already in use), trying again in a second ...
Binding to socket on ubuntu-slim-5:10008 failed (Address already in use), trying again in a second ...
Binding to socket on ubuntu-slim-5:10008 failed (Address already in use), trying again in a second ...
Binding to socket on ubuntu-slim-5:10008 failed (Address already in use), trying again in a second ...
Binding to socket on ubuntu-slim-5:10008 failed (Address already in use), trying again in a second ...
Binding to socket on ubuntu-slim-5:10008 failed (Address already in use), trying again in a second ...
Binding to socket on ubuntu-slim-5:10008 failed (Address already in use), trying again in a second ...
Binding to socket on ubuntu-slim-5:10008 failed (Address already in use), trying again in a second ...
Binding to socket on ubuntu-slim-5:10008 failed (Address already in use), trying again in a second ...
Binding to socket on ubuntu-slim-5:10008 failed (Address already in use), trying again in a second ...
Binding to socket on ubuntu-slim-5:10008 failed (Address already in use), trying again in a second ...
Binding to socket on ubuntu-slim-5:10008 failed (Address already in use), trying again in a second ...
Binding to socket on ubuntu-slim-5:10008 failed (Address already in use), trying again in a second ...
Binding to socket on ubuntu-slim-5:10008 failed (Address already in use), trying again in a second ...
Binding to socket on ubuntu-slim-5:10008 failed (Address already in use), trying again in a second ...
Binding to socket on ubuntu-slim-5:10008 failed (Address already in use), trying again in a second ...
Binding to socket on ubuntu-slim-5:10008 failed (Address already in use), trying again in a second ...
Binding to socket on ubuntu-slim-5:10008 failed (Address already in use), trying again in a second ...
Binding to socket on ubuntu-slim-5:10008 failed (Address already in use), trying again in a second ...
Binding to socket on ubuntu-slim-5:10008 failed (Address already in use), trying again in a second ...
Binding to socket on ubuntu-slim-5:10008 failed (Address already in use), trying again in a second ...
Binding to socket on ubuntu-slim-5:10008 failed (Address already in use), trying again in a second ...
Binding to socket on ubuntu-slim-5:10008 failed (Address already in use), trying again in a second ...
Binding to socket on ubuntu-slim-5:10008 failed (Address already in use), trying again in a second ...
Binding to socket on ubuntu-slim-5:10008 failed (Address already in use), trying again in a second ...
Binding to socket on ubuntu-slim-5:10008 failed (Address already in use), trying again in a second ...
Binding to socket on ubuntu-slim-5:10008 failed (Address already in use), trying again in a second ...
Binding to socket on ubuntu-slim-5:10008 failed (Address already in use), trying again in a second ...
Binding to socket on ubuntu-slim-5:10008 failed (Address already in use), trying again in a second ...
Binding to socket on ubuntu-slim-5:10008 failed (Address already in use), trying again in a second ...
Binding to socket on ubuntu-slim-5:10008 failed (Address already in use), trying again in a second ...
Binding to socket on ubuntu-slim-5:10008 failed (Address already in use), trying again in a second ...
Binding to socket on ubuntu-slim-5:10008 failed (Address already in use), trying again in a second ...
Binding to socket on ubuntu-slim-5:10008 failed (Address already in use), trying again in a second ...
Binding to socket on ubuntu-slim-5:10008 failed (Address already in use), trying again in a second ...
Binding to socket on ubuntu-slim-5:10008 failed (Address already in use), trying again in a second ...
Binding to socket on ubuntu-slim-5:10008 failed (Address already in use), trying again in a second ...
Binding to socket on ubuntu-slim-5:10008 failed (Address already in use), trying again in a second ...
Binding to socket on ubuntu-slim-5:10008 failed (Address already in use), trying again in a second ...
Binding to socket on ubuntu-slim-5:10008 failed (Address already in use), trying again in a second ...
Binding to socket on ubuntu-slim-5:10008 failed (Address already in use), trying again in a second ...
Binding to socket on ubuntu-slim-5:10008 failed (Address already in use), trying again in a second ...
Binding to socket on ubuntu-slim-5:10008 failed (Address already in use), trying again in a second ...
Binding to socket on ubuntu-slim-5:10008 failed (Address already in use), trying again in a second ...
Binding to socket on ubuntu-slim-5:10008 failed (Address already in use), trying again in a second ...
Binding to socket on ubuntu-slim-5:10008 failed (Address already in use), trying again in a second ...
Binding to socket on ubuntu-slim-5:10008 failed (Address already in use), trying again in a second ...
Binding to socket on ubuntu-slim-5:10008 failed (Address already in use), trying again in a second ...
Binding to socket on ubuntu-slim-5:10008 failed (Address already in use), trying again in a second ...
Binding to socket on ubuntu-slim-5:10008 failed (Address already in use), trying again in a second ...
Binding to socket on ubuntu-slim-5:10008 failed (Address already in use), trying again in a second ...
Binding to socket on ubuntu-slim-5:10008 failed (Address already in use), trying again in a second ...
Binding to socket on ubuntu-slim-5:10008 failed (Address already in use), trying again in a second ...
Binding to socket on ubuntu-slim-5:10008 failed (Address already in use), trying again in a second ...
Binding to socket on ubuntu-slim-5:10008 failed (Address already in use), trying again in a second ...
Binding to socket on ubuntu-slim-5:10008 failed (Address already in use), trying again in a second ...
Binding to socket on ubuntu-slim-5:10008 failed (Address already in use), trying again in a second ...
Binding to socket on ubuntu-slim-5:10008 failed (Address already in use), trying again in a second ...
Binding to socket on ubuntu-slim-5:10008 failed (Address already in use), trying again in a second ...
Binding to socket on ubuntu-slim-5:10008 failed (Address already in use), trying again in a second ...
Binding to socket on ubuntu-slim-5:10008 failed (Address already in use), trying again in a second ...
Binding to socket on ubuntu-slim-5:10008 failed (Address already in use), trying again in a second ...
Binding to socket on ubuntu-slim-5:10008 failed (Address already in use), trying again in a second ...
Binding to socket on ubuntu-slim-5:10008 failed (Address already in use), trying again in a second ...
Binding to socket on ubuntu-slim-5:10008 failed (Address already in use), trying again in a second ...
Binding to socket on ubuntu-slim-5:10008 failed (Address already in use), trying again in a second ...
Binding to socket on ubuntu-slim-5:10008 failed (Address already in use), trying again in a second ...
Binding to socket on ubuntu-slim-5:10008 failed (Address already in use), trying again in a second ...
Binding to socket on ubuntu-slim-5:10008 failed (Address already in use), trying again in a second ...
Binding to socket on ubuntu-slim-5:10008 failed (Address already in use), trying again in a second ...
Binding to socket on ubuntu-slim-5:10008 failed (Address already in use), trying again in a second ...
Binding to socket on ubuntu-slim-5:10008 failed (Address already in use), trying again in a second ...
Binding to socket on ubuntu-slim-5:10008 failed (Address already in use), trying again in a second ...
Binding to socket on ubuntu-slim-5:10008 failed (Address already in use), trying again in a second ...
Binding to socket on ubuntu-slim-5:10008 failed (Address already in use), trying again in a second ...
Binding to socket on ubuntu-slim-5:10008 failed (Address already in use), trying again in a second ...
Binding to socket on ubuntu-slim-5:10008 failed (Address already in use), trying again in a second ...
Binding to socket on ubuntu-slim-5:10008 failed (Address already in use), trying again in a second ...
Binding to socket on ubuntu-slim-5:10008 failed (Address already in use), trying again in a second ...
Binding to socket on ubuntu-slim-5:10008 failed (Address already in use), trying again in a second ...
Binding to socket on ubuntu-slim-5:10008 failed (Address already in use), trying again in a second ...
Binding to socket on ubuntu-slim-5:10008 failed (Address already in use), trying again in a second ...
Binding to socket on ubuntu-slim-5:10008 failed (Address already in use), trying again in a second ...
Binding to socket on ubuntu-slim-5:10008 failed (Address already in use), trying again in a second ...
Binding to socket on ubuntu-slim-5:10008 failed (Address already in use), trying again in a second ...
Binding to socket on ubuntu-slim-5:10008 failed (Address already in use), trying again in a second ...
vOLE Send: 27.0939 seconds, 3225.6 MB
Client Input Commitment DisHonest:
Total Time = 27.3995 seconds
Sending directly 3302.4 MB in 64 rounds, taking 0 seconds
Binding to socket on ubuntu-slim-5:10008 failed (Address already in use), trying again in a second ...
Binding to socket on ubuntu-slim-5:10008 failed (Address already in use), trying again in a second ...
Binding to socket on ubuntu-slim-5:10008 failed (Address already in use), trying again in a second ...
Binding to socket on ubuntu-slim-5:10008 failed (Address already in use), trying again in a second ...
Binding to socket on ubuntu-slim-5:10008 failed (Address already in use), trying again in a second ...
Binding to socket on ubuntu-slim-5:10008 failed (Address already in use), trying again in a second ...
Binding to socket on ubuntu-slim-5:10008 failed (Address already in use), trying again in a second ...
Binding to socket on ubuntu-slim-5:10008 failed (Address already in use), trying again in a second ...
Binding to socket on ubuntu-slim-5:10008 failed (Address already in use), trying again in a second ...
Binding to socket on ubuntu-slim-5:10008 failed (Address already in use), trying again in a second ...
Binding to socket on ubuntu-slim-5:10008 failed (Address already in use), trying again in a second ...
Binding to socket on ubuntu-slim-5:10008 failed (Address already in use), trying again in a second ...
Binding to socket on ubuntu-slim-5:10008 failed (Address already in use), trying again in a second ...
Binding to socket on ubuntu-slim-5:10008 failed (Address already in use), trying again in a second ...
Binding to socket on ubuntu-slim-5:10008 failed (Address already in use), trying again in a second ...
Binding to socket on ubuntu-slim-5:10008 failed (Address already in use), trying again in a second ...
Binding to socket on ubuntu-slim-5:10008 failed (Address already in use), trying again in a second ...
Binding to socket on ubuntu-slim-5:10008 failed (Address already in use), trying again in a second ...
Binding to socket on ubuntu-slim-5:10008 failed (Address already in use), trying again in a second ...
Binding to socket on ubuntu-slim-5:10008 failed (Address already in use), trying again in a second ...
Binding to socket on ubuntu-slim-5:10008 failed (Address already in use), trying again in a second ...
Binding to socket on ubuntu-slim-5:10008 failed (Address already in use), trying again in a second ...
Binding to socket on ubuntu-slim-5:10008 failed (Address already in use), trying again in a second ...
Binding to socket on ubuntu-slim-5:10008 failed (Address already in use), trying again in a second ...
Binding to socket on ubuntu-slim-5:10008 failed (Address already in use), trying again in a second ...
vOLE Send: 24.4956 seconds, 3225.6 MB
Client Input Commitment DisHonest:
Total Time = 25.0758 seconds
Sending directly 3302.4 MB in 64 rounds, taking 0 seconds
Binding to socket on ubuntu-slim-5:10008 failed (Address already in use), trying again in a second ...
Timed out waiting for peer. See https://mp-spdz.readthedocs.io/en/latest/networking.html for details on networking.
vOLE Send: 26.858 seconds, 3225.6 MB
Client Input Commitment DisHonest:
Total Time = 27.4297 seconds
Sending directly 3302.4 MB in 64 rounds, taking 0 seconds
