vOLE Send: 325.798 seconds, 9676.8 MB
Client Input Commitment DisHonest:
Total Time = 331.241 seconds
Sending directly 9907.2 MB in 64 rounds, taking 0 seconds
vOLE Send: 324.709 seconds, 9676.8 MB
Client Input Commitment DisHonest:
Total Time = 330.386 seconds
Sending directly 9907.2 MB in 64 rounds, taking 0 seconds
vOLE Send: 316.358 seconds, 9676.8 MB
Client Input Commitment DisHonest:
Total Time = 321 seconds
Sending directly 9907.2 MB in 64 rounds, taking 0 seconds
vOLE Send: 336.209 seconds, 9676.8 MB
Client Input Commitment DisHonest:
Total Time = 337.857 seconds
Sending directly 9907.2 MB in 64 rounds, taking 0 seconds
vOLE Send: 335.495 seconds, 9676.8 MB
Client Input Commitment DisHonest:
Total Time = 337.448 seconds
Sending directly 9907.2 MB in 64 rounds, taking 0 seconds
