Binding to socket on ubuntu-slim-5:10002 failed (Address already in use), trying again in a second ...
Binding to socket on ubuntu-slim-5:10002 failed (Address already in use), trying again in a second ...
Binding to socket on ubuntu-slim-5:10002 failed (Address already in use), trying again in a second ...
Binding to socket on ubuntu-slim-5:10002 failed (Address already in use), trying again in a second ...
Binding to socket on ubuntu-slim-5:10002 failed (Address already in use), trying again in a second ...
Binding to socket on ubuntu-slim-5:10002 failed (Address already in use), trying again in a second ...
Binding to socket on ubuntu-slim-5:10002 failed (Address already in use), trying again in a second ...
Binding to socket on ubuntu-slim-5:10002 failed (Address already in use), trying again in a second ...
Binding to socket on ubuntu-slim-5:10002 failed (Address already in use), trying again in a second ...
Binding to socket on ubuntu-slim-5:10002 failed (Address already in use), trying again in a second ...
Binding to socket on ubuntu-slim-5:10002 failed (Address already in use), trying again in a second ...
Binding to socket on ubuntu-slim-5:10002 failed (Address already in use), trying again in a second ...
Binding to socket on ubuntu-slim-5:10002 failed (Address already in use), trying again in a second ...
Binding to socket on ubuntu-slim-5:10002 failed (Address already in use), trying again in a second ...
Binding to socket on ubuntu-slim-5:10002 failed (Address already in use), trying again in a second ...
Binding to socket on ubuntu-slim-5:10002 failed (Address already in use), trying again in a second ...
Binding to socket on ubuntu-slim-5:10002 failed (Address already in use), trying again in a second ...
Binding to socket on ubuntu-slim-5:10002 failed (Address already in use), trying again in a second ...
Binding to socket on ubuntu-slim-5:10002 failed (Address already in use), trying again in a second ...
Binding to socket on ubuntu-slim-5:10002 failed (Address already in use), trying again in a second ...
Binding to socket on ubuntu-slim-5:10002 failed (Address already in use), trying again in a second ...
Binding to socket on ubuntu-slim-5:10002 failed (Address already in use), trying again in a second ...
Binding to socket on ubuntu-slim-5:10002 failed (Address already in use), trying again in a second ...
Binding to socket on ubuntu-slim-5:10002 failed (Address already in use), trying again in a second ...
Binding to socket on ubuntu-slim-5:10002 failed (Address already in use), trying again in a second ...
Binding to socket on ubuntu-slim-5:10002 failed (Address already in use), trying again in a second ...
Binding to socket on ubuntu-slim-5:10002 failed (Address already in use), trying again in a second ...
Binding to socket on ubuntu-slim-5:10002 failed (Address already in use), trying again in a second ...
Binding to socket on ubuntu-slim-5:10002 failed (Address already in use), trying again in a second ...
Binding to socket on ubuntu-slim-5:10002 failed (Address already in use), trying again in a second ...
Binding to socket on ubuntu-slim-5:10002 failed (Address already in use), trying again in a second ...
Binding to socket on ubuntu-slim-5:10002 failed (Address already in use), trying again in a second ...
Binding to socket on ubuntu-slim-5:10002 failed (Address already in use), trying again in a second ...
Binding to socket on ubuntu-slim-5:10002 failed (Address already in use), trying again in a second ...
Binding to socket on ubuntu-slim-5:10002 failed (Address already in use), trying again in a second ...
Binding to socket on ubuntu-slim-5:10002 failed (Address already in use), trying again in a second ...
Binding to socket on ubuntu-slim-5:10002 failed (Address already in use), trying again in a second ...
Binding to socket on ubuntu-slim-5:10002 failed (Address already in use), trying again in a second ...
Binding to socket on ubuntu-slim-5:10002 failed (Address already in use), trying again in a second ...
Binding to socket on ubuntu-slim-5:10002 failed (Address already in use), trying again in a second ...
Binding to socket on ubuntu-slim-5:10002 failed (Address already in use), trying again in a second ...
Binding to socket on ubuntu-slim-5:10002 failed (Address already in use), trying again in a second ...
Binding to socket on ubuntu-slim-5:10002 failed (Address already in use), trying again in a second ...
Binding to socket on ubuntu-slim-5:10002 failed (Address already in use), trying again in a second ...
Binding to socket on ubuntu-slim-5:10002 failed (Address already in use), trying again in a second ...
Binding to socket on ubuntu-slim-5:10002 failed (Address already in use), trying again in a second ...
Binding to socket on ubuntu-slim-5:10002 failed (Address already in use), trying again in a second ...
Binding to socket on ubuntu-slim-5:10002 failed (Address already in use), trying again in a second ...
Binding to socket on ubuntu-slim-5:10002 failed (Address already in use), trying again in a second ...
Binding to socket on ubuntu-slim-5:10002 failed (Address already in use), trying again in a second ...
Binding to socket on ubuntu-slim-5:10002 failed (Address already in use), trying again in a second ...
Binding to socket on ubuntu-slim-5:10002 failed (Address already in use), trying again in a second ...
Binding to socket on ubuntu-slim-5:10002 failed (Address already in use), trying again in a second ...
Binding to socket on ubuntu-slim-5:10002 failed (Address already in use), trying again in a second ...
Binding to socket on ubuntu-slim-5:10002 failed (Address already in use), trying again in a second ...
Binding to socket on ubuntu-slim-5:10002 failed (Address already in use), trying again in a second ...
Binding to socket on ubuntu-slim-5:10002 failed (Address already in use), trying again in a second ...
Binding to socket on ubuntu-slim-5:10002 failed (Address already in use), trying again in a second ...
Binding to socket on ubuntu-slim-5:10002 failed (Address already in use), trying again in a second ...
Binding to socket on ubuntu-slim-5:10002 failed (Address already in use), trying again in a second ...
Binding to socket on ubuntu-slim-5:10002 failed (Address already in use), trying again in a second ...
Binding to socket on ubuntu-slim-5:10002 failed (Address already in use), trying again in a second ...
Binding to socket on ubuntu-slim-5:10002 failed (Address already in use), trying again in a second ...
Binding to socket on ubuntu-slim-5:10002 failed (Address already in use), trying again in a second ...
Binding to socket on ubuntu-slim-5:10002 failed (Address already in use), trying again in a second ...
Binding to socket on ubuntu-slim-5:10002 failed (Address already in use), trying again in a second ...
Binding to socket on ubuntu-slim-5:10002 failed (Address already in use), trying again in a second ...
Binding to socket on ubuntu-slim-5:10002 failed (Address already in use), trying again in a second ...
Binding to socket on ubuntu-slim-5:10002 failed (Address already in use), trying again in a second ...
Binding to socket on ubuntu-slim-5:10002 failed (Address already in use), trying again in a second ...
Binding to socket on ubuntu-slim-5:10002 failed (Address already in use), trying again in a second ...
Binding to socket on ubuntu-slim-5:10002 failed (Address already in use), trying again in a second ...
Binding to socket on ubuntu-slim-5:10002 failed (Address already in use), trying again in a second ...
Binding to socket on ubuntu-slim-5:10002 failed (Address already in use), trying again in a second ...
Binding to socket on ubuntu-slim-5:10002 failed (Address already in use), trying again in a second ...
Binding to socket on ubuntu-slim-5:10002 failed (Address already in use), trying again in a second ...
Binding to socket on ubuntu-slim-5:10002 failed (Address already in use), trying again in a second ...
Binding to socket on ubuntu-slim-5:10002 failed (Address already in use), trying again in a second ...
Binding to socket on ubuntu-slim-5:10002 failed (Address already in use), trying again in a second ...
Binding to socket on ubuntu-slim-5:10002 failed (Address already in use), trying again in a second ...
Binding to socket on ubuntu-slim-5:10002 failed (Address already in use), trying again in a second ...
Binding to socket on ubuntu-slim-5:10002 failed (Address already in use), trying again in a second ...
Binding to socket on ubuntu-slim-5:10002 failed (Address already in use), trying again in a second ...
Binding to socket on ubuntu-slim-5:10002 failed (Address already in use), trying again in a second ...
Binding to socket on ubuntu-slim-5:10002 failed (Address already in use), trying again in a second ...
Binding to socket on ubuntu-slim-5:10002 failed (Address already in use), trying again in a second ...
Binding to socket on ubuntu-slim-5:10002 failed (Address already in use), trying again in a second ...
Binding to socket on ubuntu-slim-5:10002 failed (Address already in use), trying again in a second ...
vOLE Send: 26.7015 seconds, 3225.6 MB
Binding to socket on ubuntu-slim-5:10002 failed (Address already in use), trying again in a second ...
Client Input Commitment DisHonest:
Total Time = 27.2289 seconds
Sending directly 3302.4 MB in 64 rounds, taking 0 seconds
Binding to socket on ubuntu-slim-5:10002 failed (Address already in use), trying again in a second ...
Binding to socket on ubuntu-slim-5:10002 failed (Address already in use), trying again in a second ...
Binding to socket on ubuntu-slim-5:10002 failed (Address already in use), trying again in a second ...
Binding to socket on ubuntu-slim-5:10002 failed (Address already in use), trying again in a second ...
Binding to socket on ubuntu-slim-5:10002 failed (Address already in use), trying again in a second ...
Binding to socket on ubuntu-slim-5:10002 failed (Address already in use), trying again in a second ...
Binding to socket on ubuntu-slim-5:10002 failed (Address already in use), trying again in a second ...
Binding to socket on ubuntu-slim-5:10002 failed (Address already in use), trying again in a second ...
Binding to socket on ubuntu-slim-5:10002 failed (Address already in use), trying again in a second ...
Binding to socket on ubuntu-slim-5:10002 failed (Address already in use), trying again in a second ...
Binding to socket on ubuntu-slim-5:10002 failed (Address already in use), trying again in a second ...
Binding to socket on ubuntu-slim-5:10002 failed (Address already in use), trying again in a second ...
Binding to socket on ubuntu-slim-5:10002 failed (Address already in use), trying again in a second ...
Binding to socket on ubuntu-slim-5:10002 failed (Address already in use), trying again in a second ...
Binding to socket on ubuntu-slim-5:10002 failed (Address already in use), trying again in a second ...
Binding to socket on ubuntu-slim-5:10002 failed (Address already in use), trying again in a second ...
Binding to socket on ubuntu-slim-5:10002 failed (Address already in use), trying again in a second ...
Binding to socket on ubuntu-slim-5:10002 failed (Address already in use), trying again in a second ...
Binding to socket on ubuntu-slim-5:10002 failed (Address already in use), trying again in a second ...
Binding to socket on ubuntu-slim-5:10002 failed (Address already in use), trying again in a second ...
Binding to socket on ubuntu-slim-5:10002 failed (Address already in use), trying again in a second ...
Binding to socket on ubuntu-slim-5:10002 failed (Address already in use), trying again in a second ...
Binding to socket on ubuntu-slim-5:10002 failed (Address already in use), trying again in a second ...
Binding to socket on ubuntu-slim-5:10002 failed (Address already in use), trying again in a second ...
Binding to socket on ubuntu-slim-5:10002 failed (Address already in use), trying again in a second ...
vOLE Send: 23.7211 seconds, 3225.6 MB
Client Input Commitment DisHonest:
Total Time = 24.2339 seconds
Sending directly 3302.4 MB in 64 rounds, taking 0 seconds
Binding to socket on ubuntu-slim-5:10002 failed (Address already in use), trying again in a second ...
Timed out waiting for peer. See https://mp-spdz.readthedocs.io/en/latest/networking.html for details on networking.
vOLE Send: 27.5214 seconds, 3225.6 MB
Client Input Commitment DisHonest:
Total Time = 27.7602 seconds
Sending directly 3302.4 MB in 64 rounds, taking 0 seconds
