Binding to socket on ubuntu-slim-5:10004 failed (Address already in use), trying again in a second ...
Binding to socket on ubuntu-slim-5:10004 failed (Address already in use), trying again in a second ...
Binding to socket on ubuntu-slim-5:10004 failed (Address already in use), trying again in a second ...
Binding to socket on ubuntu-slim-5:10004 failed (Address already in use), trying again in a second ...
Binding to socket on ubuntu-slim-5:10004 failed (Address already in use), trying again in a second ...
Binding to socket on ubuntu-slim-5:10004 failed (Address already in use), trying again in a second ...
Binding to socket on ubuntu-slim-5:10004 failed (Address already in use), trying again in a second ...
Binding to socket on ubuntu-slim-5:10004 failed (Address already in use), trying again in a second ...
Binding to socket on ubuntu-slim-5:10004 failed (Address already in use), trying again in a second ...
Binding to socket on ubuntu-slim-5:10004 failed (Address already in use), trying again in a second ...
Binding to socket on ubuntu-slim-5:10004 failed (Address already in use), trying again in a second ...
Binding to socket on ubuntu-slim-5:10004 failed (Address already in use), trying again in a second ...
Binding to socket on ubuntu-slim-5:10004 failed (Address already in use), trying again in a second ...
Binding to socket on ubuntu-slim-5:10004 failed (Address already in use), trying again in a second ...
Binding to socket on ubuntu-slim-5:10004 failed (Address already in use), trying again in a second ...
Binding to socket on ubuntu-slim-5:10004 failed (Address already in use), trying again in a second ...
Binding to socket on ubuntu-slim-5:10004 failed (Address already in use), trying again in a second ...
Binding to socket on ubuntu-slim-5:10004 failed (Address already in use), trying again in a second ...
Binding to socket on ubuntu-slim-5:10004 failed (Address already in use), trying again in a second ...
Binding to socket on ubuntu-slim-5:10004 failed (Address already in use), trying again in a second ...
Binding to socket on ubuntu-slim-5:10004 failed (Address already in use), trying again in a second ...
Binding to socket on ubuntu-slim-5:10004 failed (Address already in use), trying again in a second ...
Binding to socket on ubuntu-slim-5:10004 failed (Address already in use), trying again in a second ...
Binding to socket on ubuntu-slim-5:10004 failed (Address already in use), trying again in a second ...
Binding to socket on ubuntu-slim-5:10004 failed (Address already in use), trying again in a second ...
Binding to socket on ubuntu-slim-5:10004 failed (Address already in use), trying again in a second ...
Binding to socket on ubuntu-slim-5:10004 failed (Address already in use), trying again in a second ...
Binding to socket on ubuntu-slim-5:10004 failed (Address already in use), trying again in a second ...
Binding to socket on ubuntu-slim-5:10004 failed (Address already in use), trying again in a second ...
Binding to socket on ubuntu-slim-5:10004 failed (Address already in use), trying again in a second ...
Binding to socket on ubuntu-slim-5:10004 failed (Address already in use), trying again in a second ...
Binding to socket on ubuntu-slim-5:10004 failed (Address already in use), trying again in a second ...
Binding to socket on ubuntu-slim-5:10004 failed (Address already in use), trying again in a second ...
Binding to socket on ubuntu-slim-5:10004 failed (Address already in use), trying again in a second ...
Binding to socket on ubuntu-slim-5:10004 failed (Address already in use), trying again in a second ...
Binding to socket on ubuntu-slim-5:10004 failed (Address already in use), trying again in a second ...
Binding to socket on ubuntu-slim-5:10004 failed (Address already in use), trying again in a second ...
Binding to socket on ubuntu-slim-5:10004 failed (Address already in use), trying again in a second ...
Binding to socket on ubuntu-slim-5:10004 failed (Address already in use), trying again in a second ...
Binding to socket on ubuntu-slim-5:10004 failed (Address already in use), trying again in a second ...
Binding to socket on ubuntu-slim-5:10004 failed (Address already in use), trying again in a second ...
Binding to socket on ubuntu-slim-5:10004 failed (Address already in use), trying again in a second ...
Binding to socket on ubuntu-slim-5:10004 failed (Address already in use), trying again in a second ...
Binding to socket on ubuntu-slim-5:10004 failed (Address already in use), trying again in a second ...
Binding to socket on ubuntu-slim-5:10004 failed (Address already in use), trying again in a second ...
Binding to socket on ubuntu-slim-5:10004 failed (Address already in use), trying again in a second ...
Binding to socket on ubuntu-slim-5:10004 failed (Address already in use), trying again in a second ...
Binding to socket on ubuntu-slim-5:10004 failed (Address already in use), trying again in a second ...
Binding to socket on ubuntu-slim-5:10004 failed (Address already in use), trying again in a second ...
Binding to socket on ubuntu-slim-5:10004 failed (Address already in use), trying again in a second ...
Binding to socket on ubuntu-slim-5:10004 failed (Address already in use), trying again in a second ...
Binding to socket on ubuntu-slim-5:10004 failed (Address already in use), trying again in a second ...
Binding to socket on ubuntu-slim-5:10004 failed (Address already in use), trying again in a second ...
Binding to socket on ubuntu-slim-5:10004 failed (Address already in use), trying again in a second ...
Binding to socket on ubuntu-slim-5:10004 failed (Address already in use), trying again in a second ...
Binding to socket on ubuntu-slim-5:10004 failed (Address already in use), trying again in a second ...
Binding to socket on ubuntu-slim-5:10004 failed (Address already in use), trying again in a second ...
Binding to socket on ubuntu-slim-5:10004 failed (Address already in use), trying again in a second ...
Binding to socket on ubuntu-slim-5:10004 failed (Address already in use), trying again in a second ...
Binding to socket on ubuntu-slim-5:10004 failed (Address already in use), trying again in a second ...
Binding to socket on ubuntu-slim-5:10004 failed (Address already in use), trying again in a second ...
Binding to socket on ubuntu-slim-5:10004 failed (Address already in use), trying again in a second ...
Binding to socket on ubuntu-slim-5:10004 failed (Address already in use), trying again in a second ...
Binding to socket on ubuntu-slim-5:10004 failed (Address already in use), trying again in a second ...
Binding to socket on ubuntu-slim-5:10004 failed (Address already in use), trying again in a second ...
Binding to socket on ubuntu-slim-5:10004 failed (Address already in use), trying again in a second ...
Binding to socket on ubuntu-slim-5:10004 failed (Address already in use), trying again in a second ...
Binding to socket on ubuntu-slim-5:10004 failed (Address already in use), trying again in a second ...
Binding to socket on ubuntu-slim-5:10004 failed (Address already in use), trying again in a second ...
Binding to socket on ubuntu-slim-5:10004 failed (Address already in use), trying again in a second ...
Binding to socket on ubuntu-slim-5:10004 failed (Address already in use), trying again in a second ...
Binding to socket on ubuntu-slim-5:10004 failed (Address already in use), trying again in a second ...
Binding to socket on ubuntu-slim-5:10004 failed (Address already in use), trying again in a second ...
Binding to socket on ubuntu-slim-5:10004 failed (Address already in use), trying again in a second ...
Binding to socket on ubuntu-slim-5:10004 failed (Address already in use), trying again in a second ...
Binding to socket on ubuntu-slim-5:10004 failed (Address already in use), trying again in a second ...
Binding to socket on ubuntu-slim-5:10004 failed (Address already in use), trying again in a second ...
Binding to socket on ubuntu-slim-5:10004 failed (Address already in use), trying again in a second ...
Binding to socket on ubuntu-slim-5:10004 failed (Address already in use), trying again in a second ...
Binding to socket on ubuntu-slim-5:10004 failed (Address already in use), trying again in a second ...
Binding to socket on ubuntu-slim-5:10004 failed (Address already in use), trying again in a second ...
Binding to socket on ubuntu-slim-5:10004 failed (Address already in use), trying again in a second ...
Binding to socket on ubuntu-slim-5:10004 failed (Address already in use), trying again in a second ...
Binding to socket on ubuntu-slim-5:10004 failed (Address already in use), trying again in a second ...
Binding to socket on ubuntu-slim-5:10004 failed (Address already in use), trying again in a second ...
Binding to socket on ubuntu-slim-5:10004 failed (Address already in use), trying again in a second ...
Binding to socket on ubuntu-slim-5:10004 failed (Address already in use), trying again in a second ...
Binding to socket on ubuntu-slim-5:10004 failed (Address already in use), trying again in a second ...
vOLE Send: 26.1418 seconds, 3225.6 MB
Client Input Commitment DisHonest:
Total Time = 26.8567 seconds
Sending directly 3302.4 MB in 64 rounds, taking 0 seconds
Binding to socket on ubuntu-slim-5:10004 failed (Address already in use), trying again in a second ...
Timed out waiting for peer. See https://mp-spdz.readthedocs.io/en/latest/networking.html for details on networking.
vOLE Send: 14.3734 seconds, 3225.6 MB
ubuntu-slim-5 : Send error - 1  : Connection reset by peer
vOLE Send: 26.8176 seconds, 3225.6 MB
Client Input Commitment DisHonest:
Total Time = 27.4627 seconds
Sending directly 3302.4 MB in 64 rounds, taking 0 seconds
