Binding to socket on ubuntu-slim-5:10005 failed (Address already in use), trying again in a second ...
Binding to socket on ubuntu-slim-5:10005 failed (Address already in use), trying again in a second ...
Binding to socket on ubuntu-slim-5:10005 failed (Address already in use), trying again in a second ...
Binding to socket on ubuntu-slim-5:10005 failed (Address already in use), trying again in a second ...
Binding to socket on ubuntu-slim-5:10005 failed (Address already in use), trying again in a second ...
Binding to socket on ubuntu-slim-5:10005 failed (Address already in use), trying again in a second ...
Binding to socket on ubuntu-slim-5:10005 failed (Address already in use), trying again in a second ...
Binding to socket on ubuntu-slim-5:10005 failed (Address already in use), trying again in a second ...
Binding to socket on ubuntu-slim-5:10005 failed (Address already in use), trying again in a second ...
Binding to socket on ubuntu-slim-5:10005 failed (Address already in use), trying again in a second ...
Binding to socket on ubuntu-slim-5:10005 failed (Address already in use), trying again in a second ...
Binding to socket on ubuntu-slim-5:10005 failed (Address already in use), trying again in a second ...
Binding to socket on ubuntu-slim-5:10005 failed (Address already in use), trying again in a second ...
Binding to socket on ubuntu-slim-5:10005 failed (Address already in use), trying again in a second ...
Binding to socket on ubuntu-slim-5:10005 failed (Address already in use), trying again in a second ...
Binding to socket on ubuntu-slim-5:10005 failed (Address already in use), trying again in a second ...
Binding to socket on ubuntu-slim-5:10005 failed (Address already in use), trying again in a second ...
Binding to socket on ubuntu-slim-5:10005 failed (Address already in use), trying again in a second ...
Binding to socket on ubuntu-slim-5:10005 failed (Address already in use), trying again in a second ...
Binding to socket on ubuntu-slim-5:10005 failed (Address already in use), trying again in a second ...
Binding to socket on ubuntu-slim-5:10005 failed (Address already in use), trying again in a second ...
Binding to socket on ubuntu-slim-5:10005 failed (Address already in use), trying again in a second ...
Binding to socket on ubuntu-slim-5:10005 failed (Address already in use), trying again in a second ...
Binding to socket on ubuntu-slim-5:10005 failed (Address already in use), trying again in a second ...
Binding to socket on ubuntu-slim-5:10005 failed (Address already in use), trying again in a second ...
Binding to socket on ubuntu-slim-5:10005 failed (Address already in use), trying again in a second ...
Binding to socket on ubuntu-slim-5:10005 failed (Address already in use), trying again in a second ...
Binding to socket on ubuntu-slim-5:10005 failed (Address already in use), trying again in a second ...
Binding to socket on ubuntu-slim-5:10005 failed (Address already in use), trying again in a second ...
Binding to socket on ubuntu-slim-5:10005 failed (Address already in use), trying again in a second ...
Binding to socket on ubuntu-slim-5:10005 failed (Address already in use), trying again in a second ...
Binding to socket on ubuntu-slim-5:10005 failed (Address already in use), trying again in a second ...
Binding to socket on ubuntu-slim-5:10005 failed (Address already in use), trying again in a second ...
Binding to socket on ubuntu-slim-5:10005 failed (Address already in use), trying again in a second ...
Binding to socket on ubuntu-slim-5:10005 failed (Address already in use), trying again in a second ...
Binding to socket on ubuntu-slim-5:10005 failed (Address already in use), trying again in a second ...
Binding to socket on ubuntu-slim-5:10005 failed (Address already in use), trying again in a second ...
Binding to socket on ubuntu-slim-5:10005 failed (Address already in use), trying again in a second ...
Binding to socket on ubuntu-slim-5:10005 failed (Address already in use), trying again in a second ...
Binding to socket on ubuntu-slim-5:10005 failed (Address already in use), trying again in a second ...
Binding to socket on ubuntu-slim-5:10005 failed (Address already in use), trying again in a second ...
Binding to socket on ubuntu-slim-5:10005 failed (Address already in use), trying again in a second ...
Binding to socket on ubuntu-slim-5:10005 failed (Address already in use), trying again in a second ...
Binding to socket on ubuntu-slim-5:10005 failed (Address already in use), trying again in a second ...
Binding to socket on ubuntu-slim-5:10005 failed (Address already in use), trying again in a second ...
Binding to socket on ubuntu-slim-5:10005 failed (Address already in use), trying again in a second ...
Binding to socket on ubuntu-slim-5:10005 failed (Address already in use), trying again in a second ...
Binding to socket on ubuntu-slim-5:10005 failed (Address already in use), trying again in a second ...
Binding to socket on ubuntu-slim-5:10005 failed (Address already in use), trying again in a second ...
Binding to socket on ubuntu-slim-5:10005 failed (Address already in use), trying again in a second ...
Binding to socket on ubuntu-slim-5:10005 failed (Address already in use), trying again in a second ...
Binding to socket on ubuntu-slim-5:10005 failed (Address already in use), trying again in a second ...
Binding to socket on ubuntu-slim-5:10005 failed (Address already in use), trying again in a second ...
Binding to socket on ubuntu-slim-5:10005 failed (Address already in use), trying again in a second ...
Binding to socket on ubuntu-slim-5:10005 failed (Address already in use), trying again in a second ...
Binding to socket on ubuntu-slim-5:10005 failed (Address already in use), trying again in a second ...
Binding to socket on ubuntu-slim-5:10005 failed (Address already in use), trying again in a second ...
Binding to socket on ubuntu-slim-5:10005 failed (Address already in use), trying again in a second ...
Binding to socket on ubuntu-slim-5:10005 failed (Address already in use), trying again in a second ...
Binding to socket on ubuntu-slim-5:10005 failed (Address already in use), trying again in a second ...
Binding to socket on ubuntu-slim-5:10005 failed (Address already in use), trying again in a second ...
Binding to socket on ubuntu-slim-5:10005 failed (Address already in use), trying again in a second ...
Binding to socket on ubuntu-slim-5:10005 failed (Address already in use), trying again in a second ...
Binding to socket on ubuntu-slim-5:10005 failed (Address already in use), trying again in a second ...
Binding to socket on ubuntu-slim-5:10005 failed (Address already in use), trying again in a second ...
Binding to socket on ubuntu-slim-5:10005 failed (Address already in use), trying again in a second ...
Binding to socket on ubuntu-slim-5:10005 failed (Address already in use), trying again in a second ...
Binding to socket on ubuntu-slim-5:10005 failed (Address already in use), trying again in a second ...
Binding to socket on ubuntu-slim-5:10005 failed (Address already in use), trying again in a second ...
Binding to socket on ubuntu-slim-5:10005 failed (Address already in use), trying again in a second ...
Binding to socket on ubuntu-slim-5:10005 failed (Address already in use), trying again in a second ...
Binding to socket on ubuntu-slim-5:10005 failed (Address already in use), trying again in a second ...
Binding to socket on ubuntu-slim-5:10005 failed (Address already in use), trying again in a second ...
Binding to socket on ubuntu-slim-5:10005 failed (Address already in use), trying again in a second ...
Binding to socket on ubuntu-slim-5:10005 failed (Address already in use), trying again in a second ...
Binding to socket on ubuntu-slim-5:10005 failed (Address already in use), trying again in a second ...
Binding to socket on ubuntu-slim-5:10005 failed (Address already in use), trying again in a second ...
Binding to socket on ubuntu-slim-5:10005 failed (Address already in use), trying again in a second ...
Binding to socket on ubuntu-slim-5:10005 failed (Address already in use), trying again in a second ...
Binding to socket on ubuntu-slim-5:10005 failed (Address already in use), trying again in a second ...
Binding to socket on ubuntu-slim-5:10005 failed (Address already in use), trying again in a second ...
Binding to socket on ubuntu-slim-5:10005 failed (Address already in use), trying again in a second ...
Binding to socket on ubuntu-slim-5:10005 failed (Address already in use), trying again in a second ...
Binding to socket on ubuntu-slim-5:10005 failed (Address already in use), trying again in a second ...
Binding to socket on ubuntu-slim-5:10005 failed (Address already in use), trying again in a second ...
Binding to socket on ubuntu-slim-5:10005 failed (Address already in use), trying again in a second ...
Binding to socket on ubuntu-slim-5:10005 failed (Address already in use), trying again in a second ...
Binding to socket on ubuntu-slim-5:10005 failed (Address already in use), trying again in a second ...
vOLE Send: 26.7804 seconds, 3225.6 MB
Binding to socket on ubuntu-slim-5:10005 failed (Address already in use), trying again in a second ...
Client Input Commitment DisHonest:
Total Time = 27.248 seconds
Sending directly 3302.4 MB in 64 rounds, taking 0 seconds
Binding to socket on ubuntu-slim-5:10005 failed (Address already in use), trying again in a second ...
Binding to socket on ubuntu-slim-5:10005 failed (Address already in use), trying again in a second ...
Binding to socket on ubuntu-slim-5:10005 failed (Address already in use), trying again in a second ...
Binding to socket on ubuntu-slim-5:10005 failed (Address already in use), trying again in a second ...
Binding to socket on ubuntu-slim-5:10005 failed (Address already in use), trying again in a second ...
Binding to socket on ubuntu-slim-5:10005 failed (Address already in use), trying again in a second ...
Binding to socket on ubuntu-slim-5:10005 failed (Address already in use), trying again in a second ...
Binding to socket on ubuntu-slim-5:10005 failed (Address already in use), trying again in a second ...
Binding to socket on ubuntu-slim-5:10005 failed (Address already in use), trying again in a second ...
Binding to socket on ubuntu-slim-5:10005 failed (Address already in use), trying again in a second ...
Binding to socket on ubuntu-slim-5:10005 failed (Address already in use), trying again in a second ...
Binding to socket on ubuntu-slim-5:10005 failed (Address already in use), trying again in a second ...
Binding to socket on ubuntu-slim-5:10005 failed (Address already in use), trying again in a second ...
Binding to socket on ubuntu-slim-5:10005 failed (Address already in use), trying again in a second ...
Binding to socket on ubuntu-slim-5:10005 failed (Address already in use), trying again in a second ...
Binding to socket on ubuntu-slim-5:10005 failed (Address already in use), trying again in a second ...
Binding to socket on ubuntu-slim-5:10005 failed (Address already in use), trying again in a second ...
Binding to socket on ubuntu-slim-5:10005 failed (Address already in use), trying again in a second ...
Binding to socket on ubuntu-slim-5:10005 failed (Address already in use), trying again in a second ...
Binding to socket on ubuntu-slim-5:10005 failed (Address already in use), trying again in a second ...
Binding to socket on ubuntu-slim-5:10005 failed (Address already in use), trying again in a second ...
Binding to socket on ubuntu-slim-5:10005 failed (Address already in use), trying again in a second ...
Binding to socket on ubuntu-slim-5:10005 failed (Address already in use), trying again in a second ...
Binding to socket on ubuntu-slim-5:10005 failed (Address already in use), trying again in a second ...
Binding to socket on ubuntu-slim-5:10005 failed (Address already in use), trying again in a second ...
vOLE Send: 25.1662 seconds, 3225.6 MB
Binding to socket on ubuntu-slim-5:10005 failed (Address already in use), trying again in a second ...
Client Input Commitment DisHonest:
Total Time = 25.4099 seconds
Sending directly 3302.4 MB in 64 rounds, taking 0 seconds
Binding to socket on ubuntu-slim-5:10005 failed (Address already in use), trying again in a second ...
Timed out waiting for peer. See https://mp-spdz.readthedocs.io/en/latest/networking.html for details on networking.
vOLE Send: 26.8001 seconds, 3225.6 MB
Client Input Commitment DisHonest:
Total Time = 27.4206 seconds
Sending directly 3302.4 MB in 64 rounds, taking 0 seconds
