vOLE Send: 96.6914 seconds, 3225.6 MB
Client Input Commitment DisHonest:
Total Time = 97.6956 seconds
Sending directly 3302.4 MB in 64 rounds, taking 0 seconds
vOLE Send: 110.284 seconds, 3225.6 MB
Client Input Commitment DisHonest:
Total Time = 111.236 seconds
Sending directly 3302.4 MB in 64 rounds, taking 0 seconds
vOLE Send: 108.899 seconds, 3225.6 MB
Client Input Commitment DisHonest:
Total Time = 109.973 seconds
Sending directly 3302.4 MB in 64 rounds, taking 0 seconds
vOLE Send: 102.627 seconds, 3225.6 MB
Client Input Commitment DisHonest:
Total Time = 105.507 seconds
Sending directly 3302.4 MB in 64 rounds, taking 0 seconds
vOLE Send: 107.397 seconds, 3225.6 MB
Client Input Commitment DisHonest:
Total Time = 109 seconds
Sending directly 3302.4 MB in 64 rounds, taking 0 seconds
