Binding to socket on ubuntu-slim-5:10001 failed (Address already in use), trying again in a second ...
Binding to socket on ubuntu-slim-5:10001 failed (Address already in use), trying again in a second ...
Binding to socket on ubuntu-slim-5:10001 failed (Address already in use), trying again in a second ...
Binding to socket on ubuntu-slim-5:10001 failed (Address already in use), trying again in a second ...
Binding to socket on ubuntu-slim-5:10001 failed (Address already in use), trying again in a second ...
Binding to socket on ubuntu-slim-5:10001 failed (Address already in use), trying again in a second ...
Binding to socket on ubuntu-slim-5:10001 failed (Address already in use), trying again in a second ...
Binding to socket on ubuntu-slim-5:10001 failed (Address already in use), trying again in a second ...
Binding to socket on ubuntu-slim-5:10001 failed (Address already in use), trying again in a second ...
Binding to socket on ubuntu-slim-5:10001 failed (Address already in use), trying again in a second ...
Binding to socket on ubuntu-slim-5:10001 failed (Address already in use), trying again in a second ...
Binding to socket on ubuntu-slim-5:10001 failed (Address already in use), trying again in a second ...
Binding to socket on ubuntu-slim-5:10001 failed (Address already in use), trying again in a second ...
Binding to socket on ubuntu-slim-5:10001 failed (Address already in use), trying again in a second ...
Binding to socket on ubuntu-slim-5:10001 failed (Address already in use), trying again in a second ...
Binding to socket on ubuntu-slim-5:10001 failed (Address already in use), trying again in a second ...
Binding to socket on ubuntu-slim-5:10001 failed (Address already in use), trying again in a second ...
Binding to socket on ubuntu-slim-5:10001 failed (Address already in use), trying again in a second ...
Binding to socket on ubuntu-slim-5:10001 failed (Address already in use), trying again in a second ...
Binding to socket on ubuntu-slim-5:10001 failed (Address already in use), trying again in a second ...
Binding to socket on ubuntu-slim-5:10001 failed (Address already in use), trying again in a second ...
Binding to socket on ubuntu-slim-5:10001 failed (Address already in use), trying again in a second ...
Binding to socket on ubuntu-slim-5:10001 failed (Address already in use), trying again in a second ...
Binding to socket on ubuntu-slim-5:10001 failed (Address already in use), trying again in a second ...
Binding to socket on ubuntu-slim-5:10001 failed (Address already in use), trying again in a second ...
Binding to socket on ubuntu-slim-5:10001 failed (Address already in use), trying again in a second ...
Binding to socket on ubuntu-slim-5:10001 failed (Address already in use), trying again in a second ...
Binding to socket on ubuntu-slim-5:10001 failed (Address already in use), trying again in a second ...
Binding to socket on ubuntu-slim-5:10001 failed (Address already in use), trying again in a second ...
Binding to socket on ubuntu-slim-5:10001 failed (Address already in use), trying again in a second ...
Binding to socket on ubuntu-slim-5:10001 failed (Address already in use), trying again in a second ...
Binding to socket on ubuntu-slim-5:10001 failed (Address already in use), trying again in a second ...
Binding to socket on ubuntu-slim-5:10001 failed (Address already in use), trying again in a second ...
Binding to socket on ubuntu-slim-5:10001 failed (Address already in use), trying again in a second ...
Binding to socket on ubuntu-slim-5:10001 failed (Address already in use), trying again in a second ...
Binding to socket on ubuntu-slim-5:10001 failed (Address already in use), trying again in a second ...
Binding to socket on ubuntu-slim-5:10001 failed (Address already in use), trying again in a second ...
Binding to socket on ubuntu-slim-5:10001 failed (Address already in use), trying again in a second ...
Binding to socket on ubuntu-slim-5:10001 failed (Address already in use), trying again in a second ...
Binding to socket on ubuntu-slim-5:10001 failed (Address already in use), trying again in a second ...
Binding to socket on ubuntu-slim-5:10001 failed (Address already in use), trying again in a second ...
Binding to socket on ubuntu-slim-5:10001 failed (Address already in use), trying again in a second ...
Binding to socket on ubuntu-slim-5:10001 failed (Address already in use), trying again in a second ...
Binding to socket on ubuntu-slim-5:10001 failed (Address already in use), trying again in a second ...
Binding to socket on ubuntu-slim-5:10001 failed (Address already in use), trying again in a second ...
Binding to socket on ubuntu-slim-5:10001 failed (Address already in use), trying again in a second ...
Binding to socket on ubuntu-slim-5:10001 failed (Address already in use), trying again in a second ...
Binding to socket on ubuntu-slim-5:10001 failed (Address already in use), trying again in a second ...
Binding to socket on ubuntu-slim-5:10001 failed (Address already in use), trying again in a second ...
Binding to socket on ubuntu-slim-5:10001 failed (Address already in use), trying again in a second ...
Binding to socket on ubuntu-slim-5:10001 failed (Address already in use), trying again in a second ...
Binding to socket on ubuntu-slim-5:10001 failed (Address already in use), trying again in a second ...
Binding to socket on ubuntu-slim-5:10001 failed (Address already in use), trying again in a second ...
Binding to socket on ubuntu-slim-5:10001 failed (Address already in use), trying again in a second ...
Binding to socket on ubuntu-slim-5:10001 failed (Address already in use), trying again in a second ...
Binding to socket on ubuntu-slim-5:10001 failed (Address already in use), trying again in a second ...
Binding to socket on ubuntu-slim-5:10001 failed (Address already in use), trying again in a second ...
Binding to socket on ubuntu-slim-5:10001 failed (Address already in use), trying again in a second ...
Binding to socket on ubuntu-slim-5:10001 failed (Address already in use), trying again in a second ...
Binding to socket on ubuntu-slim-5:10001 failed (Address already in use), trying again in a second ...
Binding to socket on ubuntu-slim-5:10001 failed (Address already in use), trying again in a second ...
Binding to socket on ubuntu-slim-5:10001 failed (Address already in use), trying again in a second ...
Binding to socket on ubuntu-slim-5:10001 failed (Address already in use), trying again in a second ...
Binding to socket on ubuntu-slim-5:10001 failed (Address already in use), trying again in a second ...
Binding to socket on ubuntu-slim-5:10001 failed (Address already in use), trying again in a second ...
Binding to socket on ubuntu-slim-5:10001 failed (Address already in use), trying again in a second ...
Binding to socket on ubuntu-slim-5:10001 failed (Address already in use), trying again in a second ...
Binding to socket on ubuntu-slim-5:10001 failed (Address already in use), trying again in a second ...
Binding to socket on ubuntu-slim-5:10001 failed (Address already in use), trying again in a second ...
Binding to socket on ubuntu-slim-5:10001 failed (Address already in use), trying again in a second ...
Binding to socket on ubuntu-slim-5:10001 failed (Address already in use), trying again in a second ...
Binding to socket on ubuntu-slim-5:10001 failed (Address already in use), trying again in a second ...
Binding to socket on ubuntu-slim-5:10001 failed (Address already in use), trying again in a second ...
Binding to socket on ubuntu-slim-5:10001 failed (Address already in use), trying again in a second ...
Binding to socket on ubuntu-slim-5:10001 failed (Address already in use), trying again in a second ...
Binding to socket on ubuntu-slim-5:10001 failed (Address already in use), trying again in a second ...
Binding to socket on ubuntu-slim-5:10001 failed (Address already in use), trying again in a second ...
Binding to socket on ubuntu-slim-5:10001 failed (Address already in use), trying again in a second ...
Binding to socket on ubuntu-slim-5:10001 failed (Address already in use), trying again in a second ...
Binding to socket on ubuntu-slim-5:10001 failed (Address already in use), trying again in a second ...
Binding to socket on ubuntu-slim-5:10001 failed (Address already in use), trying again in a second ...
Binding to socket on ubuntu-slim-5:10001 failed (Address already in use), trying again in a second ...
Binding to socket on ubuntu-slim-5:10001 failed (Address already in use), trying again in a second ...
Binding to socket on ubuntu-slim-5:10001 failed (Address already in use), trying again in a second ...
Binding to socket on ubuntu-slim-5:10001 failed (Address already in use), trying again in a second ...
Binding to socket on ubuntu-slim-5:10001 failed (Address already in use), trying again in a second ...
Binding to socket on ubuntu-slim-5:10001 failed (Address already in use), trying again in a second ...
Binding to socket on ubuntu-slim-5:10001 failed (Address already in use), trying again in a second ...
vOLE Send: 26.3825 seconds, 3225.6 MB
Binding to socket on ubuntu-slim-5:10001 failed (Address already in use), trying again in a second ...
Client Input Commitment DisHonest:
Total Time = 27.0403 seconds
Sending directly 3302.4 MB in 64 rounds, taking 0 seconds
Binding to socket on ubuntu-slim-5:10001 failed (Address already in use), trying again in a second ...
Binding to socket on ubuntu-slim-5:10001 failed (Address already in use), trying again in a second ...
Binding to socket on ubuntu-slim-5:10001 failed (Address already in use), trying again in a second ...
Binding to socket on ubuntu-slim-5:10001 failed (Address already in use), trying again in a second ...
Binding to socket on ubuntu-slim-5:10001 failed (Address already in use), trying again in a second ...
Binding to socket on ubuntu-slim-5:10001 failed (Address already in use), trying again in a second ...
Binding to socket on ubuntu-slim-5:10001 failed (Address already in use), trying again in a second ...
Binding to socket on ubuntu-slim-5:10001 failed (Address already in use), trying again in a second ...
Binding to socket on ubuntu-slim-5:10001 failed (Address already in use), trying again in a second ...
Binding to socket on ubuntu-slim-5:10001 failed (Address already in use), trying again in a second ...
Binding to socket on ubuntu-slim-5:10001 failed (Address already in use), trying again in a second ...
Binding to socket on ubuntu-slim-5:10001 failed (Address already in use), trying again in a second ...
Binding to socket on ubuntu-slim-5:10001 failed (Address already in use), trying again in a second ...
Binding to socket on ubuntu-slim-5:10001 failed (Address already in use), trying again in a second ...
Binding to socket on ubuntu-slim-5:10001 failed (Address already in use), trying again in a second ...
Binding to socket on ubuntu-slim-5:10001 failed (Address already in use), trying again in a second ...
Binding to socket on ubuntu-slim-5:10001 failed (Address already in use), trying again in a second ...
Binding to socket on ubuntu-slim-5:10001 failed (Address already in use), trying again in a second ...
Binding to socket on ubuntu-slim-5:10001 failed (Address already in use), trying again in a second ...
Binding to socket on ubuntu-slim-5:10001 failed (Address already in use), trying again in a second ...
Binding to socket on ubuntu-slim-5:10001 failed (Address already in use), trying again in a second ...
Binding to socket on ubuntu-slim-5:10001 failed (Address already in use), trying again in a second ...
Binding to socket on ubuntu-slim-5:10001 failed (Address already in use), trying again in a second ...
Binding to socket on ubuntu-slim-5:10001 failed (Address already in use), trying again in a second ...
Binding to socket on ubuntu-slim-5:10001 failed (Address already in use), trying again in a second ...
vOLE Send: 23.794 seconds, 3225.6 MB
Client Input Commitment DisHonest:
Total Time = 24.2145 seconds
Sending directly 3302.4 MB in 64 rounds, taking 0 seconds
Binding to socket on ubuntu-slim-5:10001 failed (Address already in use), trying again in a second ...
Timed out waiting for peer. See https://mp-spdz.readthedocs.io/en/latest/networking.html for details on networking.
vOLE Send: 27.0113 seconds, 3225.6 MB
Client Input Commitment DisHonest:
Total Time = 27.5552 seconds
Sending directly 3302.4 MB in 64 rounds, taking 0 seconds
