vOLE Send: 223.412 seconds, 9676.8 MB
Client Input Commitment DisHonest:
Total Time = 230.968 seconds
Sending directly 9907.2 MB in 64 rounds, taking 0 seconds
vOLE Send: 240.357 seconds, 9676.8 MB
Client Input Commitment DisHonest:
Total Time = 244.175 seconds
Sending directly 9907.2 MB in 64 rounds, taking 0 seconds
vOLE Send: 235.582 seconds, 9676.8 MB
Client Input Commitment DisHonest:
Total Time = 239 seconds
Sending directly 9907.2 MB in 64 rounds, taking 0 seconds
vOLE Send: 238.086 seconds, 9676.8 MB
Client Input Commitment DisHonest:
Total Time = 245.724 seconds
Sending directly 9907.2 MB in 64 rounds, taking 0 seconds
vOLE Send: 222.432 seconds, 9676.8 MB
Client Input Commitment DisHonest:
Total Time = 225.097 seconds
Sending directly 9907.2 MB in 64 rounds, taking 0 seconds
