
Server 0 Input Commitment Honest:
Total Time = 1.2026 seconds
Receiving directly 0.00064 MB in 2 rounds, taking 1.06607 seconds
Sending directly 0.00064 MB in 2 rounds, taking 0 seconds

Server 0 Input Commitment Honest:
Total Time = 0.622023 seconds
Receiving directly 0.00064 MB in 2 rounds, taking 0.462886 seconds
Sending directly 0.00064 MB in 2 rounds, taking 0 seconds

Server 0 Input Commitment Honest:
Total Time = 0.322343 seconds
Receiving directly 0.00064 MB in 2 rounds, taking 0.140395 seconds
Sending directly 0.00064 MB in 2 rounds, taking 0 seconds

Server 0 Input Commitment Honest:
Total Time = 0.125222 seconds
Receiving directly 0.00064 MB in 2 rounds, taking 5.3611e-05 seconds
Sending directly 0.00064 MB in 2 rounds, taking 0 seconds

Server 0 Input Commitment Honest:
Total Time = 1.3533 seconds
Receiving directly 0.00064 MB in 2 rounds, taking 1.2181 seconds
Sending directly 0.00064 MB in 2 rounds, taking 0 seconds
