before init
after init
before thread
before thread
before thread
before thread
before thread
before thread
before thread
before thread
before thread
before thread
before thread
before thread
before thread
before thread
before thread
before thread
before thread
before thread
before thread
before thread
before thread
before thread
before thread
before thread
before thread
before thread
before thread
before thread
before thread
before thread
before reserve 
before reserve 
before reserve 
before reserve 
before reserve 
before reserve 
before reserve 
before reserve 
before reserve 
before reserve 
before reserve 
before reserve 
before reserve 
before reserve 
before reserve 
before reserve 
before reserve 
before reserve 
before reserve 
before reserve 
before reserve 
before reserve 
before reserve 
before reserve 
before reserve 
before reserve 
before reserve 
before reserve 
before reserve 
before reserve 
after reserve 
after reserve 
vOLE 256000024
