vOLE Recv: 49.1066 seconds, 26381.3 MB

Server 0 Input Commitment DisHonest:
Total Time = 50.2004 seconds
Receiving directly 26381.3 MB in 65 rounds, taking 11.9606 seconds
Sending directly 3.2e-05 MB in 2 rounds, taking 0 seconds
vOLE Recv: 49.0881 seconds, 26381.3 MB

Server 0 Input Commitment DisHonest:
Total Time = 50.1983 seconds
Receiving directly 26381.3 MB in 65 rounds, taking 12.3903 seconds
Sending directly 3.2e-05 MB in 2 rounds, taking 0 seconds
vOLE Recv: 48.8821 seconds, 26381.3 MB

Server 0 Input Commitment DisHonest:
Total Time = 49.9881 seconds
Receiving directly 26381.3 MB in 65 rounds, taking 11.7488 seconds
Sending directly 3.2e-05 MB in 2 rounds, taking 0 seconds
vOLE Recv: 48.9673 seconds, 26381.3 MB

Server 0 Input Commitment DisHonest:
Total Time = 50.0658 seconds
Receiving directly 26381.3 MB in 65 rounds, taking 11.8901 seconds
Sending directly 3.2e-05 MB in 2 rounds, taking 0 seconds
vOLE Recv: 49.1123 seconds, 26381.3 MB

Server 0 Input Commitment DisHonest:
Total Time = 50.2193 seconds
Receiving directly 26381.3 MB in 65 rounds, taking 11.7689 seconds
Sending directly 3.2e-05 MB in 2 rounds, taking 0 seconds
