
Server 0 Input Commitment Honest:
Total Time = 1.98836 seconds
Receiving directly 0.00096 MB in 2 rounds, taking 1.78625 seconds
Sending directly 0.00096 MB in 2 rounds, taking 0 seconds

Server 0 Input Commitment Honest:
Total Time = 2.39109 seconds
Receiving directly 0.00096 MB in 2 rounds, taking 2.19049 seconds
Sending directly 0.00096 MB in 2 rounds, taking 0 seconds

Server 0 Input Commitment Honest:
Total Time = 0.290773 seconds
Receiving directly 0.00096 MB in 2 rounds, taking 0.091096 seconds
Sending directly 0.00096 MB in 2 rounds, taking 0 seconds

Server 0 Input Commitment Honest:
Total Time = 0.176704 seconds
Receiving directly 0.00096 MB in 2 rounds, taking 2.4426e-05 seconds
Sending directly 0.00096 MB in 2 rounds, taking 0 seconds

Server 0 Input Commitment Honest:
Total Time = 1.63971 seconds
Receiving directly 0.00096 MB in 2 rounds, taking 1.453 seconds
Sending directly 0.00096 MB in 2 rounds, taking 0 seconds
