
Server 1 Input Commitment DisHonest:
Total Time = 324.759 seconds
Receiving directly 9216 MB in 42 rounds, taking 12475.6 seconds
Sending directly 0.00128 MB in 2 rounds, taking 0 seconds

Server 1 Input Commitment DisHonest:
Total Time = 322.117 seconds
Receiving directly 9216 MB in 42 rounds, taking 12355.9 seconds
Sending directly 0.00128 MB in 2 rounds, taking 0 seconds

Server 1 Input Commitment DisHonest:
Total Time = 323.655 seconds
Receiving directly 9216 MB in 42 rounds, taking 12391 seconds
Sending directly 0.00128 MB in 2 rounds, taking 0 seconds

Server 1 Input Commitment DisHonest:
Total Time = 327.449 seconds
Receiving directly 9216 MB in 42 rounds, taking 12579.8 seconds
Sending directly 0.00128 MB in 2 rounds, taking 0 seconds

Server 1 Input Commitment DisHonest:
Total Time = 326.625 seconds
Receiving directly 9216 MB in 42 rounds, taking 12558.8 seconds
Sending directly 0.00128 MB in 2 rounds, taking 0 seconds
