vOLE Recv: 4.65982 seconds, 2000.07 MB

Server 0 Input Commitment DisHonest:
Total Time = 4.79129 seconds
Receiving directly 2000.07 MB in 65 rounds, taking 1.91699 seconds
Sending directly 3.2e-05 MB in 2 rounds, taking 0 seconds
vOLE Recv: 4.66676 seconds, 2000.07 MB

Server 0 Input Commitment DisHonest:
Total Time = 4.78753 seconds
Receiving directly 2000.07 MB in 65 rounds, taking 1.86479 seconds
Sending directly 3.2e-05 MB in 2 rounds, taking 0 seconds
vOLE Recv: 4.66303 seconds, 2000.07 MB

Server 0 Input Commitment DisHonest:
Total Time = 4.78785 seconds
Receiving directly 2000.07 MB in 65 rounds, taking 1.88699 seconds
Sending directly 3.2e-05 MB in 2 rounds, taking 0 seconds
vOLE Recv: 4.67835 seconds, 2000.07 MB

Server 0 Input Commitment DisHonest:
Total Time = 4.80372 seconds
Receiving directly 2000.07 MB in 65 rounds, taking 1.91058 seconds
Sending directly 3.2e-05 MB in 2 rounds, taking 0 seconds
vOLE Recv: 4.63241 seconds, 2000.07 MB

Server 0 Input Commitment DisHonest:
Total Time = 4.75227 seconds
Receiving directly 2000.07 MB in 65 rounds, taking 1.83022 seconds
Sending directly 3.2e-05 MB in 2 rounds, taking 0 seconds
