
Server 0 Input Commitment Honest:
Total Time = 3.53495 seconds
Receiving directly 0.00064 MB in 2 rounds, taking 3.04694 seconds
Sending directly 0.00064 MB in 2 rounds, taking 0 seconds

Server 0 Input Commitment Honest:
Total Time = 4.79417 seconds
Receiving directly 0.00064 MB in 2 rounds, taking 4.38652 seconds
Sending directly 0.00064 MB in 2 rounds, taking 0 seconds

Server 0 Input Commitment Honest:
Total Time = 1.25241 seconds
Receiving directly 0.00064 MB in 2 rounds, taking 0.532238 seconds
Sending directly 0.00064 MB in 2 rounds, taking 0 seconds

Server 0 Input Commitment Honest:
Total Time = 0.388855 seconds
Receiving directly 0.00064 MB in 2 rounds, taking 1.2373e-05 seconds
Sending directly 0.00064 MB in 2 rounds, taking 0 seconds

Server 0 Input Commitment Honest:
Total Time = 0.861076 seconds
Receiving directly 0.00064 MB in 2 rounds, taking 0.32036 seconds
Sending directly 0.00064 MB in 2 rounds, taking 0 seconds
