Binding to socket on ubuntu-slim-5:10000 failed (Address already in use), trying again in a second ...
Binding to socket on ubuntu-slim-5:10000 failed (Address already in use), trying again in a second ...
Binding to socket on ubuntu-slim-5:10000 failed (Address already in use), trying again in a second ...
Binding to socket on ubuntu-slim-5:10000 failed (Address already in use), trying again in a second ...
Binding to socket on ubuntu-slim-5:10000 failed (Address already in use), trying again in a second ...
Binding to socket on ubuntu-slim-5:10000 failed (Address already in use), trying again in a second ...
Binding to socket on ubuntu-slim-5:10000 failed (Address already in use), trying again in a second ...
Binding to socket on ubuntu-slim-5:10000 failed (Address already in use), trying again in a second ...
Binding to socket on ubuntu-slim-5:10000 failed (Address already in use), trying again in a second ...
Binding to socket on ubuntu-slim-5:10000 failed (Address already in use), trying again in a second ...
Binding to socket on ubuntu-slim-5:10000 failed (Address already in use), trying again in a second ...
Binding to socket on ubuntu-slim-5:10000 failed (Address already in use), trying again in a second ...
Binding to socket on ubuntu-slim-5:10000 failed (Address already in use), trying again in a second ...
Binding to socket on ubuntu-slim-5:10000 failed (Address already in use), trying again in a second ...
Binding to socket on ubuntu-slim-5:10000 failed (Address already in use), trying again in a second ...
Binding to socket on ubuntu-slim-5:10000 failed (Address already in use), trying again in a second ...
Binding to socket on ubuntu-slim-5:10000 failed (Address already in use), trying again in a second ...
Binding to socket on ubuntu-slim-5:10000 failed (Address already in use), trying again in a second ...
Binding to socket on ubuntu-slim-5:10000 failed (Address already in use), trying again in a second ...
Binding to socket on ubuntu-slim-5:10000 failed (Address already in use), trying again in a second ...
Binding to socket on ubuntu-slim-5:10000 failed (Address already in use), trying again in a second ...
Binding to socket on ubuntu-slim-5:10000 failed (Address already in use), trying again in a second ...
Binding to socket on ubuntu-slim-5:10000 failed (Address already in use), trying again in a second ...
Binding to socket on ubuntu-slim-5:10000 failed (Address already in use), trying again in a second ...
Binding to socket on ubuntu-slim-5:10000 failed (Address already in use), trying again in a second ...
Binding to socket on ubuntu-slim-5:10000 failed (Address already in use), trying again in a second ...
Binding to socket on ubuntu-slim-5:10000 failed (Address already in use), trying again in a second ...
Binding to socket on ubuntu-slim-5:10000 failed (Address already in use), trying again in a second ...
Binding to socket on ubuntu-slim-5:10000 failed (Address already in use), trying again in a second ...
Binding to socket on ubuntu-slim-5:10000 failed (Address already in use), trying again in a second ...
Binding to socket on ubuntu-slim-5:10000 failed (Address already in use), trying again in a second ...
Binding to socket on ubuntu-slim-5:10000 failed (Address already in use), trying again in a second ...
Binding to socket on ubuntu-slim-5:10000 failed (Address already in use), trying again in a second ...
Binding to socket on ubuntu-slim-5:10000 failed (Address already in use), trying again in a second ...
Binding to socket on ubuntu-slim-5:10000 failed (Address already in use), trying again in a second ...
Binding to socket on ubuntu-slim-5:10000 failed (Address already in use), trying again in a second ...
Binding to socket on ubuntu-slim-5:10000 failed (Address already in use), trying again in a second ...
Binding to socket on ubuntu-slim-5:10000 failed (Address already in use), trying again in a second ...
Binding to socket on ubuntu-slim-5:10000 failed (Address already in use), trying again in a second ...
Binding to socket on ubuntu-slim-5:10000 failed (Address already in use), trying again in a second ...
Binding to socket on ubuntu-slim-5:10000 failed (Address already in use), trying again in a second ...
Binding to socket on ubuntu-slim-5:10000 failed (Address already in use), trying again in a second ...
Binding to socket on ubuntu-slim-5:10000 failed (Address already in use), trying again in a second ...
Binding to socket on ubuntu-slim-5:10000 failed (Address already in use), trying again in a second ...
Binding to socket on ubuntu-slim-5:10000 failed (Address already in use), trying again in a second ...
Binding to socket on ubuntu-slim-5:10000 failed (Address already in use), trying again in a second ...
Binding to socket on ubuntu-slim-5:10000 failed (Address already in use), trying again in a second ...
Binding to socket on ubuntu-slim-5:10000 failed (Address already in use), trying again in a second ...
Binding to socket on ubuntu-slim-5:10000 failed (Address already in use), trying again in a second ...
Binding to socket on ubuntu-slim-5:10000 failed (Address already in use), trying again in a second ...
Binding to socket on ubuntu-slim-5:10000 failed (Address already in use), trying again in a second ...
Binding to socket on ubuntu-slim-5:10000 failed (Address already in use), trying again in a second ...
Binding to socket on ubuntu-slim-5:10000 failed (Address already in use), trying again in a second ...
Binding to socket on ubuntu-slim-5:10000 failed (Address already in use), trying again in a second ...
Binding to socket on ubuntu-slim-5:10000 failed (Address already in use), trying again in a second ...
Binding to socket on ubuntu-slim-5:10000 failed (Address already in use), trying again in a second ...
Binding to socket on ubuntu-slim-5:10000 failed (Address already in use), trying again in a second ...
Binding to socket on ubuntu-slim-5:10000 failed (Address already in use), trying again in a second ...
Binding to socket on ubuntu-slim-5:10000 failed (Address already in use), trying again in a second ...
Binding to socket on ubuntu-slim-5:10000 failed (Address already in use), trying again in a second ...
Binding to socket on ubuntu-slim-5:10000 failed (Address already in use), trying again in a second ...
Binding to socket on ubuntu-slim-5:10000 failed (Address already in use), trying again in a second ...
Binding to socket on ubuntu-slim-5:10000 failed (Address already in use), trying again in a second ...
Binding to socket on ubuntu-slim-5:10000 failed (Address already in use), trying again in a second ...
Binding to socket on ubuntu-slim-5:10000 failed (Address already in use), trying again in a second ...
Binding to socket on ubuntu-slim-5:10000 failed (Address already in use), trying again in a second ...
Binding to socket on ubuntu-slim-5:10000 failed (Address already in use), trying again in a second ...
Binding to socket on ubuntu-slim-5:10000 failed (Address already in use), trying again in a second ...
Binding to socket on ubuntu-slim-5:10000 failed (Address already in use), trying again in a second ...
Binding to socket on ubuntu-slim-5:10000 failed (Address already in use), trying again in a second ...
Binding to socket on ubuntu-slim-5:10000 failed (Address already in use), trying again in a second ...
Binding to socket on ubuntu-slim-5:10000 failed (Address already in use), trying again in a second ...
Binding to socket on ubuntu-slim-5:10000 failed (Address already in use), trying again in a second ...
Binding to socket on ubuntu-slim-5:10000 failed (Address already in use), trying again in a second ...
Binding to socket on ubuntu-slim-5:10000 failed (Address already in use), trying again in a second ...
Binding to socket on ubuntu-slim-5:10000 failed (Address already in use), trying again in a second ...
Binding to socket on ubuntu-slim-5:10000 failed (Address already in use), trying again in a second ...
Binding to socket on ubuntu-slim-5:10000 failed (Address already in use), trying again in a second ...
Binding to socket on ubuntu-slim-5:10000 failed (Address already in use), trying again in a second ...
Binding to socket on ubuntu-slim-5:10000 failed (Address already in use), trying again in a second ...
Binding to socket on ubuntu-slim-5:10000 failed (Address already in use), trying again in a second ...
Binding to socket on ubuntu-slim-5:10000 failed (Address already in use), trying again in a second ...
Binding to socket on ubuntu-slim-5:10000 failed (Address already in use), trying again in a second ...
Binding to socket on ubuntu-slim-5:10000 failed (Address already in use), trying again in a second ...
Binding to socket on ubuntu-slim-5:10000 failed (Address already in use), trying again in a second ...
Binding to socket on ubuntu-slim-5:10000 failed (Address already in use), trying again in a second ...
Binding to socket on ubuntu-slim-5:10000 failed (Address already in use), trying again in a second ...
Binding to socket on ubuntu-slim-5:10000 failed (Address already in use), trying again in a second ...
Binding to socket on ubuntu-slim-5:10000 failed (Address already in use), trying again in a second ...
Binding to socket on ubuntu-slim-5:10000 failed (Address already in use), trying again in a second ...
Binding to socket on ubuntu-slim-5:10000 failed (Address already in use), trying again in a second ...
Binding to socket on ubuntu-slim-5:10000 failed (Address already in use), trying again in a second ...
Binding to socket on ubuntu-slim-5:10000 failed (Address already in use), trying again in a second ...
Binding to socket on ubuntu-slim-5:10000 failed (Address already in use), trying again in a second ...
Binding to socket on ubuntu-slim-5:10000 failed (Address already in use), trying again in a second ...
Binding to socket on ubuntu-slim-5:10000 failed (Address already in use), trying again in a second ...
Binding to socket on ubuntu-slim-5:10000 failed (Address already in use), trying again in a second ...
Binding to socket on ubuntu-slim-5:10000 failed (Address already in use), trying again in a second ...
Binding to socket on ubuntu-slim-5:10000 failed (Address already in use), trying again in a second ...
Binding to socket on ubuntu-slim-5:10000 failed (Address already in use), trying again in a second ...
Binding to socket on ubuntu-slim-5:10000 failed (Address already in use), trying again in a second ...
Binding to socket on ubuntu-slim-5:10000 failed (Address already in use), trying again in a second ...
Binding to socket on ubuntu-slim-5:10000 failed (Address already in use), trying again in a second ...
Binding to socket on ubuntu-slim-5:10000 failed (Address already in use), trying again in a second ...
Binding to socket on ubuntu-slim-5:10000 failed (Address already in use), trying again in a second ...
Binding to socket on ubuntu-slim-5:10000 failed (Address already in use), trying again in a second ...
Binding to socket on ubuntu-slim-5:10000 failed (Address already in use), trying again in a second ...
Binding to socket on ubuntu-slim-5:10000 failed (Address already in use), trying again in a second ...
Binding to socket on ubuntu-slim-5:10000 failed (Address already in use), trying again in a second ...
Binding to socket on ubuntu-slim-5:10000 failed (Address already in use), trying again in a second ...
Binding to socket on ubuntu-slim-5:10000 failed (Address already in use), trying again in a second ...
Binding to socket on ubuntu-slim-5:10000 failed (Address already in use), trying again in a second ...
Binding to socket on ubuntu-slim-5:10000 failed (Address already in use), trying again in a second ...
Binding to socket on ubuntu-slim-5:10000 failed (Address already in use), trying again in a second ...
Binding to socket on ubuntu-slim-5:10000 failed (Address already in use), trying again in a second ...
Binding to socket on ubuntu-slim-5:10000 failed (Address already in use), trying again in a second ...
Binding to socket on ubuntu-slim-5:10000 failed (Address already in use), trying again in a second ...
Binding to socket on ubuntu-slim-5:10000 failed (Address already in use), trying again in a second ...
Binding to socket on ubuntu-slim-5:10000 failed (Address already in use), trying again in a second ...
Binding to socket on ubuntu-slim-5:10000 failed (Address already in use), trying again in a second ...
Binding to socket on ubuntu-slim-5:10000 failed (Address already in use), trying again in a second ...
Binding to socket on ubuntu-slim-5:10000 failed (Address already in use), trying again in a second ...
Binding to socket on ubuntu-slim-5:10000 failed (Address already in use), trying again in a second ...
Binding to socket on ubuntu-slim-5:10000 failed (Address already in use), trying again in a second ...
Binding to socket on ubuntu-slim-5:10000 failed (Address already in use), trying again in a second ...
Binding to socket on ubuntu-slim-5:10000 failed (Address already in use), trying again in a second ...
Binding to socket on ubuntu-slim-5:10000 failed (Address already in use), trying again in a second ...
Binding to socket on ubuntu-slim-5:10000 failed (Address already in use), trying again in a second ...
Binding to socket on ubuntu-slim-5:10000 failed (Address already in use), trying again in a second ...
Binding to socket on ubuntu-slim-5:10000 failed (Address already in use), trying again in a second ...
Binding to socket on ubuntu-slim-5:10000 failed (Address already in use), trying again in a second ...
Binding to socket on ubuntu-slim-5:10000 failed (Address already in use), trying again in a second ...
Binding to socket on ubuntu-slim-5:10000 failed (Address already in use), trying again in a second ...
Binding to socket on ubuntu-slim-5:10000 failed (Address already in use), trying again in a second ...
Binding to socket on ubuntu-slim-5:10000 failed (Address already in use), trying again in a second ...
Binding to socket on ubuntu-slim-5:10000 failed (Address already in use), trying again in a second ...
Binding to socket on ubuntu-slim-5:10000 failed (Address already in use), trying again in a second ...
Binding to socket on ubuntu-slim-5:10000 failed (Address already in use), trying again in a second ...
Binding to socket on ubuntu-slim-5:10000 failed (Address already in use), trying again in a second ...
Binding to socket on ubuntu-slim-5:10000 failed (Address already in use), trying again in a second ...
Binding to socket on ubuntu-slim-5:10000 failed (Address already in use), trying again in a second ...
Binding to socket on ubuntu-slim-5:10000 failed (Address already in use), trying again in a second ...
Binding to socket on ubuntu-slim-5:10000 failed (Address already in use), trying again in a second ...
Binding to socket on ubuntu-slim-5:10000 failed (Address already in use), trying again in a second ...
Binding to socket on ubuntu-slim-5:10000 failed (Address already in use), trying again in a second ...
Binding to socket on ubuntu-slim-5:10000 failed (Address already in use), trying again in a second ...
Binding to socket on ubuntu-slim-5:10000 failed (Address already in use), trying again in a second ...
Binding to socket on ubuntu-slim-5:10000 failed (Address already in use), trying again in a second ...
Binding to socket on ubuntu-slim-5:10000 failed (Address already in use), trying again in a second ...
Binding to socket on ubuntu-slim-5:10000 failed (Address already in use), trying again in a second ...
Binding to socket on ubuntu-slim-5:10000 failed (Address already in use), trying again in a second ...
Binding to socket on ubuntu-slim-5:10000 failed (Address already in use), trying again in a second ...
Binding to socket on ubuntu-slim-5:10000 failed (Address already in use), trying again in a second ...
Binding to socket on ubuntu-slim-5:10000 failed (Address already in use), trying again in a second ...
Binding to socket on ubuntu-slim-5:10000 failed (Address already in use), trying again in a second ...

Server 1 Input Commitment DisHonest:
Total Time = 83.6649 seconds
Receiving directly 2304 MB in 32 rounds, taking 2453.36 seconds
Sending directly 0.00096 MB in 2 rounds, taking 0 seconds
Binding to socket on ubuntu-slim-5:10000 failed (Address already in use), trying again in a second ...
Binding to socket on ubuntu-slim-5:10000 failed (Address already in use), trying again in a second ...
Binding to socket on ubuntu-slim-5:10000 failed (Address already in use), trying again in a second ...
Binding to socket on ubuntu-slim-5:10000 failed (Address already in use), trying again in a second ...
Binding to socket on ubuntu-slim-5:10000 failed (Address already in use), trying again in a second ...
Binding to socket on ubuntu-slim-5:10000 failed (Address already in use), trying again in a second ...
Binding to socket on ubuntu-slim-5:10000 failed (Address already in use), trying again in a second ...
Binding to socket on ubuntu-slim-5:10000 failed (Address already in use), trying again in a second ...
Binding to socket on ubuntu-slim-5:10000 failed (Address already in use), trying again in a second ...
Binding to socket on ubuntu-slim-5:10000 failed (Address already in use), trying again in a second ...
Binding to socket on ubuntu-slim-5:10000 failed (Address already in use), trying again in a second ...
Binding to socket on ubuntu-slim-5:10000 failed (Address already in use), trying again in a second ...
Binding to socket on ubuntu-slim-5:10000 failed (Address already in use), trying again in a second ...
Binding to socket on ubuntu-slim-5:10000 failed (Address already in use), trying again in a second ...
Binding to socket on ubuntu-slim-5:10000 failed (Address already in use), trying again in a second ...
Binding to socket on ubuntu-slim-5:10000 failed (Address already in use), trying again in a second ...
Binding to socket on ubuntu-slim-5:10000 failed (Address already in use), trying again in a second ...
Binding to socket on ubuntu-slim-5:10000 failed (Address already in use), trying again in a second ...
Binding to socket on ubuntu-slim-5:10000 failed (Address already in use), trying again in a second ...
Binding to socket on ubuntu-slim-5:10000 failed (Address already in use), trying again in a second ...
Binding to socket on ubuntu-slim-5:10000 failed (Address already in use), trying again in a second ...
Binding to socket on ubuntu-slim-5:10000 failed (Address already in use), trying again in a second ...
Binding to socket on ubuntu-slim-5:10000 failed (Address already in use), trying again in a second ...
Binding to socket on ubuntu-slim-5:10000 failed (Address already in use), trying again in a second ...
Binding to socket on ubuntu-slim-5:10000 failed (Address already in use), trying again in a second ...
Binding to socket on ubuntu-slim-5:10000 failed (Address already in use), trying again in a second ...
Binding to socket on ubuntu-slim-5:10000 failed (Address already in use), trying again in a second ...
Binding to socket on ubuntu-slim-5:10000 failed (Address already in use), trying again in a second ...
Binding to socket on ubuntu-slim-5:10000 failed (Address already in use), trying again in a second ...
Binding to socket on ubuntu-slim-5:10000 failed (Address already in use), trying again in a second ...
Binding to socket on ubuntu-slim-5:10000 failed (Address already in use), trying again in a second ...
Binding to socket on ubuntu-slim-5:10000 failed (Address already in use), trying again in a second ...
Binding to socket on ubuntu-slim-5:10000 failed (Address already in use), trying again in a second ...
Binding to socket on ubuntu-slim-5:10000 failed (Address already in use), trying again in a second ...
Binding to socket on ubuntu-slim-5:10000 failed (Address already in use), trying again in a second ...
Binding to socket on ubuntu-slim-5:10000 failed (Address already in use), trying again in a second ...
Binding to socket on ubuntu-slim-5:10000 failed (Address already in use), trying again in a second ...
Binding to socket on ubuntu-slim-5:10000 failed (Address already in use), trying again in a second ...
Binding to socket on ubuntu-slim-5:10000 failed (Address already in use), trying again in a second ...
Binding to socket on ubuntu-slim-5:10000 failed (Address already in use), trying again in a second ...
Binding to socket on ubuntu-slim-5:10000 failed (Address already in use), trying again in a second ...
Binding to socket on ubuntu-slim-5:10000 failed (Address already in use), trying again in a second ...
Binding to socket on ubuntu-slim-5:10000 failed (Address already in use), trying again in a second ...
Binding to socket on ubuntu-slim-5:10000 failed (Address already in use), trying again in a second ...
Binding to socket on ubuntu-slim-5:10000 failed (Address already in use), trying again in a second ...
Binding to socket on ubuntu-slim-5:10000 failed (Address already in use), trying again in a second ...
Binding to socket on ubuntu-slim-5:10000 failed (Address already in use), trying again in a second ...
Binding to socket on ubuntu-slim-5:10000 failed (Address already in use), trying again in a second ...
Binding to socket on ubuntu-slim-5:10000 failed (Address already in use), trying again in a second ...
Binding to socket on ubuntu-slim-5:10000 failed (Address already in use), trying again in a second ...
Binding to socket on ubuntu-slim-5:10000 failed (Address already in use), trying again in a second ...
Binding to socket on ubuntu-slim-5:10000 failed (Address already in use), trying again in a second ...
Binding to socket on ubuntu-slim-5:10000 failed (Address already in use), trying again in a second ...
Binding to socket on ubuntu-slim-5:10000 failed (Address already in use), trying again in a second ...
Binding to socket on ubuntu-slim-5:10000 failed (Address already in use), trying again in a second ...
Binding to socket on ubuntu-slim-5:10000 failed (Address already in use), trying again in a second ...
Binding to socket on ubuntu-slim-5:10000 failed (Address already in use), trying again in a second ...
Binding to socket on ubuntu-slim-5:10000 failed (Address already in use), trying again in a second ...
Binding to socket on ubuntu-slim-5:10000 failed (Address already in use), trying again in a second ...
Binding to socket on ubuntu-slim-5:10000 failed (Address already in use), trying again in a second ...
Binding to socket on ubuntu-slim-5:10000 failed (Address already in use), trying again in a second ...
Binding to socket on ubuntu-slim-5:10000 failed (Address already in use), trying again in a second ...
Binding to socket on ubuntu-slim-5:10000 failed (Address already in use), trying again in a second ...
Binding to socket on ubuntu-slim-5:10000 failed (Address already in use), trying again in a second ...
Binding to socket on ubuntu-slim-5:10000 failed (Address already in use), trying again in a second ...
Binding to socket on ubuntu-slim-5:10000 failed (Address already in use), trying again in a second ...
Binding to socket on ubuntu-slim-5:10000 failed (Address already in use), trying again in a second ...
Binding to socket on ubuntu-slim-5:10000 failed (Address already in use), trying again in a second ...
Binding to socket on ubuntu-slim-5:10000 failed (Address already in use), trying again in a second ...
Binding to socket on ubuntu-slim-5:10000 failed (Address already in use), trying again in a second ...
Binding to socket on ubuntu-slim-5:10000 failed (Address already in use), trying again in a second ...
Binding to socket on ubuntu-slim-5:10000 failed (Address already in use), trying again in a second ...
Binding to socket on ubuntu-slim-5:10000 failed (Address already in use), trying again in a second ...
Binding to socket on ubuntu-slim-5:10000 failed (Address already in use), trying again in a second ...
Binding to socket on ubuntu-slim-5:10000 failed (Address already in use), trying again in a second ...
Binding to socket on ubuntu-slim-5:10000 failed (Address already in use), trying again in a second ...
Binding to socket on ubuntu-slim-5:10000 failed (Address already in use), trying again in a second ...
Binding to socket on ubuntu-slim-5:10000 failed (Address already in use), trying again in a second ...
Binding to socket on ubuntu-slim-5:10000 failed (Address already in use), trying again in a second ...
Binding to socket on ubuntu-slim-5:10000 failed (Address already in use), trying again in a second ...
Binding to socket on ubuntu-slim-5:10000 failed (Address already in use), trying again in a second ...
Binding to socket on ubuntu-slim-5:10000 failed (Address already in use), trying again in a second ...
Binding to socket on ubuntu-slim-5:10000 failed (Address already in use), trying again in a second ...
Binding to socket on ubuntu-slim-5:10000 failed (Address already in use), trying again in a second ...
Binding to socket on ubuntu-slim-5:10000 failed (Address already in use), trying again in a second ...
Binding to socket on ubuntu-slim-5:10000 failed (Address already in use), trying again in a second ...
Binding to socket on ubuntu-slim-5:10000 failed (Address already in use), trying again in a second ...
Binding to socket on ubuntu-slim-5:10000 failed (Address already in use), trying again in a second ...
Binding to socket on ubuntu-slim-5:10000 failed (Address already in use), trying again in a second ...
Binding to socket on ubuntu-slim-5:10000 failed (Address already in use), trying again in a second ...
Binding to socket on ubuntu-slim-5:10000 failed (Address already in use), trying again in a second ...

Server 1 Input Commitment DisHonest:
Total Time = 84.1546 seconds
Receiving directly 2304 MB in 32 rounds, taking 2467.14 seconds
Sending directly 0.00096 MB in 2 rounds, taking 0 seconds
Binding to socket on ubuntu-slim-5:10000 failed (Address already in use), trying again in a second ...
Binding to socket on ubuntu-slim-5:10000 failed (Address already in use), trying again in a second ...
Binding to socket on ubuntu-slim-5:10000 failed (Address already in use), trying again in a second ...
Binding to socket on ubuntu-slim-5:10000 failed (Address already in use), trying again in a second ...
Binding to socket on ubuntu-slim-5:10000 failed (Address already in use), trying again in a second ...
Binding to socket on ubuntu-slim-5:10000 failed (Address already in use), trying again in a second ...
Binding to socket on ubuntu-slim-5:10000 failed (Address already in use), trying again in a second ...
Binding to socket on ubuntu-slim-5:10000 failed (Address already in use), trying again in a second ...
Binding to socket on ubuntu-slim-5:10000 failed (Address already in use), trying again in a second ...
Binding to socket on ubuntu-slim-5:10000 failed (Address already in use), trying again in a second ...
Binding to socket on ubuntu-slim-5:10000 failed (Address already in use), trying again in a second ...
Binding to socket on ubuntu-slim-5:10000 failed (Address already in use), trying again in a second ...
Binding to socket on ubuntu-slim-5:10000 failed (Address already in use), trying again in a second ...
Binding to socket on ubuntu-slim-5:10000 failed (Address already in use), trying again in a second ...
Binding to socket on ubuntu-slim-5:10000 failed (Address already in use), trying again in a second ...
Binding to socket on ubuntu-slim-5:10000 failed (Address already in use), trying again in a second ...
Binding to socket on ubuntu-slim-5:10000 failed (Address already in use), trying again in a second ...
Binding to socket on ubuntu-slim-5:10000 failed (Address already in use), trying again in a second ...
Binding to socket on ubuntu-slim-5:10000 failed (Address already in use), trying again in a second ...
Binding to socket on ubuntu-slim-5:10000 failed (Address already in use), trying again in a second ...
Binding to socket on ubuntu-slim-5:10000 failed (Address already in use), trying again in a second ...
Binding to socket on ubuntu-slim-5:10000 failed (Address already in use), trying again in a second ...
Binding to socket on ubuntu-slim-5:10000 failed (Address already in use), trying again in a second ...
Binding to socket on ubuntu-slim-5:10000 failed (Address already in use), trying again in a second ...
Binding to socket on ubuntu-slim-5:10000 failed (Address already in use), trying again in a second ...
Binding to socket on ubuntu-slim-5:10000 failed (Address already in use), trying again in a second ...
Binding to socket on ubuntu-slim-5:10000 failed (Address already in use), trying again in a second ...
Binding to socket on ubuntu-slim-5:10000 failed (Address already in use), trying again in a second ...
Binding to socket on ubuntu-slim-5:10000 failed (Address already in use), trying again in a second ...
Binding to socket on ubuntu-slim-5:10000 failed (Address already in use), trying again in a second ...
Binding to socket on ubuntu-slim-5:10000 failed (Address already in use), trying again in a second ...
Binding to socket on ubuntu-slim-5:10000 failed (Address already in use), trying again in a second ...
Binding to socket on ubuntu-slim-5:10000 failed (Address already in use), trying again in a second ...
Binding to socket on ubuntu-slim-5:10000 failed (Address already in use), trying again in a second ...
Binding to socket on ubuntu-slim-5:10000 failed (Address already in use), trying again in a second ...
Binding to socket on ubuntu-slim-5:10000 failed (Address already in use), trying again in a second ...
Binding to socket on ubuntu-slim-5:10000 failed (Address already in use), trying again in a second ...
Binding to socket on ubuntu-slim-5:10000 failed (Address already in use), trying again in a second ...
Binding to socket on ubuntu-slim-5:10000 failed (Address already in use), trying again in a second ...
Binding to socket on ubuntu-slim-5:10000 failed (Address already in use), trying again in a second ...
Binding to socket on ubuntu-slim-5:10000 failed (Address already in use), trying again in a second ...
Binding to socket on ubuntu-slim-5:10000 failed (Address already in use), trying again in a second ...
Binding to socket on ubuntu-slim-5:10000 failed (Address already in use), trying again in a second ...
Binding to socket on ubuntu-slim-5:10000 failed (Address already in use), trying again in a second ...
Binding to socket on ubuntu-slim-5:10000 failed (Address already in use), trying again in a second ...
Binding to socket on ubuntu-slim-5:10000 failed (Address already in use), trying again in a second ...
Binding to socket on ubuntu-slim-5:10000 failed (Address already in use), trying again in a second ...
Binding to socket on ubuntu-slim-5:10000 failed (Address already in use), trying again in a second ...
Binding to socket on ubuntu-slim-5:10000 failed (Address already in use), trying again in a second ...
Binding to socket on ubuntu-slim-5:10000 failed (Address already in use), trying again in a second ...
Binding to socket on ubuntu-slim-5:10000 failed (Address already in use), trying again in a second ...
Binding to socket on ubuntu-slim-5:10000 failed (Address already in use), trying again in a second ...
Binding to socket on ubuntu-slim-5:10000 failed (Address already in use), trying again in a second ...
Binding to socket on ubuntu-slim-5:10000 failed (Address already in use), trying again in a second ...
Binding to socket on ubuntu-slim-5:10000 failed (Address already in use), trying again in a second ...
Binding to socket on ubuntu-slim-5:10000 failed (Address already in use), trying again in a second ...
Binding to socket on ubuntu-slim-5:10000 failed (Address already in use), trying again in a second ...
Binding to socket on ubuntu-slim-5:10000 failed (Address already in use), trying again in a second ...
Binding to socket on ubuntu-slim-5:10000 failed (Address already in use), trying again in a second ...
Binding to socket on ubuntu-slim-5:10000 failed (Address already in use), trying again in a second ...
Binding to socket on ubuntu-slim-5:10000 failed (Address already in use), trying again in a second ...
Binding to socket on ubuntu-slim-5:10000 failed (Address already in use), trying again in a second ...
Binding to socket on ubuntu-slim-5:10000 failed (Address already in use), trying again in a second ...
Binding to socket on ubuntu-slim-5:10000 failed (Address already in use), trying again in a second ...
Binding to socket on ubuntu-slim-5:10000 failed (Address already in use), trying again in a second ...
Binding to socket on ubuntu-slim-5:10000 failed (Address already in use), trying again in a second ...
Binding to socket on ubuntu-slim-5:10000 failed (Address already in use), trying again in a second ...
Binding to socket on ubuntu-slim-5:10000 failed (Address already in use), trying again in a second ...
Binding to socket on ubuntu-slim-5:10000 failed (Address already in use), trying again in a second ...
Binding to socket on ubuntu-slim-5:10000 failed (Address already in use), trying again in a second ...
Binding to socket on ubuntu-slim-5:10000 failed (Address already in use), trying again in a second ...
Binding to socket on ubuntu-slim-5:10000 failed (Address already in use), trying again in a second ...
Binding to socket on ubuntu-slim-5:10000 failed (Address already in use), trying again in a second ...
Binding to socket on ubuntu-slim-5:10000 failed (Address already in use), trying again in a second ...
Binding to socket on ubuntu-slim-5:10000 failed (Address already in use), trying again in a second ...
Binding to socket on ubuntu-slim-5:10000 failed (Address already in use), trying again in a second ...
Binding to socket on ubuntu-slim-5:10000 failed (Address already in use), trying again in a second ...
Binding to socket on ubuntu-slim-5:10000 failed (Address already in use), trying again in a second ...
Binding to socket on ubuntu-slim-5:10000 failed (Address already in use), trying again in a second ...
Binding to socket on ubuntu-slim-5:10000 failed (Address already in use), trying again in a second ...
Binding to socket on ubuntu-slim-5:10000 failed (Address already in use), trying again in a second ...
Binding to socket on ubuntu-slim-5:10000 failed (Address already in use), trying again in a second ...
Binding to socket on ubuntu-slim-5:10000 failed (Address already in use), trying again in a second ...
Binding to socket on ubuntu-slim-5:10000 failed (Address already in use), trying again in a second ...
Binding to socket on ubuntu-slim-5:10000 failed (Address already in use), trying again in a second ...
Binding to socket on ubuntu-slim-5:10000 failed (Address already in use), trying again in a second ...
Binding to socket on ubuntu-slim-5:10000 failed (Address already in use), trying again in a second ...
Binding to socket on ubuntu-slim-5:10000 failed (Address already in use), trying again in a second ...
Binding to socket on ubuntu-slim-5:10000 failed (Address already in use), trying again in a second ...
Binding to socket on ubuntu-slim-5:10000 failed (Address already in use), trying again in a second ...

Server 1 Input Commitment DisHonest:
Total Time = 78.0737 seconds
Receiving directly 2304 MB in 32 rounds, taking 2277.95 seconds
Sending directly 0.00096 MB in 2 rounds, taking 0 seconds
Binding to socket on ubuntu-slim-5:10000 failed (Address already in use), trying again in a second ...
Binding to socket on ubuntu-slim-5:10000 failed (Address already in use), trying again in a second ...
Binding to socket on ubuntu-slim-5:10000 failed (Address already in use), trying again in a second ...
Binding to socket on ubuntu-slim-5:10000 failed (Address already in use), trying again in a second ...
Binding to socket on ubuntu-slim-5:10000 failed (Address already in use), trying again in a second ...
Binding to socket on ubuntu-slim-5:10000 failed (Address already in use), trying again in a second ...
Binding to socket on ubuntu-slim-5:10000 failed (Address already in use), trying again in a second ...
Binding to socket on ubuntu-slim-5:10000 failed (Address already in use), trying again in a second ...
Binding to socket on ubuntu-slim-5:10000 failed (Address already in use), trying again in a second ...
Binding to socket on ubuntu-slim-5:10000 failed (Address already in use), trying again in a second ...
Binding to socket on ubuntu-slim-5:10000 failed (Address already in use), trying again in a second ...
Binding to socket on ubuntu-slim-5:10000 failed (Address already in use), trying again in a second ...
Binding to socket on ubuntu-slim-5:10000 failed (Address already in use), trying again in a second ...
Binding to socket on ubuntu-slim-5:10000 failed (Address already in use), trying again in a second ...
Binding to socket on ubuntu-slim-5:10000 failed (Address already in use), trying again in a second ...
Binding to socket on ubuntu-slim-5:10000 failed (Address already in use), trying again in a second ...
Binding to socket on ubuntu-slim-5:10000 failed (Address already in use), trying again in a second ...
Binding to socket on ubuntu-slim-5:10000 failed (Address already in use), trying again in a second ...
Binding to socket on ubuntu-slim-5:10000 failed (Address already in use), trying again in a second ...
Binding to socket on ubuntu-slim-5:10000 failed (Address already in use), trying again in a second ...
Binding to socket on ubuntu-slim-5:10000 failed (Address already in use), trying again in a second ...
Binding to socket on ubuntu-slim-5:10000 failed (Address already in use), trying again in a second ...
Binding to socket on ubuntu-slim-5:10000 failed (Address already in use), trying again in a second ...
Binding to socket on ubuntu-slim-5:10000 failed (Address already in use), trying again in a second ...
Binding to socket on ubuntu-slim-5:10000 failed (Address already in use), trying again in a second ...
Binding to socket on ubuntu-slim-5:10000 failed (Address already in use), trying again in a second ...
Binding to socket on ubuntu-slim-5:10000 failed (Address already in use), trying again in a second ...
Binding to socket on ubuntu-slim-5:10000 failed (Address already in use), trying again in a second ...
Binding to socket on ubuntu-slim-5:10000 failed (Address already in use), trying again in a second ...
Binding to socket on ubuntu-slim-5:10000 failed (Address already in use), trying again in a second ...
Binding to socket on ubuntu-slim-5:10000 failed (Address already in use), trying again in a second ...
Binding to socket on ubuntu-slim-5:10000 failed (Address already in use), trying again in a second ...
Binding to socket on ubuntu-slim-5:10000 failed (Address already in use), trying again in a second ...
Binding to socket on ubuntu-slim-5:10000 failed (Address already in use), trying again in a second ...
Binding to socket on ubuntu-slim-5:10000 failed (Address already in use), trying again in a second ...
Binding to socket on ubuntu-slim-5:10000 failed (Address already in use), trying again in a second ...
Binding to socket on ubuntu-slim-5:10000 failed (Address already in use), trying again in a second ...
Binding to socket on ubuntu-slim-5:10000 failed (Address already in use), trying again in a second ...
Binding to socket on ubuntu-slim-5:10000 failed (Address already in use), trying again in a second ...
Binding to socket on ubuntu-slim-5:10000 failed (Address already in use), trying again in a second ...
Binding to socket on ubuntu-slim-5:10000 failed (Address already in use), trying again in a second ...
Binding to socket on ubuntu-slim-5:10000 failed (Address already in use), trying again in a second ...
Binding to socket on ubuntu-slim-5:10000 failed (Address already in use), trying again in a second ...
Binding to socket on ubuntu-slim-5:10000 failed (Address already in use), trying again in a second ...
Binding to socket on ubuntu-slim-5:10000 failed (Address already in use), trying again in a second ...
Binding to socket on ubuntu-slim-5:10000 failed (Address already in use), trying again in a second ...
Binding to socket on ubuntu-slim-5:10000 failed (Address already in use), trying again in a second ...
Binding to socket on ubuntu-slim-5:10000 failed (Address already in use), trying again in a second ...
Binding to socket on ubuntu-slim-5:10000 failed (Address already in use), trying again in a second ...
Binding to socket on ubuntu-slim-5:10000 failed (Address already in use), trying again in a second ...
Binding to socket on ubuntu-slim-5:10000 failed (Address already in use), trying again in a second ...
Binding to socket on ubuntu-slim-5:10000 failed (Address already in use), trying again in a second ...
Binding to socket on ubuntu-slim-5:10000 failed (Address already in use), trying again in a second ...
Binding to socket on ubuntu-slim-5:10000 failed (Address already in use), trying again in a second ...
Binding to socket on ubuntu-slim-5:10000 failed (Address already in use), trying again in a second ...
Binding to socket on ubuntu-slim-5:10000 failed (Address already in use), trying again in a second ...
Binding to socket on ubuntu-slim-5:10000 failed (Address already in use), trying again in a second ...
Binding to socket on ubuntu-slim-5:10000 failed (Address already in use), trying again in a second ...
Binding to socket on ubuntu-slim-5:10000 failed (Address already in use), trying again in a second ...
Binding to socket on ubuntu-slim-5:10000 failed (Address already in use), trying again in a second ...
Binding to socket on ubuntu-slim-5:10000 failed (Address already in use), trying again in a second ...
Binding to socket on ubuntu-slim-5:10000 failed (Address already in use), trying again in a second ...
Binding to socket on ubuntu-slim-5:10000 failed (Address already in use), trying again in a second ...
Binding to socket on ubuntu-slim-5:10000 failed (Address already in use), trying again in a second ...
Binding to socket on ubuntu-slim-5:10000 failed (Address already in use), trying again in a second ...
Binding to socket on ubuntu-slim-5:10000 failed (Address already in use), trying again in a second ...
Binding to socket on ubuntu-slim-5:10000 failed (Address already in use), trying again in a second ...
Binding to socket on ubuntu-slim-5:10000 failed (Address already in use), trying again in a second ...
Binding to socket on ubuntu-slim-5:10000 failed (Address already in use), trying again in a second ...
Binding to socket on ubuntu-slim-5:10000 failed (Address already in use), trying again in a second ...
Binding to socket on ubuntu-slim-5:10000 failed (Address already in use), trying again in a second ...
Binding to socket on ubuntu-slim-5:10000 failed (Address already in use), trying again in a second ...
Binding to socket on ubuntu-slim-5:10000 failed (Address already in use), trying again in a second ...
Binding to socket on ubuntu-slim-5:10000 failed (Address already in use), trying again in a second ...
Binding to socket on ubuntu-slim-5:10000 failed (Address already in use), trying again in a second ...
Binding to socket on ubuntu-slim-5:10000 failed (Address already in use), trying again in a second ...
Binding to socket on ubuntu-slim-5:10000 failed (Address already in use), trying again in a second ...
Binding to socket on ubuntu-slim-5:10000 failed (Address already in use), trying again in a second ...
Binding to socket on ubuntu-slim-5:10000 failed (Address already in use), trying again in a second ...
Binding to socket on ubuntu-slim-5:10000 failed (Address already in use), trying again in a second ...
Binding to socket on ubuntu-slim-5:10000 failed (Address already in use), trying again in a second ...
Binding to socket on ubuntu-slim-5:10000 failed (Address already in use), trying again in a second ...
Binding to socket on ubuntu-slim-5:10000 failed (Address already in use), trying again in a second ...
Binding to socket on ubuntu-slim-5:10000 failed (Address already in use), trying again in a second ...
Binding to socket on ubuntu-slim-5:10000 failed (Address already in use), trying again in a second ...
Binding to socket on ubuntu-slim-5:10000 failed (Address already in use), trying again in a second ...
Binding to socket on ubuntu-slim-5:10000 failed (Address already in use), trying again in a second ...
Binding to socket on ubuntu-slim-5:10000 failed (Address already in use), trying again in a second ...
Binding to socket on ubuntu-slim-5:10000 failed (Address already in use), trying again in a second ...
Binding to socket on ubuntu-slim-5:10000 failed (Address already in use), trying again in a second ...
Binding to socket on ubuntu-slim-5:10000 failed (Address already in use), trying again in a second ...

Server 1 Input Commitment DisHonest:
Total Time = 84.2973 seconds
Receiving directly 2304 MB in 32 rounds, taking 2474.31 seconds
Sending directly 0.00096 MB in 2 rounds, taking 0 seconds
Binding to socket on ubuntu-slim-5:10000 failed (Address already in use), trying again in a second ...
Binding to socket on ubuntu-slim-5:10000 failed (Address already in use), trying again in a second ...
Binding to socket on ubuntu-slim-5:10000 failed (Address already in use), trying again in a second ...
Binding to socket on ubuntu-slim-5:10000 failed (Address already in use), trying again in a second ...
Binding to socket on ubuntu-slim-5:10000 failed (Address already in use), trying again in a second ...
Binding to socket on ubuntu-slim-5:10000 failed (Address already in use), trying again in a second ...
Binding to socket on ubuntu-slim-5:10000 failed (Address already in use), trying again in a second ...
Binding to socket on ubuntu-slim-5:10000 failed (Address already in use), trying again in a second ...
Binding to socket on ubuntu-slim-5:10000 failed (Address already in use), trying again in a second ...
Binding to socket on ubuntu-slim-5:10000 failed (Address already in use), trying again in a second ...
Binding to socket on ubuntu-slim-5:10000 failed (Address already in use), trying again in a second ...
Binding to socket on ubuntu-slim-5:10000 failed (Address already in use), trying again in a second ...
Binding to socket on ubuntu-slim-5:10000 failed (Address already in use), trying again in a second ...
Binding to socket on ubuntu-slim-5:10000 failed (Address already in use), trying again in a second ...
Binding to socket on ubuntu-slim-5:10000 failed (Address already in use), trying again in a second ...
Binding to socket on ubuntu-slim-5:10000 failed (Address already in use), trying again in a second ...
Binding to socket on ubuntu-slim-5:10000 failed (Address already in use), trying again in a second ...
Binding to socket on ubuntu-slim-5:10000 failed (Address already in use), trying again in a second ...
Binding to socket on ubuntu-slim-5:10000 failed (Address already in use), trying again in a second ...
Binding to socket on ubuntu-slim-5:10000 failed (Address already in use), trying again in a second ...
Binding to socket on ubuntu-slim-5:10000 failed (Address already in use), trying again in a second ...
Binding to socket on ubuntu-slim-5:10000 failed (Address already in use), trying again in a second ...
Binding to socket on ubuntu-slim-5:10000 failed (Address already in use), trying again in a second ...
Binding to socket on ubuntu-slim-5:10000 failed (Address already in use), trying again in a second ...
Binding to socket on ubuntu-slim-5:10000 failed (Address already in use), trying again in a second ...
Binding to socket on ubuntu-slim-5:10000 failed (Address already in use), trying again in a second ...
Binding to socket on ubuntu-slim-5:10000 failed (Address already in use), trying again in a second ...
Binding to socket on ubuntu-slim-5:10000 failed (Address already in use), trying again in a second ...
Binding to socket on ubuntu-slim-5:10000 failed (Address already in use), trying again in a second ...
Binding to socket on ubuntu-slim-5:10000 failed (Address already in use), trying again in a second ...
Binding to socket on ubuntu-slim-5:10000 failed (Address already in use), trying again in a second ...
Binding to socket on ubuntu-slim-5:10000 failed (Address already in use), trying again in a second ...
Binding to socket on ubuntu-slim-5:10000 failed (Address already in use), trying again in a second ...
Binding to socket on ubuntu-slim-5:10000 failed (Address already in use), trying again in a second ...
Binding to socket on ubuntu-slim-5:10000 failed (Address already in use), trying again in a second ...
Binding to socket on ubuntu-slim-5:10000 failed (Address already in use), trying again in a second ...
Binding to socket on ubuntu-slim-5:10000 failed (Address already in use), trying again in a second ...
Binding to socket on ubuntu-slim-5:10000 failed (Address already in use), trying again in a second ...
Binding to socket on ubuntu-slim-5:10000 failed (Address already in use), trying again in a second ...
Binding to socket on ubuntu-slim-5:10000 failed (Address already in use), trying again in a second ...
Binding to socket on ubuntu-slim-5:10000 failed (Address already in use), trying again in a second ...
Binding to socket on ubuntu-slim-5:10000 failed (Address already in use), trying again in a second ...
Binding to socket on ubuntu-slim-5:10000 failed (Address already in use), trying again in a second ...
Binding to socket on ubuntu-slim-5:10000 failed (Address already in use), trying again in a second ...
Binding to socket on ubuntu-slim-5:10000 failed (Address already in use), trying again in a second ...
Binding to socket on ubuntu-slim-5:10000 failed (Address already in use), trying again in a second ...
Binding to socket on ubuntu-slim-5:10000 failed (Address already in use), trying again in a second ...
Binding to socket on ubuntu-slim-5:10000 failed (Address already in use), trying again in a second ...
Binding to socket on ubuntu-slim-5:10000 failed (Address already in use), trying again in a second ...
Binding to socket on ubuntu-slim-5:10000 failed (Address already in use), trying again in a second ...
Binding to socket on ubuntu-slim-5:10000 failed (Address already in use), trying again in a second ...
Binding to socket on ubuntu-slim-5:10000 failed (Address already in use), trying again in a second ...
Binding to socket on ubuntu-slim-5:10000 failed (Address already in use), trying again in a second ...
Binding to socket on ubuntu-slim-5:10000 failed (Address already in use), trying again in a second ...
Binding to socket on ubuntu-slim-5:10000 failed (Address already in use), trying again in a second ...
Binding to socket on ubuntu-slim-5:10000 failed (Address already in use), trying again in a second ...
Binding to socket on ubuntu-slim-5:10000 failed (Address already in use), trying again in a second ...
Binding to socket on ubuntu-slim-5:10000 failed (Address already in use), trying again in a second ...
Binding to socket on ubuntu-slim-5:10000 failed (Address already in use), trying again in a second ...
Binding to socket on ubuntu-slim-5:10000 failed (Address already in use), trying again in a second ...
Binding to socket on ubuntu-slim-5:10000 failed (Address already in use), trying again in a second ...
Binding to socket on ubuntu-slim-5:10000 failed (Address already in use), trying again in a second ...
Binding to socket on ubuntu-slim-5:10000 failed (Address already in use), trying again in a second ...
Binding to socket on ubuntu-slim-5:10000 failed (Address already in use), trying again in a second ...
Binding to socket on ubuntu-slim-5:10000 failed (Address already in use), trying again in a second ...
Binding to socket on ubuntu-slim-5:10000 failed (Address already in use), trying again in a second ...
Binding to socket on ubuntu-slim-5:10000 failed (Address already in use), trying again in a second ...
Binding to socket on ubuntu-slim-5:10000 failed (Address already in use), trying again in a second ...
Binding to socket on ubuntu-slim-5:10000 failed (Address already in use), trying again in a second ...
Binding to socket on ubuntu-slim-5:10000 failed (Address already in use), trying again in a second ...
Binding to socket on ubuntu-slim-5:10000 failed (Address already in use), trying again in a second ...
Binding to socket on ubuntu-slim-5:10000 failed (Address already in use), trying again in a second ...
Binding to socket on ubuntu-slim-5:10000 failed (Address already in use), trying again in a second ...
Binding to socket on ubuntu-slim-5:10000 failed (Address already in use), trying again in a second ...
Binding to socket on ubuntu-slim-5:10000 failed (Address already in use), trying again in a second ...
Binding to socket on ubuntu-slim-5:10000 failed (Address already in use), trying again in a second ...
Binding to socket on ubuntu-slim-5:10000 failed (Address already in use), trying again in a second ...
Binding to socket on ubuntu-slim-5:10000 failed (Address already in use), trying again in a second ...
Binding to socket on ubuntu-slim-5:10000 failed (Address already in use), trying again in a second ...
Binding to socket on ubuntu-slim-5:10000 failed (Address already in use), trying again in a second ...
Binding to socket on ubuntu-slim-5:10000 failed (Address already in use), trying again in a second ...
Binding to socket on ubuntu-slim-5:10000 failed (Address already in use), trying again in a second ...
Binding to socket on ubuntu-slim-5:10000 failed (Address already in use), trying again in a second ...
Binding to socket on ubuntu-slim-5:10000 failed (Address already in use), trying again in a second ...
Binding to socket on ubuntu-slim-5:10000 failed (Address already in use), trying again in a second ...
Binding to socket on ubuntu-slim-5:10000 failed (Address already in use), trying again in a second ...
Binding to socket on ubuntu-slim-5:10000 failed (Address already in use), trying again in a second ...
Binding to socket on ubuntu-slim-5:10000 failed (Address already in use), trying again in a second ...
Binding to socket on ubuntu-slim-5:10000 failed (Address already in use), trying again in a second ...
Binding to socket on ubuntu-slim-5:10000 failed (Address already in use), trying again in a second ...
Binding to socket on ubuntu-slim-5:10000 failed (Address already in use), trying again in a second ...
Binding to socket on ubuntu-slim-5:10000 failed (Address already in use), trying again in a second ...
Binding to socket on ubuntu-slim-5:10000 failed (Address already in use), trying again in a second ...
Binding to socket on ubuntu-slim-5:10000 failed (Address already in use), trying again in a second ...
Binding to socket on ubuntu-slim-5:10000 failed (Address already in use), trying again in a second ...
Binding to socket on ubuntu-slim-5:10000 failed (Address already in use), trying again in a second ...
Binding to socket on ubuntu-slim-5:10000 failed (Address already in use), trying again in a second ...
Binding to socket on ubuntu-slim-5:10000 failed (Address already in use), trying again in a second ...
Binding to socket on ubuntu-slim-5:10000 failed (Address already in use), trying again in a second ...
Binding to socket on ubuntu-slim-5:10000 failed (Address already in use), trying again in a second ...
Binding to socket on ubuntu-slim-5:10000 failed (Address already in use), trying again in a second ...
Binding to socket on ubuntu-slim-5:10000 failed (Address already in use), trying again in a second ...
Binding to socket on ubuntu-slim-5:10000 failed (Address already in use), trying again in a second ...
Binding to socket on ubuntu-slim-5:10000 failed (Address already in use), trying again in a second ...
Binding to socket on ubuntu-slim-5:10000 failed (Address already in use), trying again in a second ...
Binding to socket on ubuntu-slim-5:10000 failed (Address already in use), trying again in a second ...
Binding to socket on ubuntu-slim-5:10000 failed (Address already in use), trying again in a second ...
Binding to socket on ubuntu-slim-5:10000 failed (Address already in use), trying again in a second ...
Binding to socket on ubuntu-slim-5:10000 failed (Address already in use), trying again in a second ...
Binding to socket on ubuntu-slim-5:10000 failed (Address already in use), trying again in a second ...
Binding to socket on ubuntu-slim-5:10000 failed (Address already in use), trying again in a second ...
Binding to socket on ubuntu-slim-5:10000 failed (Address already in use), trying again in a second ...
Binding to socket on ubuntu-slim-5:10000 failed (Address already in use), trying again in a second ...
Binding to socket on ubuntu-slim-5:10000 failed (Address already in use), trying again in a second ...
Binding to socket on ubuntu-slim-5:10000 failed (Address already in use), trying again in a second ...
Binding to socket on ubuntu-slim-5:10000 failed (Address already in use), trying again in a second ...
Binding to socket on ubuntu-slim-5:10000 failed (Address already in use), trying again in a second ...
Binding to socket on ubuntu-slim-5:10000 failed (Address already in use), trying again in a second ...
Binding to socket on ubuntu-slim-5:10000 failed (Address already in use), trying again in a second ...
Binding to socket on ubuntu-slim-5:10000 failed (Address already in use), trying again in a second ...
Binding to socket on ubuntu-slim-5:10000 failed (Address already in use), trying again in a second ...
Binding to socket on ubuntu-slim-5:10000 failed (Address already in use), trying again in a second ...
Binding to socket on ubuntu-slim-5:10000 failed (Address already in use), trying again in a second ...
Binding to socket on ubuntu-slim-5:10000 failed (Address already in use), trying again in a second ...
terminate called after throwing an instance of 'closed_connection'
terminate called recursively
