Binding to socket on ml-tianxiang:10000 failed (Address already in use), trying again in a second ...
Binding to socket on ml-tianxiang:10000 failed (Address already in use), trying again in a second ...
Binding to socket on ml-tianxiang:10000 failed (Address already in use), trying again in a second ...
Binding to socket on ml-tianxiang:10000 failed (Address already in use), trying again in a second ...
Binding to socket on ml-tianxiang:10000 failed (Address already in use), trying again in a second ...
Binding to socket on ml-tianxiang:10000 failed (Address already in use), trying again in a second ...
Binding to socket on ml-tianxiang:10000 failed (Address already in use), trying again in a second ...
Binding to socket on ml-tianxiang:10000 failed (Address already in use), trying again in a second ...
Binding to socket on ml-tianxiang:10000 failed (Address already in use), trying again in a second ...
Binding to socket on ml-tianxiang:10000 failed (Address already in use), trying again in a second ...
Binding to socket on ml-tianxiang:10000 failed (Address already in use), trying again in a second ...
Binding to socket on ml-tianxiang:10000 failed (Address already in use), trying again in a second ...
Binding to socket on ml-tianxiang:10000 failed (Address already in use), trying again in a second ...
Binding to socket on ml-tianxiang:10000 failed (Address already in use), trying again in a second ...
Binding to socket on ml-tianxiang:10000 failed (Address already in use), trying again in a second ...
Binding to socket on ml-tianxiang:10000 failed (Address already in use), trying again in a second ...
Binding to socket on ml-tianxiang:10000 failed (Address already in use), trying again in a second ...
Binding to socket on ml-tianxiang:10000 failed (Address already in use), trying again in a second ...
Binding to socket on ml-tianxiang:10000 failed (Address already in use), trying again in a second ...
Binding to socket on ml-tianxiang:10000 failed (Address already in use), trying again in a second ...
Binding to socket on ml-tianxiang:10000 failed (Address already in use), trying again in a second ...
Binding to socket on ml-tianxiang:10000 failed (Address already in use), trying again in a second ...
Binding to socket on ml-tianxiang:10000 failed (Address already in use), trying again in a second ...
Binding to socket on ml-tianxiang:10000 failed (Address already in use), trying again in a second ...
Binding to socket on ml-tianxiang:10000 failed (Address already in use), trying again in a second ...
Binding to socket on ml-tianxiang:10000 failed (Address already in use), trying again in a second ...
Binding to socket on ml-tianxiang:10000 failed (Address already in use), trying again in a second ...
Binding to socket on ml-tianxiang:10000 failed (Address already in use), trying again in a second ...
Binding to socket on ml-tianxiang:10000 failed (Address already in use), trying again in a second ...
Binding to socket on ml-tianxiang:10000 failed (Address already in use), trying again in a second ...
Binding to socket on ml-tianxiang:10000 failed (Address already in use), trying again in a second ...
Binding to socket on ml-tianxiang:10000 failed (Address already in use), trying again in a second ...
Binding to socket on ml-tianxiang:10000 failed (Address already in use), trying again in a second ...
Binding to socket on ml-tianxiang:10000 failed (Address already in use), trying again in a second ...
Binding to socket on ml-tianxiang:10000 failed (Address already in use), trying again in a second ...
Binding to socket on ml-tianxiang:10000 failed (Address already in use), trying again in a second ...
Binding to socket on ml-tianxiang:10000 failed (Address already in use), trying again in a second ...
Binding to socket on ml-tianxiang:10000 failed (Address already in use), trying again in a second ...
Binding to socket on ml-tianxiang:10000 failed (Address already in use), trying again in a second ...
Binding to socket on ml-tianxiang:10000 failed (Address already in use), trying again in a second ...
Binding to socket on ml-tianxiang:10000 failed (Address already in use), trying again in a second ...
Binding to socket on ml-tianxiang:10000 failed (Address already in use), trying again in a second ...
Binding to socket on ml-tianxiang:10000 failed (Address already in use), trying again in a second ...
Binding to socket on ml-tianxiang:10000 failed (Address already in use), trying again in a second ...
Binding to socket on ml-tianxiang:10000 failed (Address already in use), trying again in a second ...
Binding to socket on ml-tianxiang:10000 failed (Address already in use), trying again in a second ...
Binding to socket on ml-tianxiang:10000 failed (Address already in use), trying again in a second ...
Binding to socket on ml-tianxiang:10000 failed (Address already in use), trying again in a second ...
Binding to socket on ml-tianxiang:10000 failed (Address already in use), trying again in a second ...
Binding to socket on ml-tianxiang:10000 failed (Address already in use), trying again in a second ...
Binding to socket on ml-tianxiang:10000 failed (Address already in use), trying again in a second ...
Binding to socket on ml-tianxiang:10000 failed (Address already in use), trying again in a second ...
Binding to socket on ml-tianxiang:10000 failed (Address already in use), trying again in a second ...
Binding to socket on ml-tianxiang:10000 failed (Address already in use), trying again in a second ...
Binding to socket on ml-tianxiang:10000 failed (Address already in use), trying again in a second ...
Binding to socket on ml-tianxiang:10000 failed (Address already in use), trying again in a second ...
Binding to socket on ml-tianxiang:10000 failed (Address already in use), trying again in a second ...
Binding to socket on ml-tianxiang:10000 failed (Address already in use), trying again in a second ...
Binding to socket on ml-tianxiang:10000 failed (Address already in use), trying again in a second ...
Binding to socket on ml-tianxiang:10000 failed (Address already in use), trying again in a second ...
Binding to socket on ml-tianxiang:10000 failed (Address already in use), trying again in a second ...
Binding to socket on ml-tianxiang:10000 failed (Address already in use), trying again in a second ...
Binding to socket on ml-tianxiang:10000 failed (Address already in use), trying again in a second ...
Binding to socket on ml-tianxiang:10000 failed (Address already in use), trying again in a second ...
Binding to socket on ml-tianxiang:10000 failed (Address already in use), trying again in a second ...
Binding to socket on ml-tianxiang:10000 failed (Address already in use), trying again in a second ...
Binding to socket on ml-tianxiang:10000 failed (Address already in use), trying again in a second ...
Binding to socket on ml-tianxiang:10000 failed (Address already in use), trying again in a second ...
Binding to socket on ml-tianxiang:10000 failed (Address already in use), trying again in a second ...
Binding to socket on ml-tianxiang:10000 failed (Address already in use), trying again in a second ...
Binding to socket on ml-tianxiang:10000 failed (Address already in use), trying again in a second ...
Binding to socket on ml-tianxiang:10000 failed (Address already in use), trying again in a second ...
Binding to socket on ml-tianxiang:10000 failed (Address already in use), trying again in a second ...
Binding to socket on ml-tianxiang:10000 failed (Address already in use), trying again in a second ...
Binding to socket on ml-tianxiang:10000 failed (Address already in use), trying again in a second ...
Binding to socket on ml-tianxiang:10000 failed (Address already in use), trying again in a second ...
Binding to socket on ml-tianxiang:10000 failed (Address already in use), trying again in a second ...
Binding to socket on ml-tianxiang:10000 failed (Address already in use), trying again in a second ...
Binding to socket on ml-tianxiang:10000 failed (Address already in use), trying again in a second ...
Binding to socket on ml-tianxiang:10000 failed (Address already in use), trying again in a second ...
Binding to socket on ml-tianxiang:10000 failed (Address already in use), trying again in a second ...
Binding to socket on ml-tianxiang:10000 failed (Address already in use), trying again in a second ...
Binding to socket on ml-tianxiang:10000 failed (Address already in use), trying again in a second ...
Binding to socket on ml-tianxiang:10000 failed (Address already in use), trying again in a second ...
Binding to socket on ml-tianxiang:10000 failed (Address already in use), trying again in a second ...
Binding to socket on ml-tianxiang:10000 failed (Address already in use), trying again in a second ...
Binding to socket on ml-tianxiang:10000 failed (Address already in use), trying again in a second ...
Binding to socket on ml-tianxiang:10000 failed (Address already in use), trying again in a second ...
Binding to socket on ml-tianxiang:10000 failed (Address already in use), trying again in a second ...
Binding to socket on ml-tianxiang:10000 failed (Address already in use), trying again in a second ...
Binding to socket on ml-tianxiang:10000 failed (Address already in use), trying again in a second ...
Binding to socket on ml-tianxiang:10000 failed (Address already in use), trying again in a second ...
Binding to socket on ml-tianxiang:10000 failed (Address already in use), trying again in a second ...
Binding to socket on ml-tianxiang:10000 failed (Address already in use), trying again in a second ...
Binding to socket on ml-tianxiang:10000 failed (Address already in use), trying again in a second ...
Binding to socket on ml-tianxiang:10000 failed (Address already in use), trying again in a second ...
Binding to socket on ml-tianxiang:10000 failed (Address already in use), trying again in a second ...
Binding to socket on ml-tianxiang:10000 failed (Address already in use), trying again in a second ...
Binding to socket on ml-tianxiang:10000 failed (Address already in use), trying again in a second ...
Binding to socket on ml-tianxiang:10000 failed (Address already in use), trying again in a second ...
Binding to socket on ml-tianxiang:10000 failed (Address already in use), trying again in a second ...
Binding to socket on ml-tianxiang:10000 failed (Address already in use), trying again in a second ...
Binding to socket on ml-tianxiang:10000 failed (Address already in use), trying again in a second ...
Binding to socket on ml-tianxiang:10000 failed (Address already in use), trying again in a second ...
Binding to socket on ml-tianxiang:10000 failed (Address already in use), trying again in a second ...
Binding to socket on ml-tianxiang:10000 failed (Address already in use), trying again in a second ...
Binding to socket on ml-tianxiang:10000 failed (Address already in use), trying again in a second ...
Binding to socket on ml-tianxiang:10000 failed (Address already in use), trying again in a second ...
Binding to socket on ml-tianxiang:10000 failed (Address already in use), trying again in a second ...
Binding to socket on ml-tianxiang:10000 failed (Address already in use), trying again in a second ...
Binding to socket on ml-tianxiang:10000 failed (Address already in use), trying again in a second ...
Binding to socket on ml-tianxiang:10000 failed (Address already in use), trying again in a second ...
Binding to socket on ml-tianxiang:10000 failed (Address already in use), trying again in a second ...
Binding to socket on ml-tianxiang:10000 failed (Address already in use), trying again in a second ...
Binding to socket on ml-tianxiang:10000 failed (Address already in use), trying again in a second ...
Binding to socket on ml-tianxiang:10000 failed (Address already in use), trying again in a second ...
Binding to socket on ml-tianxiang:10000 failed (Address already in use), trying again in a second ...
Binding to socket on ml-tianxiang:10000 failed (Address already in use), trying again in a second ...
Binding to socket on ml-tianxiang:10000 failed (Address already in use), trying again in a second ...
Binding to socket on ml-tianxiang:10000 failed (Address already in use), trying again in a second ...
Binding to socket on ml-tianxiang:10000 failed (Address already in use), trying again in a second ...
Binding to socket on ml-tianxiang:10000 failed (Address already in use), trying again in a second ...
Binding to socket on ml-tianxiang:10000 failed (Address already in use), trying again in a second ...
Binding to socket on ml-tianxiang:10000 failed (Address already in use), trying again in a second ...
Binding to socket on ml-tianxiang:10000 failed (Address already in use), trying again in a second ...
Binding to socket on ml-tianxiang:10000 failed (Address already in use), trying again in a second ...
Binding to socket on ml-tianxiang:10000 failed (Address already in use), trying again in a second ...
Binding to socket on ml-tianxiang:10000 failed (Address already in use), trying again in a second ...
Binding to socket on ml-tianxiang:10000 failed (Address already in use), trying again in a second ...
Binding to socket on ml-tianxiang:10000 failed (Address already in use), trying again in a second ...
Binding to socket on ml-tianxiang:10000 failed (Address already in use), trying again in a second ...
Binding to socket on ml-tianxiang:10000 failed (Address already in use), trying again in a second ...
Binding to socket on ml-tianxiang:10000 failed (Address already in use), trying again in a second ...
Binding to socket on ml-tianxiang:10000 failed (Address already in use), trying again in a second ...
Binding to socket on ml-tianxiang:10000 failed (Address already in use), trying again in a second ...
Binding to socket on ml-tianxiang:10000 failed (Address already in use), trying again in a second ...
Binding to socket on ml-tianxiang:10000 failed (Address already in use), trying again in a second ...
Binding to socket on ml-tianxiang:10000 failed (Address already in use), trying again in a second ...
Binding to socket on ml-tianxiang:10000 failed (Address already in use), trying again in a second ...
Binding to socket on ml-tianxiang:10000 failed (Address already in use), trying again in a second ...
Binding to socket on ml-tianxiang:10000 failed (Address already in use), trying again in a second ...
Binding to socket on ml-tianxiang:10000 failed (Address already in use), trying again in a second ...
Binding to socket on ml-tianxiang:10000 failed (Address already in use), trying again in a second ...
Binding to socket on ml-tianxiang:10000 failed (Address already in use), trying again in a second ...
Binding to socket on ml-tianxiang:10000 failed (Address already in use), trying again in a second ...
Binding to socket on ml-tianxiang:10000 failed (Address already in use), trying again in a second ...
Binding to socket on ml-tianxiang:10000 failed (Address already in use), trying again in a second ...
Binding to socket on ml-tianxiang:10000 failed (Address already in use), trying again in a second ...
Binding to socket on ml-tianxiang:10000 failed (Address already in use), trying again in a second ...
Binding to socket on ml-tianxiang:10000 failed (Address already in use), trying again in a second ...
Binding to socket on ml-tianxiang:10000 failed (Address already in use), trying again in a second ...
Binding to socket on ml-tianxiang:10000 failed (Address already in use), trying again in a second ...
Binding to socket on ml-tianxiang:10000 failed (Address already in use), trying again in a second ...
Binding to socket on ml-tianxiang:10000 failed (Address already in use), trying again in a second ...
Binding to socket on ml-tianxiang:10000 failed (Address already in use), trying again in a second ...
Binding to socket on ml-tianxiang:10000 failed (Address already in use), trying again in a second ...
Binding to socket on ml-tianxiang:10000 failed (Address already in use), trying again in a second ...
Binding to socket on ml-tianxiang:10000 failed (Address already in use), trying again in a second ...
Binding to socket on ml-tianxiang:10000 failed (Address already in use), trying again in a second ...
Binding to socket on ml-tianxiang:10000 failed (Address already in use), trying again in a second ...
Binding to socket on ml-tianxiang:10000 failed (Address already in use), trying again in a second ...
Binding to socket on ml-tianxiang:10000 failed (Address already in use), trying again in a second ...
Binding to socket on ml-tianxiang:10000 failed (Address already in use), trying again in a second ...
Binding to socket on ml-tianxiang:10000 failed (Address already in use), trying again in a second ...
Binding to socket on ml-tianxiang:10000 failed (Address already in use), trying again in a second ...
Binding to socket on ml-tianxiang:10000 failed (Address already in use), trying again in a second ...
Binding to socket on ml-tianxiang:10000 failed (Address already in use), trying again in a second ...
Binding to socket on ml-tianxiang:10000 failed (Address already in use), trying again in a second ...
Binding to socket on ml-tianxiang:10000 failed (Address already in use), trying again in a second ...
Binding to socket on ml-tianxiang:10000 failed (Address already in use), trying again in a second ...
Binding to socket on ml-tianxiang:10000 failed (Address already in use), trying again in a second ...
Binding to socket on ml-tianxiang:10000 failed (Address already in use), trying again in a second ...
Binding to socket on ml-tianxiang:10000 failed (Address already in use), trying again in a second ...
Binding to socket on ml-tianxiang:10000 failed (Address already in use), trying again in a second ...
Binding to socket on ml-tianxiang:10000 failed (Address already in use), trying again in a second ...
Binding to socket on ml-tianxiang:10000 failed (Address already in use), trying again in a second ...
Binding to socket on ml-tianxiang:10000 failed (Address already in use), trying again in a second ...
Binding to socket on ml-tianxiang:10000 failed (Address already in use), trying again in a second ...
Binding to socket on ml-tianxiang:10000 failed (Address already in use), trying again in a second ...
Binding to socket on ml-tianxiang:10000 failed (Address already in use), trying again in a second ...
Binding to socket on ml-tianxiang:10000 failed (Address already in use), trying again in a second ...
Binding to socket on ml-tianxiang:10000 failed (Address already in use), trying again in a second ...
Binding to socket on ml-tianxiang:10000 failed (Address already in use), trying again in a second ...
Binding to socket on ml-tianxiang:10000 failed (Address already in use), trying again in a second ...
Binding to socket on ml-tianxiang:10000 failed (Address already in use), trying again in a second ...
Binding to socket on ml-tianxiang:10000 failed (Address already in use), trying again in a second ...
Binding to socket on ml-tianxiang:10000 failed (Address already in use), trying again in a second ...
Binding to socket on ml-tianxiang:10000 failed (Address already in use), trying again in a second ...
Binding to socket on ml-tianxiang:10000 failed (Address already in use), trying again in a second ...
Binding to socket on ml-tianxiang:10000 failed (Address already in use), trying again in a second ...
Binding to socket on ml-tianxiang:10000 failed (Address already in use), trying again in a second ...
Binding to socket on ml-tianxiang:10000 failed (Address already in use), trying again in a second ...
Binding to socket on ml-tianxiang:10000 failed (Address already in use), trying again in a second ...
Binding to socket on ml-tianxiang:10000 failed (Address already in use), trying again in a second ...
Binding to socket on ml-tianxiang:10000 failed (Address already in use), trying again in a second ...
Binding to socket on ml-tianxiang:10000 failed (Address already in use), trying again in a second ...
Binding to socket on ml-tianxiang:10000 failed (Address already in use), trying again in a second ...
Binding to socket on ml-tianxiang:10000 failed (Address already in use), trying again in a second ...
Binding to socket on ml-tianxiang:10000 failed (Address already in use), trying again in a second ...
Binding to socket on ml-tianxiang:10000 failed (Address already in use), trying again in a second ...
Binding to socket on ml-tianxiang:10000 failed (Address already in use), trying again in a second ...
Binding to socket on ml-tianxiang:10000 failed (Address already in use), trying again in a second ...
Binding to socket on ml-tianxiang:10000 failed (Address already in use), trying again in a second ...
Binding to socket on ml-tianxiang:10000 failed (Address already in use), trying again in a second ...
Binding to socket on ml-tianxiang:10000 failed (Address already in use), trying again in a second ...
Binding to socket on ml-tianxiang:10000 failed (Address already in use), trying again in a second ...
Binding to socket on ml-tianxiang:10000 failed (Address already in use), trying again in a second ...
Binding to socket on ml-tianxiang:10000 failed (Address already in use), trying again in a second ...
Binding to socket on ml-tianxiang:10000 failed (Address already in use), trying again in a second ...
Binding to socket on ml-tianxiang:10000 failed (Address already in use), trying again in a second ...
Binding to socket on ml-tianxiang:10000 failed (Address already in use), trying again in a second ...
Binding to socket on ml-tianxiang:10000 failed (Address already in use), trying again in a second ...
Binding to socket on ml-tianxiang:10000 failed (Address already in use), trying again in a second ...
Binding to socket on ml-tianxiang:10000 failed (Address already in use), trying again in a second ...
Binding to socket on ml-tianxiang:10000 failed (Address already in use), trying again in a second ...
Binding to socket on ml-tianxiang:10000 failed (Address already in use), trying again in a second ...
Binding to socket on ml-tianxiang:10000 failed (Address already in use), trying again in a second ...
Binding to socket on ml-tianxiang:10000 failed (Address already in use), trying again in a second ...
Binding to socket on ml-tianxiang:10000 failed (Address already in use), trying again in a second ...
Binding to socket on ml-tianxiang:10000 failed (Address already in use), trying again in a second ...
Binding to socket on ml-tianxiang:10000 failed (Address already in use), trying again in a second ...
Binding to socket on ml-tianxiang:10000 failed (Address already in use), trying again in a second ...
Binding to socket on ml-tianxiang:10000 failed (Address already in use), trying again in a second ...
Binding to socket on ml-tianxiang:10000 failed (Address already in use), trying again in a second ...
Binding to socket on ml-tianxiang:10000 failed (Address already in use), trying again in a second ...
Binding to socket on ml-tianxiang:10000 failed (Address already in use), trying again in a second ...
Binding to socket on ml-tianxiang:10000 failed (Address already in use), trying again in a second ...
Binding to socket on ml-tianxiang:10000 failed (Address already in use), trying again in a second ...
Binding to socket on ml-tianxiang:10000 failed (Address already in use), trying again in a second ...
Binding to socket on ml-tianxiang:10000 failed (Address already in use), trying again in a second ...
Binding to socket on ml-tianxiang:10000 failed (Address already in use), trying again in a second ...
Binding to socket on ml-tianxiang:10000 failed (Address already in use), trying again in a second ...
Binding to socket on ml-tianxiang:10000 failed (Address already in use), trying again in a second ...
Binding to socket on ml-tianxiang:10000 failed (Address already in use), trying again in a second ...
Binding to socket on ml-tianxiang:10000 failed (Address already in use), trying again in a second ...
Binding to socket on ml-tianxiang:10000 failed (Address already in use), trying again in a second ...
Binding to socket on ml-tianxiang:10000 failed (Address already in use), trying again in a second ...
Binding to socket on ml-tianxiang:10000 failed (Address already in use), trying again in a second ...
Binding to socket on ml-tianxiang:10000 failed (Address already in use), trying again in a second ...
Binding to socket on ml-tianxiang:10000 failed (Address already in use), trying again in a second ...
Binding to socket on ml-tianxiang:10000 failed (Address already in use), trying again in a second ...
Binding to socket on ml-tianxiang:10000 failed (Address already in use), trying again in a second ...
Binding to socket on ml-tianxiang:10000 failed (Address already in use), trying again in a second ...
Binding to socket on ml-tianxiang:10000 failed (Address already in use), trying again in a second ...
Binding to socket on ml-tianxiang:10000 failed (Address already in use), trying again in a second ...
Binding to socket on ml-tianxiang:10000 failed (Address already in use), trying again in a second ...
Binding to socket on ml-tianxiang:10000 failed (Address already in use), trying again in a second ...
Binding to socket on ml-tianxiang:10000 failed (Address already in use), trying again in a second ...
Binding to socket on ml-tianxiang:10000 failed (Address already in use), trying again in a second ...
Binding to socket on ml-tianxiang:10000 failed (Address already in use), trying again in a second ...
Binding to socket on ml-tianxiang:10000 failed (Address already in use), trying again in a second ...
Binding to socket on ml-tianxiang:10000 failed (Address already in use), trying again in a second ...
Binding to socket on ml-tianxiang:10000 failed (Address already in use), trying again in a second ...
Binding to socket on ml-tianxiang:10000 failed (Address already in use), trying again in a second ...
Binding to socket on ml-tianxiang:10000 failed (Address already in use), trying again in a second ...
Binding to socket on ml-tianxiang:10000 failed (Address already in use), trying again in a second ...
terminate called recursively
Binding to socket on terminate called recursively
ml-tianxiang:10000 failed (Address already in use), trying again in a second ...
Binding to socket on ml-tianxiang:10000 failed (Address already in use), trying again in a second ...
Binding to socket on ml-tianxiang:10000 failed (Address already in use), trying again in a second ...
Binding to socket on ml-tianxiang:10000 failed (Address already in use), trying again in a second ...
Binding to socket on ml-tianxiang:10000 failed (Address already in use), trying again in a second ...
Binding to socket on ml-tianxiang:10000 failed (Address already in use), trying again in a second ...
Binding to socket on ml-tianxiang:10000 failed (Address already in use), trying again in a second ...
Binding to socket on ml-tianxiang:10000 failed (Address already in use), trying again in a second ...
Binding to socket on ml-tianxiang:10000 failed (Address already in use), trying again in a second ...
Binding to socket on ml-tianxiang:10000 failed (Address already in use), trying again in a second ...
Binding to socket on ml-tianxiang:10000 failed (Address already in use), trying again in a second ...
Binding to socket on ml-tianxiang:10000 failed (Address already in use), trying again in a second ...
Binding to socket on ml-tianxiang:10000 failed (Address already in use), trying again in a second ...
Binding to socket on ml-tianxiang:10000 failed (Address already in use), trying again in a second ...
Binding to socket on ml-tianxiang:10000 failed (Address already in use), trying again in a second ...
Binding to socket on ml-tianxiang:10000 failed (Binding to socket on ml-tianxiang:10000 failed (Address already in use), trying again in a second ...
Address already in use), trying again in a second ...
Binding to socket on ml-tianxiang:10000 failed (Address already in use), trying again in a second ...
Binding to socket on ml-tianxiang:10000 failed (Address already in use), trying again in a second ...
Binding to socket on ml-tianxiang:10000 failed (Address already in use), trying again in a second ...
Binding to socket on ml-tianxiang:10000 failed (Address already in use), trying again in a second ...
Binding to socket on ml-tianxiang:10000 failed (Address already in use), trying again in a second ...
Binding to socket on ml-tianxiang:10000 failed (Address already in use), trying again in a second ...
Binding to socket on ml-tianxiang:10000 failed (Address already in use), trying again in a second ...
Binding to socket on ml-tianxiang:10000 failed (Address already in use), trying again in a second ...
Binding to socket on ml-tianxiang:10000 failed (Address already in use), trying again in a second ...
Binding to socket on ml-tianxiang:10000 failed (Address already in use), trying again in a second ...
Binding to socket on ml-tianxiangBinding to socket on :ml-tianxiang:10000 failed (10000 failed (Address already in useAddress already in use), trying again in a second ...), trying again in a second ...

Binding to socket on ml-tianxiang:10000 failed (Address already in use), trying again in a second ...
Binding to socket on Binding to socket on ml-tianxiang:ml-tianxiang:10000 failed (10000 failed (Address already in useAddress already in use), trying again in a second ...), trying again in a second ...

Binding to socket on ml-tianxiang:10000 failed (Address already in use), trying again in a second ...
ml-tianxiang : set_up_socket:listen : Address already in use
Binding to socket on ml-tianxiang:10000 failed (Address already in use), trying again in a second ...
Binding to socket on ml-tianxiang:10000 failed (Address already in use), trying again in a second ...
Binding to socket on ml-tianxiang:10000 failed (Address already in use), trying again in a second ...
Binding to socket on ml-tianxiang:10000 failed (Address already in use), trying again in a second ...
Binding to socket on ml-tianxiang:10000 failed (Address already in use), trying again in a second ...
Binding to socket on ml-tianxiang:10000 failed (Address already in use), trying again in a second ...
Binding to socket on ml-tianxiang:10000 failed (Address already in use), trying again in a second ...
Binding to socket on ml-tianxiang:10000 failed (Address already in use), trying again in a second ...
Binding to socket on ml-tianxiang:10000 failed (Address already in use), trying again in a second ...
Binding to socket on ml-tianxiang:10000 failed (Address already in use), trying again in a second ...
Binding to socket on ml-tianxiang:10000 failed (Address already in use), trying again in a second ...
Binding to socket on ml-tianxiang:10000 failed (Address already in use), trying again in a second ...
Binding to socket on ml-tianxiang:10000 failed (Address already in use), trying again in a second ...
Binding to socket on ml-tianxiang:10000 failed (Address already in use), trying again in a second ...
Binding to socket on ml-tianxiang:10000 failed (Address already in use), trying again in a second ...
Binding to socket on ml-tianxiang:10000 failed (Address already in use), trying again in a second ...
Binding to socket on ml-tianxiang:10000 failed (Address already in use), trying again in a second ...
Binding to socket on ml-tianxiang:10000 failed (Address already in use), trying again in a second ...
Binding to socket on ml-tianxiang:10000 failed (Address already in use), trying again in a second ...
Binding to socket on ml-tianxiang:10000 failed (Address already in use), trying again in a second ...
Binding to socket on ml-tianxiang:10000 failed (Address already in use), trying again in a second ...
Binding to socket on ml-tianxiang:10000 failed (Address already in use), trying again in a second ...
Binding to socket on ml-tianxiang:10000 failed (Address already in use), trying again in a second ...
Binding to socket on ml-tianxiang:10000 failed (Address already in use), trying again in a second ...
Binding to socket on ml-tianxiang:10000 failed (Address already in use), trying again in a second ...
Binding to socket on ml-tianxiang:10000 failed (Address already in use), trying again in a second ...
Binding to socket on ml-tianxiang:10000 failed (Address already in use), trying again in a second ...
Binding to socket on ml-tianxiang:10000 failed (Address already in use), trying again in a second ...
Binding to socket on ml-tianxiang:10000 failed (Address already in use), trying again in a second ...
Binding to socket on ml-tianxiang:10000 failed (Address already in use), trying again in a second ...
Binding to socket on ml-tianxiang:10000 failed (Address already in use), trying again in a second ...
Binding to socket on ml-tianxiang:10000 failed (Address already in use), trying again in a second ...
Binding to socket on ml-tianxiang:10000 failed (Address already in use), trying again in a second ...
Binding to socket on ml-tianxiang:10000 failed (Address already in use), trying again in a second ...
Binding to socket on ml-tianxiang:10000 failed (Address already in use), trying again in a second ...
Binding to socket on ml-tianxiang:10000 failed (Address already in use), trying again in a second ...
Binding to socket on ml-tianxiang:10000 failed (Address already in use), trying again in a second ...
Binding to socket on ml-tianxiang:10000 failed (Address already in use), trying again in a second ...
Binding to socket on ml-tianxiang:10000 failed (Address already in use), trying again in a second ...
Binding to socket on ml-tianxiang:10000 failed (Address already in use), trying again in a second ...
Binding to socket on ml-tianxiang:10000 failed (Address already in use), trying again in a second ...
Binding to socket on ml-tianxiang:10000 failed (Address already in use), trying again in a second ...
Binding to socket on ml-tianxiang:10000 failed (Address already in use), trying again in a second ...
Binding to socket on ml-tianxiang:10000 failed (Address already in use), trying again in a second ...
Binding to socket on ml-tianxiang:10000 failed (Address already in use), trying again in a second ...
Binding to socket on ml-tianxiang:10000 failed (Address already in use), trying again in a second ...
Binding to socket on ml-tianxiang:10000 failed (Address already in use), trying again in a second ...
Binding to socket on ml-tianxiang:10000 failed (Address already in use), trying again in a second ...
Binding to socket on ml-tianxiang:10000 failed (Address already in use), trying again in a second ...
Binding to socket on ml-tianxiang:10000 failed (Address already in use), trying again in a second ...
Binding to socket on ml-tianxiang:10000 failed (Address already in use), trying again in a second ...
Binding to socket on ml-tianxiang:10000 failed (Address already in use), trying again in a second ...
Binding to socket on ml-tianxiang:10000 failed (Address already in use), trying again in a second ...
Binding to socket on ml-tianxiang:10000 failed (Address already in use), trying again in a second ...
Binding to socket on ml-tianxiang:10000 failed (Address already in use), trying again in a second ...
Binding to socket on ml-tianxiang:10000 failed (Address already in use), trying again in a second ...
Binding to socket on ml-tianxiang:10000 failed (Address already in use), trying again in a second ...
Binding to socket on ml-tianxiang:10000 failed (Address already in use), trying again in a second ...
Binding to socket on ml-tianxiang:10000 failed (Address already in use), trying again in a second ...
Binding to socket on ml-tianxiang:10000 failed (Address already in use), trying again in a second ...
Binding to socket on ml-tianxiang:10000 failed (Address already in use), trying again in a second ...
Binding to socket on ml-tianxiang:10000 failed (Address already in use), trying again in a second ...
Binding to socket on ml-tianxiang:10000 failed (Address already in use), trying again in a second ...
Binding to socket on ml-tianxiang:10000 failed (Address already in use), trying again in a second ...
Binding to socket on ml-tianxiang:10000 failed (Address already in use), trying again in a second ...
Binding to socket on ml-tianxiang:10000 failed (Address already in use), trying again in a second ...
Binding to socket on ml-tianxiang:10000 failed (Address already in use), trying again in a second ...
Binding to socket on ml-tianxiang:10000 failed (Address already in use), trying again in a second ...
Binding to socket on ml-tianxiang:10000 failed (Address already in use), trying again in a second ...
Binding to socket on ml-tianxiang:10000 failed (Address already in use), trying again in a second ...
Binding to socket on ml-tianxiang:10000 failed (Address already in use), trying again in a second ...
Binding to socket on ml-tianxiang:10000 failed (Address already in use), trying again in a second ...
Binding to socket on ml-tianxiang:10000 failed (Address already in use), trying again in a second ...
Binding to socket on ml-tianxiang:10000 failed (Address already in use), trying again in a second ...
Binding to socket on ml-tianxiang:10000 failed (Address already in use), trying again in a second ...
Binding to socket on ml-tianxiang:10000 failed (Address already in use), trying again in a second ...
Binding to socket on ml-tianxiang:10000 failed (Address already in use), trying again in a second ...
Binding to socket on ml-tianxiang:10000 failed (Address already in use), trying again in a second ...
Binding to socket on ml-tianxiang:10000 failed (Address already in use), trying again in a second ...
Binding to socket on ml-tianxiang:10000 failed (Address already in use), trying again in a second ...
Binding to socket on ml-tianxiang:10000 failed (Address already in use), trying again in a second ...
Binding to socket on ml-tianxiang:10000 failed (Address already in use), trying again in a second ...
Binding to socket on ml-tianxiang:10000 failed (Address already in use), trying again in a second ...
Binding to socket on ml-tianxiang:10000 failed (Address already in use), trying again in a second ...
Binding to socket on ml-tianxiang:10000 failed (Address already in use), trying again in a second ...
Binding to socket on ml-tianxiang:10000 failed (Address already in use), trying again in a second ...
Binding to socket on ml-tianxiang:10000 failed (Address already in use), trying again in a second ...
Binding to socket on ml-tianxiang:10000 failed (Address already in use), trying again in a second ...
Binding to socket on ml-tianxiang:10000 failed (Address already in use), trying again in a second ...
Binding to socket on ml-tianxiang:10000 failed (Address already in use), trying again in a second ...
Binding to socket on ml-tianxiang:10000 failed (Address already in use), trying again in a second ...
Binding to socket on ml-tianxiang:10000 failed (Address already in use), trying again in a second ...
Binding to socket on ml-tianxiang:10000 failed (Address already in use), trying again in a second ...
Binding to socket on ml-tianxiang:10000 failed (Address already in use), trying again in a second ...
Binding to socket on ml-tianxiang:10000 failed (Address already in use), trying again in a second ...
Binding to socket on ml-tianxiang:10000 failed (Address already in use), trying again in a second ...
Binding to socket on ml-tianxiang:10000 failed (Address already in use), trying again in a second ...
Binding to socket on ml-tianxiang:10000 failed (Address already in use), trying again in a second ...
Binding to socket on ml-tianxiang:10000 failed (Address already in use), trying again in a second ...
Binding to socket on ml-tianxiang:10000 failed (Address already in use), trying again in a second ...
Binding to socket on ml-tianxiang:10000 failed (Address already in use), trying again in a second ...
Binding to socket on ml-tianxiang:10000 failed (Address already in use), trying again in a second ...
Binding to socket on ml-tianxiang:10000 failed (Address already in use), trying again in a second ...
Binding to socket on ml-tianxiang:10000 failed (Address already in use), trying again in a second ...
Binding to socket on ml-tianxiang:10000 failed (Address already in use), trying again in a second ...
Binding to socket on ml-tianxiang:10000 failed (Address already in use), trying again in a second ...
Binding to socket on ml-tianxiang:10000 failed (Address already in use), trying again in a second ...
Binding to socket on ml-tianxiang:10000 failed (Address already in use), trying again in a second ...
Binding to socket on ml-tianxiang:10000 failed (Address already in use), trying again in a second ...
Binding to socket on ml-tianxiang:10000 failed (Address already in use), trying again in a second ...
Binding to socket on ml-tianxiang:10000 failed (Address already in use), trying again in a second ...
Binding to socket on ml-tianxiang:10000 failed (Address already in use), trying again in a second ...
Binding to socket on ml-tianxiang:10000 failed (Address already in use), trying again in a second ...
Binding to socket on ml-tianxiang:10000 failed (Address already in use), trying again in a second ...
Binding to socket on ml-tianxiang:10000 failed (Address already in use), trying again in a second ...
Binding to socket on ml-tianxiang:10000 failed (Address already in use), trying again in a second ...
Binding to socket on ml-tianxiang:10000 failed (Address already in use), trying again in a second ...
Binding to socket on ml-tianxiang:10000 failed (Address already in use), trying again in a second ...
Binding to socket on ml-tianxiang:10000 failed (Address already in use), trying again in a second ...
Binding to socket on ml-tianxiang:10000 failed (Address already in use), trying again in a second ...
Binding to socket on ml-tianxiang:10000 failed (Address already in use), trying again in a second ...
Binding to socket on ml-tianxiang:10000 failed (Address already in use), trying again in a second ...
Binding to socket on ml-tianxiang:10000 failed (Address already in use), trying again in a second ...
Binding to socket on ml-tianxiang:10000 failed (Address already in use), trying again in a second ...
Binding to socket on ml-tianxiang:10000 failed (Address already in use), trying again in a second ...
Binding to socket on ml-tianxiang:10000 failed (Address already in use), trying again in a second ...
Binding to socket on ml-tianxiang:10000 failed (Address already in use), trying again in a second ...
Binding to socket on ml-tianxiang:10000 failed (Address already in use), trying again in a second ...
Binding to socket on ml-tianxiang:10000 failed (Address already in use), trying again in a second ...
Binding to socket on ml-tianxiang:10000 failed (Address already in use), trying again in a second ...
Binding to socket on ml-tianxiang:10000 failed (Address already in use), trying again in a second ...
Binding to socket on ml-tianxiang:10000 failed (Address already in use), trying again in a second ...
Binding to socket on ml-tianxiang:10000 failed (Address already in use), trying again in a second ...
Binding to socket on ml-tianxiang:10000 failed (Address already in use), trying again in a second ...
Binding to socket on ml-tianxiang:10000 failed (Address already in use), trying again in a second ...
Binding to socket on ml-tianxiang:10000 failed (Address already in use), trying again in a second ...
Binding to socket on ml-tianxiang:10000 failed (Address already in use), trying again in a second ...
Binding to socket on ml-tianxiang:10000 failed (Address already in use), trying again in a second ...
Binding to socket on ml-tianxiang:10000 failed (Address already in use), trying again in a second ...
Binding to socket on ml-tianxiang:10000 failed (Address already in use), trying again in a second ...
Binding to socket on ml-tianxiang:10000 failed (Address already in use), trying again in a second ...
Binding to socket on ml-tianxiang:10000 failed (Address already in use), trying again in a second ...
Binding to socket on ml-tianxiang:10000 failed (Address already in use), trying again in a second ...
Binding to socket on ml-tianxiang:10000 failed (Address already in use), trying again in a second ...
Binding to socket on ml-tianxiang:10000 failed (Address already in use), trying again in a second ...
Binding to socket on ml-tianxiang:10000 failed (Address already in use), trying again in a second ...
Binding to socket on ml-tianxiang:10000 failed (Address already in use), trying again in a second ...
Binding to socket on ml-tianxiang:10000 failed (Address already in use), trying again in a second ...
Binding to socket on ml-tianxiang:10000 failed (Address already in use), trying again in a second ...
Binding to socket on ml-tianxiang:10000 failed (Address already in use), trying again in a second ...
Binding to socket on ml-tianxiang:10000 failed (Address already in use), trying again in a second ...
Binding to socket on ml-tianxiang:10000 failed (Address already in use), trying again in a second ...
Binding to socket on ml-tianxiang:10000 failed (Address already in use), trying again in a second ...
Binding to socket on ml-tianxiang:10000 failed (Address already in use), trying again in a second ...
Binding to socket on ml-tianxiang:10000 failed (Address already in use), trying again in a second ...
Binding to socket on ml-tianxiang:10000 failed (Address already in use), trying again in a second ...
Binding to socket on ml-tianxiang:10000 failed (Address already in use), trying again in a second ...
Binding to socket on ml-tianxiang:10000 failed (Address already in use), trying again in a second ...
Binding to socket on ml-tianxiang:10000 failed (Address already in use), trying again in a second ...
Binding to socket on ml-tianxiang:10000 failed (Address already in use), trying again in a second ...
Binding to socket on ml-tianxiang:10000 failed (Address already in use), trying again in a second ...
Binding to socket on ml-tianxiang:10000 failed (Address already in use), trying again in a second ...
Binding to socket on ml-tianxiang:10000 failed (Address already in use), trying again in a second ...
Binding to socket on ml-tianxiang:10000 failed (Address already in use), trying again in a second ...
Binding to socket on ml-tianxiang:10000 failed (Address already in use), trying again in a second ...
Binding to socket on ml-tianxiang:10000 failed (Address already in use), trying again in a second ...
Binding to socket on ml-tianxiang:10000 failed (Address already in use), trying again in a second ...
Binding to socket on ml-tianxiang:10000 failed (Address already in use), trying again in a second ...
Binding to socket on ml-tianxiang:10000 failed (Address already in use), trying again in a second ...
Binding to socket on ml-tianxiang:10000 failed (Address already in use), trying again in a second ...
Binding to socket on ml-tianxiang:10000 failed (Address already in use), trying again in a second ...
Binding to socket on ml-tianxiang:10000 failed (Address already in use), trying again in a second ...
Binding to socket on ml-tianxiang:10000 failed (Address already in use), trying again in a second ...
Binding to socket on ml-tianxiang:10000 failed (Address already in use), trying again in a second ...
Binding to socket on ml-tianxiang:10000 failed (Address already in use), trying again in a second ...
Binding to socket on ml-tianxiang:10000 failed (Address already in use), trying again in a second ...
Binding to socket on ml-tianxiang:10000 failed (Address already in use), trying again in a second ...
Binding to socket on ml-tianxiang:10000 failed (Address already in use), trying again in a second ...
Binding to socket on ml-tianxiang:10000 failed (Address already in use), trying again in a second ...
terminate called recursively
terminate called recursively
Binding to socket on ml-tianxiang:10000 failed (Address already in use), trying again in a second ...
Binding to socket on ml-tianxiang:10000 failed (Address already in use), trying again in a second ...
Binding to socket on ml-tianxiang:10000 failed (Address already in use), trying again in a second ...
Binding to socket on ml-tianxiang:10000 failed (Address already in use), trying again in a second ...
Binding to socket on ml-tianxiang:10000 failed (Address already in use), trying again in a second ...
Binding to socket on ml-tianxiang:10000 failed (Address already in use), trying again in a second ...
Binding to socket on ml-tianxiang:10000 failed (Address already in use), trying again in a second ...
Binding to socket on ml-tianxiang:10000 failed (Address already in use), trying again in a second ...
Binding to socket on ml-tianxiang:10000 failed (Address already in use), trying again in a second ...
Binding to socket on ml-tianxiang:10000 failed (Address already in use), trying again in a second ...
Binding to socket on ml-tianxiang:10000 failed (Address already in use), trying again in a second ...
Binding to socket on ml-tianxiang:10000 failed (Address already in use), trying again in a second ...
Binding to socket on ml-tianxiang:10000 failed (Address already in use), trying again in a second ...
Binding to socket on ml-tianxiang:10000 failed (Address already in use), trying again in a second ...
Binding to socket on ml-tianxiang:10000 failed (Address already in use), trying again in a second ...
Binding to socket on ml-tianxiang:10000 failed (Address already in use), trying again in a second ...
Binding to socket on ml-tianxiang:10000 failed (Address already in use), trying again in a second ...
Binding to socket on ml-tianxiang:10000 failed (Address already in use), trying again in a second ...
Binding to socket on ml-tianxiang:10000 failed (Address already in use), trying again in a second ...
Binding to socket on ml-tianxiang:10000 failed (Address already in use), trying again in a second ...
Binding to socket on ml-tianxiang:10000 failed (Address already in use), trying again in a second ...
Binding to socket on ml-tianxiang:10000 failed (Address already in use), trying again in a second ...
Binding to socket on ml-tianxiang:10000 failed (Address already in use), trying again in a second ...
Binding to socket on ml-tianxiang:10000 failed (Address already in use), trying again in a second ...
Binding to socket on ml-tianxiang:10000 failed (Address already in use), trying again in a second ...
Binding to socket on ml-tianxiang:10000 failed (Address already in use), trying again in a second ...
Binding to socket on ml-tianxiang:10000 failed (Address already in use), trying again in a second ...
Binding to socket on ml-tianxiang:10000 failed (Address already in use), trying again in a second ...
Binding to socket on ml-tianxiang:10000 failed (Address already in use), trying again in a second ...
Binding to socket on ml-tianxiang:10000 failed (Address already in use), trying again in a second ...
Binding to socket on ml-tianxiang:10000 failed (Address already in use), trying again in a second ...
Binding to socket on ml-tianxiang:10000 failed (Address already in use), trying again in a second ...
Binding to socket on ml-tianxiang:10000 failed (Address already in use), trying again in a second ...
Binding to socket on ml-tianxiang:10000 failed (Address already in use), trying again in a second ...
Binding to socket on ml-tianxiang:10000 failed (Address already in use), trying again in a second ...
Binding to socket on ml-tianxiang:10000 failed (Address already in use), trying again in a second ...
Binding to socket on ml-tianxiang:10000 failed (Address already in use), trying again in a second ...
Binding to socket on ml-tianxiang:10000 failed (Address already in use), trying again in a second ...
Binding to socket on ml-tianxiang:10000 failed (Address already in use), trying again in a second ...
Binding to socket on ml-tianxiang:10000 failed (Address already in use), trying again in a second ...
Binding to socket on ml-tianxiang:10000 failed (Address already in use), trying again in a second ...
Binding to socket on ml-tianxiang:10000 failed (Address already in use), trying again in a second ...
Binding to socket on ml-tianxiang:10000 failed (Address already in use), trying again in a second ...
Binding to socket on ml-tianxiang:10000 failed (Address already in use), trying again in a second ...
Binding to socket on ml-tianxiang:10000 failed (Address already in use), trying again in a second ...
Binding to socket on ml-tianxiang:10000 failed (Address already in use), trying again in a second ...
Binding to socket on ml-tianxiang:10000 failed (Address already in use), trying again in a second ...
Binding to socket on ml-tianxiang:10000 failed (Address already in use), trying again in a second ...
Binding to socket on ml-tianxiang:10000 failed (Address already in use), trying again in a second ...
Binding to socket on ml-tianxiang:10000 failed (Address already in use), trying again in a second ...
Binding to socket on ml-tianxiang:10000 failed (Address already in use), trying again in a second ...
Binding to socket on ml-tianxiang:10000 failed (Address already in use), trying again in a second ...
Binding to socket on ml-tianxiang:10000 failed (Address already in use), trying again in a second ...
Binding to socket on ml-tianxiang:10000 failed (Address already in use), trying again in a second ...
Binding to socket on ml-tianxiang:10000 failed (Address already in use), trying again in a second ...
Binding to socket on ml-tianxiang:10000 failed (Address already in use), trying again in a second ...
Binding to socket on ml-tianxiang:10000 failed (Address already in use), trying again in a second ...
Binding to socket on ml-tianxiang:10000 failed (Address already in use), trying again in a second ...
Binding to socket on ml-tianxiang:10000 failed (Address already in use), trying again in a second ...
Binding to socket on ml-tianxiang:10000 failed (Address already in use), trying again in a second ...
Binding to socket on ml-tianxiang:10000 failed (Address already in use), trying again in a second ...
Binding to socket on ml-tianxiang:10000 failed (Address already in use), trying again in a second ...
Binding to socket on ml-tianxiang:10000 failed (Address already in use), trying again in a second ...
Binding to socket on ml-tianxiang:10000 failed (Address already in use), trying again in a second ...
Binding to socket on ml-tianxiang:10000 failed (Address already in use), trying again in a second ...
Binding to socket on ml-tianxiang:10000 failed (Address already in use), trying again in a second ...
cannot connect from ml-tianxiang to localhost:9999 after 28968 attempts in 60 seconds because Connection refused. https://mp-spdz.readthedocs.io/en/latest/troubleshooting.html#connection-failures has more information on port requirements.
cannot connect from ml-tianxiang to localhost:9999 after 29090 attempts in 60 seconds because Connection refused. https://mp-spdz.readthedocs.io/en/latest/troubleshooting.html#connection-failures has more information on port requirements.
