vOLE Recv: 5.05738 seconds, 2000.07 MB
vOLE Recv: 5.51192 seconds, 2000.07 MB
vOLE Recv: 6.58973 seconds, 2000.07 MB
vOLE Recv: 7.23278 seconds, 2000.07 MB

Server 0 Input Commitment DisHonest:
Total Time = 7.35022 seconds
Receiving directly 8000.27 MB in 254 rounds, taking 11.6145 seconds
Sending directly 0.000128 MB in 2 rounds, taking 0 seconds
vOLE Recv: 4.97984 seconds, 2000.07 MB
vOLE Recv: 6.1651 seconds, 2000.07 MB
vOLE Recv: 6.54081 seconds, 2000.07 MB
vOLE Recv: 6.87162 seconds, 2000.07 MB

Server 0 Input Commitment DisHonest:
Total Time = 6.99575 seconds
Receiving directly 8000.27 MB in 254 rounds, taking 12.2185 seconds
Sending directly 0.000128 MB in 2 rounds, taking 0 seconds
vOLE Recv: 4.99437 seconds, 2000.07 MB
vOLE Recv: 5.00364 seconds, 2000.07 MB
vOLE Recv: 6.13587 seconds, 2000.07 MB
vOLE Recv: 8.19742 seconds, 2000.07 MB

Server 0 Input Commitment DisHonest:
Total Time = 8.31807 seconds
Receiving directly 8000.27 MB in 254 rounds, taking 11.9352 seconds
Sending directly 0.000128 MB in 2 rounds, taking 0 seconds
vOLE Recv: 5.11426 seconds, 2000.07 MB
vOLE Recv: 5.38178 seconds, 2000.07 MB
vOLE Recv: 5.98686 seconds, 2000.07 MB
vOLE Recv: 8.03194 seconds, 2000.07 MB

Server 0 Input Commitment DisHonest:
Total Time = 8.16556 seconds
Receiving directly 8000.27 MB in 254 rounds, taking 11.9203 seconds
Sending directly 0.000128 MB in 2 rounds, taking 0 seconds
vOLE Recv: 5.03169 seconds, 2000.07 MB
vOLE Recv: 5.60019 seconds, 2000.07 MB
vOLE Recv: 6.8964 seconds, 2000.07 MB
vOLE Recv: 6.94245 seconds, 2000.07 MB

Server 0 Input Commitment DisHonest:
Total Time = 7.0697 seconds
Receiving directly 8000.27 MB in 254 rounds, taking 12.1728 seconds
Sending directly 0.000128 MB in 2 rounds, taking 0 seconds
