vOLE Recv: 28.1778 seconds, 8852.4 MB
vOLE Recv: 29.0477 seconds, 8852.4 MB
vOLE Recv: 29.5465 seconds, 8852.4 MB
vOLE Recv: 29.6793 seconds, 8852.4 MB

Server 0 Input Commitment DisHonest:
Total Time = 30.1073 seconds
Receiving directly 35409.6 MB in 254 rounds, taking 51.4615 seconds
Sending directly 0.000128 MB in 2 rounds, taking 0 seconds
vOLE Recv: 27.9116 seconds, 8852.4 MB
vOLE Recv: 29.2728 seconds, 8852.4 MB
vOLE Recv: 29.9041 seconds, 8852.4 MB
vOLE Recv: 30.4096 seconds, 8852.4 MB

Server 0 Input Commitment DisHonest:
Total Time = 30.7931 seconds
Receiving directly 35409.6 MB in 254 rounds, taking 52.5927 seconds
Sending directly 0.000128 MB in 2 rounds, taking 0 seconds
vOLE Recv: 25.6206 seconds, 8852.4 MB
vOLE Recv: 28.0471 seconds, 8852.4 MB
vOLE Recv: 29.5409 seconds, 8852.4 MB
vOLE Recv: 31.6737 seconds, 8852.4 MB

Server 0 Input Commitment DisHonest:
Total Time = 32.0707 seconds
Receiving directly 35409.6 MB in 254 rounds, taking 49.9804 seconds
Sending directly 0.000128 MB in 2 rounds, taking 0 seconds
vOLE Recv: 28.4673 seconds, 8852.4 MB
vOLE Recv: 28.7287 seconds, 8852.4 MB
vOLE Recv: 29.6037 seconds, 8852.4 MB
vOLE Recv: 30.2174 seconds, 8852.4 MB

Server 0 Input Commitment DisHonest:
Total Time = 30.6667 seconds
Receiving directly 35409.6 MB in 254 rounds, taking 51.5769 seconds
Sending directly 0.000128 MB in 2 rounds, taking 0 seconds
vOLE Recv: 26.4169 seconds, 8852.4 MB
vOLE Recv: 29.3269 seconds, 8852.4 MB
vOLE Recv: 29.4795 seconds, 8852.4 MB
vOLE Recv: 29.588 seconds, 8852.4 MB

Server 0 Input Commitment DisHonest:
Total Time = 30.1134 seconds
Receiving directly 35409.6 MB in 254 rounds, taking 50.6305 seconds
Sending directly 0.000128 MB in 2 rounds, taking 0 seconds
