Running /home/y-yordanov/workspace/AlphaFL-FLAME/Scripts/../spdz2k-party.x 0 flame_leaky-10-300000 -F -pn 12938 -h localhost -N 2
Running /home/y-yordanov/workspace/AlphaFL-FLAME/Scripts/../spdz2k-party.x 1 flame_leaky-10-300000 -F -pn 12938 -h localhost -N 2
Using SPDZ2k security parameter 64
Using statistical security parameter 40
Trying to run 64-bit computation
Starting timer 1 at 0 (0 MB, 0 rounds) after 2.9125e-05
Starting timer 2 at 0 (0 MB, 0 rounds) after 7.31e-07
Stopped timer 2 at 5.10887 (12.1203 MB, 7508 rounds)
Starting timer 3 at 0 (0 MB, 0 rounds) after 1.833e-06
REUSING DATA - ONLY FOR BENCHMARKING
Stopped timer 3 at 0.574327 (48.0004 MB, 12 rounds)
Starting timer 4 at 0 (0 MB, 0 rounds) after 2.124e-06
Stopped timer 4 at 4.85446 (960.007 MB, 406 rounds)
Starting timer 5 at 0 (0 MB, 0 rounds) after 1.263e-06
Stopped timer 5 at 0.00174954 (0.000924 MB, 30 rounds)
Starting timer 6 at 0 (0 MB, 0 rounds) after 1.022e-06
Stopped timer 6 at 3.0017e-05 (0 MB, 0 rounds)
Starting timer 7 at 0 (0 MB, 0 rounds) after 6.42e-07
Stopped timer 7 at 0.0927819 (0 MB, 0 rounds)
Starting timer 8 at 0 (0 MB, 0 rounds) after 2.334e-06
Stopped timer 8 at 0.207871 (0 MB, 0 rounds)
Starting timer 9 at 0 (0 MB, 0 rounds) after 1.092e-06
Stopped timer 9 at 7.29124 (16.3706 MB, 10336 rounds)
Starting timer 10 at 0 (0 MB, 0 rounds) after 1.613e-06
Stopped timer 10 at 0.28946 (4.8001 MB, 6 rounds)
Starting timer 11 at 0 (0 MB, 0 rounds) after 1.873e-06
Stopped timer 11 at 0.000446193 (7.6e-05 MB, 3 rounds)
Stopped timer 1 at 18.4215 (1041.3 MB, 18301 rounds)
The following benchmarks are excluding preprocessing (offline phase).
Time = 18.5629 seconds 
Time1 = 18.4215 seconds (1041.3 MB, 18301 rounds)
Time2 = 5.10887 seconds (12.1203 MB, 7508 rounds)
Time3 = 0.574327 seconds (48.0004 MB, 12 rounds)
Time4 = 4.85446 seconds (960.007 MB, 406 rounds)
Time5 = 0.00174954 seconds (0.000924 MB, 30 rounds)
Time6 = 3.0017e-05 seconds (0 MB, 0 rounds)
Time7 = 0.0927819 seconds (0 MB, 0 rounds)
Time8 = 0.207871 seconds (0 MB, 0 rounds)
Time9 = 7.29124 seconds (16.3706 MB, 10336 rounds)
Time10 = 0.28946 seconds (4.8001 MB, 6 rounds)
Time11 = 0.000446193 seconds (7.6e-05 MB, 3 rounds)
Data sent = 1041.3 MB in ~18301 rounds (party 0 only; rounds counted double due to multi-threading; use '-v' for more details)
Global data sent = 2082.6 MB (all parties)
Running /home/y-yordanov/workspace/AlphaFL-FLAME/Scripts/../spdz2k-party.x 0 flame_leaky-10-300000 -F -pn 13391 -h localhost -N 2
Running /home/y-yordanov/workspace/AlphaFL-FLAME/Scripts/../spdz2k-party.x 1 flame_leaky-10-300000 -F -pn 13391 -h localhost -N 2
Using SPDZ2k security parameter 64
Using statistical security parameter 40
Trying to run 64-bit computation
Starting timer 1 at 0 (0 MB, 0 rounds) after 2.8404e-05
Starting timer 2 at 0 (0 MB, 0 rounds) after 7.11e-07
Stopped timer 2 at 5.1016 (12.1203 MB, 7508 rounds)
Starting timer 3 at 0 (0 MB, 0 rounds) after 2.234e-06
REUSING DATA - ONLY FOR BENCHMARKING
Stopped timer 3 at 0.569639 (48.0004 MB, 12 rounds)
Starting timer 4 at 0 (0 MB, 0 rounds) after 2.204e-06
Stopped timer 4 at 4.98454 (960.007 MB, 406 rounds)
Starting timer 5 at 0 (0 MB, 0 rounds) after 1.212e-06
Stopped timer 5 at 0.00172434 (0.000924 MB, 30 rounds)
Starting timer 6 at 0 (0 MB, 0 rounds) after 9.62e-07
Stopped timer 6 at 2.9996e-05 (0 MB, 0 rounds)
Starting timer 7 at 0 (0 MB, 0 rounds) after 6.81e-07
Stopped timer 7 at 0.092026 (0 MB, 0 rounds)
Starting timer 8 at 0 (0 MB, 0 rounds) after 3.076e-06
Stopped timer 8 at 0.20269 (0 MB, 0 rounds)
Starting timer 9 at 0 (0 MB, 0 rounds) after 1.723e-06
Stopped timer 9 at 7.28756 (16.3706 MB, 10336 rounds)
Starting timer 10 at 0 (0 MB, 0 rounds) after 1.162e-06
Stopped timer 10 at 0.290702 (4.8001 MB, 6 rounds)
Starting timer 11 at 0 (0 MB, 0 rounds) after 1.212e-06
Stopped timer 11 at 0.00031777 (7.6e-05 MB, 3 rounds)
Stopped timer 1 at 18.5311 (1041.3 MB, 18301 rounds)
The following benchmarks are excluding preprocessing (offline phase).
Time = 18.6723 seconds 
Time1 = 18.5311 seconds (1041.3 MB, 18301 rounds)
Time2 = 5.1016 seconds (12.1203 MB, 7508 rounds)
Time3 = 0.569639 seconds (48.0004 MB, 12 rounds)
Time4 = 4.98454 seconds (960.007 MB, 406 rounds)
Time5 = 0.00172434 seconds (0.000924 MB, 30 rounds)
Time6 = 2.9996e-05 seconds (0 MB, 0 rounds)
Time7 = 0.092026 seconds (0 MB, 0 rounds)
Time8 = 0.20269 seconds (0 MB, 0 rounds)
Time9 = 7.28756 seconds (16.3706 MB, 10336 rounds)
Time10 = 0.290702 seconds (4.8001 MB, 6 rounds)
Time11 = 0.00031777 seconds (7.6e-05 MB, 3 rounds)
Data sent = 1041.3 MB in ~18301 rounds (party 0 only; rounds counted double due to multi-threading; use '-v' for more details)
Global data sent = 2082.6 MB (all parties)
Running /home/y-yordanov/workspace/AlphaFL-FLAME/Scripts/../spdz2k-party.x 0 flame_leaky-10-300000 -F -pn 11674 -h localhost -N 2
Running /home/y-yordanov/workspace/AlphaFL-FLAME/Scripts/../spdz2k-party.x 1 flame_leaky-10-300000 -F -pn 11674 -h localhost -N 2
Using SPDZ2k security parameter 64
Using statistical security parameter 40
Trying to run 64-bit computation
Starting timer 1 at 0 (0 MB, 0 rounds) after 2.9215e-05
Starting timer 2 at 0 (0 MB, 0 rounds) after 7.42e-07
Stopped timer 2 at 5.12467 (12.1203 MB, 7508 rounds)
Starting timer 3 at 0 (0 MB, 0 rounds) after 1.152e-06
REUSING DATA - ONLY FOR BENCHMARKING
Stopped timer 3 at 0.566067 (48.0004 MB, 12 rounds)
Starting timer 4 at 0 (0 MB, 0 rounds) after 1.042e-06
Stopped timer 4 at 5.4596 (960.007 MB, 406 rounds)
Starting timer 5 at 0 (0 MB, 0 rounds) after 1.182e-06
Stopped timer 5 at 0.00189236 (0.000924 MB, 30 rounds)
Starting timer 6 at 0 (0 MB, 0 rounds) after 1.001e-06
Stopped timer 6 at 2.9626e-05 (0 MB, 0 rounds)
Starting timer 7 at 0 (0 MB, 0 rounds) after 8.42e-07
Stopped timer 7 at 0.0918527 (0 MB, 0 rounds)
Starting timer 8 at 0 (0 MB, 0 rounds) after 2.335e-06
Stopped timer 8 at 0.206567 (0 MB, 0 rounds)
Starting timer 9 at 0 (0 MB, 0 rounds) after 1.984e-06
Stopped timer 9 at 7.29572 (16.3706 MB, 10336 rounds)
Starting timer 10 at 0 (0 MB, 0 rounds) after 1.784e-06
Stopped timer 10 at 0.289261 (4.8001 MB, 6 rounds)
Starting timer 11 at 0 (0 MB, 0 rounds) after 1.303e-06
Stopped timer 11 at 0.000345583 (7.6e-05 MB, 3 rounds)
Stopped timer 1 at 19.0363 (1041.3 MB, 18301 rounds)
The following benchmarks are excluding preprocessing (offline phase).
Time = 19.1775 seconds 
Time1 = 19.0363 seconds (1041.3 MB, 18301 rounds)
Time2 = 5.12467 seconds (12.1203 MB, 7508 rounds)
Time3 = 0.566067 seconds (48.0004 MB, 12 rounds)
Time4 = 5.4596 seconds (960.007 MB, 406 rounds)
Time5 = 0.00189236 seconds (0.000924 MB, 30 rounds)
Time6 = 2.9626e-05 seconds (0 MB, 0 rounds)
Time7 = 0.0918527 seconds (0 MB, 0 rounds)
Time8 = 0.206567 seconds (0 MB, 0 rounds)
Time9 = 7.29572 seconds (16.3706 MB, 10336 rounds)
Time10 = 0.289261 seconds (4.8001 MB, 6 rounds)
Time11 = 0.000345583 seconds (7.6e-05 MB, 3 rounds)
Data sent = 1041.3 MB in ~18301 rounds (party 0 only; rounds counted double due to multi-threading; use '-v' for more details)
Global data sent = 2082.6 MB (all parties)
Running /home/y-yordanov/workspace/AlphaFL-FLAME/Scripts/../spdz2k-party.x 0 flame_leaky-10-300000 -F -pn 19089 -h localhost -N 2
Running /home/y-yordanov/workspace/AlphaFL-FLAME/Scripts/../spdz2k-party.x 1 flame_leaky-10-300000 -F -pn 19089 -h localhost -N 2
Using SPDZ2k security parameter 64
Using statistical security parameter 40
Trying to run 64-bit computation
Starting timer 1 at 0 (0 MB, 0 rounds) after 3.0217e-05
Starting timer 2 at 0 (0 MB, 0 rounds) after 7.31e-07
Stopped timer 2 at 5.13526 (12.1203 MB, 7508 rounds)
Starting timer 3 at 0 (0 MB, 0 rounds) after 1.543e-06
REUSING DATA - ONLY FOR BENCHMARKING
Stopped timer 3 at 0.561452 (48.0004 MB, 12 rounds)
Starting timer 4 at 0 (0 MB, 0 rounds) after 1.974e-06
Stopped timer 4 at 4.85081 (960.007 MB, 406 rounds)
Starting timer 5 at 0 (0 MB, 0 rounds) after 1.222e-06
Stopped timer 5 at 0.00166797 (0.000924 MB, 30 rounds)
Starting timer 6 at 0 (0 MB, 0 rounds) after 1.042e-06
Stopped timer 6 at 4.2701e-05 (0 MB, 0 rounds)
Starting timer 7 at 0 (0 MB, 0 rounds) after 6.81e-07
Stopped timer 7 at 0.0942138 (0 MB, 0 rounds)
Starting timer 8 at 0 (0 MB, 0 rounds) after 1.934e-06
Stopped timer 8 at 0.206947 (0 MB, 0 rounds)
Starting timer 9 at 0 (0 MB, 0 rounds) after 1.503e-06
Stopped timer 9 at 7.29812 (16.3706 MB, 10336 rounds)
Starting timer 10 at 0 (0 MB, 0 rounds) after 1.162e-06
Stopped timer 10 at 0.305381 (4.8001 MB, 6 rounds)
Starting timer 11 at 0 (0 MB, 0 rounds) after 1.633e-06
Stopped timer 11 at 0.000302932 (7.6e-05 MB, 3 rounds)
Stopped timer 1 at 18.4545 (1041.3 MB, 18301 rounds)
The following benchmarks are excluding preprocessing (offline phase).
Time = 18.5998 seconds 
Time1 = 18.4545 seconds (1041.3 MB, 18301 rounds)
Time2 = 5.13526 seconds (12.1203 MB, 7508 rounds)
Time3 = 0.561452 seconds (48.0004 MB, 12 rounds)
Time4 = 4.85081 seconds (960.007 MB, 406 rounds)
Time5 = 0.00166797 seconds (0.000924 MB, 30 rounds)
Time6 = 4.2701e-05 seconds (0 MB, 0 rounds)
Time7 = 0.0942138 seconds (0 MB, 0 rounds)
Time8 = 0.206947 seconds (0 MB, 0 rounds)
Time9 = 7.29812 seconds (16.3706 MB, 10336 rounds)
Time10 = 0.305381 seconds (4.8001 MB, 6 rounds)
Time11 = 0.000302932 seconds (7.6e-05 MB, 3 rounds)
Data sent = 1041.3 MB in ~18301 rounds (party 0 only; rounds counted double due to multi-threading; use '-v' for more details)
Global data sent = 2082.6 MB (all parties)
Running /home/y-yordanov/workspace/AlphaFL-FLAME/Scripts/../spdz2k-party.x 0 flame_leaky-10-300000 -F -pn 12795 -h localhost -N 2
Running /home/y-yordanov/workspace/AlphaFL-FLAME/Scripts/../spdz2k-party.x 1 flame_leaky-10-300000 -F -pn 12795 -h localhost -N 2
Using SPDZ2k security parameter 64
Using statistical security parameter 40
Trying to run 64-bit computation
Starting timer 1 at 0 (0 MB, 0 rounds) after 2.9886e-05
Starting timer 2 at 0 (0 MB, 0 rounds) after 7.21e-07
Stopped timer 2 at 5.12499 (12.1203 MB, 7508 rounds)
Starting timer 3 at 0 (0 MB, 0 rounds) after 1.924e-06
REUSING DATA - ONLY FOR BENCHMARKING
Stopped timer 3 at 0.567498 (48.0004 MB, 12 rounds)
Starting timer 4 at 0 (0 MB, 0 rounds) after 1.212e-06
Stopped timer 4 at 4.92044 (960.007 MB, 406 rounds)
Starting timer 5 at 0 (0 MB, 0 rounds) after 1.673e-06
Stopped timer 5 at 0.00207372 (0.000924 MB, 30 rounds)
Starting timer 6 at 0 (0 MB, 0 rounds) after 1.523e-06
Stopped timer 6 at 3.0487e-05 (0 MB, 0 rounds)
Starting timer 7 at 0 (0 MB, 0 rounds) after 6.91e-07
Stopped timer 7 at 0.0929208 (0 MB, 0 rounds)
Starting timer 8 at 0 (0 MB, 0 rounds) after 2.996e-06
Stopped timer 8 at 0.208184 (0 MB, 0 rounds)
Starting timer 9 at 0 (0 MB, 0 rounds) after 1.553e-06
Stopped timer 9 at 7.29413 (16.3706 MB, 10336 rounds)
Starting timer 10 at 0 (0 MB, 0 rounds) after 1.342e-06
Stopped timer 10 at 0.307379 (4.8001 MB, 6 rounds)
Starting timer 11 at 0 (0 MB, 0 rounds) after 2.275e-06
Stopped timer 11 at 0.00083706 (7.6e-05 MB, 3 rounds)
Stopped timer 1 at 18.5188 (1041.3 MB, 18301 rounds)
The following benchmarks are excluding preprocessing (offline phase).
Time = 18.6601 seconds 
Time1 = 18.5188 seconds (1041.3 MB, 18301 rounds)
Time2 = 5.12499 seconds (12.1203 MB, 7508 rounds)
Time3 = 0.567498 seconds (48.0004 MB, 12 rounds)
Time4 = 4.92044 seconds (960.007 MB, 406 rounds)
Time5 = 0.00207372 seconds (0.000924 MB, 30 rounds)
Time6 = 3.0487e-05 seconds (0 MB, 0 rounds)
Time7 = 0.0929208 seconds (0 MB, 0 rounds)
Time8 = 0.208184 seconds (0 MB, 0 rounds)
Time9 = 7.29413 seconds (16.3706 MB, 10336 rounds)
Time10 = 0.307379 seconds (4.8001 MB, 6 rounds)
Time11 = 0.00083706 seconds (7.6e-05 MB, 3 rounds)
Data sent = 1041.3 MB in ~18301 rounds (party 0 only; rounds counted double due to multi-threading; use '-v' for more details)
Global data sent = 2082.6 MB (all parties)
