Running /home/y-yordanov/workspace/AlphaFL-FLAME/Scripts/../spdz2k-party.x 0 flame_leaky-10-100000 -F -pn 18454 -h localhost -N 2
Running /home/y-yordanov/workspace/AlphaFL-FLAME/Scripts/../spdz2k-party.x 1 flame_leaky-10-100000 -F -pn 18454 -h localhost -N 2
Using SPDZ2k security parameter 64
Using statistical security parameter 40
Trying to run 64-bit computation
Starting timer 1 at 0 (0 MB, 0 rounds) after 1.6572e-05
Starting timer 2 at 0 (0 MB, 0 rounds) after 7.82e-07
Stopped timer 2 at 1.70308 (4.03866 MB, 2408 rounds)
Starting timer 3 at 0 (0 MB, 0 rounds) after 1.192e-06
REUSING DATA - ONLY FOR BENCHMARKING
Stopped timer 3 at 0.182752 (16.0004 MB, 12 rounds)
Starting timer 4 at 0 (0 MB, 0 rounds) after 1.382e-06
Stopped timer 4 at 1.90109 (320.004 MB, 286 rounds)
Starting timer 5 at 0 (0 MB, 0 rounds) after 1.132e-06
Stopped timer 5 at 0.00425661 (0.000924 MB, 30 rounds)
Starting timer 6 at 0 (0 MB, 0 rounds) after 9.92e-07
Stopped timer 6 at 3.4435e-05 (0 MB, 0 rounds)
Starting timer 7 at 0 (0 MB, 0 rounds) after 6.41e-07
Stopped timer 7 at 0.0298382 (0 MB, 0 rounds)
Starting timer 8 at 0 (0 MB, 0 rounds) after 1.323e-06
Stopped timer 8 at 0.0621844 (0 MB, 0 rounds)
Starting timer 9 at 0 (0 MB, 0 rounds) after 1.623e-06
Stopped timer 9 at 2.4574 (5.46497 MB, 3736 rounds)
Starting timer 10 at 0 (0 MB, 0 rounds) after 2.765e-06
Stopped timer 10 at 0.0909244 (1.6001 MB, 6 rounds)
Starting timer 11 at 0 (0 MB, 0 rounds) after 2.154e-06
Stopped timer 11 at 0.000510373 (7.6e-05 MB, 3 rounds)
Stopped timer 1 at 6.43236 (347.109 MB, 6481 rounds)
The following benchmarks are excluding preprocessing (offline phase).
Time = 6.48351 seconds 
Time1 = 6.43236 seconds (347.109 MB, 6481 rounds)
Time2 = 1.70308 seconds (4.03866 MB, 2408 rounds)
Time3 = 0.182752 seconds (16.0004 MB, 12 rounds)
Time4 = 1.90109 seconds (320.004 MB, 286 rounds)
Time5 = 0.00425661 seconds (0.000924 MB, 30 rounds)
Time6 = 3.4435e-05 seconds (0 MB, 0 rounds)
Time7 = 0.0298382 seconds (0 MB, 0 rounds)
Time8 = 0.0621844 seconds (0 MB, 0 rounds)
Time9 = 2.4574 seconds (5.46497 MB, 3736 rounds)
Time10 = 0.0909244 seconds (1.6001 MB, 6 rounds)
Time11 = 0.000510373 seconds (7.6e-05 MB, 3 rounds)
Data sent = 347.109 MB in ~6481 rounds (party 0 only; rounds counted double due to multi-threading; use '-v' for more details)
Global data sent = 694.218 MB (all parties)
Running /home/y-yordanov/workspace/AlphaFL-FLAME/Scripts/../spdz2k-party.x 0 flame_leaky-10-100000 -F -pn 11610 -h localhost -N 2
Running /home/y-yordanov/workspace/AlphaFL-FLAME/Scripts/../spdz2k-party.x 1 flame_leaky-10-100000 -F -pn 11610 -h localhost -N 2
Using SPDZ2k security parameter 64
Using statistical security parameter 40
Trying to run 64-bit computation
Starting timer 1 at 0 (0 MB, 0 rounds) after 2.9696e-05
Starting timer 2 at 0 (0 MB, 0 rounds) after 7.41e-07
Stopped timer 2 at 1.70662 (4.03866 MB, 2408 rounds)
Starting timer 3 at 0 (0 MB, 0 rounds) after 2.044e-06
REUSING DATA - ONLY FOR BENCHMARKING
Stopped timer 3 at 0.178437 (16.0004 MB, 12 rounds)
Starting timer 4 at 0 (0 MB, 0 rounds) after 1.253e-06
Stopped timer 4 at 1.45727 (320.004 MB, 286 rounds)
Starting timer 5 at 0 (0 MB, 0 rounds) after 1.383e-06
Stopped timer 5 at 0.0019157 (0.000924 MB, 30 rounds)
Starting timer 6 at 0 (0 MB, 0 rounds) after 9.92e-07
Stopped timer 6 at 2.9636e-05 (0 MB, 0 rounds)
Starting timer 7 at 0 (0 MB, 0 rounds) after 5.51e-07
Stopped timer 7 at 0.0301248 (0 MB, 0 rounds)
Starting timer 8 at 0 (0 MB, 0 rounds) after 1.092e-06
Stopped timer 8 at 0.0646997 (0 MB, 0 rounds)
Starting timer 9 at 0 (0 MB, 0 rounds) after 1.623e-06
Stopped timer 9 at 2.47039 (5.46497 MB, 3736 rounds)
Starting timer 10 at 0 (0 MB, 0 rounds) after 1.924e-06
Stopped timer 10 at 0.0922847 (1.6001 MB, 6 rounds)
Starting timer 11 at 0 (0 MB, 0 rounds) after 1.753e-06
Stopped timer 11 at 0.000506266 (7.6e-05 MB, 3 rounds)
Stopped timer 1 at 6.00253 (347.109 MB, 6481 rounds)
The following benchmarks are excluding preprocessing (offline phase).
Time = 6.04695 seconds 
Time1 = 6.00253 seconds (347.109 MB, 6481 rounds)
Time2 = 1.70662 seconds (4.03866 MB, 2408 rounds)
Time3 = 0.178437 seconds (16.0004 MB, 12 rounds)
Time4 = 1.45727 seconds (320.004 MB, 286 rounds)
Time5 = 0.0019157 seconds (0.000924 MB, 30 rounds)
Time6 = 2.9636e-05 seconds (0 MB, 0 rounds)
Time7 = 0.0301248 seconds (0 MB, 0 rounds)
Time8 = 0.0646997 seconds (0 MB, 0 rounds)
Time9 = 2.47039 seconds (5.46497 MB, 3736 rounds)
Time10 = 0.0922847 seconds (1.6001 MB, 6 rounds)
Time11 = 0.000506266 seconds (7.6e-05 MB, 3 rounds)
Data sent = 347.109 MB in ~6481 rounds (party 0 only; rounds counted double due to multi-threading; use '-v' for more details)
Global data sent = 694.218 MB (all parties)
Running /home/y-yordanov/workspace/AlphaFL-FLAME/Scripts/../spdz2k-party.x 0 flame_leaky-10-100000 -F -pn 17708 -h localhost -N 2
Running /home/y-yordanov/workspace/AlphaFL-FLAME/Scripts/../spdz2k-party.x 1 flame_leaky-10-100000 -F -pn 17708 -h localhost -N 2
Using SPDZ2k security parameter 64
Using statistical security parameter 40
Trying to run 64-bit computation
Starting timer 1 at 0 (0 MB, 0 rounds) after 2.9255e-05
Starting timer 2 at 0 (0 MB, 0 rounds) after 7.41e-07
Stopped timer 2 at 1.70518 (4.03866 MB, 2408 rounds)
Starting timer 3 at 0 (0 MB, 0 rounds) after 1.583e-06
REUSING DATA - ONLY FOR BENCHMARKING
Stopped timer 3 at 0.179042 (16.0004 MB, 12 rounds)
Starting timer 4 at 0 (0 MB, 0 rounds) after 1.623e-06
Stopped timer 4 at 1.43062 (320.004 MB, 286 rounds)
Starting timer 5 at 0 (0 MB, 0 rounds) after 1.693e-06
Stopped timer 5 at 0.0015891 (0.000924 MB, 30 rounds)
Starting timer 6 at 0 (0 MB, 0 rounds) after 1.012e-06
Stopped timer 6 at 3.1719e-05 (0 MB, 0 rounds)
Starting timer 7 at 0 (0 MB, 0 rounds) after 6.91e-07
Stopped timer 7 at 0.0288292 (0 MB, 0 rounds)
Starting timer 8 at 0 (0 MB, 0 rounds) after 3.717e-06
Stopped timer 8 at 0.0613608 (0 MB, 0 rounds)
Starting timer 9 at 0 (0 MB, 0 rounds) after 1.764e-06
Stopped timer 9 at 2.47099 (5.46497 MB, 3736 rounds)
Starting timer 10 at 0 (0 MB, 0 rounds) after 1.663e-06
Stopped timer 10 at 0.0945917 (1.6001 MB, 6 rounds)
Starting timer 11 at 0 (0 MB, 0 rounds) after 1.533e-06
Stopped timer 11 at 0.000496347 (7.6e-05 MB, 3 rounds)
Stopped timer 1 at 5.97308 (347.109 MB, 6481 rounds)
The following benchmarks are excluding preprocessing (offline phase).
Time = 6.01648 seconds 
Time1 = 5.97308 seconds (347.109 MB, 6481 rounds)
Time2 = 1.70518 seconds (4.03866 MB, 2408 rounds)
Time3 = 0.179042 seconds (16.0004 MB, 12 rounds)
Time4 = 1.43062 seconds (320.004 MB, 286 rounds)
Time5 = 0.0015891 seconds (0.000924 MB, 30 rounds)
Time6 = 3.1719e-05 seconds (0 MB, 0 rounds)
Time7 = 0.0288292 seconds (0 MB, 0 rounds)
Time8 = 0.0613608 seconds (0 MB, 0 rounds)
Time9 = 2.47099 seconds (5.46497 MB, 3736 rounds)
Time10 = 0.0945917 seconds (1.6001 MB, 6 rounds)
Time11 = 0.000496347 seconds (7.6e-05 MB, 3 rounds)
Data sent = 347.109 MB in ~6481 rounds (party 0 only; rounds counted double due to multi-threading; use '-v' for more details)
Global data sent = 694.218 MB (all parties)
Running /home/y-yordanov/workspace/AlphaFL-FLAME/Scripts/../spdz2k-party.x 0 flame_leaky-10-100000 -F -pn 12392 -h localhost -N 2
Running /home/y-yordanov/workspace/AlphaFL-FLAME/Scripts/../spdz2k-party.x 1 flame_leaky-10-100000 -F -pn 12392 -h localhost -N 2
Using SPDZ2k security parameter 64
Using statistical security parameter 40
Trying to run 64-bit computation
Starting timer 1 at 0 (0 MB, 0 rounds) after 2.9696e-05
Starting timer 2 at 0 (0 MB, 0 rounds) after 7.12e-07
Stopped timer 2 at 1.70159 (4.03866 MB, 2408 rounds)
Starting timer 3 at 0 (0 MB, 0 rounds) after 1.242e-06
REUSING DATA - ONLY FOR BENCHMARKING
Stopped timer 3 at 0.181421 (16.0004 MB, 12 rounds)
Starting timer 4 at 0 (0 MB, 0 rounds) after 1.143e-06
Stopped timer 4 at 1.42694 (320.004 MB, 286 rounds)
Starting timer 5 at 0 (0 MB, 0 rounds) after 1.253e-06
Stopped timer 5 at 0.00164497 (0.000924 MB, 30 rounds)
Starting timer 6 at 0 (0 MB, 0 rounds) after 1.012e-06
Stopped timer 6 at 3.1059e-05 (0 MB, 0 rounds)
Starting timer 7 at 0 (0 MB, 0 rounds) after 6.21e-07
Stopped timer 7 at 0.0296662 (0 MB, 0 rounds)
Starting timer 8 at 0 (0 MB, 0 rounds) after 1.323e-06
Stopped timer 8 at 0.0644192 (0 MB, 0 rounds)
Starting timer 9 at 0 (0 MB, 0 rounds) after 1.152e-06
Stopped timer 9 at 2.45934 (5.46497 MB, 3736 rounds)
Starting timer 10 at 0 (0 MB, 0 rounds) after 1.312e-06
Stopped timer 10 at 0.0888474 (1.6001 MB, 6 rounds)
Starting timer 11 at 0 (0 MB, 0 rounds) after 2.074e-06
Stopped timer 11 at 0.000550749 (7.6e-05 MB, 3 rounds)
Stopped timer 1 at 5.95471 (347.109 MB, 6481 rounds)
The following benchmarks are excluding preprocessing (offline phase).
Time = 5.99982 seconds 
Time1 = 5.95471 seconds (347.109 MB, 6481 rounds)
Time2 = 1.70159 seconds (4.03866 MB, 2408 rounds)
Time3 = 0.181421 seconds (16.0004 MB, 12 rounds)
Time4 = 1.42694 seconds (320.004 MB, 286 rounds)
Time5 = 0.00164497 seconds (0.000924 MB, 30 rounds)
Time6 = 3.1059e-05 seconds (0 MB, 0 rounds)
Time7 = 0.0296662 seconds (0 MB, 0 rounds)
Time8 = 0.0644192 seconds (0 MB, 0 rounds)
Time9 = 2.45934 seconds (5.46497 MB, 3736 rounds)
Time10 = 0.0888474 seconds (1.6001 MB, 6 rounds)
Time11 = 0.000550749 seconds (7.6e-05 MB, 3 rounds)
Data sent = 347.109 MB in ~6481 rounds (party 0 only; rounds counted double due to multi-threading; use '-v' for more details)
Global data sent = 694.218 MB (all parties)
Running /home/y-yordanov/workspace/AlphaFL-FLAME/Scripts/../spdz2k-party.x 0 flame_leaky-10-100000 -F -pn 13349 -h localhost -N 2
Running /home/y-yordanov/workspace/AlphaFL-FLAME/Scripts/../spdz2k-party.x 1 flame_leaky-10-100000 -F -pn 13349 -h localhost -N 2
Using SPDZ2k security parameter 64
Using statistical security parameter 40
Trying to run 64-bit computation
Starting timer 1 at 0 (0 MB, 0 rounds) after 2.9165e-05
Starting timer 2 at 0 (0 MB, 0 rounds) after 7.71e-07
Stopped timer 2 at 1.69161 (4.03866 MB, 2408 rounds)
Starting timer 3 at 0 (0 MB, 0 rounds) after 1.834e-06
REUSING DATA - ONLY FOR BENCHMARKING
Stopped timer 3 at 0.178873 (16.0004 MB, 12 rounds)
Starting timer 4 at 0 (0 MB, 0 rounds) after 2.284e-06
Stopped timer 4 at 1.64594 (320.004 MB, 286 rounds)
Starting timer 5 at 0 (0 MB, 0 rounds) after 1.282e-06
Stopped timer 5 at 0.00195426 (0.000924 MB, 30 rounds)
Starting timer 6 at 0 (0 MB, 0 rounds) after 9.62e-07
Stopped timer 6 at 2.9535e-05 (0 MB, 0 rounds)
Starting timer 7 at 0 (0 MB, 0 rounds) after 6.22e-07
Stopped timer 7 at 0.0299116 (0 MB, 0 rounds)
Starting timer 8 at 0 (0 MB, 0 rounds) after 9.52e-07
Stopped timer 8 at 0.0660242 (0 MB, 0 rounds)
Starting timer 9 at 0 (0 MB, 0 rounds) after 1.042e-06
Stopped timer 9 at 2.47798 (5.46497 MB, 3736 rounds)
Starting timer 10 at 0 (0 MB, 0 rounds) after 1.383e-06
Stopped timer 10 at 0.0859705 (1.6001 MB, 6 rounds)
Starting timer 11 at 0 (0 MB, 0 rounds) after 1.493e-06
Stopped timer 11 at 0.000368977 (7.6e-05 MB, 3 rounds)
Stopped timer 1 at 6.17888 (347.109 MB, 6481 rounds)
The following benchmarks are excluding preprocessing (offline phase).
Time = 6.22277 seconds 
Time1 = 6.17888 seconds (347.109 MB, 6481 rounds)
Time2 = 1.69161 seconds (4.03866 MB, 2408 rounds)
Time3 = 0.178873 seconds (16.0004 MB, 12 rounds)
Time4 = 1.64594 seconds (320.004 MB, 286 rounds)
Time5 = 0.00195426 seconds (0.000924 MB, 30 rounds)
Time6 = 2.9535e-05 seconds (0 MB, 0 rounds)
Time7 = 0.0299116 seconds (0 MB, 0 rounds)
Time8 = 0.0660242 seconds (0 MB, 0 rounds)
Time9 = 2.47798 seconds (5.46497 MB, 3736 rounds)
Time10 = 0.0859705 seconds (1.6001 MB, 6 rounds)
Time11 = 0.000368977 seconds (7.6e-05 MB, 3 rounds)
Data sent = 347.109 MB in ~6481 rounds (party 0 only; rounds counted double due to multi-threading; use '-v' for more details)
Global data sent = 694.218 MB (all parties)
