Running /home/y-yordanov/workspace/AlphaFL-FLAME/Scripts/../spdz2k-party.x 0 flame_leaky-10-10000 -F -pn 18679 -h localhost -N 2
Running /home/y-yordanov/workspace/AlphaFL-FLAME/Scripts/../spdz2k-party.x 1 flame_leaky-10-10000 -F -pn 18679 -h localhost -N 2
Using SPDZ2k security parameter 64
Using statistical security parameter 40
Trying to run 64-bit computation
Starting timer 1 at 0 (0 MB, 0 rounds) after 3.5267e-05
Starting timer 2 at 0 (0 MB, 0 rounds) after 1.192e-06
Stopped timer 2 at 0.194119 (0.404096 MB, 248 rounds)
Starting timer 3 at 0 (0 MB, 0 rounds) after 1.754e-06
REUSING DATA - ONLY FOR BENCHMARKING
Stopped timer 3 at 0.0215276 (1.60037 MB, 12 rounds)
Starting timer 4 at 0 (0 MB, 0 rounds) after 1.633e-06
Stopped timer 4 at 0.39533 (32.0019 MB, 214 rounds)
Starting timer 5 at 0 (0 MB, 0 rounds) after 1.282e-06
Stopped timer 5 at 0.00154421 (0.000924 MB, 30 rounds)
Starting timer 6 at 0 (0 MB, 0 rounds) after 9.62e-07
Stopped timer 6 at 3.0047e-05 (0 MB, 0 rounds)
Starting timer 7 at 0 (0 MB, 0 rounds) after 6.71e-07
Stopped timer 7 at 0.00236451 (0 MB, 0 rounds)
Starting timer 8 at 0 (0 MB, 0 rounds) after 1.453e-06
Stopped timer 8 at 0.00399429 (0 MB, 0 rounds)
Starting timer 9 at 0 (0 MB, 0 rounds) after 1.072e-06
Stopped timer 9 at 0.298426 (0.561769 MB, 1036 rounds)
Starting timer 10 at 0 (0 MB, 0 rounds) after 1.313e-06
Stopped timer 10 at 0.00894157 (0.160104 MB, 6 rounds)
Starting timer 11 at 0 (0 MB, 0 rounds) after 1.734e-06
Stopped timer 11 at 0.000610112 (7.6e-05 MB, 3 rounds)
Stopped timer 1 at 0.927113 (34.7292 MB, 1549 rounds)
The following benchmarks are excluding preprocessing (offline phase).
Time = 0.951756 seconds 
Time1 = 0.927113 seconds (34.7292 MB, 1549 rounds)
Time2 = 0.194119 seconds (0.404096 MB, 248 rounds)
Time3 = 0.0215276 seconds (1.60037 MB, 12 rounds)
Time4 = 0.39533 seconds (32.0019 MB, 214 rounds)
Time5 = 0.00154421 seconds (0.000924 MB, 30 rounds)
Time6 = 3.0047e-05 seconds (0 MB, 0 rounds)
Time7 = 0.00236451 seconds (0 MB, 0 rounds)
Time8 = 0.00399429 seconds (0 MB, 0 rounds)
Time9 = 0.298426 seconds (0.561769 MB, 1036 rounds)
Time10 = 0.00894157 seconds (0.160104 MB, 6 rounds)
Time11 = 0.000610112 seconds (7.6e-05 MB, 3 rounds)
Data sent = 34.7292 MB in ~1549 rounds (party 0 only; rounds counted double due to multi-threading; use '-v' for more details)
Global data sent = 69.4585 MB (all parties)
