Running /home/y-yordanov/workspace/AlphaFL-FLAME/Scripts/../spdz2k-party.x 0 flame_leaky-20-100000 -F -pn 17878 -h localhost -N 2
Running /home/y-yordanov/workspace/AlphaFL-FLAME/Scripts/../spdz2k-party.x 1 flame_leaky-20-100000 -F -pn 17878 -h localhost -N 2
Using SPDZ2k security parameter 64
Using statistical security parameter 40
Trying to run 64-bit computation
Starting timer 1 at 0 (0 MB, 0 rounds) after 3.7311e-05
Starting timer 2 at 0 (0 MB, 0 rounds) after 1.694e-06
Stopped timer 2 at 3.41346 (8.07706 MB, 4808 rounds)
Starting timer 3 at 0 (0 MB, 0 rounds) after 1.373e-06
REUSING DATA - ONLY FOR BENCHMARKING
Stopped timer 3 at 0.355868 (32.0005 MB, 12 rounds)
Starting timer 4 at 0 (0 MB, 0 rounds) after 1.573e-06
Stopped timer 4 at 6.43817 (1280.01 MB, 1126 rounds)
Starting timer 5 at 0 (0 MB, 0 rounds) after 1.763e-06
Stopped timer 5 at 0.00303385 (0.001537 MB, 30 rounds)
Starting timer 6 at 0 (0 MB, 0 rounds) after 1.002e-06
Stopped timer 6 at 0.000123413 (0 MB, 0 rounds)
Starting timer 7 at 0 (0 MB, 0 rounds) after 5.81e-07
Stopped timer 7 at 0.0613528 (0 MB, 0 rounds)
Starting timer 8 at 0 (0 MB, 0 rounds) after 1.773e-06
Stopped timer 8 at 0.111754 (0 MB, 0 rounds)
Starting timer 9 at 0 (0 MB, 0 rounds) after 1.403e-06
Stopped timer 9 at 2.2155 (4.86497 MB, 3736 rounds)
Starting timer 10 at 0 (0 MB, 0 rounds) after 2.314e-06
Stopped timer 10 at 0.0897738 (1.6001 MB, 6 rounds)
Starting timer 11 at 0 (0 MB, 0 rounds) after 1.944e-06
Stopped timer 11 at 0.000549788 (7.6e-05 MB, 3 rounds)
Stopped timer 1 at 12.6899 (1326.56 MB, 9721 rounds)
The following benchmarks are excluding preprocessing (offline phase).
Time = 12.7661 seconds 
Time1 = 12.6899 seconds (1326.56 MB, 9721 rounds)
Time2 = 3.41346 seconds (8.07706 MB, 4808 rounds)
Time3 = 0.355868 seconds (32.0005 MB, 12 rounds)
Time4 = 6.43817 seconds (1280.01 MB, 1126 rounds)
Time5 = 0.00303385 seconds (0.001537 MB, 30 rounds)
Time6 = 0.000123413 seconds (0 MB, 0 rounds)
Time7 = 0.0613528 seconds (0 MB, 0 rounds)
Time8 = 0.111754 seconds (0 MB, 0 rounds)
Time9 = 2.2155 seconds (4.86497 MB, 3736 rounds)
Time10 = 0.0897738 seconds (1.6001 MB, 6 rounds)
Time11 = 0.000549788 seconds (7.6e-05 MB, 3 rounds)
Data sent = 1326.56 MB in ~9721 rounds (party 0 only; rounds counted double due to multi-threading; use '-v' for more details)
Global data sent = 2653.12 MB (all parties)
Running /home/y-yordanov/workspace/AlphaFL-FLAME/Scripts/../spdz2k-party.x 0 flame_leaky-20-100000 -F -pn 12333 -h localhost -N 2
Running /home/y-yordanov/workspace/AlphaFL-FLAME/Scripts/../spdz2k-party.x 1 flame_leaky-20-100000 -F -pn 12333 -h localhost -N 2
Using SPDZ2k security parameter 64
Using statistical security parameter 40
Trying to run 64-bit computation
Starting timer 1 at 0 (0 MB, 0 rounds) after 2.7732e-05
Starting timer 2 at 0 (0 MB, 0 rounds) after 7.41e-07
Stopped timer 2 at 3.40389 (8.07706 MB, 4808 rounds)
Starting timer 3 at 0 (0 MB, 0 rounds) after 1.503e-06
REUSING DATA - ONLY FOR BENCHMARKING
Stopped timer 3 at 0.354259 (32.0005 MB, 12 rounds)
Starting timer 4 at 0 (0 MB, 0 rounds) after 1.102e-06
Stopped timer 4 at 6.40945 (1280.01 MB, 1126 rounds)
Starting timer 5 at 0 (0 MB, 0 rounds) after 1.292e-06
Stopped timer 5 at 0.00202453 (0.001537 MB, 30 rounds)
Starting timer 6 at 0 (0 MB, 0 rounds) after 1.012e-06
Stopped timer 6 at 8.2677e-05 (0 MB, 0 rounds)
Starting timer 7 at 0 (0 MB, 0 rounds) after 5.71e-07
Stopped timer 7 at 0.0618053 (0 MB, 0 rounds)
Starting timer 8 at 0 (0 MB, 0 rounds) after 1.082e-06
Stopped timer 8 at 0.111235 (0 MB, 0 rounds)
Starting timer 9 at 0 (0 MB, 0 rounds) after 1.543e-06
Stopped timer 9 at 2.19985 (4.86497 MB, 3736 rounds)
Starting timer 10 at 0 (0 MB, 0 rounds) after 1.503e-06
Stopped timer 10 at 0.0891235 (1.6001 MB, 6 rounds)
Starting timer 11 at 0 (0 MB, 0 rounds) after 1.403e-06
Stopped timer 11 at 0.000354199 (7.6e-05 MB, 3 rounds)
Stopped timer 1 at 12.6323 (1326.56 MB, 9721 rounds)
The following benchmarks are excluding preprocessing (offline phase).
Time = 12.7071 seconds 
Time1 = 12.6323 seconds (1326.56 MB, 9721 rounds)
Time2 = 3.40389 seconds (8.07706 MB, 4808 rounds)
Time3 = 0.354259 seconds (32.0005 MB, 12 rounds)
Time4 = 6.40945 seconds (1280.01 MB, 1126 rounds)
Time5 = 0.00202453 seconds (0.001537 MB, 30 rounds)
Time6 = 8.2677e-05 seconds (0 MB, 0 rounds)
Time7 = 0.0618053 seconds (0 MB, 0 rounds)
Time8 = 0.111235 seconds (0 MB, 0 rounds)
Time9 = 2.19985 seconds (4.86497 MB, 3736 rounds)
Time10 = 0.0891235 seconds (1.6001 MB, 6 rounds)
Time11 = 0.000354199 seconds (7.6e-05 MB, 3 rounds)
Data sent = 1326.56 MB in ~9721 rounds (party 0 only; rounds counted double due to multi-threading; use '-v' for more details)
Global data sent = 2653.12 MB (all parties)
Running /home/y-yordanov/workspace/AlphaFL-FLAME/Scripts/../spdz2k-party.x 0 flame_leaky-20-100000 -F -pn 16100 -h localhost -N 2
Running /home/y-yordanov/workspace/AlphaFL-FLAME/Scripts/../spdz2k-party.x 1 flame_leaky-20-100000 -F -pn 16100 -h localhost -N 2
Using SPDZ2k security parameter 64
Using statistical security parameter 40
Trying to run 64-bit computation
Starting timer 1 at 0 (0 MB, 0 rounds) after 2.7231e-05
Starting timer 2 at 0 (0 MB, 0 rounds) after 7.12e-07
Stopped timer 2 at 3.38058 (8.07706 MB, 4808 rounds)
Starting timer 3 at 0 (0 MB, 0 rounds) after 1.422e-06
REUSING DATA - ONLY FOR BENCHMARKING
Stopped timer 3 at 0.353111 (32.0005 MB, 12 rounds)
Starting timer 4 at 0 (0 MB, 0 rounds) after 2.475e-06
Stopped timer 4 at 6.48555 (1280.01 MB, 1126 rounds)
Starting timer 5 at 0 (0 MB, 0 rounds) after 1.323e-06
Stopped timer 5 at 0.00229781 (0.001537 MB, 30 rounds)
Starting timer 6 at 0 (0 MB, 0 rounds) after 1.042e-06
Stopped timer 6 at 8.5061e-05 (0 MB, 0 rounds)
Starting timer 7 at 0 (0 MB, 0 rounds) after 5.71e-07
Stopped timer 7 at 0.0616091 (0 MB, 0 rounds)
Starting timer 8 at 0 (0 MB, 0 rounds) after 1.322e-06
Stopped timer 8 at 0.113591 (0 MB, 0 rounds)
Starting timer 9 at 0 (0 MB, 0 rounds) after 1.483e-06
Stopped timer 9 at 2.21389 (4.86497 MB, 3736 rounds)
Starting timer 10 at 0 (0 MB, 0 rounds) after 1.342e-06
Stopped timer 10 at 0.0889471 (1.6001 MB, 6 rounds)
Starting timer 11 at 0 (0 MB, 0 rounds) after 1.413e-06
Stopped timer 11 at 0.000756238 (7.6e-05 MB, 3 rounds)
Stopped timer 1 at 12.7006 (1326.56 MB, 9721 rounds)
The following benchmarks are excluding preprocessing (offline phase).
Time = 12.771 seconds 
Time1 = 12.7006 seconds (1326.56 MB, 9721 rounds)
Time2 = 3.38058 seconds (8.07706 MB, 4808 rounds)
Time3 = 0.353111 seconds (32.0005 MB, 12 rounds)
Time4 = 6.48555 seconds (1280.01 MB, 1126 rounds)
Time5 = 0.00229781 seconds (0.001537 MB, 30 rounds)
Time6 = 8.5061e-05 seconds (0 MB, 0 rounds)
Time7 = 0.0616091 seconds (0 MB, 0 rounds)
Time8 = 0.113591 seconds (0 MB, 0 rounds)
Time9 = 2.21389 seconds (4.86497 MB, 3736 rounds)
Time10 = 0.0889471 seconds (1.6001 MB, 6 rounds)
Time11 = 0.000756238 seconds (7.6e-05 MB, 3 rounds)
Data sent = 1326.56 MB in ~9721 rounds (party 0 only; rounds counted double due to multi-threading; use '-v' for more details)
Global data sent = 2653.12 MB (all parties)
Running /home/y-yordanov/workspace/AlphaFL-FLAME/Scripts/../spdz2k-party.x 0 flame_leaky-20-100000 -F -pn 12119 -h localhost -N 2
Running /home/y-yordanov/workspace/AlphaFL-FLAME/Scripts/../spdz2k-party.x 1 flame_leaky-20-100000 -F -pn 12119 -h localhost -N 2
Using SPDZ2k security parameter 64
Using statistical security parameter 40
Trying to run 64-bit computation
Starting timer 1 at 0 (0 MB, 0 rounds) after 1.4287e-05
Starting timer 2 at 0 (0 MB, 0 rounds) after 7.72e-07
Stopped timer 2 at 3.3894 (8.07706 MB, 4808 rounds)
Starting timer 3 at 0 (0 MB, 0 rounds) after 2.244e-06
REUSING DATA - ONLY FOR BENCHMARKING
Stopped timer 3 at 0.351207 (32.0005 MB, 12 rounds)
Starting timer 4 at 0 (0 MB, 0 rounds) after 1.733e-06
Stopped timer 4 at 6.47282 (1280.01 MB, 1126 rounds)
Starting timer 5 at 0 (0 MB, 0 rounds) after 1.473e-06
Stopped timer 5 at 0.00209822 (0.001537 MB, 30 rounds)
Starting timer 6 at 0 (0 MB, 0 rounds) after 1.082e-06
Stopped timer 6 at 8.3738e-05 (0 MB, 0 rounds)
Starting timer 7 at 0 (0 MB, 0 rounds) after 6.42e-07
Stopped timer 7 at 0.0608629 (0 MB, 0 rounds)
Starting timer 8 at 0 (0 MB, 0 rounds) after 3.036e-06
Stopped timer 8 at 0.113008 (0 MB, 0 rounds)
Starting timer 9 at 0 (0 MB, 0 rounds) after 1.743e-06
Stopped timer 9 at 2.20414 (4.86497 MB, 3736 rounds)
Starting timer 10 at 0 (0 MB, 0 rounds) after 1.443e-06
Stopped timer 10 at 0.0874334 (1.6001 MB, 6 rounds)
Starting timer 11 at 0 (0 MB, 0 rounds) after 1.562e-06
Stopped timer 11 at 0.000337297 (7.6e-05 MB, 3 rounds)
Stopped timer 1 at 12.6817 (1326.56 MB, 9721 rounds)
The following benchmarks are excluding preprocessing (offline phase).
Time = 12.7544 seconds 
Time1 = 12.6817 seconds (1326.56 MB, 9721 rounds)
Time2 = 3.3894 seconds (8.07706 MB, 4808 rounds)
Time3 = 0.351207 seconds (32.0005 MB, 12 rounds)
Time4 = 6.47282 seconds (1280.01 MB, 1126 rounds)
Time5 = 0.00209822 seconds (0.001537 MB, 30 rounds)
Time6 = 8.3738e-05 seconds (0 MB, 0 rounds)
Time7 = 0.0608629 seconds (0 MB, 0 rounds)
Time8 = 0.113008 seconds (0 MB, 0 rounds)
Time9 = 2.20414 seconds (4.86497 MB, 3736 rounds)
Time10 = 0.0874334 seconds (1.6001 MB, 6 rounds)
Time11 = 0.000337297 seconds (7.6e-05 MB, 3 rounds)
Data sent = 1326.56 MB in ~9721 rounds (party 0 only; rounds counted double due to multi-threading; use '-v' for more details)
Global data sent = 2653.12 MB (all parties)
Running /home/y-yordanov/workspace/AlphaFL-FLAME/Scripts/../spdz2k-party.x 0 flame_leaky-20-100000 -F -pn 13707 -h localhost -N 2
Running /home/y-yordanov/workspace/AlphaFL-FLAME/Scripts/../spdz2k-party.x 1 flame_leaky-20-100000 -F -pn 13707 -h localhost -N 2
Using SPDZ2k security parameter 64
Using statistical security parameter 40
Trying to run 64-bit computation
Starting timer 1 at 0 (0 MB, 0 rounds) after 2.9386e-05
Starting timer 2 at 0 (0 MB, 0 rounds) after 7.41e-07
Stopped timer 2 at 3.38967 (8.07706 MB, 4808 rounds)
Starting timer 3 at 0 (0 MB, 0 rounds) after 1.212e-06
REUSING DATA - ONLY FOR BENCHMARKING
Stopped timer 3 at 0.35136 (32.0005 MB, 12 rounds)
Starting timer 4 at 0 (0 MB, 0 rounds) after 1.232e-06
Stopped timer 4 at 6.42377 (1280.01 MB, 1126 rounds)
Starting timer 5 at 0 (0 MB, 0 rounds) after 1.694e-06
Stopped timer 5 at 0.00224122 (0.001537 MB, 30 rounds)
Starting timer 6 at 0 (0 MB, 0 rounds) after 1.543e-06
Stopped timer 6 at 9.3286e-05 (0 MB, 0 rounds)
Starting timer 7 at 0 (0 MB, 0 rounds) after 8.72e-07
Stopped timer 7 at 0.0613166 (0 MB, 0 rounds)
Starting timer 8 at 0 (0 MB, 0 rounds) after 9.81e-07
Stopped timer 8 at 0.110493 (0 MB, 0 rounds)
Starting timer 9 at 0 (0 MB, 0 rounds) after 1.493e-06
Stopped timer 9 at 2.19434 (4.86497 MB, 3736 rounds)
Starting timer 10 at 0 (0 MB, 0 rounds) after 1.383e-06
Stopped timer 10 at 0.0902266 (1.6001 MB, 6 rounds)
Starting timer 11 at 0 (0 MB, 0 rounds) after 2.004e-06
Stopped timer 11 at 0.00032794 (7.6e-05 MB, 3 rounds)
Stopped timer 1 at 12.624 (1326.56 MB, 9721 rounds)
The following benchmarks are excluding preprocessing (offline phase).
Time = 12.6963 seconds 
Time1 = 12.624 seconds (1326.56 MB, 9721 rounds)
Time2 = 3.38967 seconds (8.07706 MB, 4808 rounds)
Time3 = 0.35136 seconds (32.0005 MB, 12 rounds)
Time4 = 6.42377 seconds (1280.01 MB, 1126 rounds)
Time5 = 0.00224122 seconds (0.001537 MB, 30 rounds)
Time6 = 9.3286e-05 seconds (0 MB, 0 rounds)
Time7 = 0.0613166 seconds (0 MB, 0 rounds)
Time8 = 0.110493 seconds (0 MB, 0 rounds)
Time9 = 2.19434 seconds (4.86497 MB, 3736 rounds)
Time10 = 0.0902266 seconds (1.6001 MB, 6 rounds)
Time11 = 0.00032794 seconds (7.6e-05 MB, 3 rounds)
Data sent = 1326.56 MB in ~9721 rounds (party 0 only; rounds counted double due to multi-threading; use '-v' for more details)
Global data sent = 2653.12 MB (all parties)
