Running /home/y-yordanov/workspace/AlphaFL-FLAME/Scripts/../spdz2k-party.x 0 flame_leaky-40-100000 -F -pn 19720 -h localhost -N 2
Running /home/y-yordanov/workspace/AlphaFL-FLAME/Scripts/../spdz2k-party.x 1 flame_leaky-40-100000 -F -pn 19720 -h localhost -N 2
Using SPDZ2k security parameter 64
Using statistical security parameter 40
Trying to run 64-bit computation
Starting timer 1 at 0 (0 MB, 0 rounds) after 3.0508e-05
Starting timer 2 at 0 (0 MB, 0 rounds) after 7.41e-07
Stopped timer 2 at 6.74589 (16.1539 MB, 9608 rounds)
Starting timer 3 at 0 (0 MB, 0 rounds) after 1.944e-06
REUSING DATA - ONLY FOR BENCHMARKING
Stopped timer 3 at 0.720864 (64.0008 MB, 12 rounds)
Starting timer 4 at 0 (0 MB, 0 rounds) after 1.402e-06
Stopped timer 4 at 25.5104 (5120.06 MB, 4486 rounds)
Starting timer 5 at 0 (0 MB, 0 rounds) after 1.292e-06
Stopped timer 5 at 0.00319427 (0.002769 MB, 30 rounds)
Starting timer 6 at 0 (0 MB, 0 rounds) after 1.272e-06
Stopped timer 6 at 0.000293905 (0 MB, 0 rounds)
Starting timer 7 at 0 (0 MB, 0 rounds) after 6.71e-07
Stopped timer 7 at 0.111681 (0 MB, 0 rounds)
Starting timer 8 at 0 (0 MB, 0 rounds) after 2.255e-06
Stopped timer 8 at 0.179057 (0 MB, 0 rounds)
Starting timer 9 at 0 (0 MB, 0 rounds) after 1.273e-06
Stopped timer 9 at 2.58942 (5.76497 MB, 3736 rounds)
Starting timer 10 at 0 (0 MB, 0 rounds) after 1.173e-06
Stopped timer 10 at 0.0886287 (1.6001 MB, 6 rounds)
Starting timer 11 at 0 (0 MB, 0 rounds) after 1.954e-06
Stopped timer 11 at 0.000627855 (7.6e-05 MB, 3 rounds)
Stopped timer 1 at 35.9504 (5207.58 MB, 17881 rounds)
The following benchmarks are excluding preprocessing (offline phase).
Time = 36.0674 seconds 
Time1 = 35.9504 seconds (5207.58 MB, 17881 rounds)
Time2 = 6.74589 seconds (16.1539 MB, 9608 rounds)
Time3 = 0.720864 seconds (64.0008 MB, 12 rounds)
Time4 = 25.5104 seconds (5120.06 MB, 4486 rounds)
Time5 = 0.00319427 seconds (0.002769 MB, 30 rounds)
Time6 = 0.000293905 seconds (0 MB, 0 rounds)
Time7 = 0.111681 seconds (0 MB, 0 rounds)
Time8 = 0.179057 seconds (0 MB, 0 rounds)
Time9 = 2.58942 seconds (5.76497 MB, 3736 rounds)
Time10 = 0.0886287 seconds (1.6001 MB, 6 rounds)
Time11 = 0.000627855 seconds (7.6e-05 MB, 3 rounds)
Data sent = 5207.58 MB in ~17881 rounds (party 0 only; rounds counted double due to multi-threading; use '-v' for more details)
Global data sent = 10415.2 MB (all parties)
Running /home/y-yordanov/workspace/AlphaFL-FLAME/Scripts/../spdz2k-party.x 0 flame_leaky-40-100000 -F -pn 13403 -h localhost -N 2
Running /home/y-yordanov/workspace/AlphaFL-FLAME/Scripts/../spdz2k-party.x 1 flame_leaky-40-100000 -F -pn 13403 -h localhost -N 2
Using SPDZ2k security parameter 64
Using statistical security parameter 40
Trying to run 64-bit computation
Starting timer 1 at 0 (0 MB, 0 rounds) after 3.0057e-05
Starting timer 2 at 0 (0 MB, 0 rounds) after 7.82e-07
Stopped timer 2 at 6.73947 (16.1539 MB, 9608 rounds)
Starting timer 3 at 0 (0 MB, 0 rounds) after 1.694e-06
REUSING DATA - ONLY FOR BENCHMARKING
Stopped timer 3 at 0.718015 (64.0008 MB, 12 rounds)
Starting timer 4 at 0 (0 MB, 0 rounds) after 1.042e-06
Stopped timer 4 at 25.6225 (5120.06 MB, 4486 rounds)
Starting timer 5 at 0 (0 MB, 0 rounds) after 1.142e-06
Stopped timer 5 at 0.00284478 (0.002769 MB, 30 rounds)
Starting timer 6 at 0 (0 MB, 0 rounds) after 1.042e-06
Stopped timer 6 at 0.000287833 (0 MB, 0 rounds)
Starting timer 7 at 0 (0 MB, 0 rounds) after 6.72e-07
Stopped timer 7 at 0.109869 (0 MB, 0 rounds)
Starting timer 8 at 0 (0 MB, 0 rounds) after 1.132e-06
Stopped timer 8 at 0.176383 (0 MB, 0 rounds)
Starting timer 9 at 0 (0 MB, 0 rounds) after 1.173e-06
Stopped timer 9 at 2.59701 (5.76497 MB, 3736 rounds)
Starting timer 10 at 0 (0 MB, 0 rounds) after 4.689e-06
Stopped timer 10 at 0.0885305 (1.6001 MB, 6 rounds)
Starting timer 11 at 0 (0 MB, 0 rounds) after 1.413e-06
Stopped timer 11 at 0.000390116 (7.6e-05 MB, 3 rounds)
Stopped timer 1 at 36.0557 (5207.58 MB, 17881 rounds)
The following benchmarks are excluding preprocessing (offline phase).
Time = 36.1726 seconds 
Time1 = 36.0557 seconds (5207.58 MB, 17881 rounds)
Time2 = 6.73947 seconds (16.1539 MB, 9608 rounds)
Time3 = 0.718015 seconds (64.0008 MB, 12 rounds)
Time4 = 25.6225 seconds (5120.06 MB, 4486 rounds)
Time5 = 0.00284478 seconds (0.002769 MB, 30 rounds)
Time6 = 0.000287833 seconds (0 MB, 0 rounds)
Time7 = 0.109869 seconds (0 MB, 0 rounds)
Time8 = 0.176383 seconds (0 MB, 0 rounds)
Time9 = 2.59701 seconds (5.76497 MB, 3736 rounds)
Time10 = 0.0885305 seconds (1.6001 MB, 6 rounds)
Time11 = 0.000390116 seconds (7.6e-05 MB, 3 rounds)
Data sent = 5207.58 MB in ~17881 rounds (party 0 only; rounds counted double due to multi-threading; use '-v' for more details)
Global data sent = 10415.2 MB (all parties)
Running /home/y-yordanov/workspace/AlphaFL-FLAME/Scripts/../spdz2k-party.x 0 flame_leaky-40-100000 -F -pn 18839 -h localhost -N 2
Running /home/y-yordanov/workspace/AlphaFL-FLAME/Scripts/../spdz2k-party.x 1 flame_leaky-40-100000 -F -pn 18839 -h localhost -N 2
Using SPDZ2k security parameter 64
Using statistical security parameter 40
Trying to run 64-bit computation
Starting timer 1 at 0 (0 MB, 0 rounds) after 2.9075e-05
Starting timer 2 at 0 (0 MB, 0 rounds) after 7.21e-07
Stopped timer 2 at 6.74665 (16.1539 MB, 9608 rounds)
Starting timer 3 at 0 (0 MB, 0 rounds) after 1.893e-06
REUSING DATA - ONLY FOR BENCHMARKING
Stopped timer 3 at 0.729181 (64.0008 MB, 12 rounds)
Starting timer 4 at 0 (0 MB, 0 rounds) after 2.304e-06
Stopped timer 4 at 25.9741 (5120.06 MB, 4486 rounds)
Starting timer 5 at 0 (0 MB, 0 rounds) after 1.483e-06
Stopped timer 5 at 0.00335672 (0.002769 MB, 30 rounds)
Starting timer 6 at 0 (0 MB, 0 rounds) after 1.103e-06
Stopped timer 6 at 0.000285289 (0 MB, 0 rounds)
Starting timer 7 at 0 (0 MB, 0 rounds) after 7.11e-07
Stopped timer 7 at 0.108736 (0 MB, 0 rounds)
Starting timer 8 at 0 (0 MB, 0 rounds) after 3.958e-06
Stopped timer 8 at 0.177738 (0 MB, 0 rounds)
Starting timer 9 at 0 (0 MB, 0 rounds) after 1.573e-06
Stopped timer 9 at 2.5974 (5.76497 MB, 3736 rounds)
Starting timer 10 at 0 (0 MB, 0 rounds) after 1.252e-06
Stopped timer 10 at 0.0899254 (1.6001 MB, 6 rounds)
Starting timer 11 at 0 (0 MB, 0 rounds) after 1.644e-06
Stopped timer 11 at 0.0010159 (7.6e-05 MB, 3 rounds)
Stopped timer 1 at 36.4288 (5207.58 MB, 17881 rounds)
The following benchmarks are excluding preprocessing (offline phase).
Time = 36.5475 seconds 
Time1 = 36.4288 seconds (5207.58 MB, 17881 rounds)
Time2 = 6.74665 seconds (16.1539 MB, 9608 rounds)
Time3 = 0.729181 seconds (64.0008 MB, 12 rounds)
Time4 = 25.9741 seconds (5120.06 MB, 4486 rounds)
Time5 = 0.00335672 seconds (0.002769 MB, 30 rounds)
Time6 = 0.000285289 seconds (0 MB, 0 rounds)
Time7 = 0.108736 seconds (0 MB, 0 rounds)
Time8 = 0.177738 seconds (0 MB, 0 rounds)
Time9 = 2.5974 seconds (5.76497 MB, 3736 rounds)
Time10 = 0.0899254 seconds (1.6001 MB, 6 rounds)
Time11 = 0.0010159 seconds (7.6e-05 MB, 3 rounds)
Data sent = 5207.58 MB in ~17881 rounds (party 0 only; rounds counted double due to multi-threading; use '-v' for more details)
Global data sent = 10415.2 MB (all parties)
Running /home/y-yordanov/workspace/AlphaFL-FLAME/Scripts/../spdz2k-party.x 0 flame_leaky-40-100000 -F -pn 19097 -h localhost -N 2
Running /home/y-yordanov/workspace/AlphaFL-FLAME/Scripts/../spdz2k-party.x 1 flame_leaky-40-100000 -F -pn 19097 -h localhost -N 2
Using SPDZ2k security parameter 64
Using statistical security parameter 40
Trying to run 64-bit computation
Starting timer 1 at 0 (0 MB, 0 rounds) after 1.5279e-05
Starting timer 2 at 0 (0 MB, 0 rounds) after 9.82e-07
Stopped timer 2 at 6.76158 (16.1539 MB, 9608 rounds)
Starting timer 3 at 0 (0 MB, 0 rounds) after 1.583e-06
REUSING DATA - ONLY FOR BENCHMARKING
Stopped timer 3 at 0.721703 (64.0008 MB, 12 rounds)
Starting timer 4 at 0 (0 MB, 0 rounds) after 2.145e-06
Stopped timer 4 at 25.6149 (5120.06 MB, 4486 rounds)
Starting timer 5 at 0 (0 MB, 0 rounds) after 1.342e-06
Stopped timer 5 at 0.00393314 (0.002769 MB, 30 rounds)
Starting timer 6 at 0 (0 MB, 0 rounds) after 1.603e-06
Stopped timer 6 at 0.000500916 (0 MB, 0 rounds)
Starting timer 7 at 0 (0 MB, 0 rounds) after 9.82e-07
Stopped timer 7 at 0.109778 (0 MB, 0 rounds)
Starting timer 8 at 0 (0 MB, 0 rounds) after 1.122e-06
Stopped timer 8 at 0.175982 (0 MB, 0 rounds)
Starting timer 9 at 0 (0 MB, 0 rounds) after 1.713e-06
Stopped timer 9 at 2.59921 (5.76497 MB, 3736 rounds)
Starting timer 10 at 0 (0 MB, 0 rounds) after 1.373e-06
Stopped timer 10 at 0.0884591 (1.6001 MB, 6 rounds)
Starting timer 11 at 0 (0 MB, 0 rounds) after 1.503e-06
Stopped timer 11 at 0.000525262 (7.6e-05 MB, 3 rounds)
Stopped timer 1 at 36.0769 (5207.58 MB, 17881 rounds)
The following benchmarks are excluding preprocessing (offline phase).
Time = 36.1964 seconds 
Time1 = 36.0769 seconds (5207.58 MB, 17881 rounds)
Time2 = 6.76158 seconds (16.1539 MB, 9608 rounds)
Time3 = 0.721703 seconds (64.0008 MB, 12 rounds)
Time4 = 25.6149 seconds (5120.06 MB, 4486 rounds)
Time5 = 0.00393314 seconds (0.002769 MB, 30 rounds)
Time6 = 0.000500916 seconds (0 MB, 0 rounds)
Time7 = 0.109778 seconds (0 MB, 0 rounds)
Time8 = 0.175982 seconds (0 MB, 0 rounds)
Time9 = 2.59921 seconds (5.76497 MB, 3736 rounds)
Time10 = 0.0884591 seconds (1.6001 MB, 6 rounds)
Time11 = 0.000525262 seconds (7.6e-05 MB, 3 rounds)
Data sent = 5207.58 MB in ~17881 rounds (party 0 only; rounds counted double due to multi-threading; use '-v' for more details)
Global data sent = 10415.2 MB (all parties)
Running /home/y-yordanov/workspace/AlphaFL-FLAME/Scripts/../spdz2k-party.x 0 flame_leaky-40-100000 -F -pn 10745 -h localhost -N 2
Running /home/y-yordanov/workspace/AlphaFL-FLAME/Scripts/../spdz2k-party.x 1 flame_leaky-40-100000 -F -pn 10745 -h localhost -N 2
Using SPDZ2k security parameter 64
Using statistical security parameter 40
Trying to run 64-bit computation
Starting timer 1 at 0 (0 MB, 0 rounds) after 2.9095e-05
Starting timer 2 at 0 (0 MB, 0 rounds) after 7.61e-07
Stopped timer 2 at 6.75771 (16.1539 MB, 9608 rounds)
Starting timer 3 at 0 (0 MB, 0 rounds) after 1.984e-06
REUSING DATA - ONLY FOR BENCHMARKING
Stopped timer 3 at 0.724831 (64.0008 MB, 12 rounds)
Starting timer 4 at 0 (0 MB, 0 rounds) after 1.192e-06
Stopped timer 4 at 26.4826 (5120.06 MB, 4486 rounds)
Starting timer 5 at 0 (0 MB, 0 rounds) after 1.392e-06
Stopped timer 5 at 0.00291271 (0.002769 MB, 30 rounds)
Starting timer 6 at 0 (0 MB, 0 rounds) after 1.453e-06
Stopped timer 6 at 0.000286 (0 MB, 0 rounds)
Starting timer 7 at 0 (0 MB, 0 rounds) after 6.21e-07
Stopped timer 7 at 0.109989 (0 MB, 0 rounds)
Starting timer 8 at 0 (0 MB, 0 rounds) after 1.973e-06
Stopped timer 8 at 0.176634 (0 MB, 0 rounds)
Starting timer 9 at 0 (0 MB, 0 rounds) after 2.635e-06
Stopped timer 9 at 2.59702 (5.76497 MB, 3736 rounds)
Starting timer 10 at 0 (0 MB, 0 rounds) after 1.613e-06
Stopped timer 10 at 0.0922978 (1.6001 MB, 6 rounds)
Starting timer 11 at 0 (0 MB, 0 rounds) after 1.273e-06
Stopped timer 11 at 0.000587449 (7.6e-05 MB, 3 rounds)
Stopped timer 1 at 36.9452 (5207.58 MB, 17881 rounds)
The following benchmarks are excluding preprocessing (offline phase).
Time = 37.0618 seconds 
Time1 = 36.9452 seconds (5207.58 MB, 17881 rounds)
Time2 = 6.75771 seconds (16.1539 MB, 9608 rounds)
Time3 = 0.724831 seconds (64.0008 MB, 12 rounds)
Time4 = 26.4826 seconds (5120.06 MB, 4486 rounds)
Time5 = 0.00291271 seconds (0.002769 MB, 30 rounds)
Time6 = 0.000286 seconds (0 MB, 0 rounds)
Time7 = 0.109989 seconds (0 MB, 0 rounds)
Time8 = 0.176634 seconds (0 MB, 0 rounds)
Time9 = 2.59702 seconds (5.76497 MB, 3736 rounds)
Time10 = 0.0922978 seconds (1.6001 MB, 6 rounds)
Time11 = 0.000587449 seconds (7.6e-05 MB, 3 rounds)
Data sent = 5207.58 MB in ~17881 rounds (party 0 only; rounds counted double due to multi-threading; use '-v' for more details)
Global data sent = 10415.2 MB (all parties)
