Running /home/y-yordanov/workspace/AlphaFL-FLAME/Scripts/../spdz2k-party.x 0 flame_leaky-4-274442 -F -pn 11768 -h localhost -N 2
Running /home/y-yordanov/workspace/AlphaFL-FLAME/Scripts/../spdz2k-party.x 1 flame_leaky-4-274442 -F -pn 11768 -h localhost -N 2
Using SPDZ2k security parameter 64
Using statistical security parameter 40
Trying to run 64-bit computation
Starting timer 1 at 0 (0 MB, 0 rounds) after 3.0668e-05
Starting timer 2 at 0 (0 MB, 0 rounds) after 7.62e-07
Stopped timer 2 at 2.87116 (4.3967 MB, 344 rounds)
Starting timer 3 at 0 (0 MB, 0 rounds) after 1.263e-06
REUSING DATA - ONLY FOR BENCHMARKING
Stopped timer 3 at 0.222612 (17.5646 MB, 12 rounds)
Starting timer 4 at 0 (0 MB, 0 rounds) after 1.533e-06
Stopped timer 4 at 0.800143 (140.515 MB, 70 rounds)
Starting timer 5 at 0 (0 MB, 0 rounds) after 1.202e-06
Stopped timer 5 at 0.0017358 (0.000551 MB, 30 rounds)
Starting timer 6 at 0 (0 MB, 0 rounds) after 1.002e-06
Stopped timer 6 at 1.4568e-05 (0 MB, 0 rounds)
Starting timer 7 at 0 (0 MB, 0 rounds) after 6.42e-07
Stopped timer 7 at 0.0347938 (0 MB, 0 rounds)
Starting timer 8 at 0 (0 MB, 0 rounds) after 2.104e-06
Stopped timer 8 at 0.0661834 (0 MB, 0 rounds)
Starting timer 9 at 0 (0 MB, 0 rounds) after 1.312e-06
Stopped timer 9 at 9.93439 (14.853 MB, 1744 rounds)
Starting timer 10 at 0 (0 MB, 0 rounds) after 1.543e-06
Stopped timer 10 at 0.25258 (4.39118 MB, 6 rounds)
Starting timer 11 at 0 (0 MB, 0 rounds) after 2.024e-06
Stopped timer 11 at 0.00170627 (7.6e-05 MB, 3 rounds)
Stopped timer 1 at 14.1856 (181.722 MB, 2209 rounds)
The following benchmarks are excluding preprocessing (offline phase).
Time = 14.4781 seconds 
Time1 = 14.1856 seconds (181.722 MB, 2209 rounds)
Time2 = 2.87116 seconds (4.3967 MB, 344 rounds)
Time3 = 0.222612 seconds (17.5646 MB, 12 rounds)
Time4 = 0.800143 seconds (140.515 MB, 70 rounds)
Time5 = 0.0017358 seconds (0.000551 MB, 30 rounds)
Time6 = 1.4568e-05 seconds (0 MB, 0 rounds)
Time7 = 0.0347938 seconds (0 MB, 0 rounds)
Time8 = 0.0661834 seconds (0 MB, 0 rounds)
Time9 = 9.93439 seconds (14.853 MB, 1744 rounds)
Time10 = 0.25258 seconds (4.39118 MB, 6 rounds)
Time11 = 0.00170627 seconds (7.6e-05 MB, 3 rounds)
Data sent = 181.722 MB in ~2209 rounds (party 0 only; rounds counted double due to multi-threading; use '-v' for more details)
Global data sent = 363.443 MB (all parties)
Running /home/y-yordanov/workspace/AlphaFL-FLAME/Scripts/../spdz2k-party.x 0 flame_leaky-4-274442 -F -pn 14347 -h localhost -N 2
Running /home/y-yordanov/workspace/AlphaFL-FLAME/Scripts/../spdz2k-party.x 1 flame_leaky-4-274442 -F -pn 14347 -h localhost -N 2
Using SPDZ2k security parameter 64
Using statistical security parameter 40
Trying to run 64-bit computation
Starting timer 1 at 0 (0 MB, 0 rounds) after 3.4625e-05
Starting timer 2 at 0 (0 MB, 0 rounds) after 1.242e-06
Stopped timer 2 at 2.86241 (4.3967 MB, 344 rounds)
Starting timer 3 at 0 (0 MB, 0 rounds) after 1.883e-06
REUSING DATA - ONLY FOR BENCHMARKING
Stopped timer 3 at 0.223327 (17.5646 MB, 12 rounds)
Starting timer 4 at 0 (0 MB, 0 rounds) after 2.174e-06
Stopped timer 4 at 0.807293 (140.515 MB, 70 rounds)
Starting timer 5 at 0 (0 MB, 0 rounds) after 1.142e-06
Stopped timer 5 at 0.00154203 (0.000551 MB, 30 rounds)
Starting timer 6 at 0 (0 MB, 0 rounds) after 1.032e-06
Stopped timer 6 at 1.5269e-05 (0 MB, 0 rounds)
Starting timer 7 at 0 (0 MB, 0 rounds) after 6.61e-07
Stopped timer 7 at 0.033947 (0 MB, 0 rounds)
Starting timer 8 at 0 (0 MB, 0 rounds) after 1.102e-06
Stopped timer 8 at 0.0683215 (0 MB, 0 rounds)
Starting timer 9 at 0 (0 MB, 0 rounds) after 1.102e-06
Stopped timer 9 at 10.0011 (14.853 MB, 1744 rounds)
Starting timer 10 at 0 (0 MB, 0 rounds) after 1.312e-06
Stopped timer 10 at 0.253211 (4.39118 MB, 6 rounds)
Starting timer 11 at 0 (0 MB, 0 rounds) after 2.034e-06
Stopped timer 11 at 0.000822021 (7.6e-05 MB, 3 rounds)
Stopped timer 1 at 14.2524 (181.722 MB, 2209 rounds)
The following benchmarks are excluding preprocessing (offline phase).
Time = 14.565 seconds 
Time1 = 14.2524 seconds (181.722 MB, 2209 rounds)
Time2 = 2.86241 seconds (4.3967 MB, 344 rounds)
Time3 = 0.223327 seconds (17.5646 MB, 12 rounds)
Time4 = 0.807293 seconds (140.515 MB, 70 rounds)
Time5 = 0.00154203 seconds (0.000551 MB, 30 rounds)
Time6 = 1.5269e-05 seconds (0 MB, 0 rounds)
Time7 = 0.033947 seconds (0 MB, 0 rounds)
Time8 = 0.0683215 seconds (0 MB, 0 rounds)
Time9 = 10.0011 seconds (14.853 MB, 1744 rounds)
Time10 = 0.253211 seconds (4.39118 MB, 6 rounds)
Time11 = 0.000822021 seconds (7.6e-05 MB, 3 rounds)
Data sent = 181.722 MB in ~2209 rounds (party 0 only; rounds counted double due to multi-threading; use '-v' for more details)
Global data sent = 363.443 MB (all parties)
Running /home/y-yordanov/workspace/AlphaFL-FLAME/Scripts/../spdz2k-party.x 0 flame_leaky-4-274442 -F -pn 14712 -h localhost -N 2
Running /home/y-yordanov/workspace/AlphaFL-FLAME/Scripts/../spdz2k-party.x 1 flame_leaky-4-274442 -F -pn 14712 -h localhost -N 2
Using SPDZ2k security parameter 64
Using statistical security parameter 40
Trying to run 64-bit computation
Starting timer 1 at 0 (0 MB, 0 rounds) after 3.133e-05
Starting timer 2 at 0 (0 MB, 0 rounds) after 8.01e-07
Stopped timer 2 at 2.85636 (4.3967 MB, 344 rounds)
Starting timer 3 at 0 (0 MB, 0 rounds) after 1.513e-06
REUSING DATA - ONLY FOR BENCHMARKING
Stopped timer 3 at 0.224972 (17.5646 MB, 12 rounds)
Starting timer 4 at 0 (0 MB, 0 rounds) after 1.172e-06
Stopped timer 4 at 0.801762 (140.515 MB, 70 rounds)
Starting timer 5 at 0 (0 MB, 0 rounds) after 1.292e-06
Stopped timer 5 at 0.0014468 (0.000551 MB, 30 rounds)
Starting timer 6 at 0 (0 MB, 0 rounds) after 9.62e-07
Stopped timer 6 at 1.619e-05 (0 MB, 0 rounds)
Starting timer 7 at 0 (0 MB, 0 rounds) after 6.42e-07
Stopped timer 7 at 0.0326215 (0 MB, 0 rounds)
Starting timer 8 at 0 (0 MB, 0 rounds) after 1.453e-06
Stopped timer 8 at 0.066555 (0 MB, 0 rounds)
Starting timer 9 at 0 (0 MB, 0 rounds) after 1.333e-06
Stopped timer 9 at 9.94166 (14.853 MB, 1744 rounds)
Starting timer 10 at 0 (0 MB, 0 rounds) after 1.202e-06
Stopped timer 10 at 0.249917 (4.39118 MB, 6 rounds)
Starting timer 11 at 0 (0 MB, 0 rounds) after 1.372e-06
Stopped timer 11 at 0.000316728 (7.6e-05 MB, 3 rounds)
Stopped timer 1 at 14.1759 (181.722 MB, 2209 rounds)
The following benchmarks are excluding preprocessing (offline phase).
Time = 14.4645 seconds 
Time1 = 14.1759 seconds (181.722 MB, 2209 rounds)
Time2 = 2.85636 seconds (4.3967 MB, 344 rounds)
Time3 = 0.224972 seconds (17.5646 MB, 12 rounds)
Time4 = 0.801762 seconds (140.515 MB, 70 rounds)
Time5 = 0.0014468 seconds (0.000551 MB, 30 rounds)
Time6 = 1.619e-05 seconds (0 MB, 0 rounds)
Time7 = 0.0326215 seconds (0 MB, 0 rounds)
Time8 = 0.066555 seconds (0 MB, 0 rounds)
Time9 = 9.94166 seconds (14.853 MB, 1744 rounds)
Time10 = 0.249917 seconds (4.39118 MB, 6 rounds)
Time11 = 0.000316728 seconds (7.6e-05 MB, 3 rounds)
Data sent = 181.722 MB in ~2209 rounds (party 0 only; rounds counted double due to multi-threading; use '-v' for more details)
Global data sent = 363.443 MB (all parties)
Running /home/y-yordanov/workspace/AlphaFL-FLAME/Scripts/../spdz2k-party.x 0 flame_leaky-4-274442 -F -pn 11508 -h localhost -N 2
Running /home/y-yordanov/workspace/AlphaFL-FLAME/Scripts/../spdz2k-party.x 1 flame_leaky-4-274442 -F -pn 11508 -h localhost -N 2
Using SPDZ2k security parameter 64
Using statistical security parameter 40
Trying to run 64-bit computation
Starting timer 1 at 0 (0 MB, 0 rounds) after 3.0788e-05
Starting timer 2 at 0 (0 MB, 0 rounds) after 7.51e-07
Stopped timer 2 at 2.90169 (4.3967 MB, 344 rounds)
Starting timer 3 at 0 (0 MB, 0 rounds) after 1.553e-06
REUSING DATA - ONLY FOR BENCHMARKING
Stopped timer 3 at 0.22287 (17.5646 MB, 12 rounds)
Starting timer 4 at 0 (0 MB, 0 rounds) after 1.172e-06
Stopped timer 4 at 0.79749 (140.515 MB, 70 rounds)
Starting timer 5 at 0 (0 MB, 0 rounds) after 1.212e-06
Stopped timer 5 at 0.00149524 (0.000551 MB, 30 rounds)
Starting timer 6 at 0 (0 MB, 0 rounds) after 9.82e-07
Stopped timer 6 at 1.7373e-05 (0 MB, 0 rounds)
Starting timer 7 at 0 (0 MB, 0 rounds) after 6.51e-07
Stopped timer 7 at 0.033261 (0 MB, 0 rounds)
Starting timer 8 at 0 (0 MB, 0 rounds) after 1.042e-06
Stopped timer 8 at 0.0637457 (0 MB, 0 rounds)
Starting timer 9 at 0 (0 MB, 0 rounds) after 1.152e-06
Stopped timer 9 at 10.079 (14.853 MB, 1744 rounds)
Starting timer 10 at 0 (0 MB, 0 rounds) after 1.493e-06
Stopped timer 10 at 0.24263 (4.39118 MB, 6 rounds)
Starting timer 11 at 0 (0 MB, 0 rounds) after 1.964e-06
Stopped timer 11 at 0.000655798 (7.6e-05 MB, 3 rounds)
Stopped timer 1 at 14.3431 (181.722 MB, 2209 rounds)
The following benchmarks are excluding preprocessing (offline phase).
Time = 14.6407 seconds 
Time1 = 14.3431 seconds (181.722 MB, 2209 rounds)
Time2 = 2.90169 seconds (4.3967 MB, 344 rounds)
Time3 = 0.22287 seconds (17.5646 MB, 12 rounds)
Time4 = 0.79749 seconds (140.515 MB, 70 rounds)
Time5 = 0.00149524 seconds (0.000551 MB, 30 rounds)
Time6 = 1.7373e-05 seconds (0 MB, 0 rounds)
Time7 = 0.033261 seconds (0 MB, 0 rounds)
Time8 = 0.0637457 seconds (0 MB, 0 rounds)
Time9 = 10.079 seconds (14.853 MB, 1744 rounds)
Time10 = 0.24263 seconds (4.39118 MB, 6 rounds)
Time11 = 0.000655798 seconds (7.6e-05 MB, 3 rounds)
Data sent = 181.722 MB in ~2209 rounds (party 0 only; rounds counted double due to multi-threading; use '-v' for more details)
Global data sent = 363.443 MB (all parties)
Running /home/y-yordanov/workspace/AlphaFL-FLAME/Scripts/../spdz2k-party.x 0 flame_leaky-4-274442 -F -pn 19819 -h localhost -N 2
Running /home/y-yordanov/workspace/AlphaFL-FLAME/Scripts/../spdz2k-party.x 1 flame_leaky-4-274442 -F -pn 19819 -h localhost -N 2
Using SPDZ2k security parameter 64
Using statistical security parameter 40
Trying to run 64-bit computation
Starting timer 1 at 0 (0 MB, 0 rounds) after 1.4157e-05
Starting timer 2 at 0 (0 MB, 0 rounds) after 7.82e-07
Stopped timer 2 at 2.86277 (4.3967 MB, 344 rounds)
Starting timer 3 at 0 (0 MB, 0 rounds) after 1.243e-06
REUSING DATA - ONLY FOR BENCHMARKING
Stopped timer 3 at 0.224329 (17.5646 MB, 12 rounds)
Starting timer 4 at 0 (0 MB, 0 rounds) after 2.135e-06
Stopped timer 4 at 0.792398 (140.515 MB, 70 rounds)
Starting timer 5 at 0 (0 MB, 0 rounds) after 1.312e-06
Stopped timer 5 at 0.00149836 (0.000551 MB, 30 rounds)
Starting timer 6 at 0 (0 MB, 0 rounds) after 1.042e-06
Stopped timer 6 at 1.568e-05 (0 MB, 0 rounds)
Starting timer 7 at 0 (0 MB, 0 rounds) after 8.21e-07
Stopped timer 7 at 0.0331658 (0 MB, 0 rounds)
Starting timer 8 at 0 (0 MB, 0 rounds) after 1.994e-06
Stopped timer 8 at 0.0674359 (0 MB, 0 rounds)
Starting timer 9 at 0 (0 MB, 0 rounds) after 2.545e-06
Stopped timer 9 at 10.0211 (14.853 MB, 1744 rounds)
Starting timer 10 at 0 (0 MB, 0 rounds) after 1.663e-06
Stopped timer 10 at 0.250627 (4.39118 MB, 6 rounds)
Starting timer 11 at 0 (0 MB, 0 rounds) after 1.293e-06
Stopped timer 11 at 0.000312299 (7.6e-05 MB, 3 rounds)
Stopped timer 1 at 14.2539 (181.722 MB, 2209 rounds)
The following benchmarks are excluding preprocessing (offline phase).
Time = 14.5501 seconds 
Time1 = 14.2539 seconds (181.722 MB, 2209 rounds)
Time2 = 2.86277 seconds (4.3967 MB, 344 rounds)
Time3 = 0.224329 seconds (17.5646 MB, 12 rounds)
Time4 = 0.792398 seconds (140.515 MB, 70 rounds)
Time5 = 0.00149836 seconds (0.000551 MB, 30 rounds)
Time6 = 1.568e-05 seconds (0 MB, 0 rounds)
Time7 = 0.0331658 seconds (0 MB, 0 rounds)
Time8 = 0.0674359 seconds (0 MB, 0 rounds)
Time9 = 10.0211 seconds (14.853 MB, 1744 rounds)
Time10 = 0.250627 seconds (4.39118 MB, 6 rounds)
Time11 = 0.000312299 seconds (7.6e-05 MB, 3 rounds)
Data sent = 181.722 MB in ~2209 rounds (party 0 only; rounds counted double due to multi-threading; use '-v' for more details)
Global data sent = 363.443 MB (all parties)
