-------------------- Parameters --------------------
logR: 24
d: 100000
t: 5
N: 10
batch: 1
dropout:
    null
-------------------- Aggregation phase --------------------
[Epoch 0]: Start
[Epoch 0]: Round 0 done
    [c++]: Wall-clock time of verification part in Context::ShareMetadata: 4610 ms
    [c++]: Wall-clock time of verification part in Context::ShareMetadata: 4619 ms
    [c++]: Wall-clock time of verification part in Context::ShareMetadata: 4617 ms
    [c++]: Wall-clock time of verification part in Context::ShareMetadata: 4616 ms
    [c++]: Wall-clock time of verification part in Context::ShareMetadata: 4616 ms
    [c++]: Wall-clock time of verification part in Context::ShareMetadata: 4601 ms
    [c++]: Wall-clock time of verification part in Context::ShareMetadata: 4596 ms
    [c++]: Wall-clock time of verification part in Context::ShareMetadata: 4610 ms
    [c++]: Wall-clock time of verification part in Context::ShareMetadata: 4605 ms
    [c++]: Wall-clock time of verification part in Context::ShareMetadata: 4620 ms
[Epoch 0]: Round 1 done
    - U2 size: 10
[Epoch 0]: Round 2 done
    - U3 size: 10
[Epoch 0]: Round 3 done
[Epoch 0]: Result done

-------------------- Computation Overhead in Epoch 0 --------------------
Client timer:
    - Average round 0 (AdvertiseKeys): 0 ms
    - Average round 1 (ShareMetadata): 4613 ms
    - Average round 2 (MaskedInputCollection): 21 ms
    - Average round 3 (Unmasking): 0 ms
    - Average receive result: 43 ms
Server timer:
    - Average round 0 (AdvertiseKeys): 0 ms
    - Average round 1 (ShareMetadata): 0 ms
    - Average round 2 (MaskedInputCollection): 11 ms
    - Average round 3 (Unmasking): 17 ms

-------------------- Communication Overhead in Epoch 0 --------------------
Client side:
    - Message sent in round 0 (AdvertiseKeys): 0.06640625 KBytes
    - Message received in round 1 (ShareMetadata): 0.6640625 KBytes
    - Message sent in round 1 (ShareMetadata): 1.24609375 KBytes
    - Message received in round 2 (MaskedInputCollection): 1.494140625 KBytes
    - Message sent in round 2 (MaskedInputCollection): 488.283203125 KBytes
    - Message received in round 3 (Unmasking): 0.01953125 KBytes
    - Message sent in round 3 (Unmasking): 0.3515625 KBytes
    - Epoch result received: 488.28125 KBytes
    - Total: 980.40625 KBytes

-------------------- Verification phase --------------------
    - U4 size in last epoch: 10
Verification Round 0 done
    - V1 size: 10
    - U4\V1: []
    - U4\V1 size: 0
Verification Round 1 done
    - V2 size: 10
    - recons_decom_str length: 0 bytes
Verification Round 2 done
    - Verification passed: true

-------------------- Computation Overhead in Verification Phase --------------------
Client timer:
    - Average verification round 0 (Decommitting): 0 ms
    - Average verification round 1 (DroppedDecommitting): 0 ms
    - Average verification round 2 (BatchChecking): 4602 ms
    - Amortized verification time: 4602 ms
Server timer:
    - Average verification round 0 (Decommitting): 0 ms
    - Average verification round 1 (DroppedDecommitting): 0 ms
    - Amortized verification time: 0 ms

-------------------- Communication Overhead in Verification Phase --------------------
Client side:
    - Message sent in verification round 0 (Decommitting): 0.06640625 KBytes
    - Message received in verification round 1 (DroppedDecommitting): 0.6640625 KBytes
    - Message sent in verification round 1 (DroppedDecommitting): 0.001953125 KBytes
    - Message received in verification round 2 (BatchChecking): 0.0 KBytes
    - Total: 0.732421875 KBytes
-------------------- Parameters --------------------
logR: 24
d: 100000
t: 5
N: 10
batch: 1
dropout:
    null
-------------------- Aggregation phase --------------------
[Epoch 0]: Start
[Epoch 0]: Round 0 done
    [c++]: Wall-clock time of verification part in Context::ShareMetadata: 4659 ms
    [c++]: Wall-clock time of verification part in Context::ShareMetadata: 4635 ms
    [c++]: Wall-clock time of verification part in Context::ShareMetadata: 4648 ms
    [c++]: Wall-clock time of verification part in Context::ShareMetadata: 4658 ms
    [c++]: Wall-clock time of verification part in Context::ShareMetadata: 4647 ms
    [c++]: Wall-clock time of verification part in Context::ShareMetadata: 4635 ms
    [c++]: Wall-clock time of verification part in Context::ShareMetadata: 4658 ms
    [c++]: Wall-clock time of verification part in Context::ShareMetadata: 4622 ms
    [c++]: Wall-clock time of verification part in Context::ShareMetadata: 4636 ms
    [c++]: Wall-clock time of verification part in Context::ShareMetadata: 4629 ms
[Epoch 0]: Round 1 done
    - U2 size: 10
[Epoch 0]: Round 2 done
    - U3 size: 10
[Epoch 0]: Round 3 done
[Epoch 0]: Result done

-------------------- Computation Overhead in Epoch 0 --------------------
Client timer:
    - Average round 0 (AdvertiseKeys): 0 ms
    - Average round 1 (ShareMetadata): 4645 ms
    - Average round 2 (MaskedInputCollection): 20 ms
    - Average round 3 (Unmasking): 0 ms
    - Average receive result: 43 ms
Server timer:
    - Average round 0 (AdvertiseKeys): 0 ms
    - Average round 1 (ShareMetadata): 0 ms
    - Average round 2 (MaskedInputCollection): 11 ms
    - Average round 3 (Unmasking): 17 ms

-------------------- Communication Overhead in Epoch 0 --------------------
Client side:
    - Message sent in round 0 (AdvertiseKeys): 0.06640625 KBytes
    - Message received in round 1 (ShareMetadata): 0.6640625 KBytes
    - Message sent in round 1 (ShareMetadata): 1.24609375 KBytes
    - Message received in round 2 (MaskedInputCollection): 1.494140625 KBytes
    - Message sent in round 2 (MaskedInputCollection): 488.283203125 KBytes
    - Message received in round 3 (Unmasking): 0.01953125 KBytes
    - Message sent in round 3 (Unmasking): 0.3515625 KBytes
    - Epoch result received: 488.28125 KBytes
    - Total: 980.40625 KBytes

-------------------- Verification phase --------------------
    - U4 size in last epoch: 10
Verification Round 0 done
    - V1 size: 10
    - U4\V1: []
    - U4\V1 size: 0
Verification Round 1 done
    - V2 size: 10
    - recons_decom_str length: 0 bytes
Verification Round 2 done
    - Verification passed: true

-------------------- Computation Overhead in Verification Phase --------------------
Client timer:
    - Average verification round 0 (Decommitting): 0 ms
    - Average verification round 1 (DroppedDecommitting): 0 ms
    - Average verification round 2 (BatchChecking): 4650 ms
    - Amortized verification time: 4650 ms
Server timer:
    - Average verification round 0 (Decommitting): 0 ms
    - Average verification round 1 (DroppedDecommitting): 0 ms
    - Amortized verification time: 0 ms

-------------------- Communication Overhead in Verification Phase --------------------
Client side:
    - Message sent in verification round 0 (Decommitting): 0.06640625 KBytes
    - Message received in verification round 1 (DroppedDecommitting): 0.6640625 KBytes
    - Message sent in verification round 1 (DroppedDecommitting): 0.001953125 KBytes
    - Message received in verification round 2 (BatchChecking): 0.0 KBytes
    - Total: 0.732421875 KBytes
-------------------- Parameters --------------------
logR: 24
d: 100000
t: 5
N: 10
batch: 1
dropout:
    null
-------------------- Aggregation phase --------------------
[Epoch 0]: Start
[Epoch 0]: Round 0 done
    [c++]: Wall-clock time of verification part in Context::ShareMetadata: 4629 ms
    [c++]: Wall-clock time of verification part in Context::ShareMetadata: 4636 ms
    [c++]: Wall-clock time of verification part in Context::ShareMetadata: 4622 ms
    [c++]: Wall-clock time of verification part in Context::ShareMetadata: 4622 ms
    [c++]: Wall-clock time of verification part in Context::ShareMetadata: 4634 ms
    [c++]: Wall-clock time of verification part in Context::ShareMetadata: 4616 ms
    [c++]: Wall-clock time of verification part in Context::ShareMetadata: 4636 ms
    [c++]: Wall-clock time of verification part in Context::ShareMetadata: 4630 ms
    [c++]: Wall-clock time of verification part in Context::ShareMetadata: 4631 ms
    [c++]: Wall-clock time of verification part in Context::ShareMetadata: 4623 ms
[Epoch 0]: Round 1 done
    - U2 size: 10
[Epoch 0]: Round 2 done
    - U3 size: 10
[Epoch 0]: Round 3 done
[Epoch 0]: Result done

-------------------- Computation Overhead in Epoch 0 --------------------
Client timer:
    - Average round 0 (AdvertiseKeys): 0 ms
    - Average round 1 (ShareMetadata): 4630 ms
    - Average round 2 (MaskedInputCollection): 21 ms
    - Average round 3 (Unmasking): 0 ms
    - Average receive result: 42 ms
Server timer:
    - Average round 0 (AdvertiseKeys): 0 ms
    - Average round 1 (ShareMetadata): 0 ms
    - Average round 2 (MaskedInputCollection): 12 ms
    - Average round 3 (Unmasking): 17 ms

-------------------- Communication Overhead in Epoch 0 --------------------
Client side:
    - Message sent in round 0 (AdvertiseKeys): 0.06640625 KBytes
    - Message received in round 1 (ShareMetadata): 0.6640625 KBytes
    - Message sent in round 1 (ShareMetadata): 1.24609375 KBytes
    - Message received in round 2 (MaskedInputCollection): 1.494140625 KBytes
    - Message sent in round 2 (MaskedInputCollection): 488.283203125 KBytes
    - Message received in round 3 (Unmasking): 0.01953125 KBytes
    - Message sent in round 3 (Unmasking): 0.3515625 KBytes
    - Epoch result received: 488.28125 KBytes
    - Total: 980.40625 KBytes

-------------------- Verification phase --------------------
    - U4 size in last epoch: 10
Verification Round 0 done
    - V1 size: 10
    - U4\V1: []
    - U4\V1 size: 0
Verification Round 1 done
    - V2 size: 10
    - recons_decom_str length: 0 bytes
Verification Round 2 done
    - Verification passed: true

-------------------- Computation Overhead in Verification Phase --------------------
Client timer:
    - Average verification round 0 (Decommitting): 0 ms
    - Average verification round 1 (DroppedDecommitting): 0 ms
    - Average verification round 2 (BatchChecking): 4615 ms
    - Amortized verification time: 4615 ms
Server timer:
    - Average verification round 0 (Decommitting): 0 ms
    - Average verification round 1 (DroppedDecommitting): 0 ms
    - Amortized verification time: 0 ms

-------------------- Communication Overhead in Verification Phase --------------------
Client side:
    - Message sent in verification round 0 (Decommitting): 0.06640625 KBytes
    - Message received in verification round 1 (DroppedDecommitting): 0.6640625 KBytes
    - Message sent in verification round 1 (DroppedDecommitting): 0.001953125 KBytes
    - Message received in verification round 2 (BatchChecking): 0.0 KBytes
    - Total: 0.732421875 KBytes
-------------------- Parameters --------------------
logR: 24
d: 100000
t: 5
N: 10
batch: 1
dropout:
    null
-------------------- Aggregation phase --------------------
[Epoch 0]: Start
[Epoch 0]: Round 0 done
    [c++]: Wall-clock time of verification part in Context::ShareMetadata: 4599 ms
    [c++]: Wall-clock time of verification part in Context::ShareMetadata: 4599 ms
    [c++]: Wall-clock time of verification part in Context::ShareMetadata: 4595 ms
    [c++]: Wall-clock time of verification part in Context::ShareMetadata: 4600 ms
    [c++]: Wall-clock time of verification part in Context::ShareMetadata: 4601 ms
    [c++]: Wall-clock time of verification part in Context::ShareMetadata: 4598 ms
    [c++]: Wall-clock time of verification part in Context::ShareMetadata: 4601 ms
    [c++]: Wall-clock time of verification part in Context::ShareMetadata: 4599 ms
    [c++]: Wall-clock time of verification part in Context::ShareMetadata: 4598 ms
    [c++]: Wall-clock time of verification part in Context::ShareMetadata: 4600 ms
[Epoch 0]: Round 1 done
    - U2 size: 10
[Epoch 0]: Round 2 done
    - U3 size: 10
[Epoch 0]: Round 3 done
[Epoch 0]: Result done

-------------------- Computation Overhead in Epoch 0 --------------------
Client timer:
    - Average round 0 (AdvertiseKeys): 0 ms
    - Average round 1 (ShareMetadata): 4601 ms
    - Average round 2 (MaskedInputCollection): 21 ms
    - Average round 3 (Unmasking): 0 ms
    - Average receive result: 43 ms
Server timer:
    - Average round 0 (AdvertiseKeys): 0 ms
    - Average round 1 (ShareMetadata): 0 ms
    - Average round 2 (MaskedInputCollection): 12 ms
    - Average round 3 (Unmasking): 17 ms

-------------------- Communication Overhead in Epoch 0 --------------------
Client side:
    - Message sent in round 0 (AdvertiseKeys): 0.06640625 KBytes
    - Message received in round 1 (ShareMetadata): 0.6640625 KBytes
    - Message sent in round 1 (ShareMetadata): 1.24609375 KBytes
    - Message received in round 2 (MaskedInputCollection): 1.494140625 KBytes
    - Message sent in round 2 (MaskedInputCollection): 488.283203125 KBytes
    - Message received in round 3 (Unmasking): 0.01953125 KBytes
    - Message sent in round 3 (Unmasking): 0.3515625 KBytes
    - Epoch result received: 488.28125 KBytes
    - Total: 980.40625 KBytes

-------------------- Verification phase --------------------
    - U4 size in last epoch: 10
Verification Round 0 done
    - V1 size: 10
    - U4\V1: []
    - U4\V1 size: 0
Verification Round 1 done
    - V2 size: 10
    - recons_decom_str length: 0 bytes
Verification Round 2 done
    - Verification passed: true

-------------------- Computation Overhead in Verification Phase --------------------
Client timer:
    - Average verification round 0 (Decommitting): 0 ms
    - Average verification round 1 (DroppedDecommitting): 0 ms
    - Average verification round 2 (BatchChecking): 4588 ms
    - Amortized verification time: 4588 ms
Server timer:
    - Average verification round 0 (Decommitting): 0 ms
    - Average verification round 1 (DroppedDecommitting): 0 ms
    - Amortized verification time: 0 ms

-------------------- Communication Overhead in Verification Phase --------------------
Client side:
    - Message sent in verification round 0 (Decommitting): 0.06640625 KBytes
    - Message received in verification round 1 (DroppedDecommitting): 0.6640625 KBytes
    - Message sent in verification round 1 (DroppedDecommitting): 0.001953125 KBytes
    - Message received in verification round 2 (BatchChecking): 0.0 KBytes
    - Total: 0.732421875 KBytes
-------------------- Parameters --------------------
logR: 24
d: 100000
t: 5
N: 10
batch: 1
dropout:
    null
-------------------- Aggregation phase --------------------
[Epoch 0]: Start
[Epoch 0]: Round 0 done
    [c++]: Wall-clock time of verification part in Context::ShareMetadata: 4638 ms
    [c++]: Wall-clock time of verification part in Context::ShareMetadata: 4622 ms
    [c++]: Wall-clock time of verification part in Context::ShareMetadata: 4631 ms
    [c++]: Wall-clock time of verification part in Context::ShareMetadata: 4629 ms
    [c++]: Wall-clock time of verification part in Context::ShareMetadata: 4631 ms
    [c++]: Wall-clock time of verification part in Context::ShareMetadata: 4622 ms
    [c++]: Wall-clock time of verification part in Context::ShareMetadata: 4637 ms
    [c++]: Wall-clock time of verification part in Context::ShareMetadata: 4625 ms
    [c++]: Wall-clock time of verification part in Context::ShareMetadata: 4632 ms
    [c++]: Wall-clock time of verification part in Context::ShareMetadata: 4623 ms
[Epoch 0]: Round 1 done
    - U2 size: 10
[Epoch 0]: Round 2 done
    - U3 size: 10
[Epoch 0]: Round 3 done
[Epoch 0]: Result done

-------------------- Computation Overhead in Epoch 0 --------------------
Client timer:
    - Average round 0 (AdvertiseKeys): 0 ms
    - Average round 1 (ShareMetadata): 4631 ms
    - Average round 2 (MaskedInputCollection): 21 ms
    - Average round 3 (Unmasking): 0 ms
    - Average receive result: 43 ms
Server timer:
    - Average round 0 (AdvertiseKeys): 0 ms
    - Average round 1 (ShareMetadata): 0 ms
    - Average round 2 (MaskedInputCollection): 15 ms
    - Average round 3 (Unmasking): 17 ms

-------------------- Communication Overhead in Epoch 0 --------------------
Client side:
    - Message sent in round 0 (AdvertiseKeys): 0.06640625 KBytes
    - Message received in round 1 (ShareMetadata): 0.6640625 KBytes
    - Message sent in round 1 (ShareMetadata): 1.24609375 KBytes
    - Message received in round 2 (MaskedInputCollection): 1.494140625 KBytes
    - Message sent in round 2 (MaskedInputCollection): 488.283203125 KBytes
    - Message received in round 3 (Unmasking): 0.01953125 KBytes
    - Message sent in round 3 (Unmasking): 0.3515625 KBytes
    - Epoch result received: 488.28125 KBytes
    - Total: 980.40625 KBytes

-------------------- Verification phase --------------------
    - U4 size in last epoch: 10
Verification Round 0 done
    - V1 size: 10
    - U4\V1: []
    - U4\V1 size: 0
Verification Round 1 done
    - V2 size: 10
    - recons_decom_str length: 0 bytes
Verification Round 2 done
    - Verification passed: true

-------------------- Computation Overhead in Verification Phase --------------------
Client timer:
    - Average verification round 0 (Decommitting): 0 ms
    - Average verification round 1 (DroppedDecommitting): 0 ms
    - Average verification round 2 (BatchChecking): 4620 ms
    - Amortized verification time: 4620 ms
Server timer:
    - Average verification round 0 (Decommitting): 0 ms
    - Average verification round 1 (DroppedDecommitting): 0 ms
    - Amortized verification time: 0 ms

-------------------- Communication Overhead in Verification Phase --------------------
Client side:
    - Message sent in verification round 0 (Decommitting): 0.06640625 KBytes
    - Message received in verification round 1 (DroppedDecommitting): 0.6640625 KBytes
    - Message sent in verification round 1 (DroppedDecommitting): 0.001953125 KBytes
    - Message received in verification round 2 (BatchChecking): 0.0 KBytes
    - Total: 0.732421875 KBytes
