Running /home/y-yordanov/workspace/AlphaFL-FLAME/Scripts/../spdz2k-party.x 0 alpha_sa-10-300000 -F -pn 13373 -h localhost -N 2
Running /home/y-yordanov/workspace/AlphaFL-FLAME/Scripts/../spdz2k-party.x 1 alpha_sa-10-300000 -F -pn 13373 -h localhost -N 2
Using SPDZ2k security parameter 64
Using statistical security parameter 40
Trying to run 64-bit computation
Starting timer 1 at 0 (0 MB, 0 rounds) after 2.8343e-05
Starting timer 2 at 0 (0 MB, 0 rounds) after 7.41e-07
Stopped timer 2 at 5.25844 (12.1208 MB, 7524 rounds)
Starting timer 3 at 0 (0 MB, 0 rounds) after 1.463e-06
REUSING DATA - ONLY FOR BENCHMARKING
Stopped timer 3 at 1.16401 (96.0011 MB, 42 rounds)
Starting timer 4 at 0 (0 MB, 0 rounds) after 1.402e-06
Stopped timer 4 at 0.225419 (4.8001 MB, 6 rounds)
Starting timer 5 at 0 (0 MB, 0 rounds) after 1.173e-06
Stopped timer 5 at 0.000302562 (0.000128 MB, 5 rounds)
Stopped timer 1 at 6.64829 (112.922 MB, 7577 rounds)
The following benchmarks are excluding preprocessing (offline phase).
Time = 6.76317 seconds 
Time1 = 6.64829 seconds (112.922 MB, 7577 rounds)
Time2 = 5.25844 seconds (12.1208 MB, 7524 rounds)
Time3 = 1.16401 seconds (96.0011 MB, 42 rounds)
Time4 = 0.225419 seconds (4.8001 MB, 6 rounds)
Time5 = 0.000302562 seconds (0.000128 MB, 5 rounds)
Data sent = 112.922 MB in ~7577 rounds (party 0 only; rounds counted double due to multi-threading; use '-v' for more details)
Global data sent = 225.844 MB (all parties)
Running /home/y-yordanov/workspace/AlphaFL-FLAME/Scripts/../spdz2k-party.x 0 alpha_sa-10-300000 -F -pn 11391 -h localhost -N 2
Running /home/y-yordanov/workspace/AlphaFL-FLAME/Scripts/../spdz2k-party.x 1 alpha_sa-10-300000 -F -pn 11391 -h localhost -N 2
Using SPDZ2k security parameter 64
Using statistical security parameter 40
Trying to run 64-bit computation
Starting timer 1 at 0 (0 MB, 0 rounds) after 2.8403e-05
Starting timer 2 at 0 (0 MB, 0 rounds) after 7.72e-07
Stopped timer 2 at 5.25004 (12.1208 MB, 7524 rounds)
Starting timer 3 at 0 (0 MB, 0 rounds) after 1.352e-06
REUSING DATA - ONLY FOR BENCHMARKING
Stopped timer 3 at 1.16299 (96.0011 MB, 42 rounds)
Starting timer 4 at 0 (0 MB, 0 rounds) after 1.493e-06
Stopped timer 4 at 0.225492 (4.8001 MB, 6 rounds)
Starting timer 5 at 0 (0 MB, 0 rounds) after 1.172e-06
Stopped timer 5 at 0.000330514 (0.000128 MB, 5 rounds)
Stopped timer 1 at 6.63894 (112.922 MB, 7577 rounds)
The following benchmarks are excluding preprocessing (offline phase).
Time = 6.7548 seconds 
Time1 = 6.63894 seconds (112.922 MB, 7577 rounds)
Time2 = 5.25004 seconds (12.1208 MB, 7524 rounds)
Time3 = 1.16299 seconds (96.0011 MB, 42 rounds)
Time4 = 0.225492 seconds (4.8001 MB, 6 rounds)
Time5 = 0.000330514 seconds (0.000128 MB, 5 rounds)
Data sent = 112.922 MB in ~7577 rounds (party 0 only; rounds counted double due to multi-threading; use '-v' for more details)
Global data sent = 225.844 MB (all parties)
Running /home/y-yordanov/workspace/AlphaFL-FLAME/Scripts/../spdz2k-party.x 0 alpha_sa-10-300000 -F -pn 12724 -h localhost -N 2
Running /home/y-yordanov/workspace/AlphaFL-FLAME/Scripts/../spdz2k-party.x 1 alpha_sa-10-300000 -F -pn 12724 -h localhost -N 2
Using SPDZ2k security parameter 64
Using statistical security parameter 40
Trying to run 64-bit computation
Starting timer 1 at 0 (0 MB, 0 rounds) after 2.9926e-05
Starting timer 2 at 0 (0 MB, 0 rounds) after 7.42e-07
Stopped timer 2 at 5.2656 (12.1208 MB, 7524 rounds)
Starting timer 3 at 0 (0 MB, 0 rounds) after 1.934e-06
REUSING DATA - ONLY FOR BENCHMARKING
Stopped timer 3 at 1.17379 (96.0011 MB, 42 rounds)
Starting timer 4 at 0 (0 MB, 0 rounds) after 1.523e-06
Stopped timer 4 at 0.233121 (4.8001 MB, 6 rounds)
Starting timer 5 at 0 (0 MB, 0 rounds) after 1.223e-06
Stopped timer 5 at 0.000382183 (0.000128 MB, 5 rounds)
Stopped timer 1 at 6.67307 (112.922 MB, 7577 rounds)
The following benchmarks are excluding preprocessing (offline phase).
Time = 6.79069 seconds 
Time1 = 6.67307 seconds (112.922 MB, 7577 rounds)
Time2 = 5.2656 seconds (12.1208 MB, 7524 rounds)
Time3 = 1.17379 seconds (96.0011 MB, 42 rounds)
Time4 = 0.233121 seconds (4.8001 MB, 6 rounds)
Time5 = 0.000382183 seconds (0.000128 MB, 5 rounds)
Data sent = 112.922 MB in ~7577 rounds (party 0 only; rounds counted double due to multi-threading; use '-v' for more details)
Global data sent = 225.844 MB (all parties)
Running /home/y-yordanov/workspace/AlphaFL-FLAME/Scripts/../spdz2k-party.x 0 alpha_sa-10-300000 -F -pn 16435 -h localhost -N 2
Running /home/y-yordanov/workspace/AlphaFL-FLAME/Scripts/../spdz2k-party.x 1 alpha_sa-10-300000 -F -pn 16435 -h localhost -N 2
Using SPDZ2k security parameter 64
Using statistical security parameter 40
Trying to run 64-bit computation
Starting timer 1 at 0 (0 MB, 0 rounds) after 4.9002e-05
Starting timer 2 at 0 (0 MB, 0 rounds) after 7.61e-07
Stopped timer 2 at 5.25842 (12.1208 MB, 7524 rounds)
Starting timer 3 at 0 (0 MB, 0 rounds) after 1.713e-06
REUSING DATA - ONLY FOR BENCHMARKING
Stopped timer 3 at 1.18047 (96.0011 MB, 42 rounds)
Starting timer 4 at 0 (0 MB, 0 rounds) after 1.343e-06
Stopped timer 4 at 0.230091 (4.8001 MB, 6 rounds)
Starting timer 5 at 0 (0 MB, 0 rounds) after 1.563e-06
Stopped timer 5 at 0.000478524 (0.000128 MB, 5 rounds)
Stopped timer 1 at 6.66958 (112.922 MB, 7577 rounds)
The following benchmarks are excluding preprocessing (offline phase).
Time = 6.78558 seconds 
Time1 = 6.66958 seconds (112.922 MB, 7577 rounds)
Time2 = 5.25842 seconds (12.1208 MB, 7524 rounds)
Time3 = 1.18047 seconds (96.0011 MB, 42 rounds)
Time4 = 0.230091 seconds (4.8001 MB, 6 rounds)
Time5 = 0.000478524 seconds (0.000128 MB, 5 rounds)
Data sent = 112.922 MB in ~7577 rounds (party 0 only; rounds counted double due to multi-threading; use '-v' for more details)
Global data sent = 225.844 MB (all parties)
Running /home/y-yordanov/workspace/AlphaFL-FLAME/Scripts/../spdz2k-party.x 0 alpha_sa-10-300000 -F -pn 14559 -h localhost -N 2
Running /home/y-yordanov/workspace/AlphaFL-FLAME/Scripts/../spdz2k-party.x 1 alpha_sa-10-300000 -F -pn 14559 -h localhost -N 2
Using SPDZ2k security parameter 64
Using statistical security parameter 40
Trying to run 64-bit computation
Starting timer 1 at 0 (0 MB, 0 rounds) after 2.9706e-05
Starting timer 2 at 0 (0 MB, 0 rounds) after 7.41e-07
Stopped timer 2 at 5.25366 (12.1208 MB, 7524 rounds)
Starting timer 3 at 0 (0 MB, 0 rounds) after 1.563e-06
REUSING DATA - ONLY FOR BENCHMARKING
Stopped timer 3 at 1.17602 (96.0011 MB, 42 rounds)
Starting timer 4 at 0 (0 MB, 0 rounds) after 1.433e-06
Stopped timer 4 at 0.227675 (4.8001 MB, 6 rounds)
Starting timer 5 at 0 (0 MB, 0 rounds) after 1.282e-06
Stopped timer 5 at 0.000340533 (0.000128 MB, 5 rounds)
Stopped timer 1 at 6.65784 (112.922 MB, 7577 rounds)
The following benchmarks are excluding preprocessing (offline phase).
Time = 6.77574 seconds 
Time1 = 6.65784 seconds (112.922 MB, 7577 rounds)
Time2 = 5.25366 seconds (12.1208 MB, 7524 rounds)
Time3 = 1.17602 seconds (96.0011 MB, 42 rounds)
Time4 = 0.227675 seconds (4.8001 MB, 6 rounds)
Time5 = 0.000340533 seconds (0.000128 MB, 5 rounds)
Data sent = 112.922 MB in ~7577 rounds (party 0 only; rounds counted double due to multi-threading; use '-v' for more details)
Global data sent = 225.844 MB (all parties)
