Running /home/y-yordanov/workspace/AlphaFL-FLAME/Scripts/../spdz2k-party.x 0 alpha_sa-30-500000 -F -pn 16099 -h localhost -N 2
Running /home/y-yordanov/workspace/AlphaFL-FLAME/Scripts/../spdz2k-party.x 1 alpha_sa-30-500000 -F -pn 16099 -h localhost -N 2
Using SPDZ2k security parameter 64
Using statistical security parameter 40
Trying to run 64-bit computation
/home/y-yordanov/workspace/AlphaFL-FLAME/Scripts/run-common.sh: line 90: 25576 Killed                  $my_prefix $SPDZROOT/$bin $i $params 2>&1
     25578 Done                    | { if test "$BENCH"; then
    if test $i = $front_player; then
        tee -a $log;
    else
        cat >> $log;
    fi;
else
    if test $i = $front_player; then
        tee $log;
    else
        cat > $log;
    fi;
fi; }
=== Party 1
Using SPDZ2k security parameter 64
Using statistical security parameter 40
Trying to run 64-bit computation
