Running /home/y-yordanov/workspace/AlphaFL-FLAME/Scripts/../spdz2k-party.x 0 alpha_sa-30-300000 -F -pn 10563 -h localhost -N 2
Running /home/y-yordanov/workspace/AlphaFL-FLAME/Scripts/../spdz2k-party.x 1 alpha_sa-30-300000 -F -pn 10563 -h localhost -N 2
Using SPDZ2k security parameter 64
Using statistical security parameter 40
Trying to run 64-bit computation
Starting timer 1 at 0 (0 MB, 0 rounds) after 3.6259e-05
Starting timer 2 at 0 (0 MB, 0 rounds) after 1.142e-06
Stopped timer 2 at 16.4385 (36.3848 MB, 24024 rounds)
Starting timer 3 at 0 (0 MB, 0 rounds) after 2.424e-06
REUSING DATA - ONLY FOR BENCHMARKING
Stopped timer 3 at 4.55416 (288.002 MB, 42 rounds)
Starting timer 4 at 0 (0 MB, 0 rounds) after 1.603e-06
Stopped timer 4 at 0.532857 (4.8001 MB, 6 rounds)
Starting timer 5 at 0 (0 MB, 0 rounds) after 1.222e-06
Stopped timer 5 at 0.000277123 (0.000128 MB, 5 rounds)
Stopped timer 1 at 21.5259 (329.187 MB, 24077 rounds)
The following benchmarks are excluding preprocessing (offline phase).
Time = 21.8392 seconds 
Time1 = 21.5259 seconds (329.187 MB, 24077 rounds)
Time2 = 16.4385 seconds (36.3848 MB, 24024 rounds)
Time3 = 4.55416 seconds (288.002 MB, 42 rounds)
Time4 = 0.532857 seconds (4.8001 MB, 6 rounds)
Time5 = 0.000277123 seconds (0.000128 MB, 5 rounds)
Data sent = 329.187 MB in ~24077 rounds (party 0 only; rounds counted double due to multi-threading; use '-v' for more details)
Global data sent = 658.375 MB (all parties)
Running /home/y-yordanov/workspace/AlphaFL-FLAME/Scripts/../spdz2k-party.x 0 alpha_sa-30-300000 -F -pn 10278 -h localhost -N 2
Running /home/y-yordanov/workspace/AlphaFL-FLAME/Scripts/../spdz2k-party.x 1 alpha_sa-30-300000 -F -pn 10278 -h localhost -N 2
Using SPDZ2k security parameter 64
Using statistical security parameter 40
Trying to run 64-bit computation
Starting timer 1 at 0 (0 MB, 0 rounds) after 2.7061e-05
Starting timer 2 at 0 (0 MB, 0 rounds) after 7.61e-07
Stopped timer 2 at 15.8375 (36.3848 MB, 24024 rounds)
Starting timer 3 at 0 (0 MB, 0 rounds) after 2.034e-06
REUSING DATA - ONLY FOR BENCHMARKING
Stopped timer 3 at 4.23768 (288.002 MB, 42 rounds)
Starting timer 4 at 0 (0 MB, 0 rounds) after 2.004e-06
Stopped timer 4 at 0.474111 (4.8001 MB, 6 rounds)
Starting timer 5 at 0 (0 MB, 0 rounds) after 1.292e-06
Stopped timer 5 at 0.000261133 (0.000128 MB, 5 rounds)
Stopped timer 1 at 20.5497 (329.187 MB, 24077 rounds)
The following benchmarks are excluding preprocessing (offline phase).
Time = 20.8515 seconds 
Time1 = 20.5497 seconds (329.187 MB, 24077 rounds)
Time2 = 15.8375 seconds (36.3848 MB, 24024 rounds)
Time3 = 4.23768 seconds (288.002 MB, 42 rounds)
Time4 = 0.474111 seconds (4.8001 MB, 6 rounds)
Time5 = 0.000261133 seconds (0.000128 MB, 5 rounds)
Data sent = 329.187 MB in ~24077 rounds (party 0 only; rounds counted double due to multi-threading; use '-v' for more details)
Global data sent = 658.375 MB (all parties)
Running /home/y-yordanov/workspace/AlphaFL-FLAME/Scripts/../spdz2k-party.x 0 alpha_sa-30-300000 -F -pn 10372 -h localhost -N 2
Running /home/y-yordanov/workspace/AlphaFL-FLAME/Scripts/../spdz2k-party.x 1 alpha_sa-30-300000 -F -pn 10372 -h localhost -N 2
Using SPDZ2k security parameter 64
Using statistical security parameter 40
Trying to run 64-bit computation
Starting timer 1 at 0 (0 MB, 0 rounds) after 2.9776e-05
Starting timer 2 at 0 (0 MB, 0 rounds) after 7.51e-07
Stopped timer 2 at 15.7941 (36.3848 MB, 24024 rounds)
Starting timer 3 at 0 (0 MB, 0 rounds) after 2.614e-06
REUSING DATA - ONLY FOR BENCHMARKING
Stopped timer 3 at 4.2764 (288.002 MB, 42 rounds)
Starting timer 4 at 0 (0 MB, 0 rounds) after 1.393e-06
Stopped timer 4 at 0.483907 (4.8001 MB, 6 rounds)
Starting timer 5 at 0 (0 MB, 0 rounds) after 1.403e-06
Stopped timer 5 at 0.000269499 (0.000128 MB, 5 rounds)
Stopped timer 1 at 20.555 (329.187 MB, 24077 rounds)
The following benchmarks are excluding preprocessing (offline phase).
Time = 20.8528 seconds 
Time1 = 20.555 seconds (329.187 MB, 24077 rounds)
Time2 = 15.7941 seconds (36.3848 MB, 24024 rounds)
Time3 = 4.2764 seconds (288.002 MB, 42 rounds)
Time4 = 0.483907 seconds (4.8001 MB, 6 rounds)
Time5 = 0.000269499 seconds (0.000128 MB, 5 rounds)
Data sent = 329.187 MB in ~24077 rounds (party 0 only; rounds counted double due to multi-threading; use '-v' for more details)
Global data sent = 658.375 MB (all parties)
Running /home/y-yordanov/workspace/AlphaFL-FLAME/Scripts/../spdz2k-party.x 0 alpha_sa-30-300000 -F -pn 14156 -h localhost -N 2
Running /home/y-yordanov/workspace/AlphaFL-FLAME/Scripts/../spdz2k-party.x 1 alpha_sa-30-300000 -F -pn 14156 -h localhost -N 2
Using SPDZ2k security parameter 64
Using statistical security parameter 40
Trying to run 64-bit computation
Starting timer 1 at 0 (0 MB, 0 rounds) after 3.1149e-05
Starting timer 2 at 0 (0 MB, 0 rounds) after 7.61e-07
Stopped timer 2 at 15.6747 (36.3848 MB, 24024 rounds)
Starting timer 3 at 0 (0 MB, 0 rounds) after 1.322e-06
REUSING DATA - ONLY FOR BENCHMARKING
Stopped timer 3 at 8.7864 (288.002 MB, 42 rounds)
Starting timer 4 at 0 (0 MB, 0 rounds) after 2.5598e-05
Stopped timer 4 at 1.26945 (4.8001 MB, 6 rounds)
Starting timer 5 at 0 (0 MB, 0 rounds) after 1.262e-06
Stopped timer 5 at 0.000668743 (0.000128 MB, 5 rounds)
Stopped timer 1 at 25.7317 (329.187 MB, 24077 rounds)
The following benchmarks are excluding preprocessing (offline phase).
Time = 26.1715 seconds 
Time1 = 25.7317 seconds (329.187 MB, 24077 rounds)
Time2 = 15.6747 seconds (36.3848 MB, 24024 rounds)
Time3 = 8.7864 seconds (288.002 MB, 42 rounds)
Time4 = 1.26945 seconds (4.8001 MB, 6 rounds)
Time5 = 0.000668743 seconds (0.000128 MB, 5 rounds)
Data sent = 329.187 MB in ~24077 rounds (party 0 only; rounds counted double due to multi-threading; use '-v' for more details)
Global data sent = 658.375 MB (all parties)
Running /home/y-yordanov/workspace/AlphaFL-FLAME/Scripts/../spdz2k-party.x 0 alpha_sa-30-300000 -F -pn 15964 -h localhost -N 2
Running /home/y-yordanov/workspace/AlphaFL-FLAME/Scripts/../spdz2k-party.x 1 alpha_sa-30-300000 -F -pn 15964 -h localhost -N 2
Using SPDZ2k security parameter 64
Using statistical security parameter 40
Trying to run 64-bit computation
Starting timer 1 at 0 (0 MB, 0 rounds) after 3.196e-05
Starting timer 2 at 0 (0 MB, 0 rounds) after 7.92e-07
Stopped timer 2 at 15.6295 (36.3848 MB, 24024 rounds)
Starting timer 3 at 0 (0 MB, 0 rounds) after 1.693e-06
REUSING DATA - ONLY FOR BENCHMARKING
Stopped timer 3 at 5.53109 (288.002 MB, 42 rounds)
Starting timer 4 at 0 (0 MB, 0 rounds) after 2.8624e-05
Stopped timer 4 at 1.26013 (4.8001 MB, 6 rounds)
Starting timer 5 at 0 (0 MB, 0 rounds) after 1.222e-06
Stopped timer 5 at 0.0012395 (0.000128 MB, 5 rounds)
Stopped timer 1 at 22.4228 (329.187 MB, 24077 rounds)
The following benchmarks are excluding preprocessing (offline phase).
Time = 22.8426 seconds 
Time1 = 22.4228 seconds (329.187 MB, 24077 rounds)
Time2 = 15.6295 seconds (36.3848 MB, 24024 rounds)
Time3 = 5.53109 seconds (288.002 MB, 42 rounds)
Time4 = 1.26013 seconds (4.8001 MB, 6 rounds)
Time5 = 0.0012395 seconds (0.000128 MB, 5 rounds)
Data sent = 329.187 MB in ~24077 rounds (party 0 only; rounds counted double due to multi-threading; use '-v' for more details)
Global data sent = 658.375 MB (all parties)
