Running /home/y-yordanov/workspace/AlphaFL-FLAME/Scripts/../spdz2k-party.x 0 alpha_sa-4-817872 -F -pn 11584 -h localhost -N 2
Running /home/y-yordanov/workspace/AlphaFL-FLAME/Scripts/../spdz2k-party.x 1 alpha_sa-4-817872 -F -pn 11584 -h localhost -N 2
Using SPDZ2k security parameter 64
Using statistical security parameter 40
Trying to run 64-bit computation
Starting timer 1 at 0 (0 MB, 0 rounds) after 2.8424e-05
Starting timer 2 at 0 (0 MB, 0 rounds) after 7.71e-07
Stopped timer 2 at 5.65931 (13.2354 MB, 9318 rounds)
Starting timer 3 at 0 (0 MB, 0 rounds) after 1.543e-06
REUSING DATA - ONLY FOR BENCHMARKING
Stopped timer 3 at 1.29094 (104.688 MB, 42 rounds)
Starting timer 4 at 0 (0 MB, 0 rounds) after 1.573e-06
Stopped timer 4 at 0.293379 (13.0861 MB, 6 rounds)
Starting timer 5 at 0 (0 MB, 0 rounds) after 1.422e-06
Stopped timer 5 at 0.000410165 (0.0001 MB, 3 rounds)
Stopped timer 1 at 7.24422 (131.01 MB, 9369 rounds)
The following benchmarks are excluding preprocessing (offline phase).
Time = 7.37461 seconds 
Time1 = 7.24422 seconds (131.01 MB, 9369 rounds)
Time2 = 5.65931 seconds (13.2354 MB, 9318 rounds)
Time3 = 1.29094 seconds (104.688 MB, 42 rounds)
Time4 = 0.293379 seconds (13.0861 MB, 6 rounds)
Time5 = 0.000410165 seconds (0.0001 MB, 3 rounds)
Data sent = 131.01 MB in ~9369 rounds (party 0 only; rounds counted double due to multi-threading; use '-v' for more details)
Global data sent = 262.02 MB (all parties)
Running /home/y-yordanov/workspace/AlphaFL-FLAME/Scripts/../spdz2k-party.x 0 alpha_sa-4-817872 -F -pn 14512 -h localhost -N 2
Running /home/y-yordanov/workspace/AlphaFL-FLAME/Scripts/../spdz2k-party.x 1 alpha_sa-4-817872 -F -pn 14512 -h localhost -N 2
Using SPDZ2k security parameter 64
Using statistical security parameter 40
Trying to run 64-bit computation
Starting timer 1 at 0 (0 MB, 0 rounds) after 2.9916e-05
Starting timer 2 at 0 (0 MB, 0 rounds) after 7.62e-07
Stopped timer 2 at 5.67956 (13.2354 MB, 9318 rounds)
Starting timer 3 at 0 (0 MB, 0 rounds) after 1.422e-06
REUSING DATA - ONLY FOR BENCHMARKING
Stopped timer 3 at 1.29272 (104.688 MB, 42 rounds)
Starting timer 4 at 0 (0 MB, 0 rounds) after 1.383e-06
Stopped timer 4 at 0.283459 (13.0861 MB, 6 rounds)
Starting timer 5 at 0 (0 MB, 0 rounds) after 1.242e-06
Stopped timer 5 at 0.000242399 (0.0001 MB, 3 rounds)
Stopped timer 1 at 7.25624 (131.01 MB, 9369 rounds)
The following benchmarks are excluding preprocessing (offline phase).
Time = 7.38637 seconds 
Time1 = 7.25624 seconds (131.01 MB, 9369 rounds)
Time2 = 5.67956 seconds (13.2354 MB, 9318 rounds)
Time3 = 1.29272 seconds (104.688 MB, 42 rounds)
Time4 = 0.283459 seconds (13.0861 MB, 6 rounds)
Time5 = 0.000242399 seconds (0.0001 MB, 3 rounds)
Data sent = 131.01 MB in ~9369 rounds (party 0 only; rounds counted double due to multi-threading; use '-v' for more details)
Global data sent = 262.02 MB (all parties)
Running /home/y-yordanov/workspace/AlphaFL-FLAME/Scripts/../spdz2k-party.x 0 alpha_sa-4-817872 -F -pn 14738 -h localhost -N 2
Running /home/y-yordanov/workspace/AlphaFL-FLAME/Scripts/../spdz2k-party.x 1 alpha_sa-4-817872 -F -pn 14738 -h localhost -N 2
Using SPDZ2k security parameter 64
Using statistical security parameter 40
Trying to run 64-bit computation
Starting timer 1 at 0 (0 MB, 0 rounds) after 4.213e-05
Starting timer 2 at 0 (0 MB, 0 rounds) after 7.51e-07
Stopped timer 2 at 5.66787 (13.2354 MB, 9318 rounds)
Starting timer 3 at 0 (0 MB, 0 rounds) after 1.342e-06
REUSING DATA - ONLY FOR BENCHMARKING
Stopped timer 3 at 1.29275 (104.688 MB, 42 rounds)
Starting timer 4 at 0 (0 MB, 0 rounds) after 1.353e-06
Stopped timer 4 at 0.294796 (13.0861 MB, 6 rounds)
Starting timer 5 at 0 (0 MB, 0 rounds) after 1.362e-06
Stopped timer 5 at 0.00040219 (0.0001 MB, 3 rounds)
Stopped timer 1 at 7.25594 (131.01 MB, 9369 rounds)
The following benchmarks are excluding preprocessing (offline phase).
Time = 7.38804 seconds 
Time1 = 7.25594 seconds (131.01 MB, 9369 rounds)
Time2 = 5.66787 seconds (13.2354 MB, 9318 rounds)
Time3 = 1.29275 seconds (104.688 MB, 42 rounds)
Time4 = 0.294796 seconds (13.0861 MB, 6 rounds)
Time5 = 0.00040219 seconds (0.0001 MB, 3 rounds)
Data sent = 131.01 MB in ~9369 rounds (party 0 only; rounds counted double due to multi-threading; use '-v' for more details)
Global data sent = 262.02 MB (all parties)
Running /home/y-yordanov/workspace/AlphaFL-FLAME/Scripts/../spdz2k-party.x 0 alpha_sa-4-817872 -F -pn 15630 -h localhost -N 2
Running /home/y-yordanov/workspace/AlphaFL-FLAME/Scripts/../spdz2k-party.x 1 alpha_sa-4-817872 -F -pn 15630 -h localhost -N 2
Using SPDZ2k security parameter 64
Using statistical security parameter 40
Trying to run 64-bit computation
Starting timer 1 at 0 (0 MB, 0 rounds) after 2.9005e-05
Starting timer 2 at 0 (0 MB, 0 rounds) after 7.21e-07
Stopped timer 2 at 5.67274 (13.2354 MB, 9318 rounds)
Starting timer 3 at 0 (0 MB, 0 rounds) after 2.845e-06
REUSING DATA - ONLY FOR BENCHMARKING
Stopped timer 3 at 1.30139 (104.688 MB, 42 rounds)
Starting timer 4 at 0 (0 MB, 0 rounds) after 1.964e-06
Stopped timer 4 at 0.290886 (13.0861 MB, 6 rounds)
Starting timer 5 at 0 (0 MB, 0 rounds) after 1.753e-06
Stopped timer 5 at 0.000311198 (0.0001 MB, 3 rounds)
Stopped timer 1 at 7.26548 (131.01 MB, 9369 rounds)
The following benchmarks are excluding preprocessing (offline phase).
Time = 7.39604 seconds 
Time1 = 7.26548 seconds (131.01 MB, 9369 rounds)
Time2 = 5.67274 seconds (13.2354 MB, 9318 rounds)
Time3 = 1.30139 seconds (104.688 MB, 42 rounds)
Time4 = 0.290886 seconds (13.0861 MB, 6 rounds)
Time5 = 0.000311198 seconds (0.0001 MB, 3 rounds)
Data sent = 131.01 MB in ~9369 rounds (party 0 only; rounds counted double due to multi-threading; use '-v' for more details)
Global data sent = 262.02 MB (all parties)
Running /home/y-yordanov/workspace/AlphaFL-FLAME/Scripts/../spdz2k-party.x 0 alpha_sa-4-817872 -F -pn 13163 -h localhost -N 2
Running /home/y-yordanov/workspace/AlphaFL-FLAME/Scripts/../spdz2k-party.x 1 alpha_sa-4-817872 -F -pn 13163 -h localhost -N 2
Using SPDZ2k security parameter 64
Using statistical security parameter 40
Trying to run 64-bit computation
Starting timer 1 at 0 (0 MB, 0 rounds) after 2.9516e-05
Starting timer 2 at 0 (0 MB, 0 rounds) after 7.41e-07
Stopped timer 2 at 5.66789 (13.2354 MB, 9318 rounds)
Starting timer 3 at 0 (0 MB, 0 rounds) after 1.333e-06
REUSING DATA - ONLY FOR BENCHMARKING
Stopped timer 3 at 1.30623 (104.688 MB, 42 rounds)
Starting timer 4 at 0 (0 MB, 0 rounds) after 1.373e-06
Stopped timer 4 at 0.302673 (13.0861 MB, 6 rounds)
Starting timer 5 at 0 (0 MB, 0 rounds) after 1.343e-06
Stopped timer 5 at 0.000339221 (0.0001 MB, 3 rounds)
Stopped timer 1 at 7.27729 (131.01 MB, 9369 rounds)
The following benchmarks are excluding preprocessing (offline phase).
Time = 7.40752 seconds 
Time1 = 7.27729 seconds (131.01 MB, 9369 rounds)
Time2 = 5.66789 seconds (13.2354 MB, 9318 rounds)
Time3 = 1.30623 seconds (104.688 MB, 42 rounds)
Time4 = 0.302673 seconds (13.0861 MB, 6 rounds)
Time5 = 0.000339221 seconds (0.0001 MB, 3 rounds)
Data sent = 131.01 MB in ~9369 rounds (party 0 only; rounds counted double due to multi-threading; use '-v' for more details)
Global data sent = 262.02 MB (all parties)
