Running /home/y-yordanov/workspace/AlphaFL-FLAME/Scripts/../spdz2k-party.x 0 alpha_sa-40-300000 -F -pn 19986 -h localhost -N 2
Running /home/y-yordanov/workspace/AlphaFL-FLAME/Scripts/../spdz2k-party.x 1 alpha_sa-40-300000 -F -pn 19986 -h localhost -N 2
Using SPDZ2k security parameter 64
Using statistical security parameter 40
Trying to run 64-bit computation
/home/y-yordanov/workspace/AlphaFL-FLAME/Scripts/run-common.sh: line 90: 53705 Killed                  $my_prefix $SPDZROOT/$bin $i $params 2>&1
     53706 Done                    | { if test "$BENCH"; then
    if test $i = $front_player; then
        tee -a $log;
    else
        cat >> $log;
    fi;
else
    if test $i = $front_player; then
        tee $log;
    else
        cat > $log;
    fi;
fi; }
=== Party 1
Using statistical security parameter 40
Trying to run 64-bit computation
terminate called after throwing an instance of 'closed_connection'
Running /home/y-yordanov/workspace/AlphaFL-FLAME/Scripts/../spdz2k-party.x 0 alpha_sa-40-300000 -F -pn 11261 -h localhost -N 2
Running /home/y-yordanov/workspace/AlphaFL-FLAME/Scripts/../spdz2k-party.x 1 alpha_sa-40-300000 -F -pn 11261 -h localhost -N 2
Using SPDZ2k security parameter 64
Using statistical security parameter 40
Trying to run 64-bit computation
Starting timer 1 at 0 (0 MB, 0 rounds) after 0.00202723
Starting timer 2 at 0 (0 MB, 0 rounds) after 8.51e-07
terminate called recursively
terminate called recursively
terminate called recursively
terminate called recursively
terminate called recursively
terminate called recursively
terminate called recursively
terminate called recursively
terminate called recursively
terminate called recursively
terminate called recursively
/home/y-yordanov/workspace/AlphaFL-FLAME/Scripts/run-common.sh: line 90: 53832 Aborted                 (core dumped) $my_prefix $SPDZROOT/$bin $i $params 2>&1
     53833 Done                    | { if test "$BENCH"; then
    if test $i = $front_player; then
        tee -a $log;
    else
        cat >> $log;
    fi;
else
    if test $i = $front_player; then
        tee $log;
    else
        cat > $log;
    fi;
fi; }
/home/y-yordanov/workspace/AlphaFL-FLAME/Scripts/run-common.sh: line 90: 53834 Killed                  $my_prefix $SPDZROOT/$bin $i $params 2>&1
     53836 Done                    | { if test "$BENCH"; then
    if test $i = $front_player; then
        tee -a $log;
    else
        cat >> $log;
    fi;
else
    if test $i = $front_player; then
        tee $log;
    else
        cat > $log;
    fi;
fi; }
=== Party 1
Using SPDZ2k security parameter 64
Using statistical security parameter 40
Trying to run 64-bit computation
Running /home/y-yordanov/workspace/AlphaFL-FLAME/Scripts/../spdz2k-party.x 0 alpha_sa-40-300000 -F -pn 19339 -h localhost -N 2
Running /home/y-yordanov/workspace/AlphaFL-FLAME/Scripts/../spdz2k-party.x 1 alpha_sa-40-300000 -F -pn 19339 -h localhost -N 2
Using SPDZ2k security parameter 64
Using statistical security parameter 40
Trying to run 64-bit computation
Starting timer 1 at 0 (0 MB, 0 rounds) after 0.00192491
Starting timer 2 at 0 (0 MB, 0 rounds) after 1.132e-06
terminate called recursively
terminate called recursively
terminate called recursively
terminate called recursively
terminate called recursively
terminate called recursively
terminate called recursively
terminate called recursively
terminate called recursively
terminate called after throwing an instance of 'terminate called recursively
terminate called recursively
closed_connectionterminate called recursively
'
terminate called recursively
/home/y-yordanov/workspace/AlphaFL-FLAME/Scripts/run-common.sh: line 90: 53976 Aborted                 (core dumped) $my_prefix $SPDZROOT/$bin $i $params 2>&1
     53977 Done                    | { if test "$BENCH"; then
    if test $i = $front_player; then
        tee -a $log;
    else
        cat >> $log;
    fi;
else
    if test $i = $front_player; then
        tee $log;
    else
        cat > $log;
    fi;
fi; }
/home/y-yordanov/workspace/AlphaFL-FLAME/Scripts/run-common.sh: line 90: 53978 Killed                  $my_prefix $SPDZROOT/$bin $i $params 2>&1
     53980 Done                    | { if test "$BENCH"; then
    if test $i = $front_player; then
        tee -a $log;
    else
        cat >> $log;
    fi;
else
    if test $i = $front_player; then
        tee $log;
    else
        cat > $log;
    fi;
fi; }
=== Party 1
Using SPDZ2k security parameter 64
Using statistical security parameter 40
Trying to run 64-bit computation
Running /home/y-yordanov/workspace/AlphaFL-FLAME/Scripts/../spdz2k-party.x 0 alpha_sa-40-300000 -F -pn 10430 -h localhost -N 2
Running /home/y-yordanov/workspace/AlphaFL-FLAME/Scripts/../spdz2k-party.x 1 alpha_sa-40-300000 -F -pn 10430 -h localhost -N 2
Using SPDZ2k security parameter 64
Using statistical security parameter 40
Trying to run 64-bit computation
Starting timer 1 at 0 (0 MB, 0 rounds) after 0.00151204
Starting timer 2 at 0 (0 MB, 0 rounds) after 8.42e-07
terminate called recursively
terminate called recursively
terminate called recursively
terminate called recursively
terminate called recursively
terminate called recursively
terminate called recursively
terminate called recursively
terminate called recursively
terminate called recursively
terminate called recursively
terminate called recursively
terminate called after throwing an instance of 'closed_connection'
terminate called recursively
terminate called recursively
/home/y-yordanov/workspace/AlphaFL-FLAME/Scripts/run-common.sh: line 90: 54116 Aborted                 (core dumped) $my_prefix $SPDZROOT/$bin $i $params 2>&1
     54117 Done                    | { if test "$BENCH"; then
    if test $i = $front_player; then
        tee -a $log;
    else
        cat >> $log;
    fi;
else
    if test $i = $front_player; then
        tee $log;
    else
        cat > $log;
    fi;
fi; }
/home/y-yordanov/workspace/AlphaFL-FLAME/Scripts/run-common.sh: line 90: 54118 Killed                  $my_prefix $SPDZROOT/$bin $i $params 2>&1
     54120 Done                    | { if test "$BENCH"; then
    if test $i = $front_player; then
        tee -a $log;
    else
        cat >> $log;
    fi;
else
    if test $i = $front_player; then
        tee $log;
    else
        cat > $log;
    fi;
fi; }
=== Party 1
Using SPDZ2k security parameter 64
Using statistical security parameter 40
Trying to run 64-bit computation
Running /home/y-yordanov/workspace/AlphaFL-FLAME/Scripts/../spdz2k-party.x 0 alpha_sa-40-300000 -F -pn 10690 -h localhost -N 2
Running /home/y-yordanov/workspace/AlphaFL-FLAME/Scripts/../spdz2k-party.x 1 alpha_sa-40-300000 -F -pn 10690 -h localhost -N 2
Using SPDZ2k security parameter 64
Using statistical security parameter 40
Trying to run 64-bit computation
Starting timer 1 at 0 (0 MB, 0 rounds) after 0.00210475
Starting timer 2 at 0 (0 MB, 0 rounds) after 8.32e-07
terminate called recursively
terminate called recursively
terminate called recursively
terminate called recursively
terminate called recursively
terminate called after throwing an instance of 'terminate called recursively
terminate called recursively
terminate called recursively
terminate called recursively
terminate called recursively
terminate called recursively
terminate called recursively
terminate called recursively
terminate called recursively
/home/y-yordanov/workspace/AlphaFL-FLAME/Scripts/run-common.sh: line 90: 54250 Aborted                 (core dumped) $my_prefix $SPDZROOT/$bin $i $params 2>&1
     54251 Done                    | { if test "$BENCH"; then
    if test $i = $front_player; then
        tee -a $log;
    else
        cat >> $log;
    fi;
else
    if test $i = $front_player; then
        tee $log;
    else
        cat > $log;
    fi;
fi; }
/home/y-yordanov/workspace/AlphaFL-FLAME/Scripts/run-common.sh: line 90: 54252 Killed                  $my_prefix $SPDZROOT/$bin $i $params 2>&1
     54254 Done                    | { if test "$BENCH"; then
    if test $i = $front_player; then
        tee -a $log;
    else
        cat >> $log;
    fi;
else
    if test $i = $front_player; then
        tee $log;
    else
        cat > $log;
    fi;
fi; }
=== Party 1
Using SPDZ2k security parameter 64
Using statistical security parameter 40
Trying to run 64-bit computation
