Running /home/dai/alpha-fl/Scripts/../spdz2k-party.x 0 alpha_sa-4-62006 -F -pn 18373 -h localhost -N 2
Running /home/dai/alpha-fl/Scripts/../spdz2k-party.x 1 alpha_sa-4-62006 -F -pn 18373 -h localhost -N 2
Using SPDZ2k security parameter 64
Using statistical security parameter 40
Trying to run 64-bit computation
Starting timer 1 at 0 (0 MB, 0 rounds) after 4.2029e-05
Starting timer 2 at 0 (0 MB, 0 rounds) after 9.61e-07
Stopped timer 2 at 0.22017 (1.00275 MB, 642 rounds)
Starting timer 3 at 0 (0 MB, 0 rounds) after 2.475e-06
REUSING DATA - ONLY FOR BENCHMARKING
Stopped timer 3 at 0.16069 (7.93753 MB, 42 rounds)
Starting timer 4 at 0 (0 MB, 0 rounds) after 2.139e-06
Stopped timer 4 at 0.0249738 (0.9922 MB, 6 rounds)
Starting timer 5 at 0 (0 MB, 0 rounds) after 2.236e-06
Stopped timer 5 at 0.0021862 (0.0001 MB, 3 rounds)
Stopped timer 1 at 0.408184 (9.93258 MB, 693 rounds)
The following benchmarks are excluding preprocessing (offline phase).
Time = 0.428293 seconds 
Time1 = 0.408184 seconds (9.93258 MB, 693 rounds)
Time2 = 0.22017 seconds (1.00275 MB, 642 rounds)
Time3 = 0.16069 seconds (7.93753 MB, 42 rounds)
Time4 = 0.0249738 seconds (0.9922 MB, 6 rounds)
Time5 = 0.0021862 seconds (0.0001 MB, 3 rounds)
Data sent = 9.93258 MB in ~693 rounds (party 0 only; rounds counted double due to multi-threading; use '-v' for more details)
Global data sent = 19.8652 MB (all parties)
Running /home/dai/alpha-fl/Scripts/../spdz2k-party.x 0 alpha_sa-4-62006 -F -pn 18765 -h localhost -N 2
Running /home/dai/alpha-fl/Scripts/../spdz2k-party.x 1 alpha_sa-4-62006 -F -pn 18765 -h localhost -N 2
Using SPDZ2k security parameter 64
Using statistical security parameter 40
Trying to run 64-bit computation
Starting timer 1 at 0 (0 MB, 0 rounds) after 3.8684e-05
Starting timer 2 at 0 (0 MB, 0 rounds) after 1.421e-06
Stopped timer 2 at 0.226372 (1.00275 MB, 642 rounds)
Starting timer 3 at 0 (0 MB, 0 rounds) after 2.148e-06
REUSING DATA - ONLY FOR BENCHMARKING
Stopped timer 3 at 0.15784 (7.93753 MB, 42 rounds)
Starting timer 4 at 0 (0 MB, 0 rounds) after 1.875e-06
Stopped timer 4 at 0.0236405 (0.9922 MB, 6 rounds)
Starting timer 5 at 0 (0 MB, 0 rounds) after 2.105e-06
Stopped timer 5 at 0.00217049 (0.0001 MB, 3 rounds)
Stopped timer 1 at 0.410194 (9.93258 MB, 693 rounds)
The following benchmarks are excluding preprocessing (offline phase).
Time = 0.431917 seconds 
Time1 = 0.410194 seconds (9.93258 MB, 693 rounds)
Time2 = 0.226372 seconds (1.00275 MB, 642 rounds)
Time3 = 0.15784 seconds (7.93753 MB, 42 rounds)
Time4 = 0.0236405 seconds (0.9922 MB, 6 rounds)
Time5 = 0.00217049 seconds (0.0001 MB, 3 rounds)
Data sent = 9.93258 MB in ~693 rounds (party 0 only; rounds counted double due to multi-threading; use '-v' for more details)
Global data sent = 19.8652 MB (all parties)
Running /home/dai/alpha-fl/Scripts/../spdz2k-party.x 0 alpha_sa-4-62006 -F -pn 10189 -h localhost -N 2
Running /home/dai/alpha-fl/Scripts/../spdz2k-party.x 1 alpha_sa-4-62006 -F -pn 10189 -h localhost -N 2
Using SPDZ2k security parameter 64
Using statistical security parameter 40
Trying to run 64-bit computation
Starting timer 1 at 0 (0 MB, 0 rounds) after 4.0937e-05
Starting timer 2 at 0 (0 MB, 0 rounds) after 9.84e-07
Stopped timer 2 at 0.221287 (1.00275 MB, 642 rounds)
Starting timer 3 at 0 (0 MB, 0 rounds) after 1.937e-06
REUSING DATA - ONLY FOR BENCHMARKING
Stopped timer 3 at 0.157726 (7.93753 MB, 42 rounds)
Starting timer 4 at 0 (0 MB, 0 rounds) after 2.157e-06
Stopped timer 4 at 0.0259767 (0.9922 MB, 6 rounds)
Starting timer 5 at 0 (0 MB, 0 rounds) after 2.81e-06
Stopped timer 5 at 0.00224466 (0.0001 MB, 3 rounds)
Stopped timer 1 at 0.407401 (9.93258 MB, 693 rounds)
The following benchmarks are excluding preprocessing (offline phase).
Time = 0.42707 seconds 
Time1 = 0.407401 seconds (9.93258 MB, 693 rounds)
Time2 = 0.221287 seconds (1.00275 MB, 642 rounds)
Time3 = 0.157726 seconds (7.93753 MB, 42 rounds)
Time4 = 0.0259767 seconds (0.9922 MB, 6 rounds)
Time5 = 0.00224466 seconds (0.0001 MB, 3 rounds)
Data sent = 9.93258 MB in ~693 rounds (party 0 only; rounds counted double due to multi-threading; use '-v' for more details)
Global data sent = 19.8652 MB (all parties)
Running /home/dai/alpha-fl/Scripts/../spdz2k-party.x 0 alpha_sa-4-62006 -F -pn 17089 -h localhost -N 2
Running /home/dai/alpha-fl/Scripts/../spdz2k-party.x 1 alpha_sa-4-62006 -F -pn 17089 -h localhost -N 2
Using SPDZ2k security parameter 64
Using statistical security parameter 40
Trying to run 64-bit computation
Starting timer 1 at 0 (0 MB, 0 rounds) after 3.8723e-05
Starting timer 2 at 0 (0 MB, 0 rounds) after 1.012e-06
Stopped timer 2 at 0.226013 (1.00275 MB, 642 rounds)
Starting timer 3 at 0 (0 MB, 0 rounds) after 2.4e-06
REUSING DATA - ONLY FOR BENCHMARKING
Stopped timer 3 at 0.157487 (7.93753 MB, 42 rounds)
Starting timer 4 at 0 (0 MB, 0 rounds) after 2.413e-06
Stopped timer 4 at 0.0228702 (0.9922 MB, 6 rounds)
Starting timer 5 at 0 (0 MB, 0 rounds) after 2.188e-06
Stopped timer 5 at 0.00221662 (0.0001 MB, 3 rounds)
Stopped timer 1 at 0.408766 (9.93258 MB, 693 rounds)
The following benchmarks are excluding preprocessing (offline phase).
Time = 0.42925 seconds 
Time1 = 0.408766 seconds (9.93258 MB, 693 rounds)
Time2 = 0.226013 seconds (1.00275 MB, 642 rounds)
Time3 = 0.157487 seconds (7.93753 MB, 42 rounds)
Time4 = 0.0228702 seconds (0.9922 MB, 6 rounds)
Time5 = 0.00221662 seconds (0.0001 MB, 3 rounds)
Data sent = 9.93258 MB in ~693 rounds (party 0 only; rounds counted double due to multi-threading; use '-v' for more details)
Global data sent = 19.8652 MB (all parties)
Running /home/dai/alpha-fl/Scripts/../spdz2k-party.x 0 alpha_sa-4-62006 -F -pn 16609 -h localhost -N 2
Running /home/dai/alpha-fl/Scripts/../spdz2k-party.x 1 alpha_sa-4-62006 -F -pn 16609 -h localhost -N 2
Using SPDZ2k security parameter 64
Using statistical security parameter 40
Trying to run 64-bit computation
Starting timer 1 at 0 (0 MB, 0 rounds) after 3.6267e-05
Starting timer 2 at 0 (0 MB, 0 rounds) after 9.78e-07
Stopped timer 2 at 0.232548 (1.00275 MB, 642 rounds)
Starting timer 3 at 0 (0 MB, 0 rounds) after 2.254e-06
REUSING DATA - ONLY FOR BENCHMARKING
Stopped timer 3 at 0.161784 (7.93753 MB, 42 rounds)
Starting timer 4 at 0 (0 MB, 0 rounds) after 2.125e-06
Stopped timer 4 at 0.0248249 (0.9922 MB, 6 rounds)
Starting timer 5 at 0 (0 MB, 0 rounds) after 2.719e-06
Stopped timer 5 at 0.0023275 (0.0001 MB, 3 rounds)
Stopped timer 1 at 0.421694 (9.93258 MB, 693 rounds)
The following benchmarks are excluding preprocessing (offline phase).
Time = 0.44213 seconds 
Time1 = 0.421694 seconds (9.93258 MB, 693 rounds)
Time2 = 0.232548 seconds (1.00275 MB, 642 rounds)
Time3 = 0.161784 seconds (7.93753 MB, 42 rounds)
Time4 = 0.0248249 seconds (0.9922 MB, 6 rounds)
Time5 = 0.0023275 seconds (0.0001 MB, 3 rounds)
Data sent = 9.93258 MB in ~693 rounds (party 0 only; rounds counted double due to multi-threading; use '-v' for more details)
Global data sent = 19.8652 MB (all parties)
