Running /home/y-yordanov/workspace/AlphaFL-FLAME/Scripts/../spdz2k-party.x 0 flame_private-10-500000 -F -pn 15111 -h localhost -N 2
Running /home/y-yordanov/workspace/AlphaFL-FLAME/Scripts/../spdz2k-party.x 1 flame_private-10-500000 -F -pn 15111 -h localhost -N 2
Using SPDZ2k security parameter 64
Using statistical security parameter 40
Trying to run 64-bit computation
Starting timer 1 at 0 (0 MB, 0 rounds) after 2.5569e-05
Starting timer 2 at 0 (0 MB, 0 rounds) after 8.32e-07
Stopped timer 2 at 9.58475 (20.1923 MB, 12008 rounds)
Starting timer 3 at 0 (0 MB, 0 rounds) after 2.024e-06
REUSING DATA - ONLY FOR BENCHMARKING
Stopped timer 3 at 1.46856 (80.2872 MB, 15556 rounds)
Starting timer 4 at 0 (0 MB, 0 rounds) after 1.362e-06
Stopped timer 4 at 8.50466 (1600.08 MB, 772 rounds)
Starting timer 5 at 0 (0 MB, 0 rounds) after 1.463e-06
Stopped timer 5 at 0.00575488 (0.009387 MB, 78 rounds)
Starting timer 6 at 0 (0 MB, 0 rounds) after 1.163e-06
Stopped timer 6 at 0.159246 (2.25757 MB, 11538 rounds)
Starting timer 7 at 0 (0 MB, 0 rounds) after 9.52e-07
/home/y-yordanov/workspace/AlphaFL-FLAME/Scripts/run-common.sh: line 90: 29435 Killed                  $my_prefix $SPDZROOT/$bin $i $params 2>&1
     29436 Done                    | { if test "$BENCH"; then
    if test $i = $front_player; then
        tee -a $log;
    else
        cat >> $log;
    fi;
else
    if test $i = $front_player; then
        tee $log;
    else
        cat > $log;
    fi;
fi; }
=== Party 1



Running /home/y-yordanov/workspace/AlphaFL-FLAME/Scripts/../spdz2k-party.x 0 flame_private-10-500000 -F -pn 11601 -h localhost -N 2
Running /home/y-yordanov/workspace/AlphaFL-FLAME/Scripts/../spdz2k-party.x 1 flame_private-10-500000 -F -pn 11601 -h localhost -N 2
Using SPDZ2k security parameter 64
Using statistical security parameter 40
Trying to run 64-bit computation
Starting timer 1 at 0 (0 MB, 0 rounds) after 0.00161151
Starting timer 2 at 0 (0 MB, 0 rounds) after 1.563e-06
Stopped timer 2 at 11.0144 (20.1923 MB, 12008 rounds)
Starting timer 3 at 0 (0 MB, 0 rounds) after 1.473e-06
REUSING DATA - ONLY FOR BENCHMARKING
Stopped timer 3 at 1.67161 (80.2872 MB, 15556 rounds)
Starting timer 4 at 0 (0 MB, 0 rounds) after 1.042e-06
Stopped timer 4 at 8.68521 (1600.08 MB, 772 rounds)
Starting timer 5 at 0 (0 MB, 0 rounds) after 1.323e-06
Stopped timer 5 at 0.00755988 (0.009387 MB, 78 rounds)
Starting timer 6 at 0 (0 MB, 0 rounds) after 1.132e-06
Stopped timer 6 at 0.16627 (2.25757 MB, 11538 rounds)
Starting timer 7 at 0 (0 MB, 0 rounds) after 2.815e-06
/home/y-yordanov/workspace/AlphaFL-FLAME/Scripts/run-common.sh: line 90: 29565 Killed                  $my_prefix $SPDZROOT/$bin $i $params 2>&1
     29566 Done                    | { if test "$BENCH"; then
    if test $i = $front_player; then
        tee -a $log;
    else
        cat >> $log;
    fi;
else
    if test $i = $front_player; then
        tee $log;
    else
        cat > $log;
    fi;
fi; }
=== Party 1



Running /home/y-yordanov/workspace/AlphaFL-FLAME/Scripts/../spdz2k-party.x 0 flame_private-10-500000 -F -pn 13150 -h localhost -N 2
Running /home/y-yordanov/workspace/AlphaFL-FLAME/Scripts/../spdz2k-party.x 1 flame_private-10-500000 -F -pn 13150 -h localhost -N 2
Using SPDZ2k security parameter 64
Using statistical security parameter 40
Trying to run 64-bit computation
Starting timer 1 at 0 (0 MB, 0 rounds) after 1.8495e-05
Starting timer 2 at 0 (0 MB, 0 rounds) after 7.61e-07
Stopped timer 2 at 10.2529 (20.1923 MB, 12008 rounds)
Starting timer 3 at 0 (0 MB, 0 rounds) after 3.216e-06
REUSING DATA - ONLY FOR BENCHMARKING
Stopped timer 3 at 2.0022 (80.2872 MB, 15556 rounds)
Starting timer 4 at 0 (0 MB, 0 rounds) after 1.994e-06
Stopped timer 4 at 8.24217 (1600.08 MB, 772 rounds)
Starting timer 5 at 0 (0 MB, 0 rounds) after 1.302e-06
Stopped timer 5 at 0.00680303 (0.009387 MB, 78 rounds)
Starting timer 6 at 0 (0 MB, 0 rounds) after 1.553e-06
Stopped timer 6 at 0.159133 (2.25757 MB, 11538 rounds)
Starting timer 7 at 0 (0 MB, 0 rounds) after 1.072e-06
terminate called recursively
terminate called recursively
terminate called recursively
terminate called after throwing an instance of 'closed_connection'
terminate called recursively
terminate called recursively
terminate called recursively
terminate called recursively
/home/y-yordanov/workspace/AlphaFL-FLAME/Scripts/run-common.sh: line 90: 29703 Aborted                 (core dumped) $my_prefix $SPDZROOT/$bin $i $params 2>&1
     29704 Done                    | { if test "$BENCH"; then
    if test $i = $front_player; then
        tee -a $log;
    else
        cat >> $log;
    fi;
else
    if test $i = $front_player; then
        tee $log;
    else
        cat > $log;
    fi;
fi; }
/home/y-yordanov/workspace/AlphaFL-FLAME/Scripts/run-common.sh: line 90: 29705 Killed                  $my_prefix $SPDZROOT/$bin $i $params 2>&1
     29707 Done                    | { if test "$BENCH"; then
    if test $i = $front_player; then
        tee -a $log;
    else
        cat >> $log;
    fi;
else
    if test $i = $front_player; then
        tee $log;
    else
        cat > $log;
    fi;
fi; }
=== Party 1
Starting timer 6 at 0 (0 MB, 0 rounds) after 1.123e-06
Stopped timer 6 at 0.159137 (2.25757 MB, 11538 rounds)
Starting timer 7 at 0 (0 MB, 0 rounds) after 1.442e-06
Running /home/y-yordanov/workspace/AlphaFL-FLAME/Scripts/../spdz2k-party.x 0 flame_private-10-500000 -F -pn 19948 -h localhost -N 2
Running /home/y-yordanov/workspace/AlphaFL-FLAME/Scripts/../spdz2k-party.x 1 flame_private-10-500000 -F -pn 19948 -h localhost -N 2
Using SPDZ2k security parameter 64
Using statistical security parameter 40
Trying to run 64-bit computation
Starting timer 1 at 0 (0 MB, 0 rounds) after 2.645e-05
Starting timer 2 at 0 (0 MB, 0 rounds) after 8.41e-07
Stopped timer 2 at 10.5427 (20.1923 MB, 12008 rounds)
Starting timer 3 at 0 (0 MB, 0 rounds) after 5.471e-06
REUSING DATA - ONLY FOR BENCHMARKING
Stopped timer 3 at 1.4989 (80.2872 MB, 15556 rounds)
Starting timer 4 at 0 (0 MB, 0 rounds) after 1.142e-06
Stopped timer 4 at 8.50712 (1600.08 MB, 772 rounds)
Starting timer 5 at 0 (0 MB, 0 rounds) after 1.503e-06
Stopped timer 5 at 0.0061303 (0.009387 MB, 78 rounds)
Starting timer 6 at 0 (0 MB, 0 rounds) after 1.342e-06
Stopped timer 6 at 0.16034 (2.25757 MB, 11538 rounds)
Starting timer 7 at 0 (0 MB, 0 rounds) after 2.786e-06
/home/y-yordanov/workspace/AlphaFL-FLAME/Scripts/run-common.sh: line 90: 29839 Killed                  $my_prefix $SPDZROOT/$bin $i $params 2>&1
     29840 Done                    | { if test "$BENCH"; then
    if test $i = $front_player; then
        tee -a $log;
    else
        cat >> $log;
    fi;
else
    if test $i = $front_player; then
        tee $log;
    else
        cat > $log;
    fi;
fi; }
=== Party 1
ubuntu-slim-5 : Receiving error - 1 : Connection reset by peer
ubuntu-slim-5 : Receiving error - 1 : Connection reset by peer
ubuntu-slim-5 : Receiving error - 1 : Connection reset by peer
Running /home/y-yordanov/workspace/AlphaFL-FLAME/Scripts/../spdz2k-party.x 0 flame_private-10-500000 -F -pn 14886 -h localhost -N 2
Running /home/y-yordanov/workspace/AlphaFL-FLAME/Scripts/../spdz2k-party.x 1 flame_private-10-500000 -F -pn 14886 -h localhost -N 2
Using SPDZ2k security parameter 64
Using statistical security parameter 40
Trying to run 64-bit computation
Starting timer 1 at 0 (0 MB, 0 rounds) after 0.000663834
Starting timer 2 at 0 (0 MB, 0 rounds) after 1.332e-06
Stopped timer 2 at 10.8226 (20.1923 MB, 12008 rounds)
Starting timer 3 at 0 (0 MB, 0 rounds) after 1.443e-06
REUSING DATA - ONLY FOR BENCHMARKING
Stopped timer 3 at 1.63364 (80.2872 MB, 15556 rounds)
Starting timer 4 at 0 (0 MB, 0 rounds) after 1.193e-06
Stopped timer 4 at 8.50373 (1600.08 MB, 772 rounds)
Starting timer 5 at 0 (0 MB, 0 rounds) after 1.472e-06
Stopped timer 5 at 0.0076622 (0.009387 MB, 78 rounds)
Starting timer 6 at 0 (0 MB, 0 rounds) after 1.113e-06
Stopped timer 6 at 0.162202 (2.25757 MB, 11538 rounds)
Starting timer 7 at 0 (0 MB, 0 rounds) after 1.002e-06
terminate called recursively
terminate called recursively
terminate called recursively
terminate called after throwing an instance of 'closed_connection'
terminate called recursively
/home/y-yordanov/workspace/AlphaFL-FLAME/Scripts/run-common.sh: line 90: 29976 Aborted                 (core dumped) $my_prefix $SPDZROOT/$bin $i $params 2>&1
     29977 Done                    | { if test "$BENCH"; then
    if test $i = $front_player; then
        tee -a $log;
    else
        cat >> $log;
    fi;
else
    if test $i = $front_player; then
        tee $log;
    else
        cat > $log;
    fi;
fi; }
/home/y-yordanov/workspace/AlphaFL-FLAME/Scripts/run-common.sh: line 90: 29978 Killed                  $my_prefix $SPDZROOT/$bin $i $params 2>&1
     29979 Done                    | { if test "$BENCH"; then
    if test $i = $front_player; then
        tee -a $log;
    else
        cat >> $log;
    fi;
else
    if test $i = $front_player; then
        tee $log;
    else
        cat > $log;
    fi;
fi; }
=== Party 1
Starting timer 6 at 0 (0 MB, 0 rounds) after 1.532e-06
Stopped timer 6 at 0.162219 (2.25757 MB, 11538 rounds)
Starting timer 7 at 0 (0 MB, 0 rounds) after 3.186e-06
