Running /home/y-yordanov/workspace/AlphaFL-FLAME/Scripts/../spdz2k-party.x 0 flame_private-10-100000 -F -pn 10616 -h localhost -N 2
Running /home/y-yordanov/workspace/AlphaFL-FLAME/Scripts/../spdz2k-party.x 1 flame_private-10-100000 -F -pn 10616 -h localhost -N 2
Using SPDZ2k security parameter 64
Using statistical security parameter 40
Trying to run 64-bit computation
Starting timer 1 at 0 (0 MB, 0 rounds) after 2.9806e-05
Starting timer 2 at 0 (0 MB, 0 rounds) after 7.41e-07
Stopped timer 2 at 1.70843 (4.03866 MB, 2408 rounds)
Starting timer 3 at 0 (0 MB, 0 rounds) after 1.723e-06
REUSING DATA - ONLY FOR BENCHMARKING
Stopped timer 3 at 0.286037 (16.2872 MB, 15556 rounds)
Starting timer 4 at 0 (0 MB, 0 rounds) after 1.944e-06
Stopped timer 4 at 1.4529 (320.076 MB, 452 rounds)
Starting timer 5 at 0 (0 MB, 0 rounds) after 1.433e-06
Stopped timer 5 at 0.00601216 (0.009387 MB, 78 rounds)
Starting timer 6 at 0 (0 MB, 0 rounds) after 1.192e-06
Stopped timer 6 at 0.156932 (2.25757 MB, 11538 rounds)
Starting timer 7 at 0 (0 MB, 0 rounds) after 9.62e-07
Stopped timer 7 at 0.170224 (32.0135 MB, 520 rounds)
Starting timer 8 at 0 (0 MB, 0 rounds) after 1.162e-06
Stopped timer 8 at 0.0644266 (0 MB, 0 rounds)
Starting timer 9 at 0 (0 MB, 0 rounds) after 1.212e-06
Stopped timer 9 at 2.47113 (5.46497 MB, 3736 rounds)
Starting timer 10 at 0 (0 MB, 0 rounds) after 1.232e-06
Stopped timer 10 at 0.102923 (4.80046 MB, 24 rounds)
Starting timer 11 at 0 (0 MB, 0 rounds) after 1.493e-06
Stopped timer 11 at 0.000358948 (7.6e-05 MB, 3 rounds)
Stopped timer 1 at 6.41961 (384.948 MB, 34315 rounds)
The following benchmarks are excluding preprocessing (offline phase).
Time = 6.49837 seconds 
Time1 = 6.41961 seconds (384.948 MB, 34315 rounds)
Time2 = 1.70843 seconds (4.03866 MB, 2408 rounds)
Time3 = 0.286037 seconds (16.2872 MB, 15556 rounds)
Time4 = 1.4529 seconds (320.076 MB, 452 rounds)
Time5 = 0.00601216 seconds (0.009387 MB, 78 rounds)
Time6 = 0.156932 seconds (2.25757 MB, 11538 rounds)
Time7 = 0.170224 seconds (32.0135 MB, 520 rounds)
Time8 = 0.0644266 seconds (0 MB, 0 rounds)
Time9 = 2.47113 seconds (5.46497 MB, 3736 rounds)
Time10 = 0.102923 seconds (4.80046 MB, 24 rounds)
Time11 = 0.000358948 seconds (7.6e-05 MB, 3 rounds)
Data sent = 384.948 MB in ~34315 rounds (party 0 only; rounds counted double due to multi-threading; use '-v' for more details)
Global data sent = 769.896 MB (all parties)
Running /home/y-yordanov/workspace/AlphaFL-FLAME/Scripts/../spdz2k-party.x 0 flame_private-10-100000 -F -pn 18856 -h localhost -N 2
Running /home/y-yordanov/workspace/AlphaFL-FLAME/Scripts/../spdz2k-party.x 1 flame_private-10-100000 -F -pn 18856 -h localhost -N 2
Using SPDZ2k security parameter 64
Using statistical security parameter 40
Trying to run 64-bit computation
Starting timer 1 at 0 (0 MB, 0 rounds) after 3.2201e-05
Starting timer 2 at 0 (0 MB, 0 rounds) after 7.61e-07
Stopped timer 2 at 1.72393 (4.03866 MB, 2408 rounds)
Starting timer 3 at 0 (0 MB, 0 rounds) after 1.974e-06
REUSING DATA - ONLY FOR BENCHMARKING
Stopped timer 3 at 0.262521 (16.2872 MB, 15556 rounds)
Starting timer 4 at 0 (0 MB, 0 rounds) after 1.052e-06
Stopped timer 4 at 1.44362 (320.076 MB, 452 rounds)
Starting timer 5 at 0 (0 MB, 0 rounds) after 1.573e-06
Stopped timer 5 at 0.00568743 (0.009387 MB, 78 rounds)
Starting timer 6 at 0 (0 MB, 0 rounds) after 1.613e-06
Stopped timer 6 at 0.159803 (2.25757 MB, 11538 rounds)
Starting timer 7 at 0 (0 MB, 0 rounds) after 1.022e-06
Stopped timer 7 at 0.171216 (32.0135 MB, 520 rounds)
Starting timer 8 at 0 (0 MB, 0 rounds) after 1.312e-06
Stopped timer 8 at 0.0658241 (0 MB, 0 rounds)
Starting timer 9 at 0 (0 MB, 0 rounds) after 1.523e-06
Stopped timer 9 at 2.46287 (5.46497 MB, 3736 rounds)
Starting timer 10 at 0 (0 MB, 0 rounds) after 1.333e-06
Stopped timer 10 at 0.102153 (4.80046 MB, 24 rounds)
Starting timer 11 at 0 (0 MB, 0 rounds) after 1.914e-06
Stopped timer 11 at 0.000362786 (7.6e-05 MB, 3 rounds)
Stopped timer 1 at 6.39828 (384.948 MB, 34315 rounds)
The following benchmarks are excluding preprocessing (offline phase).
Time = 6.47352 seconds 
Time1 = 6.39828 seconds (384.948 MB, 34315 rounds)
Time2 = 1.72393 seconds (4.03866 MB, 2408 rounds)
Time3 = 0.262521 seconds (16.2872 MB, 15556 rounds)
Time4 = 1.44362 seconds (320.076 MB, 452 rounds)
Time5 = 0.00568743 seconds (0.009387 MB, 78 rounds)
Time6 = 0.159803 seconds (2.25757 MB, 11538 rounds)
Time7 = 0.171216 seconds (32.0135 MB, 520 rounds)
Time8 = 0.0658241 seconds (0 MB, 0 rounds)
Time9 = 2.46287 seconds (5.46497 MB, 3736 rounds)
Time10 = 0.102153 seconds (4.80046 MB, 24 rounds)
Time11 = 0.000362786 seconds (7.6e-05 MB, 3 rounds)
Data sent = 384.948 MB in ~34315 rounds (party 0 only; rounds counted double due to multi-threading; use '-v' for more details)
Global data sent = 769.896 MB (all parties)
Running /home/y-yordanov/workspace/AlphaFL-FLAME/Scripts/../spdz2k-party.x 0 flame_private-10-100000 -F -pn 12739 -h localhost -N 2
Running /home/y-yordanov/workspace/AlphaFL-FLAME/Scripts/../spdz2k-party.x 1 flame_private-10-100000 -F -pn 12739 -h localhost -N 2
Using SPDZ2k security parameter 64
Using statistical security parameter 40
Trying to run 64-bit computation
Starting timer 1 at 0 (0 MB, 0 rounds) after 2.8644e-05
Starting timer 2 at 0 (0 MB, 0 rounds) after 7.21e-07
Stopped timer 2 at 1.6906 (4.03866 MB, 2408 rounds)
Starting timer 3 at 0 (0 MB, 0 rounds) after 1.853e-06
REUSING DATA - ONLY FOR BENCHMARKING
Stopped timer 3 at 0.275025 (16.2872 MB, 15556 rounds)
Starting timer 4 at 0 (0 MB, 0 rounds) after 1.313e-06
Stopped timer 4 at 1.46032 (320.076 MB, 452 rounds)
Starting timer 5 at 0 (0 MB, 0 rounds) after 1.282e-06
Stopped timer 5 at 0.00533941 (0.009387 MB, 78 rounds)
Starting timer 6 at 0 (0 MB, 0 rounds) after 1.112e-06
Stopped timer 6 at 0.157225 (2.25757 MB, 11538 rounds)
Starting timer 7 at 0 (0 MB, 0 rounds) after 9.82e-07
Stopped timer 7 at 0.171583 (32.0135 MB, 520 rounds)
Starting timer 8 at 0 (0 MB, 0 rounds) after 2.284e-06
Stopped timer 8 at 0.0635663 (0 MB, 0 rounds)
Starting timer 9 at 0 (0 MB, 0 rounds) after 2.194e-06
Stopped timer 9 at 2.47839 (5.46497 MB, 3736 rounds)
Starting timer 10 at 0 (0 MB, 0 rounds) after 1.303e-06
Stopped timer 10 at 0.103849 (4.80046 MB, 24 rounds)
Starting timer 11 at 0 (0 MB, 0 rounds) after 1.813e-06
Stopped timer 11 at 0.000351234 (7.6e-05 MB, 3 rounds)
Stopped timer 1 at 6.40654 (384.948 MB, 34315 rounds)
The following benchmarks are excluding preprocessing (offline phase).
Time = 6.48204 seconds 
Time1 = 6.40654 seconds (384.948 MB, 34315 rounds)
Time2 = 1.6906 seconds (4.03866 MB, 2408 rounds)
Time3 = 0.275025 seconds (16.2872 MB, 15556 rounds)
Time4 = 1.46032 seconds (320.076 MB, 452 rounds)
Time5 = 0.00533941 seconds (0.009387 MB, 78 rounds)
Time6 = 0.157225 seconds (2.25757 MB, 11538 rounds)
Time7 = 0.171583 seconds (32.0135 MB, 520 rounds)
Time8 = 0.0635663 seconds (0 MB, 0 rounds)
Time9 = 2.47839 seconds (5.46497 MB, 3736 rounds)
Time10 = 0.103849 seconds (4.80046 MB, 24 rounds)
Time11 = 0.000351234 seconds (7.6e-05 MB, 3 rounds)
Data sent = 384.948 MB in ~34315 rounds (party 0 only; rounds counted double due to multi-threading; use '-v' for more details)
Global data sent = 769.896 MB (all parties)
Running /home/y-yordanov/workspace/AlphaFL-FLAME/Scripts/../spdz2k-party.x 0 flame_private-10-100000 -F -pn 16164 -h localhost -N 2
Running /home/y-yordanov/workspace/AlphaFL-FLAME/Scripts/../spdz2k-party.x 1 flame_private-10-100000 -F -pn 16164 -h localhost -N 2
Using SPDZ2k security parameter 64
Using statistical security parameter 40
Trying to run 64-bit computation
Starting timer 1 at 0 (0 MB, 0 rounds) after 3.3654e-05
Starting timer 2 at 0 (0 MB, 0 rounds) after 7.21e-07
Stopped timer 2 at 1.69953 (4.03866 MB, 2408 rounds)
Starting timer 3 at 0 (0 MB, 0 rounds) after 2.004e-06
REUSING DATA - ONLY FOR BENCHMARKING
Stopped timer 3 at 0.254924 (16.2872 MB, 15556 rounds)
Starting timer 4 at 0 (0 MB, 0 rounds) after 1.252e-06
Stopped timer 4 at 1.44815 (320.076 MB, 452 rounds)
Starting timer 5 at 0 (0 MB, 0 rounds) after 1.403e-06
Stopped timer 5 at 0.00536025 (0.009387 MB, 78 rounds)
Starting timer 6 at 0 (0 MB, 0 rounds) after 1.242e-06
Stopped timer 6 at 0.15939 (2.25757 MB, 11538 rounds)
Starting timer 7 at 0 (0 MB, 0 rounds) after 9.72e-07
Stopped timer 7 at 0.171541 (32.0135 MB, 520 rounds)
Starting timer 8 at 0 (0 MB, 0 rounds) after 2.324e-06
Stopped timer 8 at 0.065715 (0 MB, 0 rounds)
Starting timer 9 at 0 (0 MB, 0 rounds) after 1.112e-06
Stopped timer 9 at 2.46627 (5.46497 MB, 3736 rounds)
Starting timer 10 at 0 (0 MB, 0 rounds) after 1.372e-06
Stopped timer 10 at 0.102644 (4.80046 MB, 24 rounds)
Starting timer 11 at 0 (0 MB, 0 rounds) after 1.613e-06
Stopped timer 11 at 0.000327469 (7.6e-05 MB, 3 rounds)
Stopped timer 1 at 6.37413 (384.948 MB, 34315 rounds)
The following benchmarks are excluding preprocessing (offline phase).
Time = 6.44797 seconds 
Time1 = 6.37413 seconds (384.948 MB, 34315 rounds)
Time2 = 1.69953 seconds (4.03866 MB, 2408 rounds)
Time3 = 0.254924 seconds (16.2872 MB, 15556 rounds)
Time4 = 1.44815 seconds (320.076 MB, 452 rounds)
Time5 = 0.00536025 seconds (0.009387 MB, 78 rounds)
Time6 = 0.15939 seconds (2.25757 MB, 11538 rounds)
Time7 = 0.171541 seconds (32.0135 MB, 520 rounds)
Time8 = 0.065715 seconds (0 MB, 0 rounds)
Time9 = 2.46627 seconds (5.46497 MB, 3736 rounds)
Time10 = 0.102644 seconds (4.80046 MB, 24 rounds)
Time11 = 0.000327469 seconds (7.6e-05 MB, 3 rounds)
Data sent = 384.948 MB in ~34315 rounds (party 0 only; rounds counted double due to multi-threading; use '-v' for more details)
Global data sent = 769.896 MB (all parties)
Running /home/y-yordanov/workspace/AlphaFL-FLAME/Scripts/../spdz2k-party.x 0 flame_private-10-100000 -F -pn 13091 -h localhost -N 2
Running /home/y-yordanov/workspace/AlphaFL-FLAME/Scripts/../spdz2k-party.x 1 flame_private-10-100000 -F -pn 13091 -h localhost -N 2
Using SPDZ2k security parameter 64
Using statistical security parameter 40
Trying to run 64-bit computation
Starting timer 1 at 0 (0 MB, 0 rounds) after 2.9766e-05
Starting timer 2 at 0 (0 MB, 0 rounds) after 7.62e-07
Stopped timer 2 at 1.70287 (4.03866 MB, 2408 rounds)
Starting timer 3 at 0 (0 MB, 0 rounds) after 1.483e-06
REUSING DATA - ONLY FOR BENCHMARKING
Stopped timer 3 at 0.270413 (16.2872 MB, 15556 rounds)
Starting timer 4 at 0 (0 MB, 0 rounds) after 1.362e-06
Stopped timer 4 at 1.44597 (320.076 MB, 452 rounds)
Starting timer 5 at 0 (0 MB, 0 rounds) after 1.293e-06
Stopped timer 5 at 0.00573614 (0.009387 MB, 78 rounds)
Starting timer 6 at 0 (0 MB, 0 rounds) after 1.183e-06
Stopped timer 6 at 0.157237 (2.25757 MB, 11538 rounds)
Starting timer 7 at 0 (0 MB, 0 rounds) after 9.32e-07
Stopped timer 7 at 0.17235 (32.0135 MB, 520 rounds)
Starting timer 8 at 0 (0 MB, 0 rounds) after 2.625e-06
Stopped timer 8 at 0.062442 (0 MB, 0 rounds)
Starting timer 9 at 0 (0 MB, 0 rounds) after 1.012e-06
Stopped timer 9 at 2.47034 (5.46497 MB, 3736 rounds)
Starting timer 10 at 0 (0 MB, 0 rounds) after 1.583e-06
Stopped timer 10 at 0.105651 (4.80046 MB, 24 rounds)
Starting timer 11 at 0 (0 MB, 0 rounds) after 1.573e-06
Stopped timer 11 at 0.000416267 (7.6e-05 MB, 3 rounds)
Stopped timer 1 at 6.39369 (384.948 MB, 34315 rounds)
The following benchmarks are excluding preprocessing (offline phase).
Time = 6.46853 seconds 
Time1 = 6.39369 seconds (384.948 MB, 34315 rounds)
Time2 = 1.70287 seconds (4.03866 MB, 2408 rounds)
Time3 = 0.270413 seconds (16.2872 MB, 15556 rounds)
Time4 = 1.44597 seconds (320.076 MB, 452 rounds)
Time5 = 0.00573614 seconds (0.009387 MB, 78 rounds)
Time6 = 0.157237 seconds (2.25757 MB, 11538 rounds)
Time7 = 0.17235 seconds (32.0135 MB, 520 rounds)
Time8 = 0.062442 seconds (0 MB, 0 rounds)
Time9 = 2.47034 seconds (5.46497 MB, 3736 rounds)
Time10 = 0.105651 seconds (4.80046 MB, 24 rounds)
Time11 = 0.000416267 seconds (7.6e-05 MB, 3 rounds)
Data sent = 384.948 MB in ~34315 rounds (party 0 only; rounds counted double due to multi-threading; use '-v' for more details)
Global data sent = 769.896 MB (all parties)
