Running /home/y-yordanov/workspace/AlphaFL-FLAME/Scripts/../spdz2k-party.x 0 flame_private-10-300000 -F -pn 13256 -h localhost -N 2
Running /home/y-yordanov/workspace/AlphaFL-FLAME/Scripts/../spdz2k-party.x 1 flame_private-10-300000 -F -pn 13256 -h localhost -N 2
Using SPDZ2k security parameter 64
Using statistical security parameter 40
Trying to run 64-bit computation
Starting timer 1 at 0 (0 MB, 0 rounds) after 3.0688e-05
Starting timer 2 at 0 (0 MB, 0 rounds) after 1.032e-06
Stopped timer 2 at 5.14832 (12.1203 MB, 7508 rounds)
Starting timer 3 at 0 (0 MB, 0 rounds) after 1.663e-06
REUSING DATA - ONLY FOR BENCHMARKING
Stopped timer 3 at 0.645051 (48.2872 MB, 15556 rounds)
Starting timer 4 at 0 (0 MB, 0 rounds) after 1.533e-06
Stopped timer 4 at 4.98756 (960.08 MB, 572 rounds)
Starting timer 5 at 0 (0 MB, 0 rounds) after 1.232e-06
Stopped timer 5 at 0.00562244 (0.009387 MB, 78 rounds)
Starting timer 6 at 0 (0 MB, 0 rounds) after 1.132e-06
Stopped timer 6 at 0.159773 (2.25757 MB, 11538 rounds)
Starting timer 7 at 0 (0 MB, 0 rounds) after 1.082e-06
Stopped timer 7 at 0.569548 (96.0135 MB, 520 rounds)
Starting timer 8 at 0 (0 MB, 0 rounds) after 2.294e-06
Stopped timer 8 at 0.203694 (0 MB, 0 rounds)
Starting timer 9 at 0 (0 MB, 0 rounds) after 1.072e-06
Stopped timer 9 at 7.29326 (16.3706 MB, 10336 rounds)
Starting timer 10 at 0 (0 MB, 0 rounds) after 1.543e-06
Stopped timer 10 at 0.346458 (14.4005 MB, 24 rounds)
Starting timer 11 at 0 (0 MB, 0 rounds) after 1.553e-06
Stopped timer 11 at 0.000342647 (7.6e-05 MB, 3 rounds)
Stopped timer 1 at 19.3599 (1149.54 MB, 46135 rounds)
The following benchmarks are excluding preprocessing (offline phase).
Time = 19.6159 seconds 
Time1 = 19.3599 seconds (1149.54 MB, 46135 rounds)
Time2 = 5.14832 seconds (12.1203 MB, 7508 rounds)
Time3 = 0.645051 seconds (48.2872 MB, 15556 rounds)
Time4 = 4.98756 seconds (960.08 MB, 572 rounds)
Time5 = 0.00562244 seconds (0.009387 MB, 78 rounds)
Time6 = 0.159773 seconds (2.25757 MB, 11538 rounds)
Time7 = 0.569548 seconds (96.0135 MB, 520 rounds)
Time8 = 0.203694 seconds (0 MB, 0 rounds)
Time9 = 7.29326 seconds (16.3706 MB, 10336 rounds)
Time10 = 0.346458 seconds (14.4005 MB, 24 rounds)
Time11 = 0.000342647 seconds (7.6e-05 MB, 3 rounds)
Data sent = 1149.54 MB in ~46135 rounds (party 0 only; rounds counted double due to multi-threading; use '-v' for more details)
Global data sent = 2299.08 MB (all parties)
Running /home/y-yordanov/workspace/AlphaFL-FLAME/Scripts/../spdz2k-party.x 0 flame_private-10-300000 -F -pn 10662 -h localhost -N 2
Running /home/y-yordanov/workspace/AlphaFL-FLAME/Scripts/../spdz2k-party.x 1 flame_private-10-300000 -F -pn 10662 -h localhost -N 2
Using SPDZ2k security parameter 64
Using statistical security parameter 40
Trying to run 64-bit computation
Starting timer 1 at 0 (0 MB, 0 rounds) after 3.0728e-05
Starting timer 2 at 0 (0 MB, 0 rounds) after 7.32e-07
Stopped timer 2 at 5.09569 (12.1203 MB, 7508 rounds)
Starting timer 3 at 0 (0 MB, 0 rounds) after 1.383e-06
REUSING DATA - ONLY FOR BENCHMARKING
Stopped timer 3 at 0.651157 (48.2872 MB, 15556 rounds)
Starting timer 4 at 0 (0 MB, 0 rounds) after 1.623e-06
Stopped timer 4 at 5.04972 (960.08 MB, 572 rounds)
Starting timer 5 at 0 (0 MB, 0 rounds) after 1.432e-06
Stopped timer 5 at 0.00543382 (0.009387 MB, 78 rounds)
Starting timer 6 at 0 (0 MB, 0 rounds) after 1.192e-06
Stopped timer 6 at 0.15713 (2.25757 MB, 11538 rounds)
Starting timer 7 at 0 (0 MB, 0 rounds) after 1.783e-06
Stopped timer 7 at 0.569293 (96.0135 MB, 520 rounds)
Starting timer 8 at 0 (0 MB, 0 rounds) after 2.365e-06
Stopped timer 8 at 0.20567 (0 MB, 0 rounds)
Starting timer 9 at 0 (0 MB, 0 rounds) after 1.783e-06
Stopped timer 9 at 7.27116 (16.3706 MB, 10336 rounds)
Starting timer 10 at 0 (0 MB, 0 rounds) after 1.192e-06
Stopped timer 10 at 0.337592 (14.4005 MB, 24 rounds)
Starting timer 11 at 0 (0 MB, 0 rounds) after 1.813e-06
Stopped timer 11 at 0.000363797 (7.6e-05 MB, 3 rounds)
Stopped timer 1 at 19.3435 (1149.54 MB, 46135 rounds)
The following benchmarks are excluding preprocessing (offline phase).
Time = 19.6024 seconds 
Time1 = 19.3435 seconds (1149.54 MB, 46135 rounds)
Time2 = 5.09569 seconds (12.1203 MB, 7508 rounds)
Time3 = 0.651157 seconds (48.2872 MB, 15556 rounds)
Time4 = 5.04972 seconds (960.08 MB, 572 rounds)
Time5 = 0.00543382 seconds (0.009387 MB, 78 rounds)
Time6 = 0.15713 seconds (2.25757 MB, 11538 rounds)
Time7 = 0.569293 seconds (96.0135 MB, 520 rounds)
Time8 = 0.20567 seconds (0 MB, 0 rounds)
Time9 = 7.27116 seconds (16.3706 MB, 10336 rounds)
Time10 = 0.337592 seconds (14.4005 MB, 24 rounds)
Time11 = 0.000363797 seconds (7.6e-05 MB, 3 rounds)
Data sent = 1149.54 MB in ~46135 rounds (party 0 only; rounds counted double due to multi-threading; use '-v' for more details)
Global data sent = 2299.08 MB (all parties)
Running /home/y-yordanov/workspace/AlphaFL-FLAME/Scripts/../spdz2k-party.x 0 flame_private-10-300000 -F -pn 10348 -h localhost -N 2
Running /home/y-yordanov/workspace/AlphaFL-FLAME/Scripts/../spdz2k-party.x 1 flame_private-10-300000 -F -pn 10348 -h localhost -N 2
Using SPDZ2k security parameter 64
Using statistical security parameter 40
Trying to run 64-bit computation
Starting timer 1 at 0 (0 MB, 0 rounds) after 2.9345e-05
Starting timer 2 at 0 (0 MB, 0 rounds) after 7.62e-07
Stopped timer 2 at 5.11263 (12.1203 MB, 7508 rounds)
Starting timer 3 at 0 (0 MB, 0 rounds) after 1.924e-06
REUSING DATA - ONLY FOR BENCHMARKING
Stopped timer 3 at 0.661333 (48.2872 MB, 15556 rounds)
Starting timer 4 at 0 (0 MB, 0 rounds) after 1.112e-06
Stopped timer 4 at 5.03184 (960.08 MB, 572 rounds)
Starting timer 5 at 0 (0 MB, 0 rounds) after 1.332e-06
Stopped timer 5 at 0.0057101 (0.009387 MB, 78 rounds)
Starting timer 6 at 0 (0 MB, 0 rounds) after 1.633e-06
Stopped timer 6 at 0.158167 (2.25757 MB, 11538 rounds)
Starting timer 7 at 0 (0 MB, 0 rounds) after 1.042e-06
Stopped timer 7 at 0.568481 (96.0135 MB, 520 rounds)
Starting timer 8 at 0 (0 MB, 0 rounds) after 2.405e-06
Stopped timer 8 at 0.204818 (0 MB, 0 rounds)
Starting timer 9 at 0 (0 MB, 0 rounds) after 1.112e-06
Stopped timer 9 at 7.29634 (16.3706 MB, 10336 rounds)
Starting timer 10 at 0 (0 MB, 0 rounds) after 1.262e-06
Stopped timer 10 at 0.337763 (14.4005 MB, 24 rounds)
Starting timer 11 at 0 (0 MB, 0 rounds) after 1.884e-06
Stopped timer 11 at 0.00070404 (7.6e-05 MB, 3 rounds)
Stopped timer 1 at 19.3781 (1149.54 MB, 46135 rounds)
The following benchmarks are excluding preprocessing (offline phase).
Time = 19.6332 seconds 
Time1 = 19.3781 seconds (1149.54 MB, 46135 rounds)
Time2 = 5.11263 seconds (12.1203 MB, 7508 rounds)
Time3 = 0.661333 seconds (48.2872 MB, 15556 rounds)
Time4 = 5.03184 seconds (960.08 MB, 572 rounds)
Time5 = 0.0057101 seconds (0.009387 MB, 78 rounds)
Time6 = 0.158167 seconds (2.25757 MB, 11538 rounds)
Time7 = 0.568481 seconds (96.0135 MB, 520 rounds)
Time8 = 0.204818 seconds (0 MB, 0 rounds)
Time9 = 7.29634 seconds (16.3706 MB, 10336 rounds)
Time10 = 0.337763 seconds (14.4005 MB, 24 rounds)
Time11 = 0.00070404 seconds (7.6e-05 MB, 3 rounds)
Data sent = 1149.54 MB in ~46135 rounds (party 0 only; rounds counted double due to multi-threading; use '-v' for more details)
Global data sent = 2299.08 MB (all parties)
Running /home/y-yordanov/workspace/AlphaFL-FLAME/Scripts/../spdz2k-party.x 0 flame_private-10-300000 -F -pn 10170 -h localhost -N 2
Running /home/y-yordanov/workspace/AlphaFL-FLAME/Scripts/../spdz2k-party.x 1 flame_private-10-300000 -F -pn 10170 -h localhost -N 2
Using SPDZ2k security parameter 64
Using statistical security parameter 40
Trying to run 64-bit computation
Starting timer 1 at 0 (0 MB, 0 rounds) after 3.0137e-05
Starting timer 2 at 0 (0 MB, 0 rounds) after 7.82e-07
Stopped timer 2 at 5.11613 (12.1203 MB, 7508 rounds)
Starting timer 3 at 0 (0 MB, 0 rounds) after 1.202e-06
REUSING DATA - ONLY FOR BENCHMARKING
Stopped timer 3 at 0.645569 (48.2872 MB, 15556 rounds)
Starting timer 4 at 0 (0 MB, 0 rounds) after 1.182e-06
Stopped timer 4 at 5.01221 (960.08 MB, 572 rounds)
Starting timer 5 at 0 (0 MB, 0 rounds) after 1.242e-06
Stopped timer 5 at 0.00536084 (0.009387 MB, 78 rounds)
Starting timer 6 at 0 (0 MB, 0 rounds) after 1.192e-06
Stopped timer 6 at 0.158154 (2.25757 MB, 11538 rounds)
Starting timer 7 at 0 (0 MB, 0 rounds) after 9.82e-07
Stopped timer 7 at 0.571542 (96.0135 MB, 520 rounds)
Starting timer 8 at 0 (0 MB, 0 rounds) after 2.365e-06
Stopped timer 8 at 0.205579 (0 MB, 0 rounds)
Starting timer 9 at 0 (0 MB, 0 rounds) after 1.583e-06
Stopped timer 9 at 7.27696 (16.3706 MB, 10336 rounds)
Starting timer 10 at 0 (0 MB, 0 rounds) after 1.162e-06
Stopped timer 10 at 0.339149 (14.4005 MB, 24 rounds)
Starting timer 11 at 0 (0 MB, 0 rounds) after 1.513e-06
Stopped timer 11 at 0.000370621 (7.6e-05 MB, 3 rounds)
Stopped timer 1 at 19.3313 (1149.54 MB, 46135 rounds)
The following benchmarks are excluding preprocessing (offline phase).
Time = 19.5785 seconds 
Time1 = 19.3313 seconds (1149.54 MB, 46135 rounds)
Time2 = 5.11613 seconds (12.1203 MB, 7508 rounds)
Time3 = 0.645569 seconds (48.2872 MB, 15556 rounds)
Time4 = 5.01221 seconds (960.08 MB, 572 rounds)
Time5 = 0.00536084 seconds (0.009387 MB, 78 rounds)
Time6 = 0.158154 seconds (2.25757 MB, 11538 rounds)
Time7 = 0.571542 seconds (96.0135 MB, 520 rounds)
Time8 = 0.205579 seconds (0 MB, 0 rounds)
Time9 = 7.27696 seconds (16.3706 MB, 10336 rounds)
Time10 = 0.339149 seconds (14.4005 MB, 24 rounds)
Time11 = 0.000370621 seconds (7.6e-05 MB, 3 rounds)
Data sent = 1149.54 MB in ~46135 rounds (party 0 only; rounds counted double due to multi-threading; use '-v' for more details)
Global data sent = 2299.08 MB (all parties)
Running /home/y-yordanov/workspace/AlphaFL-FLAME/Scripts/../spdz2k-party.x 0 flame_private-10-300000 -F -pn 17556 -h localhost -N 2
Running /home/y-yordanov/workspace/AlphaFL-FLAME/Scripts/../spdz2k-party.x 1 flame_private-10-300000 -F -pn 17556 -h localhost -N 2
Using SPDZ2k security parameter 64
Using statistical security parameter 40
Trying to run 64-bit computation
Starting timer 1 at 0 (0 MB, 0 rounds) after 3.0447e-05
Starting timer 2 at 0 (0 MB, 0 rounds) after 7.32e-07
Stopped timer 2 at 5.14141 (12.1203 MB, 7508 rounds)
Starting timer 3 at 0 (0 MB, 0 rounds) after 1.393e-06
REUSING DATA - ONLY FOR BENCHMARKING
Stopped timer 3 at 0.647297 (48.2872 MB, 15556 rounds)
Starting timer 4 at 0 (0 MB, 0 rounds) after 1.874e-06
Stopped timer 4 at 5.00077 (960.08 MB, 572 rounds)
Starting timer 5 at 0 (0 MB, 0 rounds) after 1.102e-06
Stopped timer 5 at 0.00570804 (0.009387 MB, 78 rounds)
Starting timer 6 at 0 (0 MB, 0 rounds) after 1.092e-06
Stopped timer 6 at 0.15816 (2.25757 MB, 11538 rounds)
Starting timer 7 at 0 (0 MB, 0 rounds) after 1.082e-06
Stopped timer 7 at 0.572934 (96.0135 MB, 520 rounds)
Starting timer 8 at 0 (0 MB, 0 rounds) after 1.282e-06
Stopped timer 8 at 0.199266 (0 MB, 0 rounds)
Starting timer 9 at 0 (0 MB, 0 rounds) after 1.432e-06
Stopped timer 9 at 7.296 (16.3706 MB, 10336 rounds)
Starting timer 10 at 0 (0 MB, 0 rounds) after 1.422e-06
Stopped timer 10 at 0.340028 (14.4005 MB, 24 rounds)
Starting timer 11 at 0 (0 MB, 0 rounds) after 1.654e-06
Stopped timer 11 at 0.00029661 (7.6e-05 MB, 3 rounds)
Stopped timer 1 at 19.3622 (1149.54 MB, 46135 rounds)
The following benchmarks are excluding preprocessing (offline phase).
Time = 19.6212 seconds 
Time1 = 19.3622 seconds (1149.54 MB, 46135 rounds)
Time2 = 5.14141 seconds (12.1203 MB, 7508 rounds)
Time3 = 0.647297 seconds (48.2872 MB, 15556 rounds)
Time4 = 5.00077 seconds (960.08 MB, 572 rounds)
Time5 = 0.00570804 seconds (0.009387 MB, 78 rounds)
Time6 = 0.15816 seconds (2.25757 MB, 11538 rounds)
Time7 = 0.572934 seconds (96.0135 MB, 520 rounds)
Time8 = 0.199266 seconds (0 MB, 0 rounds)
Time9 = 7.296 seconds (16.3706 MB, 10336 rounds)
Time10 = 0.340028 seconds (14.4005 MB, 24 rounds)
Time11 = 0.00029661 seconds (7.6e-05 MB, 3 rounds)
Data sent = 1149.54 MB in ~46135 rounds (party 0 only; rounds counted double due to multi-threading; use '-v' for more details)
Global data sent = 2299.08 MB (all parties)
