Running /home/y-yordanov/workspace/AlphaFL-FLAME/Scripts/../spdz2k-party.x 0 flame_private-40-100000 -F -pn 10752 -h localhost -N 2
Running /home/y-yordanov/workspace/AlphaFL-FLAME/Scripts/../spdz2k-party.x 1 flame_private-40-100000 -F -pn 10752 -h localhost -N 2
Using SPDZ2k security parameter 64
Using statistical security parameter 40
Trying to run 64-bit computation
Starting timer 1 at 0 (0 MB, 0 rounds) after 2.9045e-05
Starting timer 2 at 0 (0 MB, 0 rounds) after 7.62e-07
Stopped timer 2 at 6.76395 (16.1539 MB, 9608 rounds)
Starting timer 3 at 0 (0 MB, 0 rounds) after 1.734e-06
REUSING DATA - ONLY FOR BENCHMARKING
Stopped timer 3 at 1.09056 (65.1465 MB, 62126 rounds)
Starting timer 4 at 0 (0 MB, 0 rounds) after 1.854e-06
Stopped timer 4 at 26.8528 (5121.19 MB, 4654 rounds)
Starting timer 5 at 0 (0 MB, 0 rounds) after 1.392e-06
Stopped timer 5 at 0.0304105 (0.128554 MB, 78 rounds)
Starting timer 6 at 0 (0 MB, 0 rounds) after 1.152e-06
Stopped timer 6 at 0.266394 (14.1501 MB, 15570 rounds)
Starting timer 7 at 0 (0 MB, 0 rounds) after 1.052e-06
Stopped timer 7 at 0.665885 (128.042 MB, 1010 rounds)
Starting timer 8 at 0 (0 MB, 0 rounds) after 2.214e-06
Stopped timer 8 at 0.175467 (0 MB, 0 rounds)
Starting timer 9 at 0 (0 MB, 0 rounds) after 1.573e-06
Stopped timer 9 at 2.57848 (5.76497 MB, 3736 rounds)
Starting timer 10 at 0 (0 MB, 0 rounds) after 1.292e-06
Stopped timer 10 at 0.109698 (4.80046 MB, 24 rounds)
Starting timer 11 at 0 (0 MB, 0 rounds) after 1.893e-06
Stopped timer 11 at 0.000637194 (7.6e-05 MB, 3 rounds)
Stopped timer 1 at 38.5346 (5355.38 MB, 96809 rounds)
The following benchmarks are excluding preprocessing (offline phase).
Time = 38.7594 seconds 
Time1 = 38.5346 seconds (5355.38 MB, 96809 rounds)
Time2 = 6.76395 seconds (16.1539 MB, 9608 rounds)
Time3 = 1.09056 seconds (65.1465 MB, 62126 rounds)
Time4 = 26.8528 seconds (5121.19 MB, 4654 rounds)
Time5 = 0.0304105 seconds (0.128554 MB, 78 rounds)
Time6 = 0.266394 seconds (14.1501 MB, 15570 rounds)
Time7 = 0.665885 seconds (128.042 MB, 1010 rounds)
Time8 = 0.175467 seconds (0 MB, 0 rounds)
Time9 = 2.57848 seconds (5.76497 MB, 3736 rounds)
Time10 = 0.109698 seconds (4.80046 MB, 24 rounds)
Time11 = 0.000637194 seconds (7.6e-05 MB, 3 rounds)
Data sent = 5355.38 MB in ~96809 rounds (party 0 only; rounds counted double due to multi-threading; use '-v' for more details)
Global data sent = 10710.8 MB (all parties)
Running /home/y-yordanov/workspace/AlphaFL-FLAME/Scripts/../spdz2k-party.x 0 flame_private-40-100000 -F -pn 19451 -h localhost -N 2
Running /home/y-yordanov/workspace/AlphaFL-FLAME/Scripts/../spdz2k-party.x 1 flame_private-40-100000 -F -pn 19451 -h localhost -N 2
Using SPDZ2k security parameter 64
Using statistical security parameter 40
Trying to run 64-bit computation
Starting timer 1 at 0 (0 MB, 0 rounds) after 4.5536e-05
Starting timer 2 at 0 (0 MB, 0 rounds) after 7.62e-07
Stopped timer 2 at 6.76929 (16.1539 MB, 9608 rounds)
Starting timer 3 at 0 (0 MB, 0 rounds) after 1.643e-06
REUSING DATA - ONLY FOR BENCHMARKING
Stopped timer 3 at 1.10949 (65.1465 MB, 62126 rounds)
Starting timer 4 at 0 (0 MB, 0 rounds) after 1.163e-06
Stopped timer 4 at 27.0038 (5121.19 MB, 4654 rounds)
Starting timer 5 at 0 (0 MB, 0 rounds) after 1.112e-06
Stopped timer 5 at 0.0312197 (0.128554 MB, 78 rounds)
Starting timer 6 at 0 (0 MB, 0 rounds) after 1.412e-06
Stopped timer 6 at 0.263734 (14.1501 MB, 15570 rounds)
Starting timer 7 at 0 (0 MB, 0 rounds) after 1.052e-06
Stopped timer 7 at 0.665723 (128.042 MB, 1010 rounds)
Starting timer 8 at 0 (0 MB, 0 rounds) after 2.364e-06
Stopped timer 8 at 0.176759 (0 MB, 0 rounds)
Starting timer 9 at 0 (0 MB, 0 rounds) after 1.092e-06
Stopped timer 9 at 2.57124 (5.76497 MB, 3736 rounds)
Starting timer 10 at 0 (0 MB, 0 rounds) after 1.663e-06
Stopped timer 10 at 0.110094 (4.80046 MB, 24 rounds)
Starting timer 11 at 0 (0 MB, 0 rounds) after 1.473e-06
Stopped timer 11 at 0.000422658 (7.6e-05 MB, 3 rounds)
Stopped timer 1 at 38.7021 (5355.38 MB, 96809 rounds)
The following benchmarks are excluding preprocessing (offline phase).
Time = 38.9301 seconds 
Time1 = 38.7021 seconds (5355.38 MB, 96809 rounds)
Time2 = 6.76929 seconds (16.1539 MB, 9608 rounds)
Time3 = 1.10949 seconds (65.1465 MB, 62126 rounds)
Time4 = 27.0038 seconds (5121.19 MB, 4654 rounds)
Time5 = 0.0312197 seconds (0.128554 MB, 78 rounds)
Time6 = 0.263734 seconds (14.1501 MB, 15570 rounds)
Time7 = 0.665723 seconds (128.042 MB, 1010 rounds)
Time8 = 0.176759 seconds (0 MB, 0 rounds)
Time9 = 2.57124 seconds (5.76497 MB, 3736 rounds)
Time10 = 0.110094 seconds (4.80046 MB, 24 rounds)
Time11 = 0.000422658 seconds (7.6e-05 MB, 3 rounds)
Data sent = 5355.38 MB in ~96809 rounds (party 0 only; rounds counted double due to multi-threading; use '-v' for more details)
Global data sent = 10710.8 MB (all parties)
Running /home/y-yordanov/workspace/AlphaFL-FLAME/Scripts/../spdz2k-party.x 0 flame_private-40-100000 -F -pn 10075 -h localhost -N 2
Running /home/y-yordanov/workspace/AlphaFL-FLAME/Scripts/../spdz2k-party.x 1 flame_private-40-100000 -F -pn 10075 -h localhost -N 2
Using SPDZ2k security parameter 64
Using statistical security parameter 40
Trying to run 64-bit computation
Starting timer 1 at 0 (0 MB, 0 rounds) after 3.9765e-05
Starting timer 2 at 0 (0 MB, 0 rounds) after 7.22e-07
Stopped timer 2 at 6.74604 (16.1539 MB, 9608 rounds)
Starting timer 3 at 0 (0 MB, 0 rounds) after 1.253e-06
REUSING DATA - ONLY FOR BENCHMARKING
Stopped timer 3 at 1.11053 (65.1465 MB, 62126 rounds)
Starting timer 4 at 0 (0 MB, 0 rounds) after 1.744e-06
Stopped timer 4 at 27.3848 (5121.19 MB, 4654 rounds)
Starting timer 5 at 0 (0 MB, 0 rounds) after 1.453e-06
Stopped timer 5 at 0.030105 (0.128554 MB, 78 rounds)
Starting timer 6 at 0 (0 MB, 0 rounds) after 1.183e-06
Stopped timer 6 at 0.268601 (14.1501 MB, 15570 rounds)
Starting timer 7 at 0 (0 MB, 0 rounds) after 1.042e-06
Stopped timer 7 at 0.663315 (128.042 MB, 1010 rounds)
Starting timer 8 at 0 (0 MB, 0 rounds) after 2.324e-06
Stopped timer 8 at 0.175709 (0 MB, 0 rounds)
Starting timer 9 at 0 (0 MB, 0 rounds) after 1.042e-06
Stopped timer 9 at 2.58472 (5.76497 MB, 3736 rounds)
Starting timer 10 at 0 (0 MB, 0 rounds) after 1.142e-06
Stopped timer 10 at 0.110036 (4.80046 MB, 24 rounds)
Starting timer 11 at 0 (0 MB, 0 rounds) after 1.273e-06
Stopped timer 11 at 0.000379174 (7.6e-05 MB, 3 rounds)
Stopped timer 1 at 39.0745 (5355.38 MB, 96809 rounds)
The following benchmarks are excluding preprocessing (offline phase).
Time = 39.2988 seconds 
Time1 = 39.0745 seconds (5355.38 MB, 96809 rounds)
Time2 = 6.74604 seconds (16.1539 MB, 9608 rounds)
Time3 = 1.11053 seconds (65.1465 MB, 62126 rounds)
Time4 = 27.3848 seconds (5121.19 MB, 4654 rounds)
Time5 = 0.030105 seconds (0.128554 MB, 78 rounds)
Time6 = 0.268601 seconds (14.1501 MB, 15570 rounds)
Time7 = 0.663315 seconds (128.042 MB, 1010 rounds)
Time8 = 0.175709 seconds (0 MB, 0 rounds)
Time9 = 2.58472 seconds (5.76497 MB, 3736 rounds)
Time10 = 0.110036 seconds (4.80046 MB, 24 rounds)
Time11 = 0.000379174 seconds (7.6e-05 MB, 3 rounds)
Data sent = 5355.38 MB in ~96809 rounds (party 0 only; rounds counted double due to multi-threading; use '-v' for more details)
Global data sent = 10710.8 MB (all parties)
Running /home/y-yordanov/workspace/AlphaFL-FLAME/Scripts/../spdz2k-party.x 0 flame_private-40-100000 -F -pn 10049 -h localhost -N 2
Running /home/y-yordanov/workspace/AlphaFL-FLAME/Scripts/../spdz2k-party.x 1 flame_private-40-100000 -F -pn 10049 -h localhost -N 2
Using SPDZ2k security parameter 64
Using statistical security parameter 40
Trying to run 64-bit computation
Starting timer 1 at 0 (0 MB, 0 rounds) after 2.9065e-05
Starting timer 2 at 0 (0 MB, 0 rounds) after 7.61e-07
Stopped timer 2 at 6.75931 (16.1539 MB, 9608 rounds)
Starting timer 3 at 0 (0 MB, 0 rounds) after 1.272e-06
REUSING DATA - ONLY FOR BENCHMARKING
Stopped timer 3 at 1.11184 (65.1465 MB, 62126 rounds)
Starting timer 4 at 0 (0 MB, 0 rounds) after 1.162e-06
Stopped timer 4 at 27.3601 (5121.19 MB, 4654 rounds)
Starting timer 5 at 0 (0 MB, 0 rounds) after 1.282e-06
Stopped timer 5 at 0.0299559 (0.128554 MB, 78 rounds)
Starting timer 6 at 0 (0 MB, 0 rounds) after 1.212e-06
Stopped timer 6 at 0.271137 (14.1501 MB, 15570 rounds)
Starting timer 7 at 0 (0 MB, 0 rounds) after 1.012e-06
Stopped timer 7 at 0.672766 (128.042 MB, 1010 rounds)
Starting timer 8 at 0 (0 MB, 0 rounds) after 2.444e-06
Stopped timer 8 at 0.178805 (0 MB, 0 rounds)
Starting timer 9 at 0 (0 MB, 0 rounds) after 1.122e-06
Stopped timer 9 at 2.56579 (5.76497 MB, 3736 rounds)
Starting timer 10 at 0 (0 MB, 0 rounds) after 1.784e-06
Stopped timer 10 at 0.113424 (4.80046 MB, 24 rounds)
Starting timer 11 at 0 (0 MB, 0 rounds) after 1.512e-06
Stopped timer 11 at 0.000309653 (7.6e-05 MB, 3 rounds)
Stopped timer 1 at 39.0638 (5355.38 MB, 96809 rounds)
The following benchmarks are excluding preprocessing (offline phase).
Time = 39.2912 seconds 
Time1 = 39.0638 seconds (5355.38 MB, 96809 rounds)
Time2 = 6.75931 seconds (16.1539 MB, 9608 rounds)
Time3 = 1.11184 seconds (65.1465 MB, 62126 rounds)
Time4 = 27.3601 seconds (5121.19 MB, 4654 rounds)
Time5 = 0.0299559 seconds (0.128554 MB, 78 rounds)
Time6 = 0.271137 seconds (14.1501 MB, 15570 rounds)
Time7 = 0.672766 seconds (128.042 MB, 1010 rounds)
Time8 = 0.178805 seconds (0 MB, 0 rounds)
Time9 = 2.56579 seconds (5.76497 MB, 3736 rounds)
Time10 = 0.113424 seconds (4.80046 MB, 24 rounds)
Time11 = 0.000309653 seconds (7.6e-05 MB, 3 rounds)
Data sent = 5355.38 MB in ~96809 rounds (party 0 only; rounds counted double due to multi-threading; use '-v' for more details)
Global data sent = 10710.8 MB (all parties)
Running /home/y-yordanov/workspace/AlphaFL-FLAME/Scripts/../spdz2k-party.x 0 flame_private-40-100000 -F -pn 11357 -h localhost -N 2
Running /home/y-yordanov/workspace/AlphaFL-FLAME/Scripts/../spdz2k-party.x 1 flame_private-40-100000 -F -pn 11357 -h localhost -N 2
Using SPDZ2k security parameter 64
Using statistical security parameter 40
Trying to run 64-bit computation
Starting timer 1 at 0 (0 MB, 0 rounds) after 3.0487e-05
Starting timer 2 at 0 (0 MB, 0 rounds) after 7.41e-07
Stopped timer 2 at 6.73527 (16.1539 MB, 9608 rounds)
Starting timer 3 at 0 (0 MB, 0 rounds) after 1.453e-06
REUSING DATA - ONLY FOR BENCHMARKING
Stopped timer 3 at 1.13213 (65.1465 MB, 62126 rounds)
Starting timer 4 at 0 (0 MB, 0 rounds) after 1.162e-06
Stopped timer 4 at 27.0258 (5121.19 MB, 4654 rounds)
Starting timer 5 at 0 (0 MB, 0 rounds) after 2.174e-06
Stopped timer 5 at 0.0300948 (0.128554 MB, 78 rounds)
Starting timer 6 at 0 (0 MB, 0 rounds) after 1.383e-06
Stopped timer 6 at 0.270467 (14.1501 MB, 15570 rounds)
Starting timer 7 at 0 (0 MB, 0 rounds) after 1.082e-06
Stopped timer 7 at 0.661629 (128.042 MB, 1010 rounds)
Starting timer 8 at 0 (0 MB, 0 rounds) after 3.487e-06
Stopped timer 8 at 0.175554 (0 MB, 0 rounds)
Starting timer 9 at 0 (0 MB, 0 rounds) after 1.713e-06
Stopped timer 9 at 2.56568 (5.76497 MB, 3736 rounds)
Starting timer 10 at 0 (0 MB, 0 rounds) after 1.433e-06
Stopped timer 10 at 0.112571 (4.80046 MB, 24 rounds)
Starting timer 11 at 0 (0 MB, 0 rounds) after 1.764e-06
Stopped timer 11 at 0.000540788 (7.6e-05 MB, 3 rounds)
Stopped timer 1 at 38.7101 (5355.38 MB, 96809 rounds)
The following benchmarks are excluding preprocessing (offline phase).
Time = 38.937 seconds 
Time1 = 38.7101 seconds (5355.38 MB, 96809 rounds)
Time2 = 6.73527 seconds (16.1539 MB, 9608 rounds)
Time3 = 1.13213 seconds (65.1465 MB, 62126 rounds)
Time4 = 27.0258 seconds (5121.19 MB, 4654 rounds)
Time5 = 0.0300948 seconds (0.128554 MB, 78 rounds)
Time6 = 0.270467 seconds (14.1501 MB, 15570 rounds)
Time7 = 0.661629 seconds (128.042 MB, 1010 rounds)
Time8 = 0.175554 seconds (0 MB, 0 rounds)
Time9 = 2.56568 seconds (5.76497 MB, 3736 rounds)
Time10 = 0.112571 seconds (4.80046 MB, 24 rounds)
Time11 = 0.000540788 seconds (7.6e-05 MB, 3 rounds)
Data sent = 5355.38 MB in ~96809 rounds (party 0 only; rounds counted double due to multi-threading; use '-v' for more details)
Global data sent = 10710.8 MB (all parties)
