Running /home/y-yordanov/workspace/AlphaFL-FLAME/Scripts/../spdz2k-party.x 0 flame_private-4-274442 -F -pn 12794 -h localhost -N 2
Running /home/y-yordanov/workspace/AlphaFL-FLAME/Scripts/../spdz2k-party.x 1 flame_private-4-274442 -F -pn 12794 -h localhost -N 2
Using SPDZ2k security parameter 64
Using statistical security parameter 40
Trying to run 64-bit computation
Starting timer 1 at 0 (0 MB, 0 rounds) after 2.9165e-05
Starting timer 2 at 0 (0 MB, 0 rounds) after 7.71e-07
Stopped timer 2 at 2.87986 (4.3967 MB, 344 rounds)
Starting timer 3 at 0 (0 MB, 0 rounds) after 1.693e-06
REUSING DATA - ONLY FOR BENCHMARKING
Stopped timer 3 at 0.267396 (17.6792 MB, 6226 rounds)
Starting timer 4 at 0 (0 MB, 0 rounds) after 3.066e-06
Stopped timer 4 at 0.820857 (140.529 MB, 236 rounds)
Starting timer 5 at 0 (0 MB, 0 rounds) after 1.382e-06
Stopped timer 5 at 0.0136572 (0.002312 MB, 78 rounds)
Starting timer 6 at 0 (0 MB, 0 rounds) after 1.163e-06
Stopped timer 6 at 0.0922667 (0.212906 MB, 7002 rounds)
Starting timer 7 at 0 (0 MB, 0 rounds) after 1.142e-06
Stopped timer 7 at 0.256854 (35.1351 MB, 310 rounds)
Starting timer 8 at 0 (0 MB, 0 rounds) after 2.475e-06
Stopped timer 8 at 0.0680779 (0 MB, 0 rounds)
Starting timer 9 at 0 (0 MB, 0 rounds) after 1.312e-06
Stopped timer 9 at 10.1742 (14.853 MB, 1744 rounds)
Starting timer 10 at 0 (0 MB, 0 rounds) after 1.723e-06
Stopped timer 10 at 0.293674 (13.1737 MB, 24 rounds)
Starting timer 11 at 0 (0 MB, 0 rounds) after 1.973e-06
Stopped timer 11 at 0.000387051 (7.6e-05 MB, 3 rounds)
Stopped timer 1 at 14.8675 (225.982 MB, 15967 rounds)
The following benchmarks are excluding preprocessing (offline phase).
Time = 15.2238 seconds 
Time1 = 14.8675 seconds (225.982 MB, 15967 rounds)
Time2 = 2.87986 seconds (4.3967 MB, 344 rounds)
Time3 = 0.267396 seconds (17.6792 MB, 6226 rounds)
Time4 = 0.820857 seconds (140.529 MB, 236 rounds)
Time5 = 0.0136572 seconds (0.002312 MB, 78 rounds)
Time6 = 0.0922667 seconds (0.212906 MB, 7002 rounds)
Time7 = 0.256854 seconds (35.1351 MB, 310 rounds)
Time8 = 0.0680779 seconds (0 MB, 0 rounds)
Time9 = 10.1742 seconds (14.853 MB, 1744 rounds)
Time10 = 0.293674 seconds (13.1737 MB, 24 rounds)
Time11 = 0.000387051 seconds (7.6e-05 MB, 3 rounds)
Data sent = 225.982 MB in ~15967 rounds (party 0 only; rounds counted double due to multi-threading; use '-v' for more details)
Global data sent = 451.964 MB (all parties)
Running /home/y-yordanov/workspace/AlphaFL-FLAME/Scripts/../spdz2k-party.x 0 flame_private-4-274442 -F -pn 11569 -h localhost -N 2
Running /home/y-yordanov/workspace/AlphaFL-FLAME/Scripts/../spdz2k-party.x 1 flame_private-4-274442 -F -pn 11569 -h localhost -N 2
Using SPDZ2k security parameter 64
Using statistical security parameter 40
Trying to run 64-bit computation
Starting timer 1 at 0 (0 MB, 0 rounds) after 3.0858e-05
Starting timer 2 at 0 (0 MB, 0 rounds) after 8.12e-07
Stopped timer 2 at 2.88097 (4.3967 MB, 344 rounds)
Starting timer 3 at 0 (0 MB, 0 rounds) after 1.202e-06
REUSING DATA - ONLY FOR BENCHMARKING
Stopped timer 3 at 0.257707 (17.6792 MB, 6226 rounds)
Starting timer 4 at 0 (0 MB, 0 rounds) after 1.122e-06
Stopped timer 4 at 0.81431 (140.529 MB, 236 rounds)
Starting timer 5 at 0 (0 MB, 0 rounds) after 1.322e-06
Stopped timer 5 at 0.0148118 (0.002312 MB, 78 rounds)
Starting timer 6 at 0 (0 MB, 0 rounds) after 1.011e-06
Stopped timer 6 at 0.090643 (0.212906 MB, 7002 rounds)
Starting timer 7 at 0 (0 MB, 0 rounds) after 1.122e-06
Stopped timer 7 at 0.244025 (35.1351 MB, 310 rounds)
Starting timer 8 at 0 (0 MB, 0 rounds) after 1.293e-06
Stopped timer 8 at 0.064221 (0 MB, 0 rounds)
Starting timer 9 at 0 (0 MB, 0 rounds) after 1.122e-06
Stopped timer 9 at 10.0188 (14.853 MB, 1744 rounds)
Starting timer 10 at 0 (0 MB, 0 rounds) after 1.433e-06
Stopped timer 10 at 0.307381 (13.1737 MB, 24 rounds)
Starting timer 11 at 0 (0 MB, 0 rounds) after 1.593e-06
Stopped timer 11 at 0.00116139 (7.6e-05 MB, 3 rounds)
Stopped timer 1 at 14.6943 (225.982 MB, 15967 rounds)
The following benchmarks are excluding preprocessing (offline phase).
Time = 15.0347 seconds 
Time1 = 14.6943 seconds (225.982 MB, 15967 rounds)
Time2 = 2.88097 seconds (4.3967 MB, 344 rounds)
Time3 = 0.257707 seconds (17.6792 MB, 6226 rounds)
Time4 = 0.81431 seconds (140.529 MB, 236 rounds)
Time5 = 0.0148118 seconds (0.002312 MB, 78 rounds)
Time6 = 0.090643 seconds (0.212906 MB, 7002 rounds)
Time7 = 0.244025 seconds (35.1351 MB, 310 rounds)
Time8 = 0.064221 seconds (0 MB, 0 rounds)
Time9 = 10.0188 seconds (14.853 MB, 1744 rounds)
Time10 = 0.307381 seconds (13.1737 MB, 24 rounds)
Time11 = 0.00116139 seconds (7.6e-05 MB, 3 rounds)
Data sent = 225.982 MB in ~15967 rounds (party 0 only; rounds counted double due to multi-threading; use '-v' for more details)
Global data sent = 451.964 MB (all parties)
Running /home/y-yordanov/workspace/AlphaFL-FLAME/Scripts/../spdz2k-party.x 0 flame_private-4-274442 -F -pn 19773 -h localhost -N 2
Running /home/y-yordanov/workspace/AlphaFL-FLAME/Scripts/../spdz2k-party.x 1 flame_private-4-274442 -F -pn 19773 -h localhost -N 2
Using SPDZ2k security parameter 64
Using statistical security parameter 40
Trying to run 64-bit computation
Starting timer 1 at 0 (0 MB, 0 rounds) after 2.9876e-05
Starting timer 2 at 0 (0 MB, 0 rounds) after 7.72e-07
Stopped timer 2 at 2.88315 (4.3967 MB, 344 rounds)
Starting timer 3 at 0 (0 MB, 0 rounds) after 1.232e-06
REUSING DATA - ONLY FOR BENCHMARKING
Stopped timer 3 at 0.262675 (17.6792 MB, 6226 rounds)
Starting timer 4 at 0 (0 MB, 0 rounds) after 1.843e-06
Stopped timer 4 at 0.82014 (140.529 MB, 236 rounds)
Starting timer 5 at 0 (0 MB, 0 rounds) after 1.863e-06
Stopped timer 5 at 0.00920365 (0.002312 MB, 78 rounds)
Starting timer 6 at 0 (0 MB, 0 rounds) after 1.112e-06
Stopped timer 6 at 0.0916014 (0.212906 MB, 7002 rounds)
Starting timer 7 at 0 (0 MB, 0 rounds) after 1.022e-06
Stopped timer 7 at 0.244908 (35.1351 MB, 310 rounds)
Starting timer 8 at 0 (0 MB, 0 rounds) after 1.242e-06
Stopped timer 8 at 0.0689064 (0 MB, 0 rounds)
Starting timer 9 at 0 (0 MB, 0 rounds) after 1.733e-06
Stopped timer 9 at 10.0248 (14.853 MB, 1744 rounds)
Starting timer 10 at 0 (0 MB, 0 rounds) after 1.442e-06
Stopped timer 10 at 0.290705 (13.1737 MB, 24 rounds)
Starting timer 11 at 0 (0 MB, 0 rounds) after 1.252e-06
Stopped timer 11 at 0.000359431 (7.6e-05 MB, 3 rounds)
Stopped timer 1 at 14.6968 (225.982 MB, 15967 rounds)
The following benchmarks are excluding preprocessing (offline phase).
Time = 15.0289 seconds 
Time1 = 14.6968 seconds (225.982 MB, 15967 rounds)
Time2 = 2.88315 seconds (4.3967 MB, 344 rounds)
Time3 = 0.262675 seconds (17.6792 MB, 6226 rounds)
Time4 = 0.82014 seconds (140.529 MB, 236 rounds)
Time5 = 0.00920365 seconds (0.002312 MB, 78 rounds)
Time6 = 0.0916014 seconds (0.212906 MB, 7002 rounds)
Time7 = 0.244908 seconds (35.1351 MB, 310 rounds)
Time8 = 0.0689064 seconds (0 MB, 0 rounds)
Time9 = 10.0248 seconds (14.853 MB, 1744 rounds)
Time10 = 0.290705 seconds (13.1737 MB, 24 rounds)
Time11 = 0.000359431 seconds (7.6e-05 MB, 3 rounds)
Data sent = 225.982 MB in ~15967 rounds (party 0 only; rounds counted double due to multi-threading; use '-v' for more details)
Global data sent = 451.964 MB (all parties)
Running /home/y-yordanov/workspace/AlphaFL-FLAME/Scripts/../spdz2k-party.x 0 flame_private-4-274442 -F -pn 12827 -h localhost -N 2
Running /home/y-yordanov/workspace/AlphaFL-FLAME/Scripts/../spdz2k-party.x 1 flame_private-4-274442 -F -pn 12827 -h localhost -N 2
Using SPDZ2k security parameter 64
Using statistical security parameter 40
Trying to run 64-bit computation
Starting timer 1 at 0 (0 MB, 0 rounds) after 3.3383e-05
Starting timer 2 at 0 (0 MB, 0 rounds) after 7.42e-07
Stopped timer 2 at 2.85542 (4.3967 MB, 344 rounds)
Starting timer 3 at 0 (0 MB, 0 rounds) after 1.523e-06
REUSING DATA - ONLY FOR BENCHMARKING
Stopped timer 3 at 0.261909 (17.6792 MB, 6226 rounds)
Starting timer 4 at 0 (0 MB, 0 rounds) after 1.103e-06
Stopped timer 4 at 0.881953 (140.529 MB, 236 rounds)
Starting timer 5 at 0 (0 MB, 0 rounds) after 1.442e-06
Stopped timer 5 at 0.0233898 (0.002312 MB, 78 rounds)
Starting timer 6 at 0 (0 MB, 0 rounds) after 1.022e-06
Stopped timer 6 at 0.090819 (0.212906 MB, 7002 rounds)
Starting timer 7 at 0 (0 MB, 0 rounds) after 1.072e-06
Stopped timer 7 at 0.244055 (35.1351 MB, 310 rounds)
Starting timer 8 at 0 (0 MB, 0 rounds) after 2.375e-06
Stopped timer 8 at 0.0633714 (0 MB, 0 rounds)
Starting timer 9 at 0 (0 MB, 0 rounds) after 9.42e-07
Stopped timer 9 at 9.99791 (14.853 MB, 1744 rounds)
Starting timer 10 at 0 (0 MB, 0 rounds) after 1.222e-06
Stopped timer 10 at 0.296355 (13.1737 MB, 24 rounds)
Starting timer 11 at 0 (0 MB, 0 rounds) after 2.134e-06
Stopped timer 11 at 0.000485139 (7.6e-05 MB, 3 rounds)
Stopped timer 1 at 14.7159 (225.982 MB, 15967 rounds)
The following benchmarks are excluding preprocessing (offline phase).
Time = 15.0482 seconds 
Time1 = 14.7159 seconds (225.982 MB, 15967 rounds)
Time2 = 2.85542 seconds (4.3967 MB, 344 rounds)
Time3 = 0.261909 seconds (17.6792 MB, 6226 rounds)
Time4 = 0.881953 seconds (140.529 MB, 236 rounds)
Time5 = 0.0233898 seconds (0.002312 MB, 78 rounds)
Time6 = 0.090819 seconds (0.212906 MB, 7002 rounds)
Time7 = 0.244055 seconds (35.1351 MB, 310 rounds)
Time8 = 0.0633714 seconds (0 MB, 0 rounds)
Time9 = 9.99791 seconds (14.853 MB, 1744 rounds)
Time10 = 0.296355 seconds (13.1737 MB, 24 rounds)
Time11 = 0.000485139 seconds (7.6e-05 MB, 3 rounds)
Data sent = 225.982 MB in ~15967 rounds (party 0 only; rounds counted double due to multi-threading; use '-v' for more details)
Global data sent = 451.964 MB (all parties)
Running /home/y-yordanov/workspace/AlphaFL-FLAME/Scripts/../spdz2k-party.x 0 flame_private-4-274442 -F -pn 18394 -h localhost -N 2
Running /home/y-yordanov/workspace/AlphaFL-FLAME/Scripts/../spdz2k-party.x 1 flame_private-4-274442 -F -pn 18394 -h localhost -N 2
Using SPDZ2k security parameter 64
Using statistical security parameter 40
Trying to run 64-bit computation
Starting timer 1 at 0 (0 MB, 0 rounds) after 3.0207e-05
Starting timer 2 at 0 (0 MB, 0 rounds) after 1.102e-06
Stopped timer 2 at 2.86851 (4.3967 MB, 344 rounds)
Starting timer 3 at 0 (0 MB, 0 rounds) after 2.164e-06
REUSING DATA - ONLY FOR BENCHMARKING
Stopped timer 3 at 0.256328 (17.6792 MB, 6226 rounds)
Starting timer 4 at 0 (0 MB, 0 rounds) after 1.122e-06
Stopped timer 4 at 0.814124 (140.529 MB, 236 rounds)
Starting timer 5 at 0 (0 MB, 0 rounds) after 1.673e-06
Stopped timer 5 at 0.0179505 (0.002312 MB, 78 rounds)
Starting timer 6 at 0 (0 MB, 0 rounds) after 1.022e-06
Stopped timer 6 at 0.0908298 (0.212906 MB, 7002 rounds)
Starting timer 7 at 0 (0 MB, 0 rounds) after 9.72e-07
Stopped timer 7 at 0.248217 (35.1351 MB, 310 rounds)
Starting timer 8 at 0 (0 MB, 0 rounds) after 2.395e-06
Stopped timer 8 at 0.064213 (0 MB, 0 rounds)
Starting timer 9 at 0 (0 MB, 0 rounds) after 1.112e-06
Stopped timer 9 at 9.96545 (14.853 MB, 1744 rounds)
Starting timer 10 at 0 (0 MB, 0 rounds) after 1.262e-06
Stopped timer 10 at 0.286685 (13.1737 MB, 24 rounds)
Starting timer 11 at 0 (0 MB, 0 rounds) after 1.773e-06
Stopped timer 11 at 0.000285531 (7.6e-05 MB, 3 rounds)
Stopped timer 1 at 14.6128 (225.982 MB, 15967 rounds)
The following benchmarks are excluding preprocessing (offline phase).
Time = 14.9466 seconds 
Time1 = 14.6128 seconds (225.982 MB, 15967 rounds)
Time2 = 2.86851 seconds (4.3967 MB, 344 rounds)
Time3 = 0.256328 seconds (17.6792 MB, 6226 rounds)
Time4 = 0.814124 seconds (140.529 MB, 236 rounds)
Time5 = 0.0179505 seconds (0.002312 MB, 78 rounds)
Time6 = 0.0908298 seconds (0.212906 MB, 7002 rounds)
Time7 = 0.248217 seconds (35.1351 MB, 310 rounds)
Time8 = 0.064213 seconds (0 MB, 0 rounds)
Time9 = 9.96545 seconds (14.853 MB, 1744 rounds)
Time10 = 0.286685 seconds (13.1737 MB, 24 rounds)
Time11 = 0.000285531 seconds (7.6e-05 MB, 3 rounds)
Data sent = 225.982 MB in ~15967 rounds (party 0 only; rounds counted double due to multi-threading; use '-v' for more details)
Global data sent = 451.964 MB (all parties)
