Running /home/y-yordanov/workspace/AlphaFL-FLAME/Scripts/../spdz2k-party.x 0 flame_private-4-62006 -F -pn 12632 -h localhost -N 2
Running /home/y-yordanov/workspace/AlphaFL-FLAME/Scripts/../spdz2k-party.x 1 flame_private-4-62006 -F -pn 12632 -h localhost -N 2
Using SPDZ2k security parameter 64
Using statistical security parameter 40
Trying to run 64-bit computation
Starting timer 1 at 0 (0 MB, 0 rounds) after 3.1069e-05
Starting timer 2 at 0 (0 MB, 0 rounds) after 7.91e-07
Stopped timer 2 at 0.432304 (1.00224 MB, 626 rounds)
Starting timer 3 at 0 (0 MB, 0 rounds) after 1.223e-06
REUSING DATA - ONLY FOR BENCHMARKING
Stopped timer 3 at 0.0797597 (4.08333 MB, 6226 rounds)
Starting timer 4 at 0 (0 MB, 0 rounds) after 1.894e-06
Stopped timer 4 at 0.231928 (31.7607 MB, 208 rounds)
Starting timer 5 at 0 (0 MB, 0 rounds) after 1.312e-06
Stopped timer 5 at 0.0135709 (0.002312 MB, 78 rounds)
Starting timer 6 at 0 (0 MB, 0 rounds) after 1.042e-06
Stopped timer 6 at 0.0912479 (0.212906 MB, 7002 rounds)
Starting timer 7 at 0 (0 MB, 0 rounds) after 1.102e-06
Stopped timer 7 at 0.0455458 (7.94334 MB, 310 rounds)
Starting timer 8 at 0 (0 MB, 0 rounds) after 1.142e-06
Stopped timer 8 at 0.0122905 (0 MB, 0 rounds)
Starting timer 9 at 0 (0 MB, 0 rounds) after 1.343e-06
Stopped timer 9 at 1.5313 (3.39849 MB, 2800 rounds)
Starting timer 10 at 0 (0 MB, 0 rounds) after 1.562e-06
Stopped timer 10 at 0.0629633 (2.97675 MB, 24 rounds)
Starting timer 11 at 0 (0 MB, 0 rounds) after 1.512e-06
Stopped timer 11 at 0.000535531 (7.6e-05 MB, 3 rounds)
Stopped timer 1 at 2.5017 (51.3802 MB, 17277 rounds)
The following benchmarks are excluding preprocessing (offline phase).
Time = 2.54474 seconds 
Time1 = 2.5017 seconds (51.3802 MB, 17277 rounds)
Time2 = 0.432304 seconds (1.00224 MB, 626 rounds)
Time3 = 0.0797597 seconds (4.08333 MB, 6226 rounds)
Time4 = 0.231928 seconds (31.7607 MB, 208 rounds)
Time5 = 0.0135709 seconds (0.002312 MB, 78 rounds)
Time6 = 0.0912479 seconds (0.212906 MB, 7002 rounds)
Time7 = 0.0455458 seconds (7.94334 MB, 310 rounds)
Time8 = 0.0122905 seconds (0 MB, 0 rounds)
Time9 = 1.5313 seconds (3.39849 MB, 2800 rounds)
Time10 = 0.0629633 seconds (2.97675 MB, 24 rounds)
Time11 = 0.000535531 seconds (7.6e-05 MB, 3 rounds)
Data sent = 51.3802 MB in ~17277 rounds (party 0 only; rounds counted double due to multi-threading; use '-v' for more details)
Global data sent = 102.76 MB (all parties)
Running /home/y-yordanov/workspace/AlphaFL-FLAME/Scripts/../spdz2k-party.x 0 flame_private-4-62006 -F -pn 11397 -h localhost -N 2
Running /home/y-yordanov/workspace/AlphaFL-FLAME/Scripts/../spdz2k-party.x 1 flame_private-4-62006 -F -pn 11397 -h localhost -N 2
Using SPDZ2k security parameter 64
Using statistical security parameter 40
Trying to run 64-bit computation
Starting timer 1 at 0 (0 MB, 0 rounds) after 4.3532e-05
Starting timer 2 at 0 (0 MB, 0 rounds) after 7.52e-07
Stopped timer 2 at 0.436892 (1.00224 MB, 626 rounds)
Starting timer 3 at 0 (0 MB, 0 rounds) after 1.212e-06
REUSING DATA - ONLY FOR BENCHMARKING
Stopped timer 3 at 0.0804764 (4.08333 MB, 6226 rounds)
Starting timer 4 at 0 (0 MB, 0 rounds) after 1.312e-06
Stopped timer 4 at 0.234044 (31.7607 MB, 208 rounds)
Starting timer 5 at 0 (0 MB, 0 rounds) after 1.553e-06
Stopped timer 5 at 0.00949576 (0.002312 MB, 78 rounds)
Starting timer 6 at 0 (0 MB, 0 rounds) after 1.103e-06
Stopped timer 6 at 0.0930283 (0.212906 MB, 7002 rounds)
Starting timer 7 at 0 (0 MB, 0 rounds) after 1.072e-06
Stopped timer 7 at 0.0445102 (7.94334 MB, 310 rounds)
Starting timer 8 at 0 (0 MB, 0 rounds) after 2.334e-06
Stopped timer 8 at 0.0140119 (0 MB, 0 rounds)
Starting timer 9 at 0 (0 MB, 0 rounds) after 1.493e-06
Stopped timer 9 at 1.53467 (3.39849 MB, 2800 rounds)
Starting timer 10 at 0 (0 MB, 0 rounds) after 1.673e-06
Stopped timer 10 at 0.0619017 (2.97675 MB, 24 rounds)
Starting timer 11 at 0 (0 MB, 0 rounds) after 1.914e-06
Stopped timer 11 at 0.000384075 (7.6e-05 MB, 3 rounds)
Stopped timer 1 at 2.50966 (51.3802 MB, 17277 rounds)
The following benchmarks are excluding preprocessing (offline phase).
Time = 2.55073 seconds 
Time1 = 2.50966 seconds (51.3802 MB, 17277 rounds)
Time2 = 0.436892 seconds (1.00224 MB, 626 rounds)
Time3 = 0.0804764 seconds (4.08333 MB, 6226 rounds)
Time4 = 0.234044 seconds (31.7607 MB, 208 rounds)
Time5 = 0.00949576 seconds (0.002312 MB, 78 rounds)
Time6 = 0.0930283 seconds (0.212906 MB, 7002 rounds)
Time7 = 0.0445102 seconds (7.94334 MB, 310 rounds)
Time8 = 0.0140119 seconds (0 MB, 0 rounds)
Time9 = 1.53467 seconds (3.39849 MB, 2800 rounds)
Time10 = 0.0619017 seconds (2.97675 MB, 24 rounds)
Time11 = 0.000384075 seconds (7.6e-05 MB, 3 rounds)
Data sent = 51.3802 MB in ~17277 rounds (party 0 only; rounds counted double due to multi-threading; use '-v' for more details)
Global data sent = 102.76 MB (all parties)
Running /home/y-yordanov/workspace/AlphaFL-FLAME/Scripts/../spdz2k-party.x 0 flame_private-4-62006 -F -pn 19331 -h localhost -N 2
Running /home/y-yordanov/workspace/AlphaFL-FLAME/Scripts/../spdz2k-party.x 1 flame_private-4-62006 -F -pn 19331 -h localhost -N 2
Using SPDZ2k security parameter 64
Using statistical security parameter 40
Trying to run 64-bit computation
Starting timer 1 at 0 (0 MB, 0 rounds) after 2.9355e-05
Starting timer 2 at 0 (0 MB, 0 rounds) after 7.71e-07
Stopped timer 2 at 0.429927 (1.00224 MB, 626 rounds)
Starting timer 3 at 0 (0 MB, 0 rounds) after 1.593e-06
REUSING DATA - ONLY FOR BENCHMARKING
Stopped timer 3 at 0.0802161 (4.08333 MB, 6226 rounds)
Starting timer 4 at 0 (0 MB, 0 rounds) after 1.133e-06
Stopped timer 4 at 0.247905 (31.7607 MB, 208 rounds)
Starting timer 5 at 0 (0 MB, 0 rounds) after 1.282e-06
Stopped timer 5 at 0.0135414 (0.002312 MB, 78 rounds)
Starting timer 6 at 0 (0 MB, 0 rounds) after 1.052e-06
Stopped timer 6 at 0.0895616 (0.212906 MB, 7002 rounds)
Starting timer 7 at 0 (0 MB, 0 rounds) after 1.102e-06
Stopped timer 7 at 0.0455442 (7.94334 MB, 310 rounds)
Starting timer 8 at 0 (0 MB, 0 rounds) after 1.233e-06
Stopped timer 8 at 0.0124784 (0 MB, 0 rounds)
Starting timer 9 at 0 (0 MB, 0 rounds) after 1.292e-06
Stopped timer 9 at 1.52767 (3.39849 MB, 2800 rounds)
Starting timer 10 at 0 (0 MB, 0 rounds) after 2.375e-06
Stopped timer 10 at 0.0612779 (2.97675 MB, 24 rounds)
Starting timer 11 at 0 (0 MB, 0 rounds) after 1.443e-06
Stopped timer 11 at 0.000468033 (7.6e-05 MB, 3 rounds)
Stopped timer 1 at 2.50884 (51.3802 MB, 17277 rounds)
The following benchmarks are excluding preprocessing (offline phase).
Time = 2.55439 seconds 
Time1 = 2.50884 seconds (51.3802 MB, 17277 rounds)
Time2 = 0.429927 seconds (1.00224 MB, 626 rounds)
Time3 = 0.0802161 seconds (4.08333 MB, 6226 rounds)
Time4 = 0.247905 seconds (31.7607 MB, 208 rounds)
Time5 = 0.0135414 seconds (0.002312 MB, 78 rounds)
Time6 = 0.0895616 seconds (0.212906 MB, 7002 rounds)
Time7 = 0.0455442 seconds (7.94334 MB, 310 rounds)
Time8 = 0.0124784 seconds (0 MB, 0 rounds)
Time9 = 1.52767 seconds (3.39849 MB, 2800 rounds)
Time10 = 0.0612779 seconds (2.97675 MB, 24 rounds)
Time11 = 0.000468033 seconds (7.6e-05 MB, 3 rounds)
Data sent = 51.3802 MB in ~17277 rounds (party 0 only; rounds counted double due to multi-threading; use '-v' for more details)
Global data sent = 102.76 MB (all parties)
Running /home/y-yordanov/workspace/AlphaFL-FLAME/Scripts/../spdz2k-party.x 0 flame_private-4-62006 -F -pn 10862 -h localhost -N 2
Running /home/y-yordanov/workspace/AlphaFL-FLAME/Scripts/../spdz2k-party.x 1 flame_private-4-62006 -F -pn 10862 -h localhost -N 2
Using SPDZ2k security parameter 64
Using statistical security parameter 40
Trying to run 64-bit computation
Starting timer 1 at 0 (0 MB, 0 rounds) after 2.8644e-05
Starting timer 2 at 0 (0 MB, 0 rounds) after 7.51e-07
Stopped timer 2 at 0.42945 (1.00224 MB, 626 rounds)
Starting timer 3 at 0 (0 MB, 0 rounds) after 1.433e-06
REUSING DATA - ONLY FOR BENCHMARKING
Stopped timer 3 at 0.0805249 (4.08333 MB, 6226 rounds)
Starting timer 4 at 0 (0 MB, 0 rounds) after 1.372e-06
Stopped timer 4 at 0.233987 (31.7607 MB, 208 rounds)
Starting timer 5 at 0 (0 MB, 0 rounds) after 1.122e-06
Stopped timer 5 at 0.0119711 (0.002312 MB, 78 rounds)
Starting timer 6 at 0 (0 MB, 0 rounds) after 1.042e-06
Stopped timer 6 at 0.0952332 (0.212906 MB, 7002 rounds)
Starting timer 7 at 0 (0 MB, 0 rounds) after 1.142e-06
Stopped timer 7 at 0.0445798 (7.94334 MB, 310 rounds)
Starting timer 8 at 0 (0 MB, 0 rounds) after 1.202e-06
Stopped timer 8 at 0.013524 (0 MB, 0 rounds)
Starting timer 9 at 0 (0 MB, 0 rounds) after 1.293e-06
Stopped timer 9 at 1.53286 (3.39849 MB, 2800 rounds)
Starting timer 10 at 0 (0 MB, 0 rounds) after 1.162e-06
Stopped timer 10 at 0.0618351 (2.97675 MB, 24 rounds)
Starting timer 11 at 0 (0 MB, 0 rounds) after 1.513e-06
Stopped timer 11 at 0.000335003 (7.6e-05 MB, 3 rounds)
Stopped timer 1 at 2.50454 (51.3802 MB, 17277 rounds)
The following benchmarks are excluding preprocessing (offline phase).
Time = 2.54737 seconds 
Time1 = 2.50454 seconds (51.3802 MB, 17277 rounds)
Time2 = 0.42945 seconds (1.00224 MB, 626 rounds)
Time3 = 0.0805249 seconds (4.08333 MB, 6226 rounds)
Time4 = 0.233987 seconds (31.7607 MB, 208 rounds)
Time5 = 0.0119711 seconds (0.002312 MB, 78 rounds)
Time6 = 0.0952332 seconds (0.212906 MB, 7002 rounds)
Time7 = 0.0445798 seconds (7.94334 MB, 310 rounds)
Time8 = 0.013524 seconds (0 MB, 0 rounds)
Time9 = 1.53286 seconds (3.39849 MB, 2800 rounds)
Time10 = 0.0618351 seconds (2.97675 MB, 24 rounds)
Time11 = 0.000335003 seconds (7.6e-05 MB, 3 rounds)
Data sent = 51.3802 MB in ~17277 rounds (party 0 only; rounds counted double due to multi-threading; use '-v' for more details)
Global data sent = 102.76 MB (all parties)
Running /home/y-yordanov/workspace/AlphaFL-FLAME/Scripts/../spdz2k-party.x 0 flame_private-4-62006 -F -pn 16174 -h localhost -N 2
Running /home/y-yordanov/workspace/AlphaFL-FLAME/Scripts/../spdz2k-party.x 1 flame_private-4-62006 -F -pn 16174 -h localhost -N 2
Using SPDZ2k security parameter 64
Using statistical security parameter 40
Trying to run 64-bit computation
Starting timer 1 at 0 (0 MB, 0 rounds) after 3.0458e-05
Starting timer 2 at 0 (0 MB, 0 rounds) after 7.92e-07
Stopped timer 2 at 0.438492 (1.00224 MB, 626 rounds)
Starting timer 3 at 0 (0 MB, 0 rounds) after 1.262e-06
REUSING DATA - ONLY FOR BENCHMARKING
Stopped timer 3 at 0.0827732 (4.08333 MB, 6226 rounds)
Starting timer 4 at 0 (0 MB, 0 rounds) after 1.092e-06
Stopped timer 4 at 0.238304 (31.7607 MB, 208 rounds)
Starting timer 5 at 0 (0 MB, 0 rounds) after 1.303e-06
Stopped timer 5 at 0.0244261 (0.002312 MB, 78 rounds)
Starting timer 6 at 0 (0 MB, 0 rounds) after 1.082e-06
Stopped timer 6 at 0.0983263 (0.212906 MB, 7002 rounds)
Starting timer 7 at 0 (0 MB, 0 rounds) after 1.293e-06
Stopped timer 7 at 0.045273 (7.94334 MB, 310 rounds)
Starting timer 8 at 0 (0 MB, 0 rounds) after 2.685e-06
Stopped timer 8 at 0.0131695 (0 MB, 0 rounds)
Starting timer 9 at 0 (0 MB, 0 rounds) after 1.172e-06
Stopped timer 9 at 1.5308 (3.39849 MB, 2800 rounds)
Starting timer 10 at 0 (0 MB, 0 rounds) after 1.562e-06
Stopped timer 10 at 0.0646821 (2.97675 MB, 24 rounds)
Starting timer 11 at 0 (0 MB, 0 rounds) after 1.673e-06
Stopped timer 11 at 0.000378204 (7.6e-05 MB, 3 rounds)
Stopped timer 1 at 2.53687 (51.3802 MB, 17277 rounds)
The following benchmarks are excluding preprocessing (offline phase).
Time = 2.58147 seconds 
Time1 = 2.53687 seconds (51.3802 MB, 17277 rounds)
Time2 = 0.438492 seconds (1.00224 MB, 626 rounds)
Time3 = 0.0827732 seconds (4.08333 MB, 6226 rounds)
Time4 = 0.238304 seconds (31.7607 MB, 208 rounds)
Time5 = 0.0244261 seconds (0.002312 MB, 78 rounds)
Time6 = 0.0983263 seconds (0.212906 MB, 7002 rounds)
Time7 = 0.045273 seconds (7.94334 MB, 310 rounds)
Time8 = 0.0131695 seconds (0 MB, 0 rounds)
Time9 = 1.5308 seconds (3.39849 MB, 2800 rounds)
Time10 = 0.0646821 seconds (2.97675 MB, 24 rounds)
Time11 = 0.000378204 seconds (7.6e-05 MB, 3 rounds)
Data sent = 51.3802 MB in ~17277 rounds (party 0 only; rounds counted double due to multi-threading; use '-v' for more details)
Global data sent = 102.76 MB (all parties)
