    Blocking waiting for file lock on package cache
    Blocking waiting for file lock on package cache
    Blocking waiting for file lock on package cache
    Blocking waiting for file lock on build directory
    Finished release [optimized + debuginfo] target(s) in 2.18s
     Running `target/release/server-baseline-mp -g 300000 -n 50 -m 7777 -p 6666 -s 16 -i 32`
  [2m2025-02-26T10:08:26.591091Z[0m [32m INFO[0m [1;32mbridge::mpc_conn[0m[32m: [32mListening to 7777[0m
    [2;3mat[0m bridge/src/mpc_conn.rs:93

  [2m2025-02-26T10:08:27.136268Z[0m [32m INFO[0m [1;32mbridge::mpc_conn[0m[32m: [32mconnection established: 127.0.0.1[0m
    [2;3mat[0m bridge/src/mpc_conn.rs:102

Start:   Receive Input Sharing and SNIP Proof from Client
Client messages size: 50x(211017833, 113)
End:     Receive Input Sharing and SNIP Proof from Client ..........................7.903s
Start:   Server prepare verification messages
  [2m2025-02-26T10:08:35.039811Z[0m [32m INFO[0m [1;32mserver_baseline_mp::server[0m[32m: [32mmsgs_as_alice length: 211017833[0m
    [2;3mat[0m server-baseline-mp/src/server.rs:87

  [2m2025-02-26T10:08:35.039821Z[0m [32m INFO[0m [1;32mserver_baseline_mp::server[0m[32m: [32mmsgs_as_bob length: 113[0m
    [2;3mat[0m server-baseline-mp/src/server.rs:88

  [2m2025-02-26T10:08:35.039823Z[0m [32m INFO[0m [1;32mserver_baseline_mp::server[0m[32m: [32musing batch size: 1024[0m
    [2;3mat[0m server-baseline-mp/src/server.rs:89

