    Blocking waiting for file lock on package cache
    Blocking waiting for file lock on package cache
    Blocking waiting for file lock on package cache
    Finished release [optimized + debuginfo] target(s) in 0.23s
     Running `target/release/server-baseline-mp -g 100000 -n 20 -m 7777 -p 6666 -s 16 -i 32`
  [2m2025-02-26T09:51:40.202818Z[0m [32m INFO[0m [1;32mbridge::mpc_conn[0m[32m: [32mListening to 7777[0m
    [2;3mat[0m bridge/src/mpc_conn.rs:93

  [2m2025-02-26T09:51:40.576418Z[0m [32m INFO[0m [1;32mbridge::mpc_conn[0m[32m: [32mconnection established: 127.0.0.1[0m
    [2;3mat[0m bridge/src/mpc_conn.rs:102

Start:   Receive Input Sharing and SNIP Proof from Client
Client messages size: 20x(59154537, 113)
End:     Receive Input Sharing and SNIP Proof from Client ..........................573.351ms
Start:   Server prepare verification messages
  [2m2025-02-26T09:51:41.149920Z[0m [32m INFO[0m [1;32mserver_baseline_mp::server[0m[32m: [32mmsgs_as_alice length: 59154537[0m
    [2;3mat[0m server-baseline-mp/src/server.rs:87

  [2m2025-02-26T09:51:41.149930Z[0m [32m INFO[0m [1;32mserver_baseline_mp::server[0m[32m: [32mmsgs_as_bob length: 113[0m
    [2;3mat[0m server-baseline-mp/src/server.rs:88

  [2m2025-02-26T09:51:41.149933Z[0m [32m INFO[0m [1;32mserver_baseline_mp::server[0m[32m: [32musing batch size: 1024[0m
    [2;3mat[0m server-baseline-mp/src/server.rs:89

End:     Server prepare verification messages ......................................13.790s
Start:   Server Exchange verification messages
End:     Server Exchange verification messages .....................................48.731µs
client comm, MPC comm, client time, skip ,mpc message prepare, mpc verify, skip, skip
591546660, 968, 0.57335866, 0, 13.790927738, 0.000052851, 0, 0
    Blocking waiting for file lock on package cache
    Blocking waiting for file lock on package cache
    Blocking waiting for file lock on package cache
    Blocking waiting for file lock on package cache
    Finished release [optimized + debuginfo] target(s) in 0.23s
     Running `target/release/server-baseline-mp -g 100000 -n 20 -m 7777 -p 6666 -s 16 -i 32`
  [2m2025-02-26T15:40:45.367162Z[0m [32m INFO[0m [1;32mbridge::mpc_conn[0m[32m: [32mListening to 7777[0m
    [2;3mat[0m bridge/src/mpc_conn.rs:93

  [2m2025-02-26T15:40:45.676722Z[0m [32m INFO[0m [1;32mbridge::mpc_conn[0m[32m: [32mconnection established: 127.0.0.1[0m
    [2;3mat[0m bridge/src/mpc_conn.rs:102

Start:   Receive Input Sharing and SNIP Proof from Client
Client messages size: 20x(59154537, 113)
End:     Receive Input Sharing and SNIP Proof from Client ..........................627.457ms
Start:   Server prepare verification messages
  [2m2025-02-26T15:40:46.304298Z[0m [32m INFO[0m [1;32mserver_baseline_mp::server[0m[32m: [32mmsgs_as_alice length: 59154537[0m
    [2;3mat[0m server-baseline-mp/src/server.rs:87

  [2m2025-02-26T15:40:46.304309Z[0m [32m INFO[0m [1;32mserver_baseline_mp::server[0m[32m: [32mmsgs_as_bob length: 113[0m
    [2;3mat[0m server-baseline-mp/src/server.rs:88

  [2m2025-02-26T15:40:46.304313Z[0m [32m INFO[0m [1;32mserver_baseline_mp::server[0m[32m: [32musing batch size: 1024[0m
    [2;3mat[0m server-baseline-mp/src/server.rs:89

End:     Server prepare verification messages ......................................13.782s
Start:   Server Exchange verification messages
End:     Server Exchange verification messages .....................................50.063ms
client comm, MPC comm, client time, skip ,mpc message prepare, mpc verify, skip, skip
591546660, 968, 0.627468563, 0, 13.78268211, 0.050088578, 0, 0
    Blocking waiting for file lock on package cache
    Blocking waiting for file lock on package cache
    Blocking waiting for file lock on package cache
    Blocking waiting for file lock on build directory
    Finished release [optimized + debuginfo] target(s) in 0.24s
     Running `target/release/server-baseline-mp -g 100000 -n 20 -m 7777 -p 6666 -s 16 -i 32`
  [2m2025-02-26T15:42:07.822864Z[0m [32m INFO[0m [1;32mbridge::mpc_conn[0m[32m: [32mListening to 7777[0m
    [2;3mat[0m bridge/src/mpc_conn.rs:93

  [2m2025-02-26T15:42:08.193742Z[0m [32m INFO[0m [1;32mbridge::mpc_conn[0m[32m: [32mconnection established: 127.0.0.1[0m
    [2;3mat[0m bridge/src/mpc_conn.rs:102

Start:   Receive Input Sharing and SNIP Proof from Client
Client messages size: 20x(59154537, 113)
End:     Receive Input Sharing and SNIP Proof from Client ..........................576.106ms
Start:   Server prepare verification messages
  [2m2025-02-26T15:42:08.770002Z[0m [32m INFO[0m [1;32mserver_baseline_mp::server[0m[32m: [32mmsgs_as_alice length: 59154537[0m
    [2;3mat[0m server-baseline-mp/src/server.rs:87

  [2m2025-02-26T15:42:08.770012Z[0m [32m INFO[0m [1;32mserver_baseline_mp::server[0m[32m: [32mmsgs_as_bob length: 113[0m
    [2;3mat[0m server-baseline-mp/src/server.rs:88

  [2m2025-02-26T15:42:08.770014Z[0m [32m INFO[0m [1;32mserver_baseline_mp::server[0m[32m: [32musing batch size: 1024[0m
    [2;3mat[0m server-baseline-mp/src/server.rs:89

End:     Server prepare verification messages ......................................13.804s
Start:   Server Exchange verification messages
End:     Server Exchange verification messages .....................................98.471µs
client comm, MPC comm, client time, skip ,mpc message prepare, mpc verify, skip, skip
591546660, 968, 0.576114206, 0, 13.804233291, 0.000101835, 0, 0
    Blocking waiting for file lock on package cache
    Blocking waiting for file lock on package cache
    Blocking waiting for file lock on package cache
    Blocking waiting for file lock on build directory
    Finished release [optimized + debuginfo] target(s) in 0.24s
     Running `target/release/server-baseline-mp -g 100000 -n 20 -m 7777 -p 6666 -s 16 -i 32`
  [2m2025-02-26T15:43:30.154138Z[0m [32m INFO[0m [1;32mbridge::mpc_conn[0m[32m: [32mListening to 7777[0m
    [2;3mat[0m bridge/src/mpc_conn.rs:93

  [2m2025-02-26T15:43:30.631310Z[0m [32m INFO[0m [1;32mbridge::mpc_conn[0m[32m: [32mconnection established: 127.0.0.1[0m
    [2;3mat[0m bridge/src/mpc_conn.rs:102

Start:   Receive Input Sharing and SNIP Proof from Client
Client messages size: 20x(59154537, 113)
End:     Receive Input Sharing and SNIP Proof from Client ..........................469.913ms
Start:   Server prepare verification messages
  [2m2025-02-26T15:43:31.101342Z[0m [32m INFO[0m [1;32mserver_baseline_mp::server[0m[32m: [32mmsgs_as_alice length: 59154537[0m
    [2;3mat[0m server-baseline-mp/src/server.rs:87

  [2m2025-02-26T15:43:31.101350Z[0m [32m INFO[0m [1;32mserver_baseline_mp::server[0m[32m: [32mmsgs_as_bob length: 113[0m
    [2;3mat[0m server-baseline-mp/src/server.rs:88

  [2m2025-02-26T15:43:31.101354Z[0m [32m INFO[0m [1;32mserver_baseline_mp::server[0m[32m: [32musing batch size: 1024[0m
    [2;3mat[0m server-baseline-mp/src/server.rs:89

End:     Server prepare verification messages ......................................13.857s
Start:   Server Exchange verification messages
End:     Server Exchange verification messages .....................................144.125µs
client comm, MPC comm, client time, skip ,mpc message prepare, mpc verify, skip, skip
591546660, 968, 0.46992188, 0, 13.857597793, 0.000147843, 0, 0
    Blocking waiting for file lock on package cache
    Blocking waiting for file lock on package cache
    Blocking waiting for file lock on package cache
    Blocking waiting for file lock on package cache
    Blocking waiting for file lock on build directory
    Finished release [optimized + debuginfo] target(s) in 0.24s
     Running `target/release/server-baseline-mp -g 100000 -n 20 -m 7777 -p 6666 -s 16 -i 32`
  [2m2025-02-26T15:44:52.635240Z[0m [32m INFO[0m [1;32mbridge::mpc_conn[0m[32m: [32mListening to 7777[0m
    [2;3mat[0m bridge/src/mpc_conn.rs:93

  [2m2025-02-26T15:44:52.976674Z[0m [32m INFO[0m [1;32mbridge::mpc_conn[0m[32m: [32mconnection established: 127.0.0.1[0m
    [2;3mat[0m bridge/src/mpc_conn.rs:102

Start:   Receive Input Sharing and SNIP Proof from Client
Client messages size: 20x(59154537, 113)
End:     Receive Input Sharing and SNIP Proof from Client ..........................606.823ms
Start:   Server prepare verification messages
  [2m2025-02-26T15:44:53.583610Z[0m [32m INFO[0m [1;32mserver_baseline_mp::server[0m[32m: [32mmsgs_as_alice length: 59154537[0m
    [2;3mat[0m server-baseline-mp/src/server.rs:87

  [2m2025-02-26T15:44:53.583621Z[0m [32m INFO[0m [1;32mserver_baseline_mp::server[0m[32m: [32mmsgs_as_bob length: 113[0m
    [2;3mat[0m server-baseline-mp/src/server.rs:88

  [2m2025-02-26T15:44:53.583623Z[0m [32m INFO[0m [1;32mserver_baseline_mp::server[0m[32m: [32musing batch size: 1024[0m
    [2;3mat[0m server-baseline-mp/src/server.rs:89

End:     Server prepare verification messages ......................................13.783s
Start:   Server Exchange verification messages
End:     Server Exchange verification messages .....................................171.009µs
client comm, MPC comm, client time, skip ,mpc message prepare, mpc verify, skip, skip
591546660, 968, 0.606832477, 0, 13.783635809, 0.00017582, 0, 0
