    Blocking waiting for file lock on package cache
    Blocking waiting for file lock on package cache
    Blocking waiting for file lock on package cache
    Blocking waiting for file lock on build directory
    Finished release [optimized + debuginfo] target(s) in 0.25s
     Running `target/release/server-baseline-mp -g 500000 -n 20 -m 7777 -p 6666 -s 16 -i 32`
  [2m2025-02-26T10:14:15.122843Z[0m [32m INFO[0m [1;32mbridge::mpc_conn[0m[32m: [32mListening to 7777[0m
    [2;3mat[0m bridge/src/mpc_conn.rs:93

  [2m2025-02-26T10:14:15.420892Z[0m [32m INFO[0m [1;32mbridge::mpc_conn[0m[32m: [32mconnection established: 127.0.0.1[0m
    [2;3mat[0m bridge/src/mpc_conn.rs:102

Start:   Receive Input Sharing and SNIP Proof from Client
Client messages size: 20x(262217833, 113)
End:     Receive Input Sharing and SNIP Proof from Client ..........................3.900s
Start:   Server prepare verification messages
  [2m2025-02-26T10:14:19.321254Z[0m [32m INFO[0m [1;32mserver_baseline_mp::server[0m[32m: [32mmsgs_as_alice length: 262217833[0m
    [2;3mat[0m server-baseline-mp/src/server.rs:87

  [2m2025-02-26T10:14:19.321268Z[0m [32m INFO[0m [1;32mserver_baseline_mp::server[0m[32m: [32mmsgs_as_bob length: 113[0m
    [2;3mat[0m server-baseline-mp/src/server.rs:88

  [2m2025-02-26T10:14:19.321272Z[0m [32m INFO[0m [1;32mserver_baseline_mp::server[0m[32m: [32musing batch size: 1024[0m
    [2;3mat[0m server-baseline-mp/src/server.rs:89

End:     Server prepare verification messages ......................................60.309s
Start:   Server Exchange verification messages
End:     Server Exchange verification messages .....................................23.527ms
client comm, MPC comm, client time, skip ,mpc message prepare, mpc verify, skip, skip
2622179620, 968, 3.900243807, 0, 60.309478032, 0.023542824, 0, 0
