    Blocking waiting for file lock on package cache
    Blocking waiting for file lock on package cache
    Blocking waiting for file lock on package cache
    Blocking waiting for file lock on build directory
    Finished release [optimized + debuginfo] target(s) in 1.17s
     Running `target/release/server-baseline-mp -g 500000 -n 10 -m 'localhost:7777' -b -p 6667 -s 16 -i 32`
  [2m2025-02-26T10:11:50.216417Z[0m [32m INFO[0m [1;32mbridge::mpc_conn[0m[32m: [32mconnection established: 127.0.0.1[0m
    [2;3mat[0m bridge/src/mpc_conn.rs:118

Start:   Receive Input Sharing and SNIP Proof from Client
Client messages size: 10x(113, 262217833)
End:     Receive Input Sharing and SNIP Proof from Client ..........................1.886s
Start:   Server prepare verification messages
  [2m2025-02-26T10:11:52.102937Z[0m [32m INFO[0m [1;32mserver_baseline_mp::server[0m[32m: [32mmsgs_as_alice length: 262217833[0m
    [2;3mat[0m server-baseline-mp/src/server.rs:87

  [2m2025-02-26T10:11:52.102947Z[0m [32m INFO[0m [1;32mserver_baseline_mp::server[0m[32m: [32mmsgs_as_bob length: 113[0m
    [2;3mat[0m server-baseline-mp/src/server.rs:88

  [2m2025-02-26T10:11:52.102952Z[0m [32m INFO[0m [1;32mserver_baseline_mp::server[0m[32m: [32musing batch size: 1024[0m
    [2;3mat[0m server-baseline-mp/src/server.rs:89

End:     Server prepare verification messages ......................................50.765s
Start:   Server Exchange verification messages
End:     Server Exchange verification messages .....................................138.031µs
client comm, MPC comm, client time, skip ,mpc message prepare, mpc verify, skip, skip
1311089810, 488, 1.8861242740000002, 0, 50.765382224, 0.000150423, 0, 0
