    Blocking waiting for file lock on package cache
    Blocking waiting for file lock on package cache
    Blocking waiting for file lock on package cache
    Blocking waiting for file lock on package cache
    Finished release [optimized + debuginfo] target(s) in 0.24s
     Running `target/release/server-baseline-mp -g 500000 -n 20 -m 'localhost:7777' -b -p 6667 -s 16 -i 32`
  [2m2025-02-26T10:14:15.399855Z[0m [32m INFO[0m [1;32mbridge::mpc_conn[0m[32m: [32mconnection established: 127.0.0.1[0m
    [2;3mat[0m bridge/src/mpc_conn.rs:118

Start:   Receive Input Sharing and SNIP Proof from Client
Client messages size: 20x(113, 262217833)
End:     Receive Input Sharing and SNIP Proof from Client ..........................3.914s
Start:   Server prepare verification messages
  [2m2025-02-26T10:14:19.314739Z[0m [32m INFO[0m [1;32mserver_baseline_mp::server[0m[32m: [32mmsgs_as_alice length: 262217833[0m
    [2;3mat[0m server-baseline-mp/src/server.rs:87

  [2m2025-02-26T10:14:19.314751Z[0m [32m INFO[0m [1;32mserver_baseline_mp::server[0m[32m: [32mmsgs_as_bob length: 113[0m
    [2;3mat[0m server-baseline-mp/src/server.rs:88

  [2m2025-02-26T10:14:19.314754Z[0m [32m INFO[0m [1;32mserver_baseline_mp::server[0m[32m: [32musing batch size: 1024[0m
    [2;3mat[0m server-baseline-mp/src/server.rs:89

End:     Server prepare verification messages ......................................60.338s
Start:   Server Exchange verification messages
End:     Server Exchange verification messages .....................................118.840µs
client comm, MPC comm, client time, skip ,mpc message prepare, mpc verify, skip, skip
2622179620, 968, 3.914770583, 0, 60.338849871, 0.000122513, 0, 0
