    Blocking waiting for file lock on package cache
    Blocking waiting for file lock on package cache
    Blocking waiting for file lock on package cache
    Blocking waiting for file lock on build directory
    Finished release [optimized + debuginfo] target(s) in 0.25s
     Running `target/release/server-baseline-mp -g 100000 -n 20 -m 'localhost:7777' -b -p 6667 -s 16 -i 32`
  [2m2025-02-26T09:51:40.551565Z[0m [32m INFO[0m [1;32mbridge::mpc_conn[0m[32m: [32mconnection established: 127.0.0.1[0m
    [2;3mat[0m bridge/src/mpc_conn.rs:118

Start:   Receive Input Sharing and SNIP Proof from Client
Client messages size: 20x(113, 59154537)
End:     Receive Input Sharing and SNIP Proof from Client ..........................597.633ms
Start:   Server prepare verification messages
  [2m2025-02-26T09:51:41.149332Z[0m [32m INFO[0m [1;32mserver_baseline_mp::server[0m[32m: [32mmsgs_as_alice length: 59154537[0m
    [2;3mat[0m server-baseline-mp/src/server.rs:87

  [2m2025-02-26T09:51:41.149343Z[0m [32m INFO[0m [1;32mserver_baseline_mp::server[0m[32m: [32mmsgs_as_bob length: 113[0m
    [2;3mat[0m server-baseline-mp/src/server.rs:88

  [2m2025-02-26T09:51:41.149346Z[0m [32m INFO[0m [1;32mserver_baseline_mp::server[0m[32m: [32musing batch size: 1024[0m
    [2;3mat[0m server-baseline-mp/src/server.rs:89

End:     Server prepare verification messages ......................................13.787s
Start:   Server Exchange verification messages
End:     Server Exchange verification messages .....................................4.972ms
client comm, MPC comm, client time, skip ,mpc message prepare, mpc verify, skip, skip
591546660, 968, 0.597642105, 0, 13.787134414, 0.004977748, 0, 0
    Blocking waiting for file lock on package cache
    Blocking waiting for file lock on package cache
    Blocking waiting for file lock on package cache
    Blocking waiting for file lock on build directory
    Finished release [optimized + debuginfo] target(s) in 0.24s
     Running `target/release/server-baseline-mp -g 100000 -n 20 -m 'localhost:7777' -b -p 6667 -s 16 -i 32`
  [2m2025-02-26T15:40:45.656643Z[0m [32m INFO[0m [1;32mbridge::mpc_conn[0m[32m: [32mconnection established: 127.0.0.1[0m
    [2;3mat[0m bridge/src/mpc_conn.rs:118

Start:   Receive Input Sharing and SNIP Proof from Client
Client messages size: 20x(113, 59154537)
End:     Receive Input Sharing and SNIP Proof from Client ..........................655.699ms
Start:   Server prepare verification messages
  [2m2025-02-26T15:40:46.312467Z[0m [32m INFO[0m [1;32mserver_baseline_mp::server[0m[32m: [32mmsgs_as_alice length: 59154537[0m
    [2;3mat[0m server-baseline-mp/src/server.rs:87

  [2m2025-02-26T15:40:46.312481Z[0m [32m INFO[0m [1;32mserver_baseline_mp::server[0m[32m: [32mmsgs_as_bob length: 113[0m
    [2;3mat[0m server-baseline-mp/src/server.rs:88

  [2m2025-02-26T15:40:46.312484Z[0m [32m INFO[0m [1;32mserver_baseline_mp::server[0m[32m: [32musing batch size: 1024[0m
    [2;3mat[0m server-baseline-mp/src/server.rs:89

End:     Server prepare verification messages ......................................13.823s
Start:   Server Exchange verification messages
End:     Server Exchange verification messages .....................................102.545µs
client comm, MPC comm, client time, skip ,mpc message prepare, mpc verify, skip, skip
591546660, 968, 0.655711765, 0, 13.823885323, 0.000127157, 0, 0
    Blocking waiting for file lock on package cache
    Blocking waiting for file lock on package cache
    Blocking waiting for file lock on package cache
    Blocking waiting for file lock on build directory
    Finished release [optimized + debuginfo] target(s) in 0.25s
     Running `target/release/server-baseline-mp -g 100000 -n 20 -m 'localhost:7777' -b -p 6667 -s 16 -i 32`
  [2m2025-02-26T15:42:08.172001Z[0m [32m INFO[0m [1;32mbridge::mpc_conn[0m[32m: [32mconnection established: 127.0.0.1[0m
    [2;3mat[0m bridge/src/mpc_conn.rs:118

Start:   Receive Input Sharing and SNIP Proof from Client
Client messages size: 20x(113, 59154537)
End:     Receive Input Sharing and SNIP Proof from Client ..........................591.296ms
Start:   Server prepare verification messages
  [2m2025-02-26T15:42:08.763407Z[0m [32m INFO[0m [1;32mserver_baseline_mp::server[0m[32m: [32mmsgs_as_alice length: 59154537[0m
    [2;3mat[0m server-baseline-mp/src/server.rs:87

  [2m2025-02-26T15:42:08.763416Z[0m [32m INFO[0m [1;32mserver_baseline_mp::server[0m[32m: [32mmsgs_as_bob length: 113[0m
    [2;3mat[0m server-baseline-mp/src/server.rs:88

  [2m2025-02-26T15:42:08.763417Z[0m [32m INFO[0m [1;32mserver_baseline_mp::server[0m[32m: [32musing batch size: 1024[0m
    [2;3mat[0m server-baseline-mp/src/server.rs:89

End:     Server prepare verification messages ......................................13.697s
Start:   Server Exchange verification messages
End:     Server Exchange verification messages .....................................113.619ms
client comm, MPC comm, client time, skip ,mpc message prepare, mpc verify, skip, skip
591546660, 968, 0.591304674, 0, 13.698026934, 0.113661937, 0, 0
    Blocking waiting for file lock on package cache
    Blocking waiting for file lock on package cache
    Blocking waiting for file lock on package cache
    Finished release [optimized + debuginfo] target(s) in 0.23s
     Running `target/release/server-baseline-mp -g 100000 -n 20 -m 'localhost:7777' -b -p 6667 -s 16 -i 32`
  [2m2025-02-26T15:43:30.604423Z[0m [32m INFO[0m [1;32mbridge::mpc_conn[0m[32m: [32mconnection established: 127.0.0.1[0m
    [2;3mat[0m bridge/src/mpc_conn.rs:118

Start:   Receive Input Sharing and SNIP Proof from Client
Client messages size: 20x(113, 59154537)
End:     Receive Input Sharing and SNIP Proof from Client ..........................494.604ms
Start:   Server prepare verification messages
  [2m2025-02-26T15:43:31.099159Z[0m [32m INFO[0m [1;32mserver_baseline_mp::server[0m[32m: [32mmsgs_as_alice length: 59154537[0m
    [2;3mat[0m server-baseline-mp/src/server.rs:87

  [2m2025-02-26T15:43:31.099170Z[0m [32m INFO[0m [1;32mserver_baseline_mp::server[0m[32m: [32mmsgs_as_bob length: 113[0m
    [2;3mat[0m server-baseline-mp/src/server.rs:88

  [2m2025-02-26T15:43:31.099172Z[0m [32m INFO[0m [1;32mserver_baseline_mp::server[0m[32m: [32musing batch size: 1024[0m
    [2;3mat[0m server-baseline-mp/src/server.rs:89

End:     Server prepare verification messages ......................................13.729s
Start:   Server Exchange verification messages
End:     Server Exchange verification messages .....................................130.853ms
client comm, MPC comm, client time, skip ,mpc message prepare, mpc verify, skip, skip
591546660, 968, 0.494614101, 0, 13.729864866, 0.130881595, 0, 0
    Blocking waiting for file lock on package cache
    Blocking waiting for file lock on package cache
    Blocking waiting for file lock on package cache
    Finished release [optimized + debuginfo] target(s) in 0.23s
     Running `target/release/server-baseline-mp -g 100000 -n 20 -m 'localhost:7777' -b -p 6667 -s 16 -i 32`
  [2m2025-02-26T15:44:52.966719Z[0m [32m INFO[0m [1;32mbridge::mpc_conn[0m[32m: [32mconnection established: 127.0.0.1[0m
    [2;3mat[0m bridge/src/mpc_conn.rs:118

Start:   Receive Input Sharing and SNIP Proof from Client
Client messages size: 20x(113, 59154537)
End:     Receive Input Sharing and SNIP Proof from Client ..........................606.703ms
Start:   Server prepare verification messages
  [2m2025-02-26T15:44:53.573531Z[0m [32m INFO[0m [1;32mserver_baseline_mp::server[0m[32m: [32mmsgs_as_alice length: 59154537[0m
    [2;3mat[0m server-baseline-mp/src/server.rs:87

  [2m2025-02-26T15:44:53.573542Z[0m [32m INFO[0m [1;32mserver_baseline_mp::server[0m[32m: [32mmsgs_as_bob length: 113[0m
    [2;3mat[0m server-baseline-mp/src/server.rs:88

  [2m2025-02-26T15:44:53.573545Z[0m [32m INFO[0m [1;32mserver_baseline_mp::server[0m[32m: [32musing batch size: 1024[0m
    [2;3mat[0m server-baseline-mp/src/server.rs:89

End:     Server prepare verification messages ......................................13.725s
Start:   Server Exchange verification messages
End:     Server Exchange verification messages .....................................69.183ms
client comm, MPC comm, client time, skip ,mpc message prepare, mpc verify, skip, skip
591546660, 968, 0.60671294, 0, 13.725434396, 0.069209218, 0, 0
